#
# A fatal error has been detected by the Java Runtime Environment:
#
#  SIGBUS (0x7) at pc=0x00007fac88c90740, pid=22352, tid=0x00007facd0119700
#
# JRE version: OpenJDK Runtime Environment (8.0_162-b12) (build 1.8.0_162-8u162-b12-0ubuntu0.16.04.2-b12)
# Java VM: OpenJDK 64-Bit Server VM (25.162-b12 mixed mode linux-amd64 compressed oops)
# Problematic frame:
# 
[error occurred during error reporting (printing problematic frame), id 0x7]

# Failed to write core dump. Core dumps have been disabled. To enable core dumping, try "ulimit -c unlimited" before starting Java again
#
# If you would like to submit a bug report, please visit:
#   http://bugreport.java.com/bugreport/crash.jsp
#

---------------  T H R E A D  ---------------

Current thread is native thread

siginfo: si_signo: 7 (SIGBUS), si_code: 2 (BUS_ADRERR), si_addr: 0x00007fac88c90740

Registers:
RAX=0x0000000000000000, RBX=0x00007facd0118eb0, RCX=0x00007fad0e21b30d, RDX=0x0000000000000000
RSP=0x00007facd0118ea0, RBP=0x00007fac8c909720, RSI=0x00007facd0118ea0, RDI=0x0000000000000000
R8 =0x00007fac8c8fee10, R9 =0x0000000000000001, R10=0x00007fac8c90e084, R11=0x0000000000000000
R12=0x0000000000000000, R13=0x00007fac8c90e060, R14=0x0000000000000008, R15=0x00007facd0118f08
RIP=0x00007fac88c90740, EFLAGS=0x0000000000010217, CSGSFS=0x002b000000000033, ERR=0x0000000000000014
  TRAPNO=0x000000000000000e

Top of Stack: (sp=0x00007facd0118ea0)
0x00007facd0118ea0:   00007fac8c909720 00007fac8c8f74f0
0x00007facd0118eb0:   0000000000000000 00000000000f4240
0x00007facd0118ec0:   00007fac8c8f74f0 0000000000001280
0x00007facd0118ed0:   00007fac8c909720 00007fac88c9c5d3
0x00007facd0118ee0:   0000000000000000 00007facd0118f00
0x00007facd0118ef0:   0000000000002000 0000000000006000
0x00007facd0118f00:   00007fac7dd69040 0000000000002000
0x00007facd0118f10:   0000000000000000 00007fac8c90c0e0
0x00007facd0118f20:   0000000000000000 0000000000000000
0x00007facd0118f30:   00007faceced630f 00007facd01199c0
0x00007facd0118f40:   0000000000000000 00007fac88c8f73a
0x00007facd0118f50:   0000000000000000 00007fad0db1b6ba
0x00007facd0118f60:   0000000000000000 00007facd0119700
0x00007facd0118f70:   00007facd0119700 000c73f8a3d54bcb
0x00007facd0118f80:   0000000000000000 00007faceced630f
0x00007facd0118f90:   00007facd01199c0 0000000000000000
0x00007facd0118fa0:   ff55d3dbbd154bcb ff56689bcf2f4bcb
0x00007facd0118fb0:   0000000000000000 0000000000000000
0x00007facd0118fc0:   0000000000000000 0000000000000000
0x00007facd0118fd0:   0000000000000000 0000000000000000
0x00007facd0118fe0:   0000000000000000 0000000000000000
0x00007facd0118ff0:   00007facd0119700 00007fad0e25641d
0x00007facd0119000:   0000000000000000 0000000000000000
0x00007facd0119010:   0000000000000000 0000000000000000
0x00007facd0119020:   0000000000000000 0000000000000000
0x00007facd0119030:   0000000000000000 0000000000000000
0x00007facd0119040:   0000000000000000 0000000000000000
0x00007facd0119050:   0000000000000000 0000000000000000
0x00007facd0119060:   0000000000000000 0000000000000000
0x00007facd0119070:   0000000000000000 0000000000000000
0x00007facd0119080:   0000000000000000 0000000000000000
0x00007facd0119090:   0000000000000000 0000000000000000 

Instructions: (pc=0x00007fac88c90740)
0x00007fac88c90720:   75 23 48 8b 04 24 48 89 44 24 10 48 8b 44 24 08
0x00007fac88c90730:   48 89 44 24 18 48 89 e6 48 89 df e8 a8 de fd ff
0x00007fac88c90740:   83 f8 ff 74 d3 48 83 c4 28 5b 5d c3 0f 1f 40 00
0x00007fac88c90750:   53 48 83 ec 10 83 3d 4c d7 22 00 00 7e 4a 48 89 

Register to memory mapping:

RAX=0x0000000000000000 is an unknown value
RBX=0x00007facd0118eb0 is an unknown value
RCX=0x00007fad0e21b30d: nanosleep+0x2d in /lib/x86_64-linux-gnu/libc.so.6 at 0x00007fad0e14f000
RDX=0x0000000000000000 is an unknown value
RSP=0x00007facd0118ea0 is an unknown value
RBP=0x00007fac8c909720 is an unknown value
RSI=0x00007facd0118ea0 is an unknown value
RDI=0x0000000000000000 is an unknown value
R8 =0x00007fac8c8fee10 is an unknown value
R9 =0x0000000000000001 is an unknown value
R10=0x00007fac8c90e084 is an unknown value
R11=0x0000000000000000 is an unknown value
R12=0x0000000000000000 is an unknown value
R13=0x00007fac8c90e060 is an unknown value
R14=0x0000000000000008 is an unknown value
R15=0x00007facd0118f08 is an unknown value


Stack: [0x00007facd0019000,0x00007facd011a000],  sp=0x00007facd0118ea0,  free space=1023k
Native frames: (J=compiled Java code, j=interpreted, Vv=VM code, C=native code)
