#
# A fatal error has been detected by the Java Runtime Environment:
#
#  SIGSEGV (0xb) at pc=0x00007f93caa63718, pid=18675, tid=0x00007f941fe58700
#
# JRE version: Java(TM) SE Runtime Environment (8.0_161-b12) (build 1.8.0_161-b12)
# Java VM: Java HotSpot(TM) 64-Bit Server VM (25.161-b12 mixed mode linux-amd64 compressed oops)
# Problematic frame:
# C  [libgobject-2.0.so.0+0x19718]  g_object_get_qdata+0x18
#
# Failed to write core dump. Core dumps have been disabled. To enable core dumping, try "ulimit -c unlimited" before starting Java again
#
# If you would like to submit a bug report, please visit:
#   http://bugreport.java.com/bugreport/crash.jsp
# The crash happened outside the Java Virtual Machine in native code.
# See problematic frame for where to report the bug.
#

---------------  T H R E A D  ---------------

Current thread (0x00007f941800a800):  JavaThread "main" [_thread_in_native, id=18676, stack(0x00007f941fd58000,0x00007f941fe59000)]

siginfo: si_signo: 11 (SIGSEGV), si_code: 1 (SEGV_MAPERR), si_addr: 0x0000000000000e00

Registers:
RAX=0x0000000000000e00, RBX=0x00007f9418524570, RCX=0x0000000000000033, RDX=0x00007f9418524570
RSP=0x00007f941fe55060, RBP=0x0000000000000033, RSI=0x0000000000000033, RDI=0x00007f9418524570
R8 =0x0000000000000000, R9 =0x000000000000000a, R10=0x00007f940925ac84, R11=0x00007f940925ac58
R12=0x0000000000000000, R13=0x00007f941fe550e8, R14=0x00007f941fe550c0, R15=0x00007f941800a800
RIP=0x00007f93caa63718, EFLAGS=0x0000000000010206, CSGSFS=0xffff000000000033, ERR=0x0000000000000004
  TRAPNO=0x000000000000000e

Top of Stack: (sp=0x00007f941fe55060)
0x00007f941fe55060:   00007f941fe551e0 00007f9408912078
0x00007f941fe55070:   00007f941fe550d0 00007f93f161f383
0x00007f941fe55080:   00007f941fe55178 00007f940925acf6
0x00007f941fe55090:   00007f941fe550e0 00007f941e8efebb
0x00007f941fe550a0:   00007f9408a90b98 00007f941800a800
0x00007f941fe550b0:   00007f9408a90b98 00007f941800a800
0x00007f941fe550c0:   00000000d771d898 00007f941fe55120
0x00007f941fe550d0:   00007f941fe55140 00007f9409007dd0
0x00007f941fe550e0:   00007f9409007dd0 0000000000000033
0x00007f941fe550f0:   00007f9418524570 0000000000000003
0x00007f941fe55100:   00007f941fe55100 00007f9408912119
0x00007f941fe55110:   00007f941fe55178 00007f940897b428
0x00007f941fe55120:   00007f9408ac1d08 00007f9408912168
0x00007f941fe55130:   00007f941fe550e8 00007f941fe55168
0x00007f941fe55140:   00007f941fe551c0 00007f9409007dd0
0x00007f941fe55150:   0000000000000000 0000000000000000
0x00007f941fe55160:   0000000000000000 0000000000000033
0x00007f941fe55170:   00007f9418524570 0000000000000000
0x00007f941fe55180:   00007f941fe55180 00007f940883e8bb
0x00007f941fe55190:   00007f941fe551f0 00007f94088e4558
0x00007f941fe551a0:   0000000000000000 00007f940883e940
0x00007f941fe551b0:   00007f941fe55168 00007f941fe551e0
0x00007f941fe551c0:   00007f941fe55238 00007f9409008040
0x00007f941fe551d0:   0000000000000000 0000000000000000
0x00007f941fe551e0:   00007f9418524570 00000000d7c3c028
0x00007f941fe551f0:   00000000d777e470 00007f941fe551f8
0x00007f941fe55200:   00007f9408a90b2d 00007f941fe55258
0x00007f941fe55210:   00007f9408a96060 0000000000000000
0x00007f941fe55220:   00007f9408a90b98 00007f941fe551e0
0x00007f941fe55230:   00007f941fe55258 00007f941fe552a0
0x00007f941fe55240:   00007f94090082bd 0000000000000000
0x00007f941fe55250:   0000000000000000 00000000d7c3c028 

Instructions: (pc=0x00007f93caa63718)
0x00007f93caa636f8:   0f 1f 84 00 00 00 00 00 55 53 48 89 fb 48 83 ec
0x00007f93caa63708:   08 48 85 ff 74 21 48 8b 07 89 f5 48 85 c0 74 06
0x00007f93caa63718:   48 83 38 50 74 3a be 50 00 00 00 48 89 df e8 05
0x00007f93caa63728:   86 01 00 85 c0 75 29 48 8d 15 30 1e 02 00 48 8d 

Register to memory mapping:

RAX=0x0000000000000e00 is an unknown value
RBX=0x00007f9418524570 is an unknown value
RCX=0x0000000000000033 is an unknown value
RDX=0x00007f9418524570 is an unknown value
RSP=0x00007f941fe55060 is pointing into the stack for thread: 0x00007f941800a800
RBP=0x0000000000000033 is an unknown value
RSI=0x0000000000000033 is an unknown value
RDI=0x00007f9418524570 is an unknown value
R8 =0x0000000000000000 is an unknown value
R9 =0x000000000000000a is an unknown value
R10=0x00007f940925ac84 is at entry_point+68 in (nmethod*)0x00007f940925aad0
R11=0x00007f940925ac58 is at entry_point+24 in (nmethod*)0x00007f940925aad0
R12=0x0000000000000000 is an unknown value
R13=0x00007f941fe550e8 is pointing into the stack for thread: 0x00007f941800a800
R14=0x00007f941fe550c0 is pointing into the stack for thread: 0x00007f941800a800
R15=0x00007f941800a800 is a thread


Stack: [0x00007f941fd58000,0x00007f941fe59000],  sp=0x00007f941fe55060,  free space=1012k
Native frames: (J=compiled Java code, j=interpreted, Vv=VM code, C=native code)
C  [libgobject-2.0.so.0+0x19718]  g_object_get_qdata+0x18

Java frames: (J=compiled Java code, j=interpreted, Vv=VM code)
J 503  org.eclipse.swt.internal.gtk.OS._g_object_get_qdata(JI)J (0 bytes) @ 0x00007f940925ac84 [0x00007f940925ac40+0x44]
j  org.eclipse.swt.internal.gtk.OS.g_object_get_qdata(JI)J+9
j  org.eclipse.swt.widgets.Display.removeWidget(J)Lorg/eclipse/swt/widgets/Widget;+19
j  org.eclipse.swt.widgets.Combo.deregister()V+21
j  org.eclipse.swt.widgets.Widget.releaseWidget()V+1
j  org.eclipse.swt.widgets.Control.releaseWidget()V+1
j  org.eclipse.swt.widgets.Composite.releaseWidget()V+1
j  org.eclipse.swt.widgets.Combo.releaseWidget()V+1
j  org.eclipse.swt.widgets.Widget.release(Z)V+82
j  org.eclipse.swt.widgets.Control.release(Z)V+86
j  org.eclipse.swt.widgets.Composite.releaseChildren(Z)V+31
j  org.eclipse.swt.widgets.Widget.release(Z)V+38
j  org.eclipse.swt.widgets.Control.release(Z)V+86
j  org.eclipse.swt.widgets.Composite.releaseChildren(Z)V+31
j  org.eclipse.swt.widgets.Widget.release(Z)V+38
j  org.eclipse.swt.widgets.Control.release(Z)V+86
j  org.eclipse.swt.widgets.Composite.releaseChildren(Z)V+31
j  org.eclipse.swt.widgets.Widget.release(Z)V+38
j  org.eclipse.swt.widgets.Control.release(Z)V+86
j  org.eclipse.swt.widgets.Composite.releaseChildren(Z)V+31
j  org.eclipse.swt.widgets.Widget.release(Z)V+38
j  org.eclipse.swt.widgets.Control.release(Z)V+86
j  org.eclipse.swt.widgets.Composite.releaseChildren(Z)V+31
j  org.eclipse.swt.widgets.Widget.release(Z)V+38
j  org.eclipse.swt.widgets.Control.release(Z)V+86
j  org.eclipse.swt.widgets.Composite.releaseChildren(Z)V+31
j  org.eclipse.swt.widgets.Widget.release(Z)V+38
j  org.eclipse.swt.widgets.Control.release(Z)V+86
j  org.eclipse.swt.widgets.Composite.releaseChildren(Z)V+31
j  org.eclipse.swt.widgets.Widget.release(Z)V+38
j  org.eclipse.swt.widgets.Control.release(Z)V+86
j  org.eclipse.swt.widgets.Composite.releaseChildren(Z)V+31
j  org.eclipse.swt.widgets.Canvas.releaseChildren(Z)V+42
j  org.eclipse.swt.widgets.Decorations.releaseChildren(Z)V+22
j  org.eclipse.swt.widgets.Shell.releaseChildren(Z)V+100
j  org.eclipse.swt.widgets.Widget.release(Z)V+38
j  org.eclipse.swt.widgets.Control.release(Z)V+86
j  org.eclipse.swt.widgets.Widget.dispose()V+23
j  org.eclipse.swt.widgets.Shell.dispose()V+20
j  org.eclipse.swt.widgets.Shell.closeWidget()V+30
j  org.eclipse.swt.widgets.Shell.gtk_delete_event(JJ)J+8
J 763 C1 org.eclipse.swt.widgets.Widget.windowProc(JJJ)J (545 bytes) @ 0x00007f940932a55c [0x00007f9409328e20+0x173c]
J 764 C1 org.eclipse.swt.widgets.Control.windowProc(JJJ)J (227 bytes) @ 0x00007f940932b79c [0x00007f940932b6c0+0xdc]
J 762 C1 org.eclipse.swt.widgets.Display.windowProc(JJJ)J (24 bytes) @ 0x00007f94093248cc [0x00007f9409324720+0x1ac]
v  ~StubRoutines::call_stub
J 769  org.eclipse.swt.internal.gtk.OS._gtk_main_do_event(J)V (0 bytes) @ 0x00007f940932c141 [0x00007f940932c100+0x41]
J 761 C1 org.eclipse.swt.widgets.Display.eventProc(JJ)J (148 bytes) @ 0x00007f94093208b4 [0x00007f9409320420+0x494]
v  ~StubRoutines::call_stub
J 768  org.eclipse.swt.internal.gtk.OS._g_main_context_iteration(JZ)Z (0 bytes) @ 0x00007f94093288c4 [0x00007f9409328880+0x44]
J 782 C1 org.eclipse.swt.widgets.Display.readAndDispatch()Z (58 bytes) @ 0x00007f9409332c84 [0x00007f9409332ae0+0x1a4]
j  edu.umich.soar.debugger.doc.Document.pumpMessagesTillClosed(Lorg/eclipse/swt/widgets/Display;)V+44
j  edu.umich.soar.debugger.SWTApplication.startApp([Ljava/lang/String;Lorg/eclipse/swt/widgets/Display;)V+620
j  edu.umich.soar.debugger.Application.<init>([Ljava/lang/String;ZLorg/eclipse/swt/widgets/Display;)V+17
j  edu.umich.soar.debugger.Application.main([Ljava/lang/String;)V+7
v  ~StubRoutines::call_stub

---------------  P R O C E S S  ---------------

Java Threads: ( => current thread )
  0x00007f9418190000 JavaThread "Service Thread" daemon [_thread_blocked, id=18688, stack(0x00007f93f27b3000,0x00007f93f28b4000)]
  0x00007f9418185000 JavaThread "C1 CompilerThread2" daemon [_thread_blocked, id=18687, stack(0x00007f93f28b4000,0x00007f93f29b5000)]
  0x00007f9418183800 JavaThread "C2 CompilerThread1" daemon [_thread_blocked, id=18686, stack(0x00007f93f29b5000,0x00007f93f2ab6000)]
  0x00007f9418180800 JavaThread "C2 CompilerThread0" daemon [_thread_blocked, id=18685, stack(0x00007f93f2ab6000,0x00007f93f2bb7000)]
  0x00007f941817f000 JavaThread "Signal Dispatcher" daemon [_thread_blocked, id=18684, stack(0x00007f93f2bb7000,0x00007f93f2cb8000)]
  0x00007f941814b800 JavaThread "Finalizer" daemon [_thread_blocked, id=18683, stack(0x00007f93f3270000,0x00007f93f3371000)]
  0x00007f9418147000 JavaThread "Reference Handler" daemon [_thread_blocked, id=18682, stack(0x00007f93f3371000,0x00007f93f3472000)]
=>0x00007f941800a800 JavaThread "main" [_thread_in_native, id=18676, stack(0x00007f941fd58000,0x00007f941fe59000)]

Other Threads:
  0x00007f941813f800 VMThread [stack: 0x00007f93f3472000,0x00007f93f3573000] [id=18681]
  0x00007f9418195000 WatcherThread [stack: 0x00007f93f26b2000,0x00007f93f27b3000] [id=18689]

VM state:not at safepoint (normal execution)

VM Mutex/Monitor currently owned by a thread: None

Heap:
 PSYoungGen      total 36864K, used 21026K [0x00000000d7000000, 0x00000000d9900000, 0x0000000100000000)
  eden space 31744K, 66% used [0x00000000d7000000,0x00000000d8488808,0x00000000d8f00000)
  from space 5120K, 0% used [0x00000000d9400000,0x00000000d9400000,0x00000000d9900000)
  to   space 5120K, 0% used [0x00000000d8f00000,0x00000000d8f00000,0x00000000d9400000)
 ParOldGen       total 84992K, used 0K [0x0000000085000000, 0x000000008a300000, 0x00000000d7000000)
  object space 84992K, 0% used [0x0000000085000000,0x0000000085000000,0x000000008a300000)
 Metaspace       used 10740K, capacity 10830K, committed 10880K, reserved 1058816K
  class space    used 1122K, capacity 1137K, committed 1152K, reserved 1048576K

Card table byte_map: [0x00007f941c72b000,0x00007f941cb04000] byte_map_base: 0x00007f941c303000

Marking Bits: (ParMarkBitMap*) 0x00007f941f233920
 Begin Bits: [0x00007f93f4280000, 0x00007f93f6140000)
 End Bits:   [0x00007f93f6140000, 0x00007f93f8000000)

Polling page: 0x00007f941fe82000

CodeCache: size=245760Kb used=3385Kb max_used=3385Kb free=242374Kb
 bounds [0x00007f9409000000, 0x00007f9409360000, 0x00007f9418000000]
 total_blobs=1297 nmethods=817 adapters=393
 compilation: enabled

Compilation events (10 events):
Event: 3,062 Thread 0x00007f9418185000 nmethod 809 0x00007f940934aed0 code [0x00007f940934b040, 0x00007f940934b210]
Event: 3,062 Thread 0x00007f9418185000  810       3       java.util.concurrent.ConcurrentHashMap::get (162 bytes)
Event: 3,063 Thread 0x00007f9418185000 nmethod 810 0x00007f9409349d10 code [0x00007f9409349f20, 0x00007f940934aa98]
Event: 3,064 Thread 0x00007f9418185000  813   !   3       java.io.BufferedWriter::write (117 bytes)
Event: 3,064 Thread 0x00007f9418185000 nmethod 813 0x00007f940934c450 code [0x00007f940934c620, 0x00007f940934cd88]
Event: 3,064 Thread 0x00007f9418185000  812       3       java.io.Writer::write (11 bytes)
Event: 3,064 Thread 0x00007f9418185000 nmethod 812 0x00007f94093493d0 code [0x00007f9409349540, 0x00007f9409349848]
Event: 3,064 Thread 0x00007f9418185000  814       3       java.io.BufferedWriter::min (9 bytes)
Event: 3,065 Thread 0x00007f9418185000 nmethod 814 0x00007f9409349050 code [0x00007f94093491c0, 0x00007f9409349350]
Event: 3,186 Thread 0x00007f9418185000  815   !   3       org.eclipse.swt.widgets.EventTable::sendEvent (532 bytes)

GC Heap History (0 events):
No events

Deoptimization events (6 events):
Event: 0,692 Thread 0x00007f941800a800 Uncommon trap: reason=class_check action=maybe_recompile pc=0x00007f9409225b80 method=java.util.HashMap.putVal(ILjava/lang/Object;Ljava/lang/Object;ZZ)Ljava/lang/Object; @ 253
Event: 0,695 Thread 0x00007f941800a800 Uncommon trap: reason=class_check action=maybe_recompile pc=0x00007f9409225b80 method=java.util.HashMap.putVal(ILjava/lang/Object;Ljava/lang/Object;ZZ)Ljava/lang/Object; @ 253
Event: 0,697 Thread 0x00007f941800a800 Uncommon trap: reason=unstable_if action=reinterpret pc=0x00007f9409225b68 method=java.util.HashMap.putVal(ILjava/lang/Object;Ljava/lang/Object;ZZ)Ljava/lang/Object; @ 181
Event: 0,701 Thread 0x00007f941800a800 Uncommon trap: reason=unstable_if action=reinterpret pc=0x00007f940926eaac method=java.util.HashMap.getNode(ILjava/lang/Object;)Ljava/util/HashMap$Node; @ 62
Event: 0,701 Thread 0x00007f941800a800 Uncommon trap: reason=unstable_if action=reinterpret pc=0x00007f9409222ef4 method=java.util.HashMap.putVal(ILjava/lang/Object;Ljava/lang/Object;ZZ)Ljava/lang/Object; @ 94
Event: 0,701 Thread 0x00007f941800a800 Uncommon trap: reason=unstable_if action=reinterpret pc=0x00007f940925c2f0 method=java.util.HashMap.getNode(ILjava/lang/Object;)Ljava/util/HashMap$Node; @ 62

Classes redefined (0 events):
No events

Internal exceptions (10 events):
Event: 0,314 Thread 0x00007f941800a800 Exception <a 'java/security/PrivilegedActionException'> (0x00000000d7837800) thrown at [/HUDSON/workspace/8-2-build-linux-amd64/jdk8u161/10277/hotspot/src/share/vm/prims/jvm.cpp, line 1390]
Event: 0,705 Thread 0x00007f941800a800 Exception <a 'java/lang/ArrayIndexOutOfBoundsException'> (0x00000000d8164958) thrown at [/HUDSON/workspace/8-2-build-linux-amd64/jdk8u161/10277/hotspot/src/share/vm/runtime/sharedRuntime.cpp, line 605]
Event: 0,705 Thread 0x00007f941800a800 Exception <a 'java/lang/ArrayIndexOutOfBoundsException'> (0x00000000d81656d0) thrown at [/HUDSON/workspace/8-2-build-linux-amd64/jdk8u161/10277/hotspot/src/share/vm/runtime/sharedRuntime.cpp, line 605]
Event: 0,705 Thread 0x00007f941800a800 Exception <a 'java/lang/ArrayIndexOutOfBoundsException'> (0x00000000d8166688) thrown at [/HUDSON/workspace/8-2-build-linux-amd64/jdk8u161/10277/hotspot/src/share/vm/runtime/sharedRuntime.cpp, line 605]
Event: 0,706 Thread 0x00007f941800a800 Exception <a 'java/lang/ArrayIndexOutOfBoundsException'> (0x00000000d8167eb8) thrown at [/HUDSON/workspace/8-2-build-linux-amd64/jdk8u161/10277/hotspot/src/share/vm/runtime/sharedRuntime.cpp, line 605]
Event: 0,712 Thread 0x00007f941800a800 Exception <a 'java/lang/ArrayIndexOutOfBoundsException'> (0x00000000d818fc58) thrown at [/HUDSON/workspace/8-2-build-linux-amd64/jdk8u161/10277/hotspot/src/share/vm/runtime/sharedRuntime.cpp, line 605]
Event: 0,712 Thread 0x00007f941800a800 Exception <a 'java/lang/ArrayIndexOutOfBoundsException'> (0x00000000d8190ec0) thrown at [/HUDSON/workspace/8-2-build-linux-amd64/jdk8u161/10277/hotspot/src/share/vm/runtime/sharedRuntime.cpp, line 605]
Event: 0,712 Thread 0x00007f941800a800 Exception <a 'java/lang/ArrayIndexOutOfBoundsException'> (0x00000000d8192458) thrown at [/HUDSON/workspace/8-2-build-linux-amd64/jdk8u161/10277/hotspot/src/share/vm/runtime/sharedRuntime.cpp, line 605]
Event: 0,717 Thread 0x00007f941800a800 Exception <a 'java/lang/ArrayIndexOutOfBoundsException'> (0x00000000d81b8110) thrown at [/HUDSON/workspace/8-2-build-linux-amd64/jdk8u161/10277/hotspot/src/share/vm/runtime/sharedRuntime.cpp, line 605]
Event: 0,722 Thread 0x00007f941800a800 Exception <a 'java/lang/ArrayIndexOutOfBoundsException'> (0x00000000d81cb588) thrown at [/HUDSON/workspace/8-2-build-linux-amd64/jdk8u161/10277/hotspot/src/share/vm/runtime/sharedRuntime.cpp, line 605]

Events (10 events):
Event: 3,062 loading class java/util/ResourceBundle$BundleReference done
Event: 3,062 loading class sun/util/resources/en/TimeZoneNames_en
Event: 3,062 loading class sun/util/resources/en/TimeZoneNames_en done
Event: 3,062 loading class java/util/LinkedHashMap$LinkedKeySet
Event: 3,062 loading class java/util/LinkedHashMap$LinkedKeySet done
Event: 3,063 loading class sun/util/locale/provider/LocaleResources$ResourceReference
Event: 3,063 loading class sun/util/locale/provider/LocaleResources$ResourceReference done
Event: 3,081 Thread 0x00007f9418271000 Thread exited: 0x00007f9418271000
Event: 3,186 loading class org/eclipse/swt/events/DisposeEvent
Event: 3,186 loading class org/eclipse/swt/events/DisposeEvent done


Dynamic libraries:
00400000-00401000 r-xp 00000000 08:04 1774658                            /usr/lib/jvm/java-8-oracle/jre/bin/java
00600000-00601000 rw-p 00000000 08:04 1774658                            /usr/lib/jvm/java-8-oracle/jre/bin/java
00766000-00787000 rw-p 00000000 00:00 0                                  [heap]
85000000-8a300000 rw-p 00000000 00:00 0 
8a300000-d7000000 ---p 00000000 00:00 0 
d7000000-d9900000 rw-p 00000000 00:00 0 
d9900000-100000000 ---p 00000000 00:00 0 
100000000-100120000 rw-p 00000000 00:00 0 
100120000-140000000 ---p 00000000 00:00 0 
7f93a8000000-7f93a8021000 rw-p 00000000 00:00 0 
7f93a8021000-7f93ac000000 ---p 00000000 00:00 0 
7f93b0000000-7f93b00f6000 rw-p 00000000 00:00 0 
7f93b00f6000-7f93b4000000 ---p 00000000 00:00 0 
7f93b4000000-7f93b4021000 rw-p 00000000 00:00 0 
7f93b4021000-7f93b8000000 ---p 00000000 00:00 0 
7f93ba5ec000-7f93ba5fd000 r-xp 00000000 08:04 1774538                    /usr/lib/jvm/java-8-oracle/jre/lib/amd64/libnio.so
7f93ba5fd000-7f93ba7fc000 ---p 00011000 08:04 1774538                    /usr/lib/jvm/java-8-oracle/jre/lib/amd64/libnio.so
7f93ba7fc000-7f93ba7fd000 rw-p 00010000 08:04 1774538                    /usr/lib/jvm/java-8-oracle/jre/lib/amd64/libnio.so
7f93ba7fd000-7f93ba7fe000 ---p 00000000 00:00 0 
7f93ba7fe000-7f93baffe000 rw-p 00000000 00:00 0 
7f93baffe000-7f93bafff000 ---p 00000000 00:00 0 
7f93bafff000-7f93bb7ff000 rw-p 00000000 00:00 0 
7f93bb7ff000-7f93bb800000 ---p 00000000 00:00 0 
7f93bb800000-7f93bc000000 rw-p 00000000 00:00 0 
7f93bc000000-7f93bc021000 rw-p 00000000 00:00 0 
7f93bc021000-7f93c0000000 ---p 00000000 00:00 0 
7f93c0096000-7f93c0099000 ---p 00000000 00:00 0 
7f93c0099000-7f93c0197000 rw-p 00000000 00:00 0 
7f93c0197000-7f93c01ad000 r-xp 00000000 08:04 1774540                    /usr/lib/jvm/java-8-oracle/jre/lib/amd64/libnet.so
7f93c01ad000-7f93c03ad000 ---p 00016000 08:04 1774540                    /usr/lib/jvm/java-8-oracle/jre/lib/amd64/libnet.so
7f93c03ad000-7f93c03ae000 rw-p 00016000 08:04 1774540                    /usr/lib/jvm/java-8-oracle/jre/lib/amd64/libnet.so
7f93c03ae000-7f93c03b7000 r-xp 00000000 08:04 1774555                    /usr/lib/jvm/java-8-oracle/jre/lib/amd64/libmanagement.so
7f93c03b7000-7f93c05b6000 ---p 00009000 08:04 1774555                    /usr/lib/jvm/java-8-oracle/jre/lib/amd64/libmanagement.so
7f93c05b6000-7f93c05b7000 rw-p 00008000 08:04 1774555                    /usr/lib/jvm/java-8-oracle/jre/lib/amd64/libmanagement.so
7f93c05b7000-7f93c0737000 rw-p 00000000 00:00 0 
7f93c0737000-7f93c07b7000 ---p 00000000 00:00 0 
7f93c07b7000-7f93c07f1000 r--p 00000000 08:04 6553718                    /usr/share/fonts/truetype/msttcorefonts/Courier_New_Bold_Italic.ttf
7f93c07f1000-7f93c082d000 r--p 00000000 08:04 6553719                    /usr/share/fonts/truetype/msttcorefonts/Courier_New_Italic.ttf
7f93c082d000-7f93c087a000 r--p 00000000 08:04 6553717                    /usr/share/fonts/truetype/msttcorefonts/Courier_New_Bold.ttf
7f93c087a000-7f93c08c4000 r--p 00000000 08:04 6553693                    /usr/share/fonts/truetype/msttcorefonts/Courier_New.ttf
7f93c08c4000-7f93c091c000 r--p 00000000 08:04 1447166                    /usr/share/fonts/truetype/ubuntu-font-family/Ubuntu-BI.ttf
7f93c091c000-7f93c097b000 r--p 00000000 08:04 1447173                    /usr/share/fonts/truetype/ubuntu-font-family/Ubuntu-RI.ttf
7f93c097b000-7f93c09cd000 r--p 00000000 08:04 1447172                    /usr/share/fonts/truetype/ubuntu-font-family/Ubuntu-B.ttf
7f93c09cd000-7f93c09ce000 r-xp 00000000 08:04 1442572                    /usr/lib/x86_64-linux-gnu/gtk-2.0/2.10.0/immodules/im-cedilla.so
7f93c09ce000-7f93c0bcd000 ---p 00001000 08:04 1442572                    /usr/lib/x86_64-linux-gnu/gtk-2.0/2.10.0/immodules/im-cedilla.so
7f93c0bcd000-7f93c0bce000 r--p 00000000 08:04 1442572                    /usr/lib/x86_64-linux-gnu/gtk-2.0/2.10.0/immodules/im-cedilla.so
7f93c0bce000-7f93c0bcf000 rw-p 00001000 08:04 1442572                    /usr/lib/x86_64-linux-gnu/gtk-2.0/2.10.0/immodules/im-cedilla.so
7f93c0bcf000-7f93c0bd0000 r--s 00001000 08:04 2266953                    /home/ia941/IA941/soar/SoarSuite_9.4.0-Linux_64bit/bin/java/soar-debugger-api.jar
7f93c0bd0000-7f93c0bd1000 r--s 00003000 08:04 2266957                    /home/ia941/IA941/soar/SoarSuite_9.4.0-Linux_64bit/bin/java/swtgraphics2d.jar
7f93c0bd1000-7f93c0c31000 rw-s 00000000 00:04 16416795                   /SYSV00000000 (deleted)
7f93c0c31000-7f93c0c37000 r--p 00000000 08:04 1315702                    /usr/share/locale-langpack/pt/LC_MESSAGES/gdk-pixbuf.mo
7f93c0c37000-7f93c0c3d000 r--p 00000000 08:04 1314822                    /usr/share/locale-langpack/pt_BR/LC_MESSAGES/gdk-pixbuf.mo
7f93c0c3d000-7f93c0c8f000 r--p 00000000 08:04 1312249                    /usr/share/fonts/truetype/dejavu/DejaVuSansMono.ttf
7f93c0c8f000-7f93c0ce6000 r--p 00000000 08:04 1447169                    /usr/share/fonts/truetype/ubuntu-font-family/Ubuntu-R.ttf
7f93c0ce6000-7f93c0ce7000 r--s 00000000 08:04 524610                     /var/cache/fontconfig/087e1975ba9a574b140bb1df193bf770-le64.cache-4
7f93c0ce7000-7f93c0cf2000 r--s 00000000 08:04 524598                     /var/cache/fontconfig/945677eb7aeaf62f1d50efc3fb3ec7d8-le64.cache-4
7f93c0cf2000-7f93c0cf4000 r--s 00000000 08:04 524596                     /var/cache/fontconfig/99e8ed0e538f840c565b6ed5dad60d56-le64.cache-4
7f93c0cf4000-7f93c0cfd000 r--s 00000000 08:04 524592                     /var/cache/fontconfig/a6d8cf8e4ec09cdbc8633c31745a07dd-le64.cache-4
7f93c0cfd000-7f93c0cfe000 ---p 00000000 00:00 0 
7f93c0cfe000-7f93c14fe000 rw-p 00000000 00:00 0                          [stack:18694]
7f93c14fe000-7f93c14ff000 ---p 00000000 00:00 0 
7f93c14ff000-7f93c1cff000 rw-p 00000000 00:00 0                          [stack:18693]
7f93c1cff000-7f93c1d43000 r-xp 00000000 08:04 4980819                    /lib/x86_64-linux-gnu/libdbus-1.so.3.7.6
7f93c1d43000-7f93c1f42000 ---p 00044000 08:04 4980819                    /lib/x86_64-linux-gnu/libdbus-1.so.3.7.6
7f93c1f42000-7f93c1f43000 r--p 00043000 08:04 4980819                    /lib/x86_64-linux-gnu/libdbus-1.so.3.7.6
7f93c1f43000-7f93c1f44000 rw-p 00044000 08:04 4980819                    /lib/x86_64-linux-gnu/libdbus-1.so.3.7.6
7f93c1f44000-7f93c1f4c000 r-xp 00000000 08:04 4986742                    /lib/x86_64-linux-gnu/libnih-dbus.so.1.0.0
7f93c1f4c000-7f93c214c000 ---p 00008000 08:04 4986742                    /lib/x86_64-linux-gnu/libnih-dbus.so.1.0.0
7f93c214c000-7f93c214d000 r--p 00008000 08:04 4986742                    /lib/x86_64-linux-gnu/libnih-dbus.so.1.0.0
7f93c214d000-7f93c214e000 rw-p 00009000 08:04 4986742                    /lib/x86_64-linux-gnu/libnih-dbus.so.1.0.0
7f93c214e000-7f93c2165000 r-xp 00000000 08:04 4986756                    /lib/x86_64-linux-gnu/libnih.so.1.0.0
7f93c2165000-7f93c2364000 ---p 00017000 08:04 4986756                    /lib/x86_64-linux-gnu/libnih.so.1.0.0
7f93c2364000-7f93c2365000 r--p 00016000 08:04 4986756                    /lib/x86_64-linux-gnu/libnih.so.1.0.0
7f93c2365000-7f93c2366000 rw-p 00017000 08:04 4986756                    /lib/x86_64-linux-gnu/libnih.so.1.0.0
7f93c2366000-7f93c2385000 r-xp 00000000 08:04 4981072                    /lib/x86_64-linux-gnu/libcgmanager.so.0.0.0
7f93c2385000-7f93c2585000 ---p 0001f000 08:04 4981072                    /lib/x86_64-linux-gnu/libcgmanager.so.0.0.0
7f93c2585000-7f93c2587000 r--p 0001f000 08:04 4981072                    /lib/x86_64-linux-gnu/libcgmanager.so.0.0.0
7f93c2587000-7f93c2588000 rw-p 00021000 08:04 4981072                    /lib/x86_64-linux-gnu/libcgmanager.so.0.0.0
7f93c2588000-7f93c2598000 r-xp 00000000 08:04 4980837                    /lib/x86_64-linux-gnu/libudev.so.1.3.5
7f93c2598000-7f93c2797000 ---p 00010000 08:04 4980837                    /lib/x86_64-linux-gnu/libudev.so.1.3.5
7f93c2797000-7f93c2798000 r--p 0000f000 08:04 4980837                    /lib/x86_64-linux-gnu/libudev.so.1.3.5
7f93c2798000-7f93c2799000 rw-p 00010000 08:04 4980837                    /lib/x86_64-linux-gnu/libudev.so.1.3.5
7f93c2799000-7f93c27cd000 r-xp 00000000 08:04 1050707                    /usr/lib/x86_64-linux-gnu/gvfs/libgvfscommon.so
7f93c27cd000-7f93c29cd000 ---p 00034000 08:04 1050707                    /usr/lib/x86_64-linux-gnu/gvfs/libgvfscommon.so
7f93c29cd000-7f93c29d2000 r--p 00034000 08:04 1050707                    /usr/lib/x86_64-linux-gnu/gvfs/libgvfscommon.so
7f93c29d2000-7f93c29d3000 rw-p 00039000 08:04 1050707                    /usr/lib/x86_64-linux-gnu/gvfs/libgvfscommon.so
7f93c29d3000-7f93c2a02000 r-xp 00000000 08:04 1049473                    /usr/lib/x86_64-linux-gnu/gio/modules/libgvfsdbus.so
7f93c2a02000-7f93c2c02000 ---p 0002f000 08:04 1049473                    /usr/lib/x86_64-linux-gnu/gio/modules/libgvfsdbus.so
7f93c2c02000-7f93c2c03000 r--p 0002f000 08:04 1049473                    /usr/lib/x86_64-linux-gnu/gio/modules/libgvfsdbus.so
7f93c2c03000-7f93c2c04000 rw-p 00030000 08:04 1049473                    /usr/lib/x86_64-linux-gnu/gio/modules/libgvfsdbus.so
7f93c2c04000-7f93c2c05000 rw-p 00000000 00:00 0 
7f93c2c05000-7f93c2d48000 r-xp 00000000 08:04 1705393                    /usr/lib/x86_64-linux-gnu/gtk-2.0/2.10.0/engines/liboxygen-gtk.so
7f93c2d48000-7f93c2f47000 ---p 00143000 08:04 1705393                    /usr/lib/x86_64-linux-gnu/gtk-2.0/2.10.0/engines/liboxygen-gtk.so
7f93c2f47000-7f93c2f4d000 r--p 00142000 08:04 1705393                    /usr/lib/x86_64-linux-gnu/gtk-2.0/2.10.0/engines/liboxygen-gtk.so
7f93c2f4d000-7f93c2f4e000 rw-p 00148000 08:04 1705393                    /usr/lib/x86_64-linux-gnu/gtk-2.0/2.10.0/engines/liboxygen-gtk.so
7f93c2f4e000-7f93c2f4f000 rw-p 00000000 00:00 0 
7f93c2f4f000-7f93c2f55000 r-xp 00000000 08:04 1057490                    /usr/lib/x86_64-linux-gnu/libdatrie.so.1.3.1
7f93c2f55000-7f93c3154000 ---p 00006000 08:04 1057490                    /usr/lib/x86_64-linux-gnu/libdatrie.so.1.3.1
7f93c3154000-7f93c3155000 r--p 00005000 08:04 1057490                    /usr/lib/x86_64-linux-gnu/libdatrie.so.1.3.1
7f93c3155000-7f93c3156000 rw-p 00006000 08:04 1057490                    /usr/lib/x86_64-linux-gnu/libdatrie.so.1.3.1
7f93c3156000-7f93c317a000 r-xp 00000000 08:04 1051966                    /usr/lib/x86_64-linux-gnu/libgraphite2.so.3.0.1
7f93c317a000-7f93c337a000 ---p 00024000 08:04 1051966                    /usr/lib/x86_64-linux-gnu/libgraphite2.so.3.0.1
7f93c337a000-7f93c337c000 r--p 00024000 08:04 1051966                    /usr/lib/x86_64-linux-gnu/libgraphite2.so.3.0.1
7f93c337c000-7f93c337d000 rw-p 00026000 08:04 1051966                    /usr/lib/x86_64-linux-gnu/libgraphite2.so.3.0.1
7f93c337d000-7f93c3382000 r-xp 00000000 08:04 1050452                    /usr/lib/x86_64-linux-gnu/libXdmcp.so.6.0.0
7f93c3382000-7f93c3581000 ---p 00005000 08:04 1050452                    /usr/lib/x86_64-linux-gnu/libXdmcp.so.6.0.0
7f93c3581000-7f93c3582000 r--p 00004000 08:04 1050452                    /usr/lib/x86_64-linux-gnu/libXdmcp.so.6.0.0
7f93c3582000-7f93c3583000 rw-p 00005000 08:04 1050452                    /usr/lib/x86_64-linux-gnu/libXdmcp.so.6.0.0
7f93c3583000-7f93c3585000 r-xp 00000000 08:04 1050448                    /usr/lib/x86_64-linux-gnu/libXau.so.6.0.0
7f93c3585000-7f93c3785000 ---p 00002000 08:04 1050448                    /usr/lib/x86_64-linux-gnu/libXau.so.6.0.0
7f93c3785000-7f93c3786000 r--p 00002000 08:04 1050448                    /usr/lib/x86_64-linux-gnu/libXau.so.6.0.0
7f93c3786000-7f93c3787000 rw-p 00003000 08:04 1050448                    /usr/lib/x86_64-linux-gnu/libXau.so.6.0.0
7f93c3787000-7f93c37c4000 r-xp 00000000 08:04 5028914                    /lib/x86_64-linux-gnu/libpcre.so.3.13.1
7f93c37c4000-7f93c39c3000 ---p 0003d000 08:04 5028914                    /lib/x86_64-linux-gnu/libpcre.so.3.13.1
7f93c39c3000-7f93c39c4000 r--p 0003c000 08:04 5028914                    /lib/x86_64-linux-gnu/libpcre.so.3.13.1
7f93c39c4000-7f93c39c5000 rw-p 0003d000 08:04 5028914                    /lib/x86_64-linux-gnu/libpcre.so.3.13.1
7f93c39c5000-7f93c39cc000 r-xp 00000000 08:04 1051718                    /usr/lib/x86_64-linux-gnu/libffi.so.6.0.1
7f93c39cc000-7f93c3bcb000 ---p 00007000 08:04 1051718                    /usr/lib/x86_64-linux-gnu/libffi.so.6.0.1
7f93c3bcb000-7f93c3bcc000 r--p 00006000 08:04 1051718                    /usr/lib/x86_64-linux-gnu/libffi.so.6.0.1
7f93c3bcc000-7f93c3bcd000 rw-p 00007000 08:04 1051718                    /usr/lib/x86_64-linux-gnu/libffi.so.6.0.1
7f93c3bcd000-7f93c3bf4000 r-xp 00000000 08:04 4997805                    /lib/x86_64-linux-gnu/libexpat.so.1.6.0
7f93c3bf4000-7f93c3df4000 ---p 00027000 08:04 4997805                    /lib/x86_64-linux-gnu/libexpat.so.1.6.0
7f93c3df4000-7f93c3df6000 r--p 00027000 08:04 4997805                    /lib/x86_64-linux-gnu/libexpat.so.1.6.0
7f93c3df6000-7f93c3df7000 rw-p 00029000 08:04 4997805                    /lib/x86_64-linux-gnu/libexpat.so.1.6.0
7f93c3df7000-7f93c3dff000 r-xp 00000000 08:04 1050152                    /usr/lib/x86_64-linux-gnu/libthai.so.0.2.0
7f93c3dff000-7f93c3ffe000 ---p 00008000 08:04 1050152                    /usr/lib/x86_64-linux-gnu/libthai.so.0.2.0
7f93c3ffe000-7f93c3fff000 r--p 00007000 08:04 1050152                    /usr/lib/x86_64-linux-gnu/libthai.so.0.2.0
7f93c3fff000-7f93c4000000 rw-p 00008000 08:04 1050152                    /usr/lib/x86_64-linux-gnu/libthai.so.0.2.0
7f93c4000000-7f93c4021000 rw-p 00000000 00:00 0 
7f93c4021000-7f93c8000000 ---p 00000000 00:00 0 
7f93c8000000-7f93c8001000 r--s 00000000 08:04 524605                     /var/cache/fontconfig/c05880de57d1f5e948fdfacc138775d9-le64.cache-4
7f93c8001000-7f93c8007000 r--s 00000000 08:04 524591                     /var/cache/fontconfig/2cd17615ca594fa2959ae173292e504c-le64.cache-4
7f93c8007000-7f93c8008000 r--s 00000000 08:04 524590                     /var/cache/fontconfig/e7071f4a29fa870f4323321c154eba04-le64.cache-4
7f93c8008000-7f93c800f000 r--s 00000000 08:04 524589                     /var/cache/fontconfig/6eb3985aa4124903f6ff08ba781cd364-le64.cache-4
7f93c800f000-7f93c8010000 r--s 00000000 08:04 524588                     /var/cache/fontconfig/0d8c3b2ac0904cb8a57a757ad11a4a08-le64.cache-4
7f93c8010000-7f93c8017000 r--s 00000000 08:04 524587                     /var/cache/fontconfig/a755afe4a08bf5b97852ceb7400b47bc-le64.cache-4
7f93c8017000-7f93c8023000 r--s 00000000 08:04 524585                     /var/cache/fontconfig/6d41288fd70b0be22e8c3a91e032eec0-le64.cache-4
7f93c8023000-7f93c8037000 r--s 00000000 08:04 524584                     /var/cache/fontconfig/04aabc0a78ac019cf9454389977116d2-le64.cache-4
7f93c8037000-7f93c8038000 r--s 00000000 08:04 524581                     /var/cache/fontconfig/1ac9eb803944fde146138c791f5cc56a-le64.cache-4
7f93c8038000-7f93c803c000 r--s 00000000 08:04 524580                     /var/cache/fontconfig/385c0604a188198f04d133e54aba7fe7-le64.cache-4
7f93c803c000-7f93c803d000 r--s 00000000 08:04 524579                     /var/cache/fontconfig/9c956a7723ca69a44b382d9179c9802f-le64.cache-4
7f93c803d000-7f93c803e000 r--s 00000000 08:04 524575                     /var/cache/fontconfig/dc05db6664285cc2f12bf69c139ae4c3-le64.cache-4
7f93c803e000-7f93c8040000 r--s 00000000 08:04 524567                     /var/cache/fontconfig/767a8244fc0220cfb567a839d0392e0b-le64.cache-4
7f93c8040000-7f93c8042000 r--s 00000000 08:04 524565                     /var/cache/fontconfig/2fe16cf53f8bd2da9ea33d9eb6e69eee-le64.cache-4
7f93c8042000-7f93c8043000 r--s 00000000 08:04 524563                     /var/cache/fontconfig/4794a0821666d79190d59a36cb4f44b5-le64.cache-4
7f93c8043000-7f93c8044000 r--s 00000000 08:04 524561                     /var/cache/fontconfig/9eae20f1ff8cc0a7d125749e875856bd-le64.cache-4
7f93c8044000-7f93c8046000 r--s 00000000 08:04 524556                     /var/cache/fontconfig/bf2c1853a9e9b00bb02fe2e9bcf1e201-le64.cache-4
7f93c8046000-7f93c804b000 r--s 00000000 08:04 524554                     /var/cache/fontconfig/8801497958630a81b71ace7c5f9b32a8-le64.cache-4
7f93c804b000-7f93c8086000 r--s 00000000 08:04 524553                     /var/cache/fontconfig/365b55f210c0a22e9a19e35191240f32-le64.cache-4
7f93c8086000-7f93c808a000 r--s 00000000 08:04 524551                     /var/cache/fontconfig/c57959a16110560c8d0fcea73374aeeb-le64.cache-4
7f93c808a000-7f93c8091000 r--s 00000000 08:04 524550                     /var/cache/fontconfig/3047814df9a2f067bd2d96a2b9c36e5a-le64.cache-4
7f93c8091000-7f93c8095000 r--s 00000000 08:04 524548                     /var/cache/fontconfig/bf3b770c553c462765856025a94f1ce6-le64.cache-4
7f93c8095000-7f93c8096000 r--s 00000000 08:04 524546                     /var/cache/fontconfig/56cf4f4769d0f4abc89a4895d7bd3ae1-le64.cache-4
7f93c8096000-7f93c8097000 r--s 00000000 08:04 524545                     /var/cache/fontconfig/b9d506c9ac06c20b433354fa67a72993-le64.cache-4
7f93c8097000-7f93c809d000 r--s 00000000 08:04 524541                     /var/cache/fontconfig/b47c4e1ecd0709278f4910c18777a504-le64.cache-4
7f93c809d000-7f93c80a0000 r--s 00000000 08:04 524537                     /var/cache/fontconfig/14d493b97896515cad3840ba4896e372-le64.cache-4
7f93c80a0000-7f93c80a8000 r--s 00000000 08:04 524535                     /var/cache/fontconfig/ce677e824a231659fde4a3a246a10ea3-le64.cache-4
7f93c80a8000-7f93c80b1000 r--s 00000000 08:04 524531                     /var/cache/fontconfig/52f7bdb7ce746bfd7eaa1985bd9cfa93-le64.cache-4
7f93c80b1000-7f93c8104000 r-xp 00000000 08:04 1050466                    /usr/lib/x86_64-linux-gnu/libharfbuzz.so.0.927.0
7f93c8104000-7f93c8304000 ---p 00053000 08:04 1050466                    /usr/lib/x86_64-linux-gnu/libharfbuzz.so.0.927.0
7f93c8304000-7f93c8305000 r--p 00053000 08:04 1050466                    /usr/lib/x86_64-linux-gnu/libharfbuzz.so.0.927.0
7f93c8305000-7f93c8306000 rw-p 00054000 08:04 1050466                    /usr/lib/x86_64-linux-gnu/libharfbuzz.so.0.927.0
7f93c8306000-7f93c831d000 r-xp 00000000 08:04 5013272                    /lib/x86_64-linux-gnu/libresolv-2.19.so
7f93c831d000-7f93c851d000 ---p 00017000 08:04 5013272                    /lib/x86_64-linux-gnu/libresolv-2.19.so
7f93c851d000-7f93c851e000 r--p 00017000 08:04 5013272                    /lib/x86_64-linux-gnu/libresolv-2.19.so
7f93c851e000-7f93c851f000 rw-p 00018000 08:04 5013272                    /lib/x86_64-linux-gnu/libresolv-2.19.so
7f93c851f000-7f93c8521000 rw-p 00000000 00:00 0 
7f93c8521000-7f93c8541000 r-xp 00000000 08:04 4984792                    /lib/x86_64-linux-gnu/libselinux.so.1
7f93c8541000-7f93c8740000 ---p 00020000 08:04 4984792                    /lib/x86_64-linux-gnu/libselinux.so.1
7f93c8740000-7f93c8741000 r--p 0001f000 08:04 4984792                    /lib/x86_64-linux-gnu/libselinux.so.1
7f93c8741000-7f93c8742000 rw-p 00020000 08:04 4984792                    /lib/x86_64-linux-gnu/libselinux.so.1
7f93c8742000-7f93c8744000 rw-p 00000000 00:00 0 
7f93c8744000-7f93c875c000 r-xp 00000000 08:04 4984785                    /lib/x86_64-linux-gnu/libz.so.1.2.8
7f93c875c000-7f93c895b000 ---p 00018000 08:04 4984785                    /lib/x86_64-linux-gnu/libz.so.1.2.8
7f93c895b000-7f93c895c000 r--p 00017000 08:04 4984785                    /lib/x86_64-linux-gnu/libz.so.1.2.8
7f93c895c000-7f93c895d000 rw-p 00018000 08:04 4984785                    /lib/x86_64-linux-gnu/libz.so.1.2.8
7f93c895d000-7f93c8965000 r-xp 00000000 08:04 1051037                    /usr/lib/x86_64-linux-gnu/libxcb-render.so.0.0.0
7f93c8965000-7f93c8b64000 ---p 00008000 08:04 1051037                    /usr/lib/x86_64-linux-gnu/libxcb-render.so.0.0.0
7f93c8b64000-7f93c8b65000 r--p 00007000 08:04 1051037                    /usr/lib/x86_64-linux-gnu/libxcb-render.so.0.0.0
7f93c8b65000-7f93c8b66000 rw-p 00008000 08:04 1051037                    /usr/lib/x86_64-linux-gnu/libxcb-render.so.0.0.0
7f93c8b66000-7f93c8b68000 r-xp 00000000 08:04 1051281                    /usr/lib/x86_64-linux-gnu/libxcb-shm.so.0.0.0
7f93c8b68000-7f93c8d67000 ---p 00002000 08:04 1051281                    /usr/lib/x86_64-linux-gnu/libxcb-shm.so.0.0.0
7f93c8d67000-7f93c8d68000 r--p 00001000 08:04 1051281                    /usr/lib/x86_64-linux-gnu/libxcb-shm.so.0.0.0
7f93c8d68000-7f93c8d69000 rw-p 00002000 08:04 1051281                    /usr/lib/x86_64-linux-gnu/libxcb-shm.so.0.0.0
7f93c8d69000-7f93c8d8e000 r-xp 00000000 08:04 4981135                    /lib/x86_64-linux-gnu/libpng12.so.0.50.0
7f93c8d8e000-7f93c8f8d000 ---p 00025000 08:04 4981135                    /lib/x86_64-linux-gnu/libpng12.so.0.50.0
7f93c8f8d000-7f93c8f8e000 r--p 00024000 08:04 4981135                    /lib/x86_64-linux-gnu/libpng12.so.0.50.0
7f93c8f8e000-7f93c8f8f000 rw-p 00025000 08:04 4981135                    /lib/x86_64-linux-gnu/libpng12.so.0.50.0
7f93c8f8f000-7f93c902f000 r-xp 00000000 08:04 1054613                    /usr/lib/x86_64-linux-gnu/libpixman-1.so.0.30.2
7f93c902f000-7f93c922f000 ---p 000a0000 08:04 1054613                    /usr/lib/x86_64-linux-gnu/libpixman-1.so.0.30.2
7f93c922f000-7f93c9236000 r--p 000a0000 08:04 1054613                    /usr/lib/x86_64-linux-gnu/libpixman-1.so.0.30.2
7f93c9236000-7f93c9237000 rw-p 000a7000 08:04 1054613                    /usr/lib/x86_64-linux-gnu/libpixman-1.so.0.30.2
7f93c9237000-7f93c9254000 r-xp 00000000 08:04 1050457                    /usr/lib/x86_64-linux-gnu/libxcb.so.1.1.0
7f93c9254000-7f93c9454000 ---p 0001d000 08:04 1050457                    /usr/lib/x86_64-linux-gnu/libxcb.so.1.1.0
7f93c9454000-7f93c9455000 r--p 0001d000 08:04 1050457                    /usr/lib/x86_64-linux-gnu/libxcb.so.1.1.0
7f93c9455000-7f93c9456000 rw-p 0001e000 08:04 1050457                    /usr/lib/x86_64-linux-gnu/libxcb.so.1.1.0
7f93c9456000-7f93c94f3000 r-xp 00000000 08:04 1051965                    /usr/lib/x86_64-linux-gnu/libfreetype.so.6.11.1
7f93c94f3000-7f93c96f2000 ---p 0009d000 08:04 1051965                    /usr/lib/x86_64-linux-gnu/libfreetype.so.6.11.1
7f93c96f2000-7f93c96f8000 r--p 0009c000 08:04 1051965                    /usr/lib/x86_64-linux-gnu/libfreetype.so.6.11.1
7f93c96f8000-7f93c96f9000 rw-p 000a2000 08:04 1051965                    /usr/lib/x86_64-linux-gnu/libfreetype.so.6.11.1
7f93c96f9000-7f93c96fb000 r-xp 00000000 08:04 1051280                    /usr/lib/x86_64-linux-gnu/libXdamage.so.1.1.0
7f93c96fb000-7f93c98fa000 ---p 00002000 08:04 1051280                    /usr/lib/x86_64-linux-gnu/libXdamage.so.1.1.0
7f93c98fa000-7f93c98fb000 r--p 00001000 08:04 1051280                    /usr/lib/x86_64-linux-gnu/libXdamage.so.1.1.0
7f93c98fb000-7f93c98fc000 rw-p 00002000 08:04 1051280                    /usr/lib/x86_64-linux-gnu/libXdamage.so.1.1.0
7f93c98fc000-7f93c98fe000 r-xp 00000000 08:04 1051250                    /usr/lib/x86_64-linux-gnu/libXcomposite.so.1.0.0
7f93c98fe000-7f93c9afd000 ---p 00002000 08:04 1051250                    /usr/lib/x86_64-linux-gnu/libXcomposite.so.1.0.0
7f93c9afd000-7f93c9afe000 r--p 00001000 08:04 1051250                    /usr/lib/x86_64-linux-gnu/libXcomposite.so.1.0.0
7f93c9afe000-7f93c9aff000 rw-p 00002000 08:04 1051250                    /usr/lib/x86_64-linux-gnu/libXcomposite.so.1.0.0
7f93c9aff000-7f93c9b08000 r-xp 00000000 08:04 1049670                    /usr/lib/x86_64-linux-gnu/libXcursor.so.1.0.2
7f93c9b08000-7f93c9d07000 ---p 00009000 08:04 1049670                    /usr/lib/x86_64-linux-gnu/libXcursor.so.1.0.2
7f93c9d07000-7f93c9d08000 r--p 00008000 08:04 1049670                    /usr/lib/x86_64-linux-gnu/libXcursor.so.1.0.2
7f93c9d08000-7f93c9d09000 rw-p 00009000 08:04 1049670                    /usr/lib/x86_64-linux-gnu/libXcursor.so.1.0.2
7f93c9d09000-7f93c9d12000 r-xp 00000000 08:04 1048892                    /usr/lib/x86_64-linux-gnu/libXrandr.so.2.2.0
7f93c9d12000-7f93c9f11000 ---p 00009000 08:04 1048892                    /usr/lib/x86_64-linux-gnu/libXrandr.so.2.2.0
7f93c9f11000-7f93c9f12000 r--p 00008000 08:04 1048892                    /usr/lib/x86_64-linux-gnu/libXrandr.so.2.2.0
7f93c9f12000-7f93c9f13000 rw-p 00009000 08:04 1048892                    /usr/lib/x86_64-linux-gnu/libXrandr.so.2.2.0
7f93c9f13000-7f93c9f22000 r-xp 00000000 08:04 1049068                    /usr/lib/x86_64-linux-gnu/libXi.so.6.1.0
7f93c9f22000-7f93ca121000 ---p 0000f000 08:04 1049068                    /usr/lib/x86_64-linux-gnu/libXi.so.6.1.0
7f93ca121000-7f93ca122000 r--p 0000e000 08:04 1049068                    /usr/lib/x86_64-linux-gnu/libXi.so.6.1.0
7f93ca122000-7f93ca123000 rw-p 0000f000 08:04 1049068                    /usr/lib/x86_64-linux-gnu/libXi.so.6.1.0
7f93ca123000-7f93ca125000 r-xp 00000000 08:04 1049902                    /usr/lib/x86_64-linux-gnu/libXinerama.so.1.0.0
7f93ca125000-7f93ca324000 ---p 00002000 08:04 1049902                    /usr/lib/x86_64-linux-gnu/libXinerama.so.1.0.0
7f93ca324000-7f93ca325000 r--p 00001000 08:04 1049902                    /usr/lib/x86_64-linux-gnu/libXinerama.so.1.0.0
7f93ca325000-7f93ca326000 rw-p 00002000 08:04 1049902                    /usr/lib/x86_64-linux-gnu/libXinerama.so.1.0.0
7f93ca326000-7f93ca32f000 r-xp 00000000 08:04 1054879                    /usr/lib/x86_64-linux-gnu/libXrender.so.1.3.0
7f93ca32f000-7f93ca52e000 ---p 00009000 08:04 1054879                    /usr/lib/x86_64-linux-gnu/libXrender.so.1.3.0
7f93ca52e000-7f93ca52f000 r--p 00008000 08:04 1054879                    /usr/lib/x86_64-linux-gnu/libXrender.so.1.3.0
7f93ca52f000-7f93ca530000 rw-p 00009000 08:04 1054879                    /usr/lib/x86_64-linux-gnu/libXrender.so.1.3.0
7f93ca530000-7f93ca541000 r-xp 00000000 08:04 1051285                    /usr/lib/x86_64-linux-gnu/libXext.so.6.4.0
7f93ca541000-7f93ca740000 ---p 00011000 08:04 1051285                    /usr/lib/x86_64-linux-gnu/libXext.so.6.4.0
7f93ca740000-7f93ca741000 r--p 00010000 08:04 1051285                    /usr/lib/x86_64-linux-gnu/libXext.so.6.4.0
7f93ca741000-7f93ca742000 rw-p 00011000 08:04 1051285                    /usr/lib/x86_64-linux-gnu/libXext.so.6.4.0
7f93ca742000-7f93ca848000 r-xp 00000000 08:04 4983093                    /lib/x86_64-linux-gnu/libglib-2.0.so.0.4002.0
7f93ca848000-7f93caa47000 ---p 00106000 08:04 4983093                    /lib/x86_64-linux-gnu/libglib-2.0.so.0.4002.0
7f93caa47000-7f93caa48000 r--p 00105000 08:04 4983093                    /lib/x86_64-linux-gnu/libglib-2.0.so.0.4002.0
7f93caa48000-7f93caa49000 rw-p 00106000 08:04 4983093                    /lib/x86_64-linux-gnu/libglib-2.0.so.0.4002.0
7f93caa49000-7f93caa4a000 rw-p 00000000 00:00 0 
7f93caa4a000-7f93caa99000 r-xp 00000000 08:04 1054527                    /usr/lib/x86_64-linux-gnu/libgobject-2.0.so.0.4002.0
7f93caa99000-7f93cac99000 ---p 0004f000 08:04 1054527                    /usr/lib/x86_64-linux-gnu/libgobject-2.0.so.0.4002.0
7f93cac99000-7f93cac9a000 r--p 0004f000 08:04 1054527                    /usr/lib/x86_64-linux-gnu/libgobject-2.0.so.0.4002.0
7f93cac9a000-7f93cac9b000 rw-p 00050000 08:04 1054527                    /usr/lib/x86_64-linux-gnu/libgobject-2.0.so.0.4002.0
7f93cac9b000-7f93cacd5000 r-xp 00000000 08:04 1049911                    /usr/lib/x86_64-linux-gnu/libfontconfig.so.1.8.0
7f93cacd5000-7f93caed4000 ---p 0003a000 08:04 1049911                    /usr/lib/x86_64-linux-gnu/libfontconfig.so.1.8.0
7f93caed4000-7f93caed6000 r--p 00039000 08:04 1049911                    /usr/lib/x86_64-linux-gnu/libfontconfig.so.1.8.0
7f93caed6000-7f93caed7000 rw-p 0003b000 08:04 1049911                    /usr/lib/x86_64-linux-gnu/libfontconfig.so.1.8.0
7f93caed7000-7f93caf21000 r-xp 00000000 08:04 1049277                    /usr/lib/x86_64-linux-gnu/libpango-1.0.so.0.3600.3
7f93caf21000-7f93cb121000 ---p 0004a000 08:04 1049277                    /usr/lib/x86_64-linux-gnu/libpango-1.0.so.0.3600.3
7f93cb121000-7f93cb123000 r--p 0004a000 08:04 1049277                    /usr/lib/x86_64-linux-gnu/libpango-1.0.so.0.3600.3
7f93cb123000-7f93cb124000 rw-p 0004c000 08:04 1049277                    /usr/lib/x86_64-linux-gnu/libpango-1.0.so.0.3600.3
7f93cb124000-7f93cb138000 r-xp 00000000 08:04 1051421                    /usr/lib/x86_64-linux-gnu/libpangoft2-1.0.so.0.3600.3
7f93cb138000-7f93cb337000 ---p 00014000 08:04 1051421                    /usr/lib/x86_64-linux-gnu/libpangoft2-1.0.so.0.3600.3
7f93cb337000-7f93cb338000 r--p 00013000 08:04 1051421                    /usr/lib/x86_64-linux-gnu/libpangoft2-1.0.so.0.3600.3
7f93cb338000-7f93cb339000 rw-p 00014000 08:04 1051421                    /usr/lib/x86_64-linux-gnu/libpangoft2-1.0.so.0.3600.3
7f93cb339000-7f93cb4a5000 r-xp 00000000 08:04 1054529                    /usr/lib/x86_64-linux-gnu/libgio-2.0.so.0.4002.0
7f93cb4a5000-7f93cb6a4000 ---p 0016c000 08:04 1054529                    /usr/lib/x86_64-linux-gnu/libgio-2.0.so.0.4002.0
7f93cb6a4000-7f93cb6a8000 r--p 0016b000 08:04 1054529                    /usr/lib/x86_64-linux-gnu/libgio-2.0.so.0.4002.0
7f93cb6a8000-7f93cb6aa000 rw-p 0016f000 08:04 1054529                    /usr/lib/x86_64-linux-gnu/libgio-2.0.so.0.4002.0
7f93cb6aa000-7f93cb6ac000 rw-p 00000000 00:00 0 
7f93cb6ac000-7f93cb6cc000 r-xp 00000000 08:04 1050888                    /usr/lib/x86_64-linux-gnu/libgdk_pixbuf-2.0.so.0.3000.7
7f93cb6cc000-7f93cb8cb000 ---p 00020000 08:04 1050888                    /usr/lib/x86_64-linux-gnu/libgdk_pixbuf-2.0.so.0.3000.7
7f93cb8cb000-7f93cb8cc000 r--p 0001f000 08:04 1050888                    /usr/lib/x86_64-linux-gnu/libgdk_pixbuf-2.0.so.0.3000.7
7f93cb8cc000-7f93cb8cd000 rw-p 00020000 08:04 1050888                    /usr/lib/x86_64-linux-gnu/libgdk_pixbuf-2.0.so.0.3000.7
7f93cb8cd000-7f93cb9d3000 r-xp 00000000 08:04 1050577                    /usr/lib/x86_64-linux-gnu/libcairo.so.2.11301.0
7f93cb9d3000-7f93cbbd2000 ---p 00106000 08:04 1050577                    /usr/lib/x86_64-linux-gnu/libcairo.so.2.11301.0
7f93cbbd2000-7f93cbbd5000 r--p 00105000 08:04 1050577                    /usr/lib/x86_64-linux-gnu/libcairo.so.2.11301.0
7f93cbbd5000-7f93cbbd6000 rw-p 00108000 08:04 1050577                    /usr/lib/x86_64-linux-gnu/libcairo.so.2.11301.0
7f93cbbd6000-7f93cbbd8000 rw-p 00000000 00:00 0 
7f93cbbd8000-7f93cbbf7000 r-xp 00000000 08:04 1050063                    /usr/lib/x86_64-linux-gnu/libatk-1.0.so.0.21009.1
7f93cbbf7000-7f93cbdf7000 ---p 0001f000 08:04 1050063                    /usr/lib/x86_64-linux-gnu/libatk-1.0.so.0.21009.1
7f93cbdf7000-7f93cbdf9000 r--p 0001f000 08:04 1050063                    /usr/lib/x86_64-linux-gnu/libatk-1.0.so.0.21009.1
7f93cbdf9000-7f93cbdfa000 rw-p 00021000 08:04 1050063                    /usr/lib/x86_64-linux-gnu/libatk-1.0.so.0.21009.1
7f93cbdfa000-7f93cbdff000 r-xp 00000000 08:04 1051270                    /usr/lib/x86_64-linux-gnu/libXfixes.so.3.1.0
7f93cbdff000-7f93cbffe000 ---p 00005000 08:04 1051270                    /usr/lib/x86_64-linux-gnu/libXfixes.so.3.1.0
7f93cbffe000-7f93cbfff000 r--p 00004000 08:04 1051270                    /usr/lib/x86_64-linux-gnu/libXfixes.so.3.1.0
7f93cbfff000-7f93cc000000 rw-p 00005000 08:04 1051270                    /usr/lib/x86_64-linux-gnu/libXfixes.so.3.1.0
7f93cc000000-7f93cc021000 rw-p 00000000 00:00 0 
7f93cc021000-7f93d0000000 ---p 00000000 00:00 0 
7f93d0000000-7f93d0021000 rw-p 00000000 00:00 0 
7f93d0021000-7f93d4000000 ---p 00000000 00:00 0 
7f93d4000000-7f93d4291000 rw-p 00000000 00:00 0 
7f93d4291000-7f93d8000000 ---p 00000000 00:00 0 
7f93d8000000-7f93d8254000 rw-p 00000000 00:00 0 
7f93d8254000-7f93dc000000 ---p 00000000 00:00 0 
7f93dc000000-7f93dc021000 rw-p 00000000 00:00 0 
7f93dc021000-7f93e0000000 ---p 00000000 00:00 0 
7f93e0000000-7f93e0183000 rw-p 00000000 00:00 0 
7f93e0183000-7f93e4000000 ---p 00000000 00:00 0 
7f93e4000000-7f93e4021000 rw-p 00000000 00:00 0 
7f93e4021000-7f93e8000000 ---p 00000000 00:00 0 
7f93e8000000-7f93e8021000 rw-p 00000000 00:00 0 
7f93e8021000-7f93ec000000 ---p 00000000 00:00 0 
7f93ec000000-7f93ec021000 rw-p 00000000 00:00 0 
7f93ec021000-7f93f0000000 ---p 00000000 00:00 0 
7f93f0000000-7f93f0001000 r--s 00000000 08:04 524533                     /var/cache/fontconfig/89034621ae2a8922916bb6bfa5799546-le64.cache-4
7f93f0001000-7f93f0004000 r--s 00000000 08:04 524530                     /var/cache/fontconfig/e49e89034d371f0f9de17aab02136486-le64.cache-4
7f93f0004000-7f93f0006000 r--s 00000000 08:04 524525                     /var/cache/fontconfig/4b14b093aebc79c320de5e86ae1d3314-le64.cache-4
7f93f0006000-7f93f0019000 r--s 00000000 08:04 524518                     /var/cache/fontconfig/d52a8644073d54c13679302ca1180695-le64.cache-4
7f93f0019000-7f93f001a000 r--s 00000000 08:04 524512                     /var/cache/fontconfig/8a687c406b77f27d99abfeeba937fcce-le64.cache-4
7f93f001a000-7f93f0023000 r--s 00000000 08:04 524511                     /var/cache/fontconfig/3f7329c5293ffd510edef78f73874cfd-le64.cache-4
7f93f0023000-7f93f0025000 r--s 00000000 08:04 524510                     /var/cache/fontconfig/65f976e5259cbe6dc7697b8648396239-le64.cache-4
7f93f0025000-7f93f0030000 r--s 00000000 08:04 524503                     /var/cache/fontconfig/d589a48862398ed80a3d6066f4f56f4c-le64.cache-4
7f93f0030000-7f93f0031000 r--s 00000000 08:04 524498                     /var/cache/fontconfig/94f7fe9bd33aadfac165873bd010d595-le64.cache-4
7f93f0031000-7f93f0033000 r--s 00000000 08:04 524495                     /var/cache/fontconfig/423767150eb258c59035de29db6fca84-le64.cache-4
7f93f0033000-7f93f003d000 r--s 00000000 08:04 524489                     /var/cache/fontconfig/198d8fcf01c96d0cf813f74fd759bdb7-le64.cache-4
7f93f003d000-7f93f0048000 r--s 00000000 08:04 524485                     /var/cache/fontconfig/83bf95040141907cd45bb53cf7c1c148-le64.cache-4
7f93f0048000-7f93f0051000 r--s 00000000 08:04 524477                     /var/cache/fontconfig/d0972c3d32f097851eb916381fc38920-le64.cache-4
7f93f0051000-7f93f0058000 r--s 00000000 08:04 524449                     /var/cache/fontconfig/53d14c92082a93e67d5078324eb314ca-le64.cache-4
7f93f0058000-7f93f006b000 r--s 00000000 08:04 524447                     /var/cache/fontconfig/4ac51e5cfbc76fc3f983e470323a16d3-le64.cache-4
7f93f006b000-7f93f0083000 r--s 00000000 08:04 524410                     /var/cache/fontconfig/e13b20fdb08344e0e664864cc2ede53d-le64.cache-4
7f93f0083000-7f93f00a1000 r--s 00000000 08:04 524382                     /var/cache/fontconfig/467c019e582ee353435ea5c21d137ef6-le64.cache-4
7f93f00a1000-7f93f0121000 rw-s 00000000 00:04 16384026                   /SYSV00000000 (deleted)
7f93f0121000-7f93f013a000 r--p 00000000 08:04 1315603                    /usr/share/locale-langpack/pt/LC_MESSAGES/glib20.mo
7f93f013a000-7f93f0153000 r--p 00000000 08:04 1314751                    /usr/share/locale-langpack/pt_BR/LC_MESSAGES/glib20.mo
7f93f0153000-7f93f017c000 r--p 00000000 08:04 1315111                    /usr/share/locale-langpack/pt/LC_MESSAGES/gtk20-properties.mo
7f93f017c000-7f93f01a5000 r--p 00000000 08:04 1313878                    /usr/share/locale-langpack/pt_BR/LC_MESSAGES/gtk20-properties.mo
7f93f01a5000-7f93f02d5000 r-xp 00000000 08:04 1051036                    /usr/lib/x86_64-linux-gnu/libX11.so.6.3.0
7f93f02d5000-7f93f04d5000 ---p 00130000 08:04 1051036                    /usr/lib/x86_64-linux-gnu/libX11.so.6.3.0
7f93f04d5000-7f93f04d6000 r--p 00130000 08:04 1051036                    /usr/lib/x86_64-linux-gnu/libX11.so.6.3.0
7f93f04d6000-7f93f04da000 rw-p 00131000 08:04 1051036                    /usr/lib/x86_64-linux-gnu/libX11.so.6.3.0
7f93f04da000-7f93f04e5000 r-xp 00000000 08:04 1048612                    /usr/lib/x86_64-linux-gnu/libpangocairo-1.0.so.0.3600.3
7f93f04e5000-7f93f06e5000 ---p 0000b000 08:04 1048612                    /usr/lib/x86_64-linux-gnu/libpangocairo-1.0.so.0.3600.3
7f93f06e5000-7f93f06e6000 r--p 0000b000 08:04 1048612                    /usr/lib/x86_64-linux-gnu/libpangocairo-1.0.so.0.3600.3
7f93f06e6000-7f93f06e7000 rw-p 0000c000 08:04 1048612                    /usr/lib/x86_64-linux-gnu/libpangocairo-1.0.so.0.3600.3
7f93f06e7000-7f93f06ea000 r-xp 00000000 08:04 1054526                    /usr/lib/x86_64-linux-gnu/libgmodule-2.0.so.0.4002.0
7f93f06ea000-7f93f08e9000 ---p 00003000 08:04 1054526                    /usr/lib/x86_64-linux-gnu/libgmodule-2.0.so.0.4002.0
7f93f08e9000-7f93f08ea000 r--p 00002000 08:04 1054526                    /usr/lib/x86_64-linux-gnu/libgmodule-2.0.so.0.4002.0
7f93f08ea000-7f93f08eb000 rw-p 00003000 08:04 1054526                    /usr/lib/x86_64-linux-gnu/libgmodule-2.0.so.0.4002.0
7f93f08eb000-7f93f0998000 r-xp 00000000 08:04 1050464                    /usr/lib/x86_64-linux-gnu/libgdk-x11-2.0.so.0.2400.23
7f93f0998000-7f93f0b98000 ---p 000ad000 08:04 1050464                    /usr/lib/x86_64-linux-gnu/libgdk-x11-2.0.so.0.2400.23
7f93f0b98000-7f93f0b9c000 r--p 000ad000 08:04 1050464                    /usr/lib/x86_64-linux-gnu/libgdk-x11-2.0.so.0.2400.23
7f93f0b9c000-7f93f0b9e000 rw-p 000b1000 08:04 1050464                    /usr/lib/x86_64-linux-gnu/libgdk-x11-2.0.so.0.2400.23
7f93f0b9e000-7f93f0ba3000 r-xp 00000000 08:04 1065739                    /usr/lib/x86_64-linux-gnu/libXtst.so.6.1.0
7f93f0ba3000-7f93f0da2000 ---p 00005000 08:04 1065739                    /usr/lib/x86_64-linux-gnu/libXtst.so.6.1.0
7f93f0da2000-7f93f0da3000 r--p 00004000 08:04 1065739                    /usr/lib/x86_64-linux-gnu/libXtst.so.6.1.0
7f93f0da3000-7f93f0da4000 rw-p 00005000 08:04 1065739                    /usr/lib/x86_64-linux-gnu/libXtst.so.6.1.0
7f93f0da4000-7f93f0da5000 r-xp 00000000 08:04 1054528                    /usr/lib/x86_64-linux-gnu/libgthread-2.0.so.0.4002.0
7f93f0da5000-7f93f0fa4000 ---p 00001000 08:04 1054528                    /usr/lib/x86_64-linux-gnu/libgthread-2.0.so.0.4002.0
7f93f0fa4000-7f93f0fa5000 r--p 00000000 08:04 1054528                    /usr/lib/x86_64-linux-gnu/libgthread-2.0.so.0.4002.0
7f93f0fa5000-7f93f0fa6000 rw-p 00001000 08:04 1054528                    /usr/lib/x86_64-linux-gnu/libgthread-2.0.so.0.4002.0
7f93f0fa6000-7f93f13d6000 r-xp 00000000 08:04 1050513                    /usr/lib/x86_64-linux-gnu/libgtk-x11-2.0.so.0.2400.23
7f93f13d6000-7f93f15d5000 ---p 00430000 08:04 1050513                    /usr/lib/x86_64-linux-gnu/libgtk-x11-2.0.so.0.2400.23
7f93f15d5000-7f93f15dc000 r--p 0042f000 08:04 1050513                    /usr/lib/x86_64-linux-gnu/libgtk-x11-2.0.so.0.2400.23
7f93f15dc000-7f93f15e0000 rw-p 00436000 08:04 1050513                    /usr/lib/x86_64-linux-gnu/libgtk-x11-2.0.so.0.2400.23
7f93f15e0000-7f93f15e3000 rw-p 00000000 00:00 0 
7f93f15e3000-7f93f164f000 r-xp 00000000 08:04 6597097                    /tmp/swtlib-64/libswt-pi-gtk-3557.so
7f93f164f000-7f93f174e000 ---p 0006c000 08:04 6597097                    /tmp/swtlib-64/libswt-pi-gtk-3557.so
7f93f174e000-7f93f1752000 rw-p 0006b000 08:04 6597097                    /tmp/swtlib-64/libswt-pi-gtk-3557.so
7f93f1752000-7f93f1753000 rw-p 00000000 00:00 0 
7f93f1753000-7f93f1793000 r-xp 00000000 08:04 6597095                    /tmp/swtlib-64/libswt-gtk-3557.so
7f93f1793000-7f93f1893000 ---p 00040000 08:04 6597095                    /tmp/swtlib-64/libswt-gtk-3557.so
7f93f1893000-7f93f1897000 rw-p 00040000 08:04 6597095                    /tmp/swtlib-64/libswt-gtk-3557.so
7f93f1897000-7f93f1898000 rw-p 00000000 00:00 0 
7f93f1898000-7f93f18ae000 r-xp 00000000 08:04 4981230                    /lib/x86_64-linux-gnu/libgcc_s.so.1
7f93f18ae000-7f93f1aad000 ---p 00016000 08:04 4981230                    /lib/x86_64-linux-gnu/libgcc_s.so.1
7f93f1aad000-7f93f1aae000 rw-p 00015000 08:04 4981230                    /lib/x86_64-linux-gnu/libgcc_s.so.1
7f93f1aae000-7f93f1b94000 r-xp 00000000 08:04 1052505                    /usr/lib/x86_64-linux-gnu/libstdc++.so.6.0.19
7f93f1b94000-7f93f1d93000 ---p 000e6000 08:04 1052505                    /usr/lib/x86_64-linux-gnu/libstdc++.so.6.0.19
7f93f1d93000-7f93f1d9b000 r--p 000e5000 08:04 1052505                    /usr/lib/x86_64-linux-gnu/libstdc++.so.6.0.19
7f93f1d9b000-7f93f1d9d000 rw-p 000ed000 08:04 1052505                    /usr/lib/x86_64-linux-gnu/libstdc++.so.6.0.19
7f93f1d9d000-7f93f1db2000 rw-p 00000000 00:00 0 
7f93f1db2000-7f93f20ba000 r-xp 00000000 08:04 2138157                    /home/ia941/IA941/soar/SoarSuite_9.4.0-Linux_64bit/bin/libSoar.so
7f93f20ba000-7f93f22ba000 ---p 00308000 08:04 2138157                    /home/ia941/IA941/soar/SoarSuite_9.4.0-Linux_64bit/bin/libSoar.so
7f93f22ba000-7f93f22c9000 r--p 00308000 08:04 2138157                    /home/ia941/IA941/soar/SoarSuite_9.4.0-Linux_64bit/bin/libSoar.so
7f93f22c9000-7f93f22d1000 rw-p 00317000 08:04 2138157                    /home/ia941/IA941/soar/SoarSuite_9.4.0-Linux_64bit/bin/libSoar.so
7f93f22d1000-7f93f22db000 rw-p 00000000 00:00 0 
7f93f22db000-7f93f2319000 r-xp 00000000 08:04 2138156                    /home/ia941/IA941/soar/SoarSuite_9.4.0-Linux_64bit/bin/libJava_sml_ClientInterface.so
7f93f2319000-7f93f2519000 ---p 0003e000 08:04 2138156                    /home/ia941/IA941/soar/SoarSuite_9.4.0-Linux_64bit/bin/libJava_sml_ClientInterface.so
7f93f2519000-7f93f251a000 r--p 0003e000 08:04 2138156                    /home/ia941/IA941/soar/SoarSuite_9.4.0-Linux_64bit/bin/libJava_sml_ClientInterface.so
7f93f251a000-7f93f251b000 rw-p 0003f000 08:04 2138156                    /home/ia941/IA941/soar/SoarSuite_9.4.0-Linux_64bit/bin/libJava_sml_ClientInterface.so
7f93f251b000-7f93f251e000 ---p 00000000 00:00 0 
7f93f251e000-7f93f261c000 rw-p 00000000 00:00 0 
7f93f261c000-7f93f26b2000 r--s 0110a000 08:04 1774655                    /usr/lib/jvm/java-8-oracle/jre/lib/ext/jfxrt.jar
7f93f26b2000-7f93f26b3000 ---p 00000000 00:00 0 
7f93f26b3000-7f93f27b3000 rw-p 00000000 00:00 0                          [stack:18689]
7f93f27b3000-7f93f27b6000 ---p 00000000 00:00 0 
7f93f27b6000-7f93f28b4000 rw-p 00000000 00:00 0                          [stack:18688]
7f93f28b4000-7f93f28b7000 ---p 00000000 00:00 0 
7f93f28b7000-7f93f29b5000 rw-p 00000000 00:00 0                          [stack:18687]
7f93f29b5000-7f93f29b8000 ---p 00000000 00:00 0 
7f93f29b8000-7f93f2ab6000 rw-p 00000000 00:00 0                          [stack:18686]
7f93f2ab6000-7f93f2ab9000 ---p 00000000 00:00 0 
7f93f2ab9000-7f93f2bb7000 rw-p 00000000 00:00 0                          [stack:18685]
7f93f2bb7000-7f93f2bba000 ---p 00000000 00:00 0 
7f93f2bba000-7f93f2cb8000 rw-p 00000000 00:00 0                          [stack:18684]
7f93f2cb8000-7f93f3270000 r--p 00000000 08:04 1050376                    /usr/lib/locale/locale-archive
7f93f3270000-7f93f3273000 ---p 00000000 00:00 0 
7f93f3273000-7f93f3371000 rw-p 00000000 00:00 0                          [stack:18683]
7f93f3371000-7f93f3374000 ---p 00000000 00:00 0 
7f93f3374000-7f93f3472000 rw-p 00000000 00:00 0                          [stack:18682]
7f93f3472000-7f93f3473000 ---p 00000000 00:00 0 
7f93f3473000-7f93f8000000 rw-p 00000000 00:00 0                          [stack:18681]
7f93f8000000-7f93f8021000 rw-p 00000000 00:00 0 
7f93f8021000-7f93fc000000 ---p 00000000 00:00 0 
7f93fc000000-7f93fc021000 rw-p 00000000 00:00 0 
7f93fc021000-7f9400000000 ---p 00000000 00:00 0 
7f9400000000-7f9400021000 rw-p 00000000 00:00 0 
7f9400021000-7f9404000000 ---p 00000000 00:00 0 
7f9404000000-7f9404021000 rw-p 00000000 00:00 0 
7f9404021000-7f9408000000 ---p 00000000 00:00 0 
7f9408000000-7f9408002000 r--s 00000000 08:04 524492                     /var/cache/fontconfig/67709b7835c0f764c1135060c9575660-le64.cache-4
7f9408002000-7f940801c000 r--p 00000000 08:04 1315982                    /usr/share/locale-langpack/pt/LC_MESSAGES/libc.mo
7f940801c000-7f940803e000 r--p 00000000 08:04 1312702                    /usr/share/locale-langpack/pt_BR/LC_MESSAGES/libc.mo
7f940803e000-7f940804d000 r--p 00000000 08:04 1313887                    /usr/share/locale-langpack/pt_BR/LC_MESSAGES/gtk20.mo
7f940804d000-7f940824f000 rw-p 00000000 00:00 0 
7f940824f000-7f9408428000 r--s 03d64000 08:04 1210327                    /usr/lib/jvm/java-8-oracle/jre/lib/rt.jar
7f9408428000-7f9409000000 rw-p 00000000 00:00 0 
7f9409000000-7f9409360000 rwxp 00000000 00:00 0 
7f9409360000-7f9418000000 ---p 00000000 00:00 0 
7f9418000000-7f94188c4000 rw-p 00000000 00:00 0 
7f94188c4000-7f941c000000 ---p 00000000 00:00 0 
7f941c000000-7f941c001000 r--s 00000000 08:04 524493                     /var/cache/fontconfig/406a1d2d2bf3ed7664fbadefac0b2f66-le64.cache-4
7f941c001000-7f941c002000 r--s 00000000 08:04 524487                     /var/cache/fontconfig/0c9eb80ebd1c36541ebe2852d3bb0c49-le64.cache-4
7f941c002000-7f941c004000 r--s 00000000 08:04 524476                     /var/cache/fontconfig/6e6b34ae150a7ad95e82fb4a522f0bda-le64.cache-4
7f941c004000-7f941c007000 r--s 00000000 08:04 524443                     /var/cache/fontconfig/de83a0a961185c8bd1f159015d56c039-le64.cache-4
7f941c007000-7f941c00e000 r--s 00000000 08:04 1064875                    /usr/lib/x86_64-linux-gnu/gconv/gconv-modules.cache
7f941c00e000-7f941c021000 r--s 00211000 08:04 2266956                    /home/ia941/IA941/soar/SoarSuite_9.4.0-Linux_64bit/bin/java/swt.jar
7f941c021000-7f941c097000 rw-p 00000000 00:00 0 
7f941c097000-7f941c098000 ---p 00000000 00:00 0 
7f941c098000-7f941c198000 rw-p 00000000 00:00 0                          [stack:18680]
7f941c198000-7f941c199000 ---p 00000000 00:00 0 
7f941c199000-7f941c299000 rw-p 00000000 00:00 0                          [stack:18679]
7f941c299000-7f941c29a000 ---p 00000000 00:00 0 
7f941c29a000-7f941c39a000 rw-p 00000000 00:00 0                          [stack:18678]
7f941c39a000-7f941c39b000 ---p 00000000 00:00 0 
7f941c39b000-7f941c4c5000 rw-p 00000000 00:00 0                          [stack:18677]
7f941c4c5000-7f941c72b000 ---p 00000000 00:00 0 
7f941c72b000-7f941c755000 rw-p 00000000 00:00 0 
7f941c755000-7f941c9bb000 ---p 00000000 00:00 0 
7f941c9bb000-7f941c9d0000 rw-p 00000000 00:00 0 
7f941c9d0000-7f941cb03000 ---p 00000000 00:00 0 
7f941cb03000-7f941cb12000 rw-p 00000000 00:00 0 
7f941cb12000-7f941cec4000 ---p 00000000 00:00 0 
7f941cec4000-7f941cedf000 r-xp 00000000 08:04 1774569                    /usr/lib/jvm/java-8-oracle/jre/lib/amd64/libzip.so
7f941cedf000-7f941d0df000 ---p 0001b000 08:04 1774569                    /usr/lib/jvm/java-8-oracle/jre/lib/amd64/libzip.so
7f941d0df000-7f941d0e0000 rw-p 0001b000 08:04 1774569                    /usr/lib/jvm/java-8-oracle/jre/lib/amd64/libzip.so
7f941d0e0000-7f941d0ea000 r-xp 00000000 08:04 5013265                    /lib/x86_64-linux-gnu/libnss_files-2.19.so
7f941d0ea000-7f941d2e9000 ---p 0000a000 08:04 5013265                    /lib/x86_64-linux-gnu/libnss_files-2.19.so
7f941d2e9000-7f941d2ea000 r--p 00009000 08:04 5013265                    /lib/x86_64-linux-gnu/libnss_files-2.19.so
7f941d2ea000-7f941d2eb000 rw-p 0000a000 08:04 5013265                    /lib/x86_64-linux-gnu/libnss_files-2.19.so
7f941d2eb000-7f941d2f6000 r-xp 00000000 08:04 5013274                    /lib/x86_64-linux-gnu/libnss_nis-2.19.so
7f941d2f6000-7f941d4f5000 ---p 0000b000 08:04 5013274                    /lib/x86_64-linux-gnu/libnss_nis-2.19.so
7f941d4f5000-7f941d4f6000 r--p 0000a000 08:04 5013274                    /lib/x86_64-linux-gnu/libnss_nis-2.19.so
7f941d4f6000-7f941d4f7000 rw-p 0000b000 08:04 5013274                    /lib/x86_64-linux-gnu/libnss_nis-2.19.so
7f941d4f7000-7f941d50e000 r-xp 00000000 08:04 5013287                    /lib/x86_64-linux-gnu/libnsl-2.19.so
7f941d50e000-7f941d70d000 ---p 00017000 08:04 5013287                    /lib/x86_64-linux-gnu/libnsl-2.19.so
7f941d70d000-7f941d70e000 r--p 00016000 08:04 5013287                    /lib/x86_64-linux-gnu/libnsl-2.19.so
7f941d70e000-7f941d70f000 rw-p 00017000 08:04 5013287                    /lib/x86_64-linux-gnu/libnsl-2.19.so
7f941d70f000-7f941d711000 rw-p 00000000 00:00 0 
7f941d711000-7f941d71a000 r-xp 00000000 08:04 5013276                    /lib/x86_64-linux-gnu/libnss_compat-2.19.so
7f941d71a000-7f941d919000 ---p 00009000 08:04 5013276                    /lib/x86_64-linux-gnu/libnss_compat-2.19.so
7f941d919000-7f941d91a000 r--p 00008000 08:04 5013276                    /lib/x86_64-linux-gnu/libnss_compat-2.19.so
7f941d91a000-7f941d91b000 rw-p 00009000 08:04 5013276                    /lib/x86_64-linux-gnu/libnss_compat-2.19.so
7f941d91b000-7f941d946000 r-xp 00000000 08:04 1774545                    /usr/lib/jvm/java-8-oracle/jre/lib/amd64/libjava.so
7f941d946000-7f941db45000 ---p 0002b000 08:04 1774545                    /usr/lib/jvm/java-8-oracle/jre/lib/amd64/libjava.so
7f941db45000-7f941db47000 rw-p 0002a000 08:04 1774545                    /usr/lib/jvm/java-8-oracle/jre/lib/amd64/libjava.so
7f941db47000-7f941db54000 r-xp 00000000 08:04 1774536                    /usr/lib/jvm/java-8-oracle/jre/lib/amd64/libverify.so
7f941db54000-7f941dd54000 ---p 0000d000 08:04 1774536                    /usr/lib/jvm/java-8-oracle/jre/lib/amd64/libverify.so
7f941dd54000-7f941dd56000 rw-p 0000d000 08:04 1774536                    /usr/lib/jvm/java-8-oracle/jre/lib/amd64/libverify.so
7f941dd56000-7f941dd5d000 r-xp 00000000 08:04 5013285                    /lib/x86_64-linux-gnu/librt-2.19.so
7f941dd5d000-7f941df5c000 ---p 00007000 08:04 5013285                    /lib/x86_64-linux-gnu/librt-2.19.so
7f941df5c000-7f941df5d000 r--p 00006000 08:04 5013285                    /lib/x86_64-linux-gnu/librt-2.19.so
7f941df5d000-7f941df5e000 rw-p 00007000 08:04 5013285                    /lib/x86_64-linux-gnu/librt-2.19.so
7f941df5e000-7f941e063000 r-xp 00000000 08:04 5013278                    /lib/x86_64-linux-gnu/libm-2.19.so
7f941e063000-7f941e262000 ---p 00105000 08:04 5013278                    /lib/x86_64-linux-gnu/libm-2.19.so
7f941e262000-7f941e263000 r--p 00104000 08:04 5013278                    /lib/x86_64-linux-gnu/libm-2.19.so
7f941e263000-7f941e264000 rw-p 00105000 08:04 5013278                    /lib/x86_64-linux-gnu/libm-2.19.so
7f941e264000-7f941ef3d000 r-xp 00000000 08:04 1774531                    /usr/lib/jvm/java-8-oracle/jre/lib/amd64/server/libjvm.so
7f941ef3d000-7f941f13c000 ---p 00cd9000 08:04 1774531                    /usr/lib/jvm/java-8-oracle/jre/lib/amd64/server/libjvm.so
7f941f13c000-7f941f215000 rw-p 00cd8000 08:04 1774531                    /usr/lib/jvm/java-8-oracle/jre/lib/amd64/server/libjvm.so
7f941f215000-7f941f261000 rw-p 00000000 00:00 0 
7f941f261000-7f941f41f000 r-xp 00000000 08:04 5014198                    /lib/x86_64-linux-gnu/libc-2.19.so
7f941f41f000-7f941f61f000 ---p 001be000 08:04 5014198                    /lib/x86_64-linux-gnu/libc-2.19.so
7f941f61f000-7f941f623000 r--p 001be000 08:04 5014198                    /lib/x86_64-linux-gnu/libc-2.19.so
7f941f623000-7f941f625000 rw-p 001c2000 08:04 5014198                    /lib/x86_64-linux-gnu/libc-2.19.so
7f941f625000-7f941f62a000 rw-p 00000000 00:00 0 
7f941f62a000-7f941f62d000 r-xp 00000000 08:04 5013288                    /lib/x86_64-linux-gnu/libdl-2.19.so
7f941f62d000-7f941f82c000 ---p 00003000 08:04 5013288                    /lib/x86_64-linux-gnu/libdl-2.19.so
7f941f82c000-7f941f82d000 r--p 00002000 08:04 5013288                    /lib/x86_64-linux-gnu/libdl-2.19.so
7f941f82d000-7f941f82e000 rw-p 00003000 08:04 5013288                    /lib/x86_64-linux-gnu/libdl-2.19.so
7f941f82e000-7f941f844000 r-xp 00000000 08:04 1774539                    /usr/lib/jvm/java-8-oracle/jre/lib/amd64/jli/libjli.so
7f941f844000-7f941fa43000 ---p 00016000 08:04 1774539                    /usr/lib/jvm/java-8-oracle/jre/lib/amd64/jli/libjli.so
7f941fa43000-7f941fa44000 rw-p 00015000 08:04 1774539                    /usr/lib/jvm/java-8-oracle/jre/lib/amd64/jli/libjli.so
7f941fa44000-7f941fa5d000 r-xp 00000000 08:04 5013284                    /lib/x86_64-linux-gnu/libpthread-2.19.so
7f941fa5d000-7f941fc5c000 ---p 00019000 08:04 5013284                    /lib/x86_64-linux-gnu/libpthread-2.19.so
7f941fc5c000-7f941fc5d000 r--p 00018000 08:04 5013284                    /lib/x86_64-linux-gnu/libpthread-2.19.so
7f941fc5d000-7f941fc5e000 rw-p 00019000 08:04 5013284                    /lib/x86_64-linux-gnu/libpthread-2.19.so
7f941fc5e000-7f941fc62000 rw-p 00000000 00:00 0 
7f941fc62000-7f941fc85000 r-xp 00000000 08:04 5013281                    /lib/x86_64-linux-gnu/ld-2.19.so
7f941fc85000-7f941fc86000 r--s 00000000 08:04 524459                     /var/cache/fontconfig/3334a778d104e76d188e9df399bc24d2-le64.cache-4
7f941fc86000-7f941fc87000 r--s 00000000 08:04 524444                     /var/cache/fontconfig/c277e94e32b20404286a1ddafa5a80f0-le64.cache-4
7f941fc87000-7f941fd58000 rw-p 00000000 00:00 0 
7f941fd58000-7f941fd5b000 ---p 00000000 00:00 0 
7f941fd5b000-7f941fe5d000 rw-p 00000000 00:00 0                          [stack:18676]
7f941fe5d000-7f941fe61000 r--s 00000000 08:04 524403                     /var/cache/fontconfig/7ef2298fde41cc6eeb7af42e48b7d293-le64.cache-4
7f941fe61000-7f941fe62000 r--s 00000000 08:04 524386                     /var/cache/fontconfig/e0aa53bcfa504e64f87823c16bc01eb6-le64.cache-4
7f941fe62000-7f941fe65000 r--s 0001a000 08:04 1210369                    /usr/lib/jvm/java-8-oracle/jre/lib/jce.jar
7f941fe65000-7f941fe6a000 r--s 0009d000 08:04 1210373                    /usr/lib/jvm/java-8-oracle/jre/lib/jsse.jar
7f941fe6a000-7f941fe6d000 r--s 0001a000 08:04 2266952                    /home/ia941/IA941/soar/SoarSuite_9.4.0-Linux_64bit/bin/java/sml.jar
7f941fe6d000-7f941fe6f000 r--s 00005000 08:04 2266955                    /home/ia941/IA941/soar/SoarSuite_9.4.0-Linux_64bit/bin/java/soar-smljava.jar
7f941fe6f000-7f941fe78000 r--s 0005a000 08:04 2266954                    /home/ia941/IA941/soar/SoarSuite_9.4.0-Linux_64bit/bin/java/soar-debugger.jar
7f941fe78000-7f941fe79000 r--s 00000000 08:04 2138165                    /home/ia941/IA941/soar/SoarSuite_9.4.0-Linux_64bit/bin/SoarJavaDebugger.jar
7f941fe79000-7f941fe81000 rw-s 00000000 08:04 6597093                    /tmp/hsperfdata_ia941/18675
7f941fe81000-7f941fe82000 rw-p 00000000 00:00 0 
7f941fe82000-7f941fe83000 r--p 00000000 00:00 0 
7f941fe83000-7f941fe84000 rw-p 00000000 00:00 0 
7f941fe84000-7f941fe85000 r--p 00022000 08:04 5013281                    /lib/x86_64-linux-gnu/ld-2.19.so
7f941fe85000-7f941fe86000 rw-p 00023000 08:04 5013281                    /lib/x86_64-linux-gnu/ld-2.19.so
7f941fe86000-7f941fe87000 rw-p 00000000 00:00 0 
7ffef8be1000-7ffef8c02000 rw-p 00000000 00:00 0                          [stack]
7ffef8cec000-7ffef8cee000 r-xp 00000000 00:00 0                          [vdso]
ffffffffff600000-ffffffffff601000 r-xp 00000000 00:00 0                  [vsyscall]

VM Arguments:
java_command: /home/ia941/IA941/soar/SoarSuite_9.4.0-Linux_64bit/bin/SoarJavaDebugger.jar
java_class_path (initial): /home/ia941/IA941/soar/SoarSuite_9.4.0-Linux_64bit/bin/SoarJavaDebugger.jar
Launcher Type: SUN_STANDARD

Environment Variables:
JAVA_HOME=/usr/lib/jvm/java-8-oracle
PATH=/opt/arduino:/opt/altera/13.0sp1/quartus/bin:/opt/eclipse:/opt/netbeans/bin:/opt/argouml:/usr/local/sbin:/usr/local/bin:/usr/sbin:/usr/bin:/sbin:/bin:/usr/games
LD_LIBRARY_PATH=/home/ia941/IA941/soar/SoarSuite_9.4.0-Linux_64bit/bin
SHELL=/bin/bash
DISPLAY=:0

Signal Handlers:
SIGSEGV: [libjvm.so+0xad01e0], sa_mask[0]=11111111011111111101111111111110, sa_flags=SA_RESTART|SA_SIGINFO
SIGBUS: [libjvm.so+0xad01e0], sa_mask[0]=11111111011111111101111111111110, sa_flags=SA_RESTART|SA_SIGINFO
SIGFPE: [libjvm.so+0x927fb0], sa_mask[0]=11111111011111111101111111111110, sa_flags=SA_RESTART|SA_SIGINFO
SIGPIPE: SIG_IGN, sa_mask[0]=00000000000000000000000000000000, sa_flags=none
SIGXFSZ: [libjvm.so+0x927fb0], sa_mask[0]=11111111011111111101111111111110, sa_flags=SA_RESTART|SA_SIGINFO
SIGILL: [libjvm.so+0x927fb0], sa_mask[0]=11111111011111111101111111111110, sa_flags=SA_RESTART|SA_SIGINFO
SIGUSR1: SIG_DFL, sa_mask[0]=00000000000000000000000000000000, sa_flags=none
SIGUSR2: [libjvm.so+0x9297f0], sa_mask[0]=00000000000000000000000000000000, sa_flags=SA_RESTART|SA_SIGINFO
SIGHUP: [libjvm.so+0x92abf0], sa_mask[0]=11111111011111111101111111111110, sa_flags=SA_RESTART|SA_SIGINFO
SIGINT: [libjvm.so+0x92abf0], sa_mask[0]=11111111011111111101111111111110, sa_flags=SA_RESTART|SA_SIGINFO
SIGTERM: [libjvm.so+0x92abf0], sa_mask[0]=11111111011111111101111111111110, sa_flags=SA_RESTART|SA_SIGINFO
SIGQUIT: [libjvm.so+0x92abf0], sa_mask[0]=11111111011111111101111111111110, sa_flags=SA_RESTART|SA_SIGINFO


---------------  S Y S T E M  ---------------

OS:DISTRIB_ID=Ubuntu
DISTRIB_RELEASE=14.04
DISTRIB_CODENAME=trusty
DISTRIB_DESCRIPTION="Ubuntu 14.04.5 LTS"

uname:Linux 3.13.0-142-generic #191-Ubuntu SMP Fri Feb 2 12:13:35 UTC 2018 x86_64
libc:glibc 2.19 NPTL 2.19 
rlimit: STACK 8192k, CORE 0k, NPROC 62675, NOFILE 4096, AS infinity
load average:0,23 0,24 0,23

/proc/meminfo:
MemTotal:        8053432 kB
MemFree:         1133316 kB
Buffers:         1064696 kB
Cached:          2575792 kB
SwapCached:            0 kB
Active:          4264624 kB
Inactive:        1828128 kB
Active(anon):    2466084 kB
Inactive(anon):   224496 kB
Active(file):    1798540 kB
Inactive(file):  1603632 kB
Unevictable:           0 kB
Mlocked:               0 kB
SwapTotal:      16779888 kB
SwapFree:       16779888 kB
Dirty:               740 kB
Writeback:             0 kB
AnonPages:       2452304 kB
Mapped:           393148 kB
Shmem:            238316 kB
Slab:             686872 kB
SReclaimable:     646100 kB
SUnreclaim:        40772 kB
KernelStack:        5624 kB
PageTables:        39276 kB
NFS_Unstable:          0 kB
Bounce:                0 kB
WritebackTmp:          0 kB
CommitLimit:    20806604 kB
Committed_AS:    6969188 kB
VmallocTotal:   34359738367 kB
VmallocUsed:      362580 kB
VmallocChunk:   34359368272 kB
HardwareCorrupted:     0 kB
AnonHugePages:   1454080 kB
HugePages_Total:       0
HugePages_Free:        0
HugePages_Rsvd:        0
HugePages_Surp:        0
Hugepagesize:       2048 kB
DirectMap4k:      107984 kB
DirectMap2M:     8159232 kB


CPU:total 4 (initial active 4) (4 cores per cpu, 1 threads per core) family 6 model 42 stepping 7, cmov, cx8, fxsr, mmx, sse, sse2, sse3, ssse3, sse4.1, sse4.2, popcnt, avx, aes, clmul, tsc, tscinvbit

/proc/cpuinfo:
processor	: 0
vendor_id	: GenuineIntel
cpu family	: 6
model		: 42
model name	: Intel(R) Core(TM) i5-2400 CPU @ 3.10GHz
stepping	: 7
microcode	: 0x18
cpu MHz		: 1600.000
cache size	: 6144 KB
physical id	: 0
siblings	: 4
core id		: 0
cpu cores	: 4
apicid		: 0
initial apicid	: 0
fpu		: yes
fpu_exception	: yes
cpuid level	: 13
wp		: yes
flags		: fpu vme de pse tsc msr pae mce cx8 apic sep mtrr pge mca cmov pat pse36 clflush dts acpi mmx fxsr sse sse2 ss ht tm pbe syscall nx rdtscp lm constant_tsc arch_perfmon pebs bts rep_good nopl xtopology nonstop_tsc aperfmperf eagerfpu pni pclmulqdq dtes64 monitor ds_cpl vmx smx est tm2 ssse3 cx16 xtpr pdcm pcid sse4_1 sse4_2 x2apic popcnt tsc_deadline_timer aes xsave avx lahf_lm ida arat epb xsaveopt pln pts dtherm tpr_shadow vnmi flexpriority ept vpid
bogomips	: 6185.68
clflush size	: 64
cache_alignment	: 64
address sizes	: 36 bits physical, 48 bits virtual
power management:

processor	: 1
vendor_id	: GenuineIntel
cpu family	: 6
model		: 42
model name	: Intel(R) Core(TM) i5-2400 CPU @ 3.10GHz
stepping	: 7
microcode	: 0x18
cpu MHz		: 1600.000
cache size	: 6144 KB
physical id	: 0
siblings	: 4
core id		: 1
cpu cores	: 4
apicid		: 2
initial apicid	: 2
fpu		: yes
fpu_exception	: yes
cpuid level	: 13
wp		: yes
flags		: fpu vme de pse tsc msr pae mce cx8 apic sep mtrr pge mca cmov pat pse36 clflush dts acpi mmx fxsr sse sse2 ss ht tm pbe syscall nx rdtscp lm constant_tsc arch_perfmon pebs bts rep_good nopl xtopology nonstop_tsc aperfmperf eagerfpu pni pclmulqdq dtes64 monitor ds_cpl vmx smx est tm2 ssse3 cx16 xtpr pdcm pcid sse4_1 sse4_2 x2apic popcnt tsc_deadline_timer aes xsave avx lahf_lm ida arat epb xsaveopt pln pts dtherm tpr_shadow vnmi flexpriority ept vpid
bogomips	: 6185.68
clflush size	: 64
cache_alignment	: 64
address sizes	: 36 bits physical, 48 bits virtual
power management:

processor	: 2
vendor_id	: GenuineIntel
cpu family	: 6
model		: 42
model name	: Intel(R) Core(TM) i5-2400 CPU @ 3.10GHz
stepping	: 7
microcode	: 0x18
cpu MHz		: 1600.000
cache size	: 6144 KB
physical id	: 0
siblings	: 4
core id		: 2
cpu cores	: 4
apicid		: 4
initial apicid	: 4
fpu		: yes
fpu_exception	: yes
cpuid level	: 13
wp		: yes
flags		: fpu vme de pse tsc msr pae mce cx8 apic sep mtrr pge mca cmov pat pse36 clflush dts acpi mmx fxsr sse sse2 ss ht tm pbe syscall nx rdtscp lm constant_tsc arch_perfmon pebs bts rep_good nopl xtopology nonstop_tsc aperfmperf eagerfpu pni pclmulqdq dtes64 monitor ds_cpl vmx smx est tm2 ssse3 cx16 xtpr pdcm pcid sse4_1 sse4_2 x2apic popcnt tsc_deadline_timer aes xsave avx lahf_lm ida arat epb xsaveopt pln pts dtherm tpr_shadow vnmi flexpriority ept vpid
bogomips	: 6185.68
clflush size	: 64
cache_alignment	: 64
address sizes	: 36 bits physical, 48 bits virtual
power management:

processor	: 3
vendor_id	: GenuineIntel
cpu family	: 6
model		: 42
model name	: Intel(R) Core(TM) i5-2400 CPU @ 3.10GHz
stepping	: 7
microcode	: 0x18
cpu MHz		: 1600.000
cache size	: 6144 KB
physical id	: 0
siblings	: 4
core id		: 3
cpu cores	: 4
apicid		: 6
initial apicid	: 6
fpu		: yes
fpu_exception	: yes
cpuid level	: 13
wp		: yes
flags		: fpu vme de pse tsc msr pae mce cx8 apic sep mtrr pge mca cmov pat pse36 clflush dts acpi mmx fxsr sse sse2 ss ht tm pbe syscall nx rdtscp lm constant_tsc arch_perfmon pebs bts rep_good nopl xtopology nonstop_tsc aperfmperf eagerfpu pni pclmulqdq dtes64 monitor ds_cpl vmx smx est tm2 ssse3 cx16 xtpr pdcm pcid sse4_1 sse4_2 x2apic popcnt tsc_deadline_timer aes xsave avx lahf_lm ida arat epb xsaveopt pln pts dtherm tpr_shadow vnmi flexpriority ept vpid
bogomips	: 6185.68
clflush size	: 64
cache_alignment	: 64
address sizes	: 36 bits physical, 48 bits virtual
power management:



Memory: 4k page, physical 8053432k(1133316k free), swap 16779888k(16779888k free)

vm_info: Java HotSpot(TM) 64-Bit Server VM (25.161-b12) for linux-amd64 JRE (1.8.0_161-b12), built on Dec 19 2017 16:12:43 by "java_re" with gcc 4.3.0 20080428 (Red Hat 4.3.0-8)

time: Thu Mar  8 15:52:06 2018
elapsed time: 3 seconds (0d 0h 0m 3s)

