#
# A fatal error has been detected by the Java Runtime Environment:
#
#  SIGSEGV (0xb) at pc=0x00007ff6caa63718, pid=17658, tid=0x00007ff6f3ccb700
#
# JRE version: Java(TM) SE Runtime Environment (8.0_161-b12) (build 1.8.0_161-b12)
# Java VM: Java HotSpot(TM) 64-Bit Server VM (25.161-b12 mixed mode linux-amd64 compressed oops)
# Problematic frame:
# C  [libgobject-2.0.so.0+0x19718]  g_object_get_qdata+0x18
#
# Failed to write core dump. Core dumps have been disabled. To enable core dumping, try "ulimit -c unlimited" before starting Java again
#
# If you would like to submit a bug report, please visit:
#   http://bugreport.java.com/bugreport/crash.jsp
# The crash happened outside the Java Virtual Machine in native code.
# See problematic frame for where to report the bug.
#

---------------  T H R E A D  ---------------

Current thread (0x00007ff6ec00a800):  JavaThread "main" [_thread_in_native, id=17659, stack(0x00007ff6f3bcb000,0x00007ff6f3ccc000)]

siginfo: si_signo: 11 (SIGSEGV), si_code: 1 (SEGV_MAPERR), si_addr: 0x0000000000000e00

Registers:
RAX=0x0000000000000e00, RBX=0x00007ff6ec53cd70, RCX=0x0000000000000033, RDX=0x00007ff6ec53cd70
RSP=0x00007ff6f3cc92c0, RBP=0x0000000000000033, RSI=0x0000000000000033, RDI=0x00007ff6ec53cd70
R8 =0x0000000000000000, R9 =0x0000000000000001, R10=0x00007ff6dd25a404, R11=0x00007ff6dd25a3d8
R12=0x0000000000000000, R13=0x00007ff6f3cc9348, R14=0x00007ff6f3cc9320, R15=0x00007ff6ec00a800
RIP=0x00007ff6caa63718, EFLAGS=0x0000000000010206, CSGSFS=0x0000000000000033, ERR=0x0000000000000004
  TRAPNO=0x000000000000000e

Top of Stack: (sp=0x00007ff6f3cc92c0)
0x00007ff6f3cc92c0:   00007ff6f3cc9440 00007ff6d8a91078
0x00007ff6f3cc92d0:   00007ff6f3cc9330 00007ff6d14a0383
0x00007ff6f3cc92e0:   00007ff6f3cc9498 00007ff6dd25a476
0x00007ff6f3cc92f0:   00007ff6d8c0fb2d 00007ff6000000b6
0x00007ff6f3cc9300:   00007ff6d8c0fb98 00007ff6ec00a800
0x00007ff6f3cc9310:   00007ff6d8c0fb98 00007ff6ec00a800
0x00007ff6f3cc9320:   00000000d771d898 00007ff6f3cc9380
0x00007ff6f3cc9330:   00007ff6f3cc93a0 00007ff6dd007dd0
0x00007ff6f3cc9340:   00007ff6dd007dd0 0000000000000033
0x00007ff6f3cc9350:   00007ff6ec53cd70 0000000000000001
0x00007ff6f3cc9360:   00007ff6f3cc9360 00007ff6d8a91119
0x00007ff6f3cc9370:   00007ff6f3cc93d8 00007ff6d8afa428
0x00007ff6f3cc9380:   00007ff6d8c40d08 00007ff6d8a91168
0x00007ff6f3cc9390:   00007ff6f3cc9348 00007ff6f3cc93c8
0x00007ff6f3cc93a0:   00007ff6f3cc9420 00007ff6dd007dd0
0x00007ff6f3cc93b0:   0000000000000000 0000000000000000
0x00007ff6f3cc93c0:   0000000000000000 0000000000000033
0x00007ff6f3cc93d0:   00007ff6ec53cd70 0000000000000000
0x00007ff6f3cc93e0:   00007ff6f3cc93e0 00007ff6d89bd8bb
0x00007ff6f3cc93f0:   00007ff6f3cc9450 00007ff6d8a63558
0x00007ff6f3cc9400:   0000000000000000 00007ff6d89bd940
0x00007ff6f3cc9410:   00007ff6f3cc93c8 00007ff6f3cc9440
0x00007ff6f3cc9420:   00007ff6f3cc9498 00007ff6dd008040
0x00007ff6f3cc9430:   0000000000000000 0000000000000000
0x00007ff6f3cc9440:   00007ff6ec53cd70 00000000d7c3c028
0x00007ff6f3cc9450:   00000000d777e470 00007ff6f3cc9458
0x00007ff6f3cc9460:   00007ff6d8c0fb2d 00007ff6f3cc94b8
0x00007ff6f3cc9470:   00007ff6d8c15060 0000000000000000
0x00007ff6f3cc9480:   00007ff6d8c0fb98 00007ff6f3cc9440
0x00007ff6f3cc9490:   00007ff6f3cc94b8 00007ff6f3cc9500
0x00007ff6f3cc94a0:   00007ff6dd0082bd 0000000000000000
0x00007ff6f3cc94b0:   0000000000000000 00000000d7c3c028 

Instructions: (pc=0x00007ff6caa63718)
0x00007ff6caa636f8:   0f 1f 84 00 00 00 00 00 55 53 48 89 fb 48 83 ec
0x00007ff6caa63708:   08 48 85 ff 74 21 48 8b 07 89 f5 48 85 c0 74 06
0x00007ff6caa63718:   48 83 38 50 74 3a be 50 00 00 00 48 89 df e8 05
0x00007ff6caa63728:   86 01 00 85 c0 75 29 48 8d 15 30 1e 02 00 48 8d 

Register to memory mapping:

RAX=0x0000000000000e00 is an unknown value
RBX=0x00007ff6ec53cd70 is an unknown value
RCX=0x0000000000000033 is an unknown value
RDX=0x00007ff6ec53cd70 is an unknown value
RSP=0x00007ff6f3cc92c0 is pointing into the stack for thread: 0x00007ff6ec00a800
RBP=0x0000000000000033 is an unknown value
RSI=0x0000000000000033 is an unknown value
RDI=0x00007ff6ec53cd70 is an unknown value
R8 =0x0000000000000000 is an unknown value
R9 =0x0000000000000001 is an unknown value
R10=0x00007ff6dd25a404 is at entry_point+68 in (nmethod*)0x00007ff6dd25a250
R11=0x00007ff6dd25a3d8 is at entry_point+24 in (nmethod*)0x00007ff6dd25a250
R12=0x0000000000000000 is an unknown value
R13=0x00007ff6f3cc9348 is pointing into the stack for thread: 0x00007ff6ec00a800
R14=0x00007ff6f3cc9320 is pointing into the stack for thread: 0x00007ff6ec00a800
R15=0x00007ff6ec00a800 is a thread


Stack: [0x00007ff6f3bcb000,0x00007ff6f3ccc000],  sp=0x00007ff6f3cc92c0,  free space=1016k
Native frames: (J=compiled Java code, j=interpreted, Vv=VM code, C=native code)
C  [libgobject-2.0.so.0+0x19718]  g_object_get_qdata+0x18

Java frames: (J=compiled Java code, j=interpreted, Vv=VM code)
J 505  org.eclipse.swt.internal.gtk.OS._g_object_get_qdata(JI)J (0 bytes) @ 0x00007ff6dd25a404 [0x00007ff6dd25a3c0+0x44]
j  org.eclipse.swt.internal.gtk.OS.g_object_get_qdata(JI)J+9
j  org.eclipse.swt.widgets.Display.removeWidget(J)Lorg/eclipse/swt/widgets/Widget;+19
j  org.eclipse.swt.widgets.Combo.deregister()V+21
j  org.eclipse.swt.widgets.Widget.releaseWidget()V+1
j  org.eclipse.swt.widgets.Control.releaseWidget()V+1
j  org.eclipse.swt.widgets.Composite.releaseWidget()V+1
j  org.eclipse.swt.widgets.Combo.releaseWidget()V+1
j  org.eclipse.swt.widgets.Widget.release(Z)V+82
j  org.eclipse.swt.widgets.Control.release(Z)V+86
j  org.eclipse.swt.widgets.Composite.releaseChildren(Z)V+31
j  org.eclipse.swt.widgets.Widget.release(Z)V+38
j  org.eclipse.swt.widgets.Control.release(Z)V+86
j  org.eclipse.swt.widgets.Composite.releaseChildren(Z)V+31
j  org.eclipse.swt.widgets.Widget.release(Z)V+38
j  org.eclipse.swt.widgets.Control.release(Z)V+86
j  org.eclipse.swt.widgets.Composite.releaseChildren(Z)V+31
j  org.eclipse.swt.widgets.Widget.release(Z)V+38
j  org.eclipse.swt.widgets.Control.release(Z)V+86
j  org.eclipse.swt.widgets.Composite.releaseChildren(Z)V+31
j  org.eclipse.swt.widgets.Widget.release(Z)V+38
j  org.eclipse.swt.widgets.Control.release(Z)V+86
j  org.eclipse.swt.widgets.Composite.releaseChildren(Z)V+31
j  org.eclipse.swt.widgets.Widget.release(Z)V+38
j  org.eclipse.swt.widgets.Control.release(Z)V+86
j  org.eclipse.swt.widgets.Composite.releaseChildren(Z)V+31
j  org.eclipse.swt.widgets.Widget.release(Z)V+38
j  org.eclipse.swt.widgets.Control.release(Z)V+86
j  org.eclipse.swt.widgets.Composite.releaseChildren(Z)V+31
j  org.eclipse.swt.widgets.Widget.release(Z)V+38
j  org.eclipse.swt.widgets.Control.release(Z)V+86
j  org.eclipse.swt.widgets.Widget.dispose()V+23
j  edu.umich.soar.debugger.manager.MainWindow.clearLayout()V+35
j  edu.umich.soar.debugger.manager.MainWindow.loadFromXML(Ledu/umich/soar/debugger/general/JavaElementXML;)V+52
j  edu.umich.soar.debugger.manager.MainWindow.loadLayoutFromFile(Ljava/lang/String;Z)Z+7
j  edu.umich.soar.debugger.MainFrame.loadLayoutFile(Ljava/lang/String;Z)Z+6
j  edu.umich.soar.debugger.manager.MainWindow.useDefaultLayout(Ljava/lang/String;)V+14
j  edu.umich.soar.debugger.MainFrame.useDefaultTextLayout()V+6
j  edu.umich.soar.debugger.menu.LayoutMenu.useTextLayout(Ledu/umich/soar/debugger/menu/ActionEvent;)V+4
j  edu.umich.soar.debugger.menu.LayoutMenu.access$100(Ledu/umich/soar/debugger/menu/LayoutMenu;Ledu/umich/soar/debugger/menu/ActionEvent;)V+2
j  edu.umich.soar.debugger.menu.LayoutMenu$3.actionPerformed(Ledu/umich/soar/debugger/menu/ActionEvent;)V+5
j  edu.umich.soar.debugger.menu.BaseMenu$2.widgetSelected(Lorg/eclipse/swt/events/SelectionEvent;)V+5
j  org.eclipse.swt.widgets.TypedListener.handleEvent(Lorg/eclipse/swt/widgets/Event;)V+1003
j  org.eclipse.swt.widgets.EventTable.sendEvent(Lorg/eclipse/swt/widgets/Event;)V+214
J 787 C1 org.eclipse.swt.widgets.Display.runDeferredEvents()Z (109 bytes) @ 0x00007ff6dd331c3c [0x00007ff6dd331400+0x83c]
J 778 C1 org.eclipse.swt.widgets.Display.readAndDispatch()Z (58 bytes) @ 0x00007ff6dd32bd2c [0x00007ff6dd32b920+0x40c]
j  edu.umich.soar.debugger.doc.Document.pumpMessagesTillClosed(Lorg/eclipse/swt/widgets/Display;)V+44
j  edu.umich.soar.debugger.SWTApplication.startApp([Ljava/lang/String;Lorg/eclipse/swt/widgets/Display;)V+620
j  edu.umich.soar.debugger.Application.<init>([Ljava/lang/String;ZLorg/eclipse/swt/widgets/Display;)V+17
j  edu.umich.soar.debugger.Application.main([Ljava/lang/String;)V+7
v  ~StubRoutines::call_stub

---------------  P R O C E S S  ---------------

Java Threads: ( => current thread )
  0x00007ff6ec28a000 JavaThread "Thread-0" [_thread_blocked, id=17673, stack(0x00007ff6d239c000,0x00007ff6d249d000)]
  0x00007ff6ec1aa000 JavaThread "Service Thread" daemon [_thread_blocked, id=17671, stack(0x00007ff6d2634000,0x00007ff6d2735000)]
  0x00007ff6ec185000 JavaThread "C1 CompilerThread2" daemon [_thread_blocked, id=17670, stack(0x00007ff6d2735000,0x00007ff6d2836000)]
  0x00007ff6ec183800 JavaThread "C2 CompilerThread1" daemon [_thread_blocked, id=17669, stack(0x00007ff6d2836000,0x00007ff6d2937000)]
  0x00007ff6ec180800 JavaThread "C2 CompilerThread0" daemon [_thread_blocked, id=17668, stack(0x00007ff6d2937000,0x00007ff6d2a38000)]
  0x00007ff6ec17f000 JavaThread "Signal Dispatcher" daemon [_thread_blocked, id=17667, stack(0x00007ff6d2a38000,0x00007ff6d2b39000)]
  0x00007ff6ec14b800 JavaThread "Finalizer" daemon [_thread_blocked, id=17666, stack(0x00007ff6d30f1000,0x00007ff6d31f2000)]
  0x00007ff6ec147000 JavaThread "Reference Handler" daemon [_thread_blocked, id=17665, stack(0x00007ff6d31f2000,0x00007ff6d32f3000)]
=>0x00007ff6ec00a800 JavaThread "main" [_thread_in_native, id=17659, stack(0x00007ff6f3bcb000,0x00007ff6f3ccc000)]

Other Threads:
  0x00007ff6ec13f800 VMThread [stack: 0x00007ff6d32f3000,0x00007ff6d33f4000] [id=17664]
  0x00007ff6ec1af000 WatcherThread [stack: 0x00007ff6d2533000,0x00007ff6d2634000] [id=17672]

VM state:not at safepoint (normal execution)

VM Mutex/Monitor currently owned by a thread: None

Heap:
 PSYoungGen      total 36864K, used 20390K [0x00000000d7000000, 0x00000000d9900000, 0x0000000100000000)
  eden space 31744K, 64% used [0x00000000d7000000,0x00000000d83e9920,0x00000000d8f00000)
  from space 5120K, 0% used [0x00000000d9400000,0x00000000d9400000,0x00000000d9900000)
  to   space 5120K, 0% used [0x00000000d8f00000,0x00000000d8f00000,0x00000000d9400000)
 ParOldGen       total 84992K, used 0K [0x0000000085000000, 0x000000008a300000, 0x00000000d7000000)
  object space 84992K, 0% used [0x0000000085000000,0x0000000085000000,0x000000008a300000)
 Metaspace       used 10376K, capacity 10478K, committed 10624K, reserved 1058816K
  class space    used 1081K, capacity 1105K, committed 1152K, reserved 1048576K

Card table byte_map: [0x00007ff6f059e000,0x00007ff6f0977000] byte_map_base: 0x00007ff6f0176000

Marking Bits: (ParMarkBitMap*) 0x00007ff6f30a6920
 Begin Bits: [0x00007ff6d917f000, 0x00007ff6db03f000)
 End Bits:   [0x00007ff6db03f000, 0x00007ff6dceff000)

Polling page: 0x00007ff6f3cf5000

CodeCache: size=245760Kb used=3374Kb max_used=3374Kb free=242385Kb
 bounds [0x00007ff6dd000000, 0x00007ff6dd350000, 0x00007ff6ec000000]
 total_blobs=1299 nmethods=823 adapters=389
 compilation: enabled

Compilation events (10 events):
Event: 4,598 Thread 0x00007ff6ec185000 nmethod 815 0x00007ff6dd345810 code [0x00007ff6dd345980, 0x00007ff6dd345b30]
Event: 4,599 Thread 0x00007ff6ec185000  816       3       edu.umich.soar.debugger.general.JavaElementXML$LexXML::Have (22 bytes)
Event: 4,599 Thread 0x00007ff6ec183800  818       4       edu.umich.soar.debugger.general.JavaElementXML$LexXML::IsSymbol (36 bytes)
Event: 4,599 Thread 0x00007ff6ec185000 nmethod 816 0x00007ff6dd345b90 code [0x00007ff6dd345d20, 0x00007ff6dd345ff8]
Event: 4,599 Thread 0x00007ff6ec185000  817       3       edu.umich.soar.debugger.general.JavaElementXML::convertFromEscapes (194 bytes)
Event: 4,600 Thread 0x00007ff6ec183800 nmethod 818 0x00007ff6dd348d90 code [0x00007ff6dd348ee0, 0x00007ff6dd348f58]
Event: 4,602 Thread 0x00007ff6ec185000 nmethod 817 0x00007ff6dd348fd0 code [0x00007ff6dd349320, 0x00007ff6dd34b918]
Event: 4,602 Thread 0x00007ff6ec185000  819       3       edu.umich.soar.debugger.general.JavaElementXML$LexXML::MustBe (58 bytes)
Event: 4,602 Thread 0x00007ff6ec185000 nmethod 819 0x00007ff6dd347ed0 code [0x00007ff6dd3480c0, 0x00007ff6dd348988]
Event: 4,602 Thread 0x00007ff6ec185000  820       3       edu.umich.soar.debugger.general.JavaElementXML$LexXML::MustBe (61 bytes)

GC Heap History (0 events):
No events

Deoptimization events (6 events):
Event: 0,679 Thread 0x00007ff6ec00a800 Uncommon trap: reason=class_check action=maybe_recompile pc=0x00007ff6dd225540 method=java.util.HashMap.putVal(ILjava/lang/Object;Ljava/lang/Object;ZZ)Ljava/lang/Object; @ 253
Event: 0,682 Thread 0x00007ff6ec00a800 Uncommon trap: reason=class_check action=maybe_recompile pc=0x00007ff6dd225540 method=java.util.HashMap.putVal(ILjava/lang/Object;Ljava/lang/Object;ZZ)Ljava/lang/Object; @ 253
Event: 0,684 Thread 0x00007ff6ec00a800 Uncommon trap: reason=unstable_if action=reinterpret pc=0x00007ff6dd225528 method=java.util.HashMap.putVal(ILjava/lang/Object;Ljava/lang/Object;ZZ)Ljava/lang/Object; @ 181
Event: 0,687 Thread 0x00007ff6ec00a800 Uncommon trap: reason=unstable_if action=reinterpret pc=0x00007ff6dd26fa6c method=java.util.HashMap.getNode(ILjava/lang/Object;)Ljava/util/HashMap$Node; @ 62
Event: 0,687 Thread 0x00007ff6ec00a800 Uncommon trap: reason=unstable_if action=reinterpret pc=0x00007ff6dd2228b4 method=java.util.HashMap.putVal(ILjava/lang/Object;Ljava/lang/Object;ZZ)Ljava/lang/Object; @ 94
Event: 0,688 Thread 0x00007ff6ec00a800 Uncommon trap: reason=unstable_if action=reinterpret pc=0x00007ff6dd2565b0 method=java.util.HashMap.getNode(ILjava/lang/Object;)Ljava/util/HashMap$Node; @ 62

Classes redefined (0 events):
No events

Internal exceptions (10 events):
Event: 0,309 Thread 0x00007ff6ec00a800 Exception <a 'java/security/PrivilegedActionException'> (0x00000000d7837800) thrown at [/HUDSON/workspace/8-2-build-linux-amd64/jdk8u161/10277/hotspot/src/share/vm/prims/jvm.cpp, line 1390]
Event: 0,691 Thread 0x00007ff6ec00a800 Exception <a 'java/lang/ArrayIndexOutOfBoundsException'> (0x00000000d81648c0) thrown at [/HUDSON/workspace/8-2-build-linux-amd64/jdk8u161/10277/hotspot/src/share/vm/runtime/sharedRuntime.cpp, line 605]
Event: 0,692 Thread 0x00007ff6ec00a800 Exception <a 'java/lang/ArrayIndexOutOfBoundsException'> (0x00000000d8165638) thrown at [/HUDSON/workspace/8-2-build-linux-amd64/jdk8u161/10277/hotspot/src/share/vm/runtime/sharedRuntime.cpp, line 605]
Event: 0,692 Thread 0x00007ff6ec00a800 Exception <a 'java/lang/ArrayIndexOutOfBoundsException'> (0x00000000d81665f0) thrown at [/HUDSON/workspace/8-2-build-linux-amd64/jdk8u161/10277/hotspot/src/share/vm/runtime/sharedRuntime.cpp, line 605]
Event: 0,693 Thread 0x00007ff6ec00a800 Exception <a 'java/lang/ArrayIndexOutOfBoundsException'> (0x00000000d8167e20) thrown at [/HUDSON/workspace/8-2-build-linux-amd64/jdk8u161/10277/hotspot/src/share/vm/runtime/sharedRuntime.cpp, line 605]
Event: 0,698 Thread 0x00007ff6ec00a800 Exception <a 'java/lang/ArrayIndexOutOfBoundsException'> (0x00000000d818f608) thrown at [/HUDSON/workspace/8-2-build-linux-amd64/jdk8u161/10277/hotspot/src/share/vm/runtime/sharedRuntime.cpp, line 605]
Event: 0,698 Thread 0x00007ff6ec00a800 Exception <a 'java/lang/ArrayIndexOutOfBoundsException'> (0x00000000d8190870) thrown at [/HUDSON/workspace/8-2-build-linux-amd64/jdk8u161/10277/hotspot/src/share/vm/runtime/sharedRuntime.cpp, line 605]
Event: 0,699 Thread 0x00007ff6ec00a800 Exception <a 'java/lang/ArrayIndexOutOfBoundsException'> (0x00000000d8191e08) thrown at [/HUDSON/workspace/8-2-build-linux-amd64/jdk8u161/10277/hotspot/src/share/vm/runtime/sharedRuntime.cpp, line 605]
Event: 0,704 Thread 0x00007ff6ec00a800 Exception <a 'java/lang/ArrayIndexOutOfBoundsException'> (0x00000000d81b80a8) thrown at [/HUDSON/workspace/8-2-build-linux-amd64/jdk8u161/10277/hotspot/src/share/vm/runtime/sharedRuntime.cpp, line 605]
Event: 0,709 Thread 0x00007ff6ec00a800 Exception <a 'java/lang/ArrayIndexOutOfBoundsException'> (0x00000000d81cb520) thrown at [/HUDSON/workspace/8-2-build-linux-amd64/jdk8u161/10277/hotspot/src/share/vm/runtime/sharedRuntime.cpp, line 605]

Events (10 events):
Event: 0,768 loading class sml/ClientAnalyzedXML
Event: 0,768 loading class sml/ClientAnalyzedXML done
Event: 1,788 loading class org/eclipse/swt/events/ArmEvent
Event: 1,788 loading class org/eclipse/swt/events/ArmEvent done
Event: 4,057 Executing VM operation: EnableBiasedLocking
Event: 4,058 Executing VM operation: EnableBiasedLocking done
Event: 4,597 loading class org/eclipse/swt/events/SelectionEvent
Event: 4,597 loading class org/eclipse/swt/events/SelectionEvent done
Event: 4,602 loading class org/eclipse/swt/events/DisposeEvent
Event: 4,602 loading class org/eclipse/swt/events/DisposeEvent done


Dynamic libraries:
00400000-00401000 r-xp 00000000 08:04 1774658                            /usr/lib/jvm/java-8-oracle/jre/bin/java
00600000-00601000 rw-p 00000000 08:04 1774658                            /usr/lib/jvm/java-8-oracle/jre/bin/java
01724000-01745000 rw-p 00000000 00:00 0                                  [heap]
85000000-8a300000 rw-p 00000000 00:00 0 
8a300000-d7000000 ---p 00000000 00:00 0 
d7000000-d9900000 rw-p 00000000 00:00 0 
d9900000-100000000 ---p 00000000 00:00 0 
100000000-100120000 rw-p 00000000 00:00 0 
100120000-140000000 ---p 00000000 00:00 0 
7ff67c000000-7ff67c0ee000 rw-p 00000000 00:00 0 
7ff67c0ee000-7ff680000000 ---p 00000000 00:00 0 
7ff684000000-7ff684021000 rw-p 00000000 00:00 0 
7ff684021000-7ff688000000 ---p 00000000 00:00 0 
7ff688000000-7ff688021000 rw-p 00000000 00:00 0 
7ff688021000-7ff68c000000 ---p 00000000 00:00 0 
7ff68e3ec000-7ff68e5ec000 rw-s 00000000 00:04 15302681                   /SYSV00000000 (deleted)
7ff68e5ec000-7ff68e5fd000 r-xp 00000000 08:04 1774538                    /usr/lib/jvm/java-8-oracle/jre/lib/amd64/libnio.so
7ff68e5fd000-7ff68e7fc000 ---p 00011000 08:04 1774538                    /usr/lib/jvm/java-8-oracle/jre/lib/amd64/libnio.so
7ff68e7fc000-7ff68e7fd000 rw-p 00010000 08:04 1774538                    /usr/lib/jvm/java-8-oracle/jre/lib/amd64/libnio.so
7ff68e7fd000-7ff68e7fe000 ---p 00000000 00:00 0 
7ff68e7fe000-7ff68effe000 rw-p 00000000 00:00 0                          [stack:17680]
7ff68effe000-7ff68efff000 ---p 00000000 00:00 0 
7ff68efff000-7ff68f7ff000 rw-p 00000000 00:00 0                          [stack:17679]
7ff68f7ff000-7ff68f800000 ---p 00000000 00:00 0 
7ff68f800000-7ff690000000 rw-p 00000000 00:00 0                          [stack:17678]
7ff690000000-7ff690021000 rw-p 00000000 00:00 0 
7ff690021000-7ff694000000 ---p 00000000 00:00 0 
7ff694000000-7ff69428f000 rw-p 00000000 00:00 0 
7ff69428f000-7ff698000000 ---p 00000000 00:00 0 
7ff69800a000-7ff698020000 r-xp 00000000 08:04 1774540                    /usr/lib/jvm/java-8-oracle/jre/lib/amd64/libnet.so
7ff698020000-7ff698220000 ---p 00016000 08:04 1774540                    /usr/lib/jvm/java-8-oracle/jre/lib/amd64/libnet.so
7ff698220000-7ff698221000 rw-p 00016000 08:04 1774540                    /usr/lib/jvm/java-8-oracle/jre/lib/amd64/libnet.so
7ff698221000-7ff69822a000 r-xp 00000000 08:04 1774555                    /usr/lib/jvm/java-8-oracle/jre/lib/amd64/libmanagement.so
7ff69822a000-7ff698429000 ---p 00009000 08:04 1774555                    /usr/lib/jvm/java-8-oracle/jre/lib/amd64/libmanagement.so
7ff698429000-7ff69842a000 rw-p 00008000 08:04 1774555                    /usr/lib/jvm/java-8-oracle/jre/lib/amd64/libmanagement.so
7ff69842a000-7ff69856a000 rw-p 00000000 00:00 0 
7ff69856a000-7ff69862a000 ---p 00000000 00:00 0 
7ff69862a000-7ff698664000 r--p 00000000 08:04 6553718                    /usr/share/fonts/truetype/msttcorefonts/Courier_New_Bold_Italic.ttf
7ff698664000-7ff6986a0000 r--p 00000000 08:04 6553719                    /usr/share/fonts/truetype/msttcorefonts/Courier_New_Italic.ttf
7ff6986a0000-7ff6986ed000 r--p 00000000 08:04 6553717                    /usr/share/fonts/truetype/msttcorefonts/Courier_New_Bold.ttf
7ff6986ed000-7ff698737000 r--p 00000000 08:04 6553693                    /usr/share/fonts/truetype/msttcorefonts/Courier_New.ttf
7ff698737000-7ff69878f000 r--p 00000000 08:04 1447166                    /usr/share/fonts/truetype/ubuntu-font-family/Ubuntu-BI.ttf
7ff69878f000-7ff6987ee000 r--p 00000000 08:04 1447173                    /usr/share/fonts/truetype/ubuntu-font-family/Ubuntu-RI.ttf
7ff6987ee000-7ff698840000 r--p 00000000 08:04 1447172                    /usr/share/fonts/truetype/ubuntu-font-family/Ubuntu-B.ttf
7ff698840000-7ff698841000 r-xp 00000000 08:04 1442572                    /usr/lib/x86_64-linux-gnu/gtk-2.0/2.10.0/immodules/im-cedilla.so
7ff698841000-7ff698a40000 ---p 00001000 08:04 1442572                    /usr/lib/x86_64-linux-gnu/gtk-2.0/2.10.0/immodules/im-cedilla.so
7ff698a40000-7ff698a41000 r--p 00000000 08:04 1442572                    /usr/lib/x86_64-linux-gnu/gtk-2.0/2.10.0/immodules/im-cedilla.so
7ff698a41000-7ff698a42000 rw-p 00001000 08:04 1442572                    /usr/lib/x86_64-linux-gnu/gtk-2.0/2.10.0/immodules/im-cedilla.so
7ff698a42000-7ff698a43000 r--s 00001000 08:04 2266953                    /home/ia941/IA941/soar/SoarSuite_9.4.0-Linux_64bit/bin/java/soar-debugger-api.jar
7ff698a43000-7ff698a44000 r--s 00003000 08:04 2266957                    /home/ia941/IA941/soar/SoarSuite_9.4.0-Linux_64bit/bin/java/swtgraphics2d.jar
7ff698a44000-7ff698aa4000 rw-s 00000000 00:04 15269912                   /SYSV00000000 (deleted)
7ff698aa4000-7ff698aaa000 r--p 00000000 08:04 1315702                    /usr/share/locale-langpack/pt/LC_MESSAGES/gdk-pixbuf.mo
7ff698aaa000-7ff698ab0000 r--p 00000000 08:04 1314822                    /usr/share/locale-langpack/pt_BR/LC_MESSAGES/gdk-pixbuf.mo
7ff698ab0000-7ff698b02000 r--p 00000000 08:04 1312249                    /usr/share/fonts/truetype/dejavu/DejaVuSansMono.ttf
7ff698b02000-7ff698b59000 r--p 00000000 08:04 1447169                    /usr/share/fonts/truetype/ubuntu-font-family/Ubuntu-R.ttf
7ff698b59000-7ff698b5a000 r--s 00000000 08:04 524610                     /var/cache/fontconfig/087e1975ba9a574b140bb1df193bf770-le64.cache-4
7ff698b5a000-7ff698b5b000 r--s 00000000 08:04 524605                     /var/cache/fontconfig/c05880de57d1f5e948fdfacc138775d9-le64.cache-4
7ff698b5b000-7ff698b66000 r--s 00000000 08:04 524598                     /var/cache/fontconfig/945677eb7aeaf62f1d50efc3fb3ec7d8-le64.cache-4
7ff698b66000-7ff698b68000 r--s 00000000 08:04 524596                     /var/cache/fontconfig/99e8ed0e538f840c565b6ed5dad60d56-le64.cache-4
7ff698b68000-7ff698b71000 r--s 00000000 08:04 524592                     /var/cache/fontconfig/a6d8cf8e4ec09cdbc8633c31745a07dd-le64.cache-4
7ff698b71000-7ff698b77000 r--s 00000000 08:04 524591                     /var/cache/fontconfig/2cd17615ca594fa2959ae173292e504c-le64.cache-4
7ff698b77000-7ff698b78000 r--s 00000000 08:04 524590                     /var/cache/fontconfig/e7071f4a29fa870f4323321c154eba04-le64.cache-4
7ff698b78000-7ff698b7f000 r--s 00000000 08:04 524589                     /var/cache/fontconfig/6eb3985aa4124903f6ff08ba781cd364-le64.cache-4
7ff698b7f000-7ff698b80000 r--s 00000000 08:04 524588                     /var/cache/fontconfig/0d8c3b2ac0904cb8a57a757ad11a4a08-le64.cache-4
7ff698b80000-7ff698b87000 r--s 00000000 08:04 524587                     /var/cache/fontconfig/a755afe4a08bf5b97852ceb7400b47bc-le64.cache-4
7ff698b87000-7ff698b93000 r--s 00000000 08:04 524585                     /var/cache/fontconfig/6d41288fd70b0be22e8c3a91e032eec0-le64.cache-4
7ff698b93000-7ff698ba7000 r--s 00000000 08:04 524584                     /var/cache/fontconfig/04aabc0a78ac019cf9454389977116d2-le64.cache-4
7ff698ba7000-7ff698ba8000 r--s 00000000 08:04 524581                     /var/cache/fontconfig/1ac9eb803944fde146138c791f5cc56a-le64.cache-4
7ff698ba8000-7ff698bac000 r--s 00000000 08:04 524580                     /var/cache/fontconfig/385c0604a188198f04d133e54aba7fe7-le64.cache-4
7ff698bac000-7ff698bad000 r--s 00000000 08:04 524579                     /var/cache/fontconfig/9c956a7723ca69a44b382d9179c9802f-le64.cache-4
7ff698bad000-7ff698bae000 r--s 00000000 08:04 524575                     /var/cache/fontconfig/dc05db6664285cc2f12bf69c139ae4c3-le64.cache-4
7ff698bae000-7ff698bb0000 r--s 00000000 08:04 524567                     /var/cache/fontconfig/767a8244fc0220cfb567a839d0392e0b-le64.cache-4
7ff698bb0000-7ff698bb2000 r--s 00000000 08:04 524565                     /var/cache/fontconfig/2fe16cf53f8bd2da9ea33d9eb6e69eee-le64.cache-4
7ff698bb2000-7ff698bb3000 r--s 00000000 08:04 524563                     /var/cache/fontconfig/4794a0821666d79190d59a36cb4f44b5-le64.cache-4
7ff698bb3000-7ff698bb4000 r--s 00000000 08:04 524561                     /var/cache/fontconfig/9eae20f1ff8cc0a7d125749e875856bd-le64.cache-4
7ff698bb4000-7ff698bb6000 r--s 00000000 08:04 524556                     /var/cache/fontconfig/bf2c1853a9e9b00bb02fe2e9bcf1e201-le64.cache-4
7ff698bb6000-7ff698bbb000 r--s 00000000 08:04 524554                     /var/cache/fontconfig/8801497958630a81b71ace7c5f9b32a8-le64.cache-4
7ff698bbb000-7ff698bf6000 r--s 00000000 08:04 524553                     /var/cache/fontconfig/365b55f210c0a22e9a19e35191240f32-le64.cache-4
7ff698bf6000-7ff698bfa000 r--s 00000000 08:04 524551                     /var/cache/fontconfig/c57959a16110560c8d0fcea73374aeeb-le64.cache-4
7ff698bfa000-7ff698c01000 r--s 00000000 08:04 524550                     /var/cache/fontconfig/3047814df9a2f067bd2d96a2b9c36e5a-le64.cache-4
7ff698c01000-7ff698c05000 r--s 00000000 08:04 524548                     /var/cache/fontconfig/bf3b770c553c462765856025a94f1ce6-le64.cache-4
7ff698c05000-7ff698c06000 r--s 00000000 08:04 524546                     /var/cache/fontconfig/56cf4f4769d0f4abc89a4895d7bd3ae1-le64.cache-4
7ff698c06000-7ff698c07000 r--s 00000000 08:04 524545                     /var/cache/fontconfig/b9d506c9ac06c20b433354fa67a72993-le64.cache-4
7ff698c07000-7ff698c0d000 r--s 00000000 08:04 524541                     /var/cache/fontconfig/b47c4e1ecd0709278f4910c18777a504-le64.cache-4
7ff698c0d000-7ff698c10000 r--s 00000000 08:04 524537                     /var/cache/fontconfig/14d493b97896515cad3840ba4896e372-le64.cache-4
7ff698c10000-7ff698c18000 r--s 00000000 08:04 524535                     /var/cache/fontconfig/ce677e824a231659fde4a3a246a10ea3-le64.cache-4
7ff698c18000-7ff698c21000 r--s 00000000 08:04 524531                     /var/cache/fontconfig/52f7bdb7ce746bfd7eaa1985bd9cfa93-le64.cache-4
7ff698c21000-7ff698c34000 r--s 00000000 08:04 524518                     /var/cache/fontconfig/d52a8644073d54c13679302ca1180695-le64.cache-4
7ff698c34000-7ff698c3d000 r--s 00000000 08:04 524511                     /var/cache/fontconfig/3f7329c5293ffd510edef78f73874cfd-le64.cache-4
7ff698c3d000-7ff698c48000 r--s 00000000 08:04 524503                     /var/cache/fontconfig/d589a48862398ed80a3d6066f4f56f4c-le64.cache-4
7ff698c48000-7ff698c52000 r--s 00000000 08:04 524489                     /var/cache/fontconfig/198d8fcf01c96d0cf813f74fd759bdb7-le64.cache-4
7ff698c52000-7ff698c65000 r--s 00000000 08:04 524447                     /var/cache/fontconfig/4ac51e5cfbc76fc3f983e470323a16d3-le64.cache-4
7ff698c65000-7ff698c7d000 r--s 00000000 08:04 524410                     /var/cache/fontconfig/e13b20fdb08344e0e664864cc2ede53d-le64.cache-4
7ff698cfd000-7ff698cfe000 ---p 00000000 00:00 0 
7ff698cfe000-7ff6994fe000 rw-p 00000000 00:00 0                          [stack:17677]
7ff6994fe000-7ff6994ff000 ---p 00000000 00:00 0 
7ff6994ff000-7ff699cff000 rw-p 00000000 00:00 0                          [stack:17676]
7ff699cff000-7ff699d43000 r-xp 00000000 08:04 4980819                    /lib/x86_64-linux-gnu/libdbus-1.so.3.7.6
7ff699d43000-7ff699f42000 ---p 00044000 08:04 4980819                    /lib/x86_64-linux-gnu/libdbus-1.so.3.7.6
7ff699f42000-7ff699f43000 r--p 00043000 08:04 4980819                    /lib/x86_64-linux-gnu/libdbus-1.so.3.7.6
7ff699f43000-7ff699f44000 rw-p 00044000 08:04 4980819                    /lib/x86_64-linux-gnu/libdbus-1.so.3.7.6
7ff699f44000-7ff699f4c000 r-xp 00000000 08:04 4986742                    /lib/x86_64-linux-gnu/libnih-dbus.so.1.0.0
7ff699f4c000-7ff69a14c000 ---p 00008000 08:04 4986742                    /lib/x86_64-linux-gnu/libnih-dbus.so.1.0.0
7ff69a14c000-7ff69a14d000 r--p 00008000 08:04 4986742                    /lib/x86_64-linux-gnu/libnih-dbus.so.1.0.0
7ff69a14d000-7ff69a14e000 rw-p 00009000 08:04 4986742                    /lib/x86_64-linux-gnu/libnih-dbus.so.1.0.0
7ff69a14e000-7ff69a165000 r-xp 00000000 08:04 4986756                    /lib/x86_64-linux-gnu/libnih.so.1.0.0
7ff69a165000-7ff69a364000 ---p 00017000 08:04 4986756                    /lib/x86_64-linux-gnu/libnih.so.1.0.0
7ff69a364000-7ff69a365000 r--p 00016000 08:04 4986756                    /lib/x86_64-linux-gnu/libnih.so.1.0.0
7ff69a365000-7ff69a366000 rw-p 00017000 08:04 4986756                    /lib/x86_64-linux-gnu/libnih.so.1.0.0
7ff69a366000-7ff69a385000 r-xp 00000000 08:04 4981072                    /lib/x86_64-linux-gnu/libcgmanager.so.0.0.0
7ff69a385000-7ff69a585000 ---p 0001f000 08:04 4981072                    /lib/x86_64-linux-gnu/libcgmanager.so.0.0.0
7ff69a585000-7ff69a587000 r--p 0001f000 08:04 4981072                    /lib/x86_64-linux-gnu/libcgmanager.so.0.0.0
7ff69a587000-7ff69a588000 rw-p 00021000 08:04 4981072                    /lib/x86_64-linux-gnu/libcgmanager.so.0.0.0
7ff69a588000-7ff69a598000 r-xp 00000000 08:04 4980837                    /lib/x86_64-linux-gnu/libudev.so.1.3.5
7ff69a598000-7ff69a797000 ---p 00010000 08:04 4980837                    /lib/x86_64-linux-gnu/libudev.so.1.3.5
7ff69a797000-7ff69a798000 r--p 0000f000 08:04 4980837                    /lib/x86_64-linux-gnu/libudev.so.1.3.5
7ff69a798000-7ff69a799000 rw-p 00010000 08:04 4980837                    /lib/x86_64-linux-gnu/libudev.so.1.3.5
7ff69a799000-7ff69a7cd000 r-xp 00000000 08:04 1050707                    /usr/lib/x86_64-linux-gnu/gvfs/libgvfscommon.so
7ff69a7cd000-7ff69a9cd000 ---p 00034000 08:04 1050707                    /usr/lib/x86_64-linux-gnu/gvfs/libgvfscommon.so
7ff69a9cd000-7ff69a9d2000 r--p 00034000 08:04 1050707                    /usr/lib/x86_64-linux-gnu/gvfs/libgvfscommon.so
7ff69a9d2000-7ff69a9d3000 rw-p 00039000 08:04 1050707                    /usr/lib/x86_64-linux-gnu/gvfs/libgvfscommon.so
7ff69a9d3000-7ff69aa02000 r-xp 00000000 08:04 1049473                    /usr/lib/x86_64-linux-gnu/gio/modules/libgvfsdbus.so
7ff69aa02000-7ff69ac02000 ---p 0002f000 08:04 1049473                    /usr/lib/x86_64-linux-gnu/gio/modules/libgvfsdbus.so
7ff69ac02000-7ff69ac03000 r--p 0002f000 08:04 1049473                    /usr/lib/x86_64-linux-gnu/gio/modules/libgvfsdbus.so
7ff69ac03000-7ff69ac04000 rw-p 00030000 08:04 1049473                    /usr/lib/x86_64-linux-gnu/gio/modules/libgvfsdbus.so
7ff69ac04000-7ff69ac05000 rw-p 00000000 00:00 0 
7ff69ac05000-7ff69ad48000 r-xp 00000000 08:04 1705393                    /usr/lib/x86_64-linux-gnu/gtk-2.0/2.10.0/engines/liboxygen-gtk.so
7ff69ad48000-7ff69af47000 ---p 00143000 08:04 1705393                    /usr/lib/x86_64-linux-gnu/gtk-2.0/2.10.0/engines/liboxygen-gtk.so
7ff69af47000-7ff69af4d000 r--p 00142000 08:04 1705393                    /usr/lib/x86_64-linux-gnu/gtk-2.0/2.10.0/engines/liboxygen-gtk.so
7ff69af4d000-7ff69af4e000 rw-p 00148000 08:04 1705393                    /usr/lib/x86_64-linux-gnu/gtk-2.0/2.10.0/engines/liboxygen-gtk.so
7ff69af4e000-7ff69af4f000 rw-p 00000000 00:00 0 
7ff69af4f000-7ff69af55000 r-xp 00000000 08:04 1057490                    /usr/lib/x86_64-linux-gnu/libdatrie.so.1.3.1
7ff69af55000-7ff69b154000 ---p 00006000 08:04 1057490                    /usr/lib/x86_64-linux-gnu/libdatrie.so.1.3.1
7ff69b154000-7ff69b155000 r--p 00005000 08:04 1057490                    /usr/lib/x86_64-linux-gnu/libdatrie.so.1.3.1
7ff69b155000-7ff69b156000 rw-p 00006000 08:04 1057490                    /usr/lib/x86_64-linux-gnu/libdatrie.so.1.3.1
7ff69b156000-7ff69b17a000 r-xp 00000000 08:04 1051966                    /usr/lib/x86_64-linux-gnu/libgraphite2.so.3.0.1
7ff69b17a000-7ff69b37a000 ---p 00024000 08:04 1051966                    /usr/lib/x86_64-linux-gnu/libgraphite2.so.3.0.1
7ff69b37a000-7ff69b37c000 r--p 00024000 08:04 1051966                    /usr/lib/x86_64-linux-gnu/libgraphite2.so.3.0.1
7ff69b37c000-7ff69b37d000 rw-p 00026000 08:04 1051966                    /usr/lib/x86_64-linux-gnu/libgraphite2.so.3.0.1
7ff69b37d000-7ff69b382000 r-xp 00000000 08:04 1050452                    /usr/lib/x86_64-linux-gnu/libXdmcp.so.6.0.0
7ff69b382000-7ff69b581000 ---p 00005000 08:04 1050452                    /usr/lib/x86_64-linux-gnu/libXdmcp.so.6.0.0
7ff69b581000-7ff69b582000 r--p 00004000 08:04 1050452                    /usr/lib/x86_64-linux-gnu/libXdmcp.so.6.0.0
7ff69b582000-7ff69b583000 rw-p 00005000 08:04 1050452                    /usr/lib/x86_64-linux-gnu/libXdmcp.so.6.0.0
7ff69b583000-7ff69b585000 r-xp 00000000 08:04 1050448                    /usr/lib/x86_64-linux-gnu/libXau.so.6.0.0
7ff69b585000-7ff69b785000 ---p 00002000 08:04 1050448                    /usr/lib/x86_64-linux-gnu/libXau.so.6.0.0
7ff69b785000-7ff69b786000 r--p 00002000 08:04 1050448                    /usr/lib/x86_64-linux-gnu/libXau.so.6.0.0
7ff69b786000-7ff69b787000 rw-p 00003000 08:04 1050448                    /usr/lib/x86_64-linux-gnu/libXau.so.6.0.0
7ff69b787000-7ff69b7c4000 r-xp 00000000 08:04 5028914                    /lib/x86_64-linux-gnu/libpcre.so.3.13.1
7ff69b7c4000-7ff69b9c3000 ---p 0003d000 08:04 5028914                    /lib/x86_64-linux-gnu/libpcre.so.3.13.1
7ff69b9c3000-7ff69b9c4000 r--p 0003c000 08:04 5028914                    /lib/x86_64-linux-gnu/libpcre.so.3.13.1
7ff69b9c4000-7ff69b9c5000 rw-p 0003d000 08:04 5028914                    /lib/x86_64-linux-gnu/libpcre.so.3.13.1
7ff69b9c5000-7ff69b9cc000 r-xp 00000000 08:04 1051718                    /usr/lib/x86_64-linux-gnu/libffi.so.6.0.1
7ff69b9cc000-7ff69bbcb000 ---p 00007000 08:04 1051718                    /usr/lib/x86_64-linux-gnu/libffi.so.6.0.1
7ff69bbcb000-7ff69bbcc000 r--p 00006000 08:04 1051718                    /usr/lib/x86_64-linux-gnu/libffi.so.6.0.1
7ff69bbcc000-7ff69bbcd000 rw-p 00007000 08:04 1051718                    /usr/lib/x86_64-linux-gnu/libffi.so.6.0.1
7ff69bbcd000-7ff69bbf4000 r-xp 00000000 08:04 4997805                    /lib/x86_64-linux-gnu/libexpat.so.1.6.0
7ff69bbf4000-7ff69bdf4000 ---p 00027000 08:04 4997805                    /lib/x86_64-linux-gnu/libexpat.so.1.6.0
7ff69bdf4000-7ff69bdf6000 r--p 00027000 08:04 4997805                    /lib/x86_64-linux-gnu/libexpat.so.1.6.0
7ff69bdf6000-7ff69bdf7000 rw-p 00029000 08:04 4997805                    /lib/x86_64-linux-gnu/libexpat.so.1.6.0
7ff69bdf7000-7ff69bdff000 r-xp 00000000 08:04 1050152                    /usr/lib/x86_64-linux-gnu/libthai.so.0.2.0
7ff69bdff000-7ff69bffe000 ---p 00008000 08:04 1050152                    /usr/lib/x86_64-linux-gnu/libthai.so.0.2.0
7ff69bffe000-7ff69bfff000 r--p 00007000 08:04 1050152                    /usr/lib/x86_64-linux-gnu/libthai.so.0.2.0
7ff69bfff000-7ff69c000000 rw-p 00008000 08:04 1050152                    /usr/lib/x86_64-linux-gnu/libthai.so.0.2.0
7ff69c000000-7ff69c021000 rw-p 00000000 00:00 0 
7ff69c021000-7ff6a0000000 ---p 00000000 00:00 0 
7ff6a0000000-7ff6a0021000 rw-p 00000000 00:00 0 
7ff6a0021000-7ff6a4000000 ---p 00000000 00:00 0 
7ff6a4000000-7ff6a4279000 rw-p 00000000 00:00 0 
7ff6a4279000-7ff6a8000000 ---p 00000000 00:00 0 
7ff6a8000000-7ff6a827d000 rw-p 00000000 00:00 0 
7ff6a827d000-7ff6ac000000 ---p 00000000 00:00 0 
7ff6ac000000-7ff6ac021000 rw-p 00000000 00:00 0 
7ff6ac021000-7ff6b0000000 ---p 00000000 00:00 0 
7ff6b0000000-7ff6b016e000 rw-p 00000000 00:00 0 
7ff6b016e000-7ff6b4000000 ---p 00000000 00:00 0 
7ff6b4000000-7ff6b4021000 rw-p 00000000 00:00 0 
7ff6b4021000-7ff6b8000000 ---p 00000000 00:00 0 
7ff6b8000000-7ff6b8021000 rw-p 00000000 00:00 0 
7ff6b8021000-7ff6bc000000 ---p 00000000 00:00 0 
7ff6bc000000-7ff6bc021000 rw-p 00000000 00:00 0 
7ff6bc021000-7ff6c0000000 ---p 00000000 00:00 0 
7ff6c0000000-7ff6c0021000 rw-p 00000000 00:00 0 
7ff6c0021000-7ff6c4000000 ---p 00000000 00:00 0 
7ff6c4000000-7ff6c4021000 rw-p 00000000 00:00 0 
7ff6c4021000-7ff6c8000000 ---p 00000000 00:00 0 
7ff6c8000000-7ff6c8001000 r--s 00000000 08:04 524533                     /var/cache/fontconfig/89034621ae2a8922916bb6bfa5799546-le64.cache-4
7ff6c8001000-7ff6c8004000 r--s 00000000 08:04 524530                     /var/cache/fontconfig/e49e89034d371f0f9de17aab02136486-le64.cache-4
7ff6c8004000-7ff6c800f000 r--s 00000000 08:04 524485                     /var/cache/fontconfig/83bf95040141907cd45bb53cf7c1c148-le64.cache-4
7ff6c800f000-7ff6c802d000 r--s 00000000 08:04 524382                     /var/cache/fontconfig/467c019e582ee353435ea5c21d137ef6-le64.cache-4
7ff6c802d000-7ff6c8046000 r--p 00000000 08:04 1315603                    /usr/share/locale-langpack/pt/LC_MESSAGES/glib20.mo
7ff6c8046000-7ff6c805f000 r--p 00000000 08:04 1314751                    /usr/share/locale-langpack/pt_BR/LC_MESSAGES/glib20.mo
7ff6c805f000-7ff6c8088000 r--p 00000000 08:04 1315111                    /usr/share/locale-langpack/pt/LC_MESSAGES/gtk20-properties.mo
7ff6c8088000-7ff6c80b1000 r--p 00000000 08:04 1313878                    /usr/share/locale-langpack/pt_BR/LC_MESSAGES/gtk20-properties.mo
7ff6c80b1000-7ff6c8104000 r-xp 00000000 08:04 1050466                    /usr/lib/x86_64-linux-gnu/libharfbuzz.so.0.927.0
7ff6c8104000-7ff6c8304000 ---p 00053000 08:04 1050466                    /usr/lib/x86_64-linux-gnu/libharfbuzz.so.0.927.0
7ff6c8304000-7ff6c8305000 r--p 00053000 08:04 1050466                    /usr/lib/x86_64-linux-gnu/libharfbuzz.so.0.927.0
7ff6c8305000-7ff6c8306000 rw-p 00054000 08:04 1050466                    /usr/lib/x86_64-linux-gnu/libharfbuzz.so.0.927.0
7ff6c8306000-7ff6c831d000 r-xp 00000000 08:04 5013272                    /lib/x86_64-linux-gnu/libresolv-2.19.so
7ff6c831d000-7ff6c851d000 ---p 00017000 08:04 5013272                    /lib/x86_64-linux-gnu/libresolv-2.19.so
7ff6c851d000-7ff6c851e000 r--p 00017000 08:04 5013272                    /lib/x86_64-linux-gnu/libresolv-2.19.so
7ff6c851e000-7ff6c851f000 rw-p 00018000 08:04 5013272                    /lib/x86_64-linux-gnu/libresolv-2.19.so
7ff6c851f000-7ff6c8521000 rw-p 00000000 00:00 0 
7ff6c8521000-7ff6c8541000 r-xp 00000000 08:04 4984792                    /lib/x86_64-linux-gnu/libselinux.so.1
7ff6c8541000-7ff6c8740000 ---p 00020000 08:04 4984792                    /lib/x86_64-linux-gnu/libselinux.so.1
7ff6c8740000-7ff6c8741000 r--p 0001f000 08:04 4984792                    /lib/x86_64-linux-gnu/libselinux.so.1
7ff6c8741000-7ff6c8742000 rw-p 00020000 08:04 4984792                    /lib/x86_64-linux-gnu/libselinux.so.1
7ff6c8742000-7ff6c8744000 rw-p 00000000 00:00 0 
7ff6c8744000-7ff6c875c000 r-xp 00000000 08:04 4984785                    /lib/x86_64-linux-gnu/libz.so.1.2.8
7ff6c875c000-7ff6c895b000 ---p 00018000 08:04 4984785                    /lib/x86_64-linux-gnu/libz.so.1.2.8
7ff6c895b000-7ff6c895c000 r--p 00017000 08:04 4984785                    /lib/x86_64-linux-gnu/libz.so.1.2.8
7ff6c895c000-7ff6c895d000 rw-p 00018000 08:04 4984785                    /lib/x86_64-linux-gnu/libz.so.1.2.8
7ff6c895d000-7ff6c8965000 r-xp 00000000 08:04 1051037                    /usr/lib/x86_64-linux-gnu/libxcb-render.so.0.0.0
7ff6c8965000-7ff6c8b64000 ---p 00008000 08:04 1051037                    /usr/lib/x86_64-linux-gnu/libxcb-render.so.0.0.0
7ff6c8b64000-7ff6c8b65000 r--p 00007000 08:04 1051037                    /usr/lib/x86_64-linux-gnu/libxcb-render.so.0.0.0
7ff6c8b65000-7ff6c8b66000 rw-p 00008000 08:04 1051037                    /usr/lib/x86_64-linux-gnu/libxcb-render.so.0.0.0
7ff6c8b66000-7ff6c8b68000 r-xp 00000000 08:04 1051281                    /usr/lib/x86_64-linux-gnu/libxcb-shm.so.0.0.0
7ff6c8b68000-7ff6c8d67000 ---p 00002000 08:04 1051281                    /usr/lib/x86_64-linux-gnu/libxcb-shm.so.0.0.0
7ff6c8d67000-7ff6c8d68000 r--p 00001000 08:04 1051281                    /usr/lib/x86_64-linux-gnu/libxcb-shm.so.0.0.0
7ff6c8d68000-7ff6c8d69000 rw-p 00002000 08:04 1051281                    /usr/lib/x86_64-linux-gnu/libxcb-shm.so.0.0.0
7ff6c8d69000-7ff6c8d8e000 r-xp 00000000 08:04 4981135                    /lib/x86_64-linux-gnu/libpng12.so.0.50.0
7ff6c8d8e000-7ff6c8f8d000 ---p 00025000 08:04 4981135                    /lib/x86_64-linux-gnu/libpng12.so.0.50.0
7ff6c8f8d000-7ff6c8f8e000 r--p 00024000 08:04 4981135                    /lib/x86_64-linux-gnu/libpng12.so.0.50.0
7ff6c8f8e000-7ff6c8f8f000 rw-p 00025000 08:04 4981135                    /lib/x86_64-linux-gnu/libpng12.so.0.50.0
7ff6c8f8f000-7ff6c902f000 r-xp 00000000 08:04 1054613                    /usr/lib/x86_64-linux-gnu/libpixman-1.so.0.30.2
7ff6c902f000-7ff6c922f000 ---p 000a0000 08:04 1054613                    /usr/lib/x86_64-linux-gnu/libpixman-1.so.0.30.2
7ff6c922f000-7ff6c9236000 r--p 000a0000 08:04 1054613                    /usr/lib/x86_64-linux-gnu/libpixman-1.so.0.30.2
7ff6c9236000-7ff6c9237000 rw-p 000a7000 08:04 1054613                    /usr/lib/x86_64-linux-gnu/libpixman-1.so.0.30.2
7ff6c9237000-7ff6c9254000 r-xp 00000000 08:04 1050457                    /usr/lib/x86_64-linux-gnu/libxcb.so.1.1.0
7ff6c9254000-7ff6c9454000 ---p 0001d000 08:04 1050457                    /usr/lib/x86_64-linux-gnu/libxcb.so.1.1.0
7ff6c9454000-7ff6c9455000 r--p 0001d000 08:04 1050457                    /usr/lib/x86_64-linux-gnu/libxcb.so.1.1.0
7ff6c9455000-7ff6c9456000 rw-p 0001e000 08:04 1050457                    /usr/lib/x86_64-linux-gnu/libxcb.so.1.1.0
7ff6c9456000-7ff6c94f3000 r-xp 00000000 08:04 1051965                    /usr/lib/x86_64-linux-gnu/libfreetype.so.6.11.1
7ff6c94f3000-7ff6c96f2000 ---p 0009d000 08:04 1051965                    /usr/lib/x86_64-linux-gnu/libfreetype.so.6.11.1
7ff6c96f2000-7ff6c96f8000 r--p 0009c000 08:04 1051965                    /usr/lib/x86_64-linux-gnu/libfreetype.so.6.11.1
7ff6c96f8000-7ff6c96f9000 rw-p 000a2000 08:04 1051965                    /usr/lib/x86_64-linux-gnu/libfreetype.so.6.11.1
7ff6c96f9000-7ff6c96fb000 r-xp 00000000 08:04 1051280                    /usr/lib/x86_64-linux-gnu/libXdamage.so.1.1.0
7ff6c96fb000-7ff6c98fa000 ---p 00002000 08:04 1051280                    /usr/lib/x86_64-linux-gnu/libXdamage.so.1.1.0
7ff6c98fa000-7ff6c98fb000 r--p 00001000 08:04 1051280                    /usr/lib/x86_64-linux-gnu/libXdamage.so.1.1.0
7ff6c98fb000-7ff6c98fc000 rw-p 00002000 08:04 1051280                    /usr/lib/x86_64-linux-gnu/libXdamage.so.1.1.0
7ff6c98fc000-7ff6c98fe000 r-xp 00000000 08:04 1051250                    /usr/lib/x86_64-linux-gnu/libXcomposite.so.1.0.0
7ff6c98fe000-7ff6c9afd000 ---p 00002000 08:04 1051250                    /usr/lib/x86_64-linux-gnu/libXcomposite.so.1.0.0
7ff6c9afd000-7ff6c9afe000 r--p 00001000 08:04 1051250                    /usr/lib/x86_64-linux-gnu/libXcomposite.so.1.0.0
7ff6c9afe000-7ff6c9aff000 rw-p 00002000 08:04 1051250                    /usr/lib/x86_64-linux-gnu/libXcomposite.so.1.0.0
7ff6c9aff000-7ff6c9b08000 r-xp 00000000 08:04 1049670                    /usr/lib/x86_64-linux-gnu/libXcursor.so.1.0.2
7ff6c9b08000-7ff6c9d07000 ---p 00009000 08:04 1049670                    /usr/lib/x86_64-linux-gnu/libXcursor.so.1.0.2
7ff6c9d07000-7ff6c9d08000 r--p 00008000 08:04 1049670                    /usr/lib/x86_64-linux-gnu/libXcursor.so.1.0.2
7ff6c9d08000-7ff6c9d09000 rw-p 00009000 08:04 1049670                    /usr/lib/x86_64-linux-gnu/libXcursor.so.1.0.2
7ff6c9d09000-7ff6c9d12000 r-xp 00000000 08:04 1048892                    /usr/lib/x86_64-linux-gnu/libXrandr.so.2.2.0
7ff6c9d12000-7ff6c9f11000 ---p 00009000 08:04 1048892                    /usr/lib/x86_64-linux-gnu/libXrandr.so.2.2.0
7ff6c9f11000-7ff6c9f12000 r--p 00008000 08:04 1048892                    /usr/lib/x86_64-linux-gnu/libXrandr.so.2.2.0
7ff6c9f12000-7ff6c9f13000 rw-p 00009000 08:04 1048892                    /usr/lib/x86_64-linux-gnu/libXrandr.so.2.2.0
7ff6c9f13000-7ff6c9f22000 r-xp 00000000 08:04 1049068                    /usr/lib/x86_64-linux-gnu/libXi.so.6.1.0
7ff6c9f22000-7ff6ca121000 ---p 0000f000 08:04 1049068                    /usr/lib/x86_64-linux-gnu/libXi.so.6.1.0
7ff6ca121000-7ff6ca122000 r--p 0000e000 08:04 1049068                    /usr/lib/x86_64-linux-gnu/libXi.so.6.1.0
7ff6ca122000-7ff6ca123000 rw-p 0000f000 08:04 1049068                    /usr/lib/x86_64-linux-gnu/libXi.so.6.1.0
7ff6ca123000-7ff6ca125000 r-xp 00000000 08:04 1049902                    /usr/lib/x86_64-linux-gnu/libXinerama.so.1.0.0
7ff6ca125000-7ff6ca324000 ---p 00002000 08:04 1049902                    /usr/lib/x86_64-linux-gnu/libXinerama.so.1.0.0
7ff6ca324000-7ff6ca325000 r--p 00001000 08:04 1049902                    /usr/lib/x86_64-linux-gnu/libXinerama.so.1.0.0
7ff6ca325000-7ff6ca326000 rw-p 00002000 08:04 1049902                    /usr/lib/x86_64-linux-gnu/libXinerama.so.1.0.0
7ff6ca326000-7ff6ca32f000 r-xp 00000000 08:04 1054879                    /usr/lib/x86_64-linux-gnu/libXrender.so.1.3.0
7ff6ca32f000-7ff6ca52e000 ---p 00009000 08:04 1054879                    /usr/lib/x86_64-linux-gnu/libXrender.so.1.3.0
7ff6ca52e000-7ff6ca52f000 r--p 00008000 08:04 1054879                    /usr/lib/x86_64-linux-gnu/libXrender.so.1.3.0
7ff6ca52f000-7ff6ca530000 rw-p 00009000 08:04 1054879                    /usr/lib/x86_64-linux-gnu/libXrender.so.1.3.0
7ff6ca530000-7ff6ca541000 r-xp 00000000 08:04 1051285                    /usr/lib/x86_64-linux-gnu/libXext.so.6.4.0
7ff6ca541000-7ff6ca740000 ---p 00011000 08:04 1051285                    /usr/lib/x86_64-linux-gnu/libXext.so.6.4.0
7ff6ca740000-7ff6ca741000 r--p 00010000 08:04 1051285                    /usr/lib/x86_64-linux-gnu/libXext.so.6.4.0
7ff6ca741000-7ff6ca742000 rw-p 00011000 08:04 1051285                    /usr/lib/x86_64-linux-gnu/libXext.so.6.4.0
7ff6ca742000-7ff6ca848000 r-xp 00000000 08:04 4983093                    /lib/x86_64-linux-gnu/libglib-2.0.so.0.4002.0
7ff6ca848000-7ff6caa47000 ---p 00106000 08:04 4983093                    /lib/x86_64-linux-gnu/libglib-2.0.so.0.4002.0
7ff6caa47000-7ff6caa48000 r--p 00105000 08:04 4983093                    /lib/x86_64-linux-gnu/libglib-2.0.so.0.4002.0
7ff6caa48000-7ff6caa49000 rw-p 00106000 08:04 4983093                    /lib/x86_64-linux-gnu/libglib-2.0.so.0.4002.0
7ff6caa49000-7ff6caa4a000 rw-p 00000000 00:00 0 
7ff6caa4a000-7ff6caa99000 r-xp 00000000 08:04 1054527                    /usr/lib/x86_64-linux-gnu/libgobject-2.0.so.0.4002.0
7ff6caa99000-7ff6cac99000 ---p 0004f000 08:04 1054527                    /usr/lib/x86_64-linux-gnu/libgobject-2.0.so.0.4002.0
7ff6cac99000-7ff6cac9a000 r--p 0004f000 08:04 1054527                    /usr/lib/x86_64-linux-gnu/libgobject-2.0.so.0.4002.0
7ff6cac9a000-7ff6cac9b000 rw-p 00050000 08:04 1054527                    /usr/lib/x86_64-linux-gnu/libgobject-2.0.so.0.4002.0
7ff6cac9b000-7ff6cacd5000 r-xp 00000000 08:04 1049911                    /usr/lib/x86_64-linux-gnu/libfontconfig.so.1.8.0
7ff6cacd5000-7ff6caed4000 ---p 0003a000 08:04 1049911                    /usr/lib/x86_64-linux-gnu/libfontconfig.so.1.8.0
7ff6caed4000-7ff6caed6000 r--p 00039000 08:04 1049911                    /usr/lib/x86_64-linux-gnu/libfontconfig.so.1.8.0
7ff6caed6000-7ff6caed7000 rw-p 0003b000 08:04 1049911                    /usr/lib/x86_64-linux-gnu/libfontconfig.so.1.8.0
7ff6caed7000-7ff6caf21000 r-xp 00000000 08:04 1049277                    /usr/lib/x86_64-linux-gnu/libpango-1.0.so.0.3600.3
7ff6caf21000-7ff6cb121000 ---p 0004a000 08:04 1049277                    /usr/lib/x86_64-linux-gnu/libpango-1.0.so.0.3600.3
7ff6cb121000-7ff6cb123000 r--p 0004a000 08:04 1049277                    /usr/lib/x86_64-linux-gnu/libpango-1.0.so.0.3600.3
7ff6cb123000-7ff6cb124000 rw-p 0004c000 08:04 1049277                    /usr/lib/x86_64-linux-gnu/libpango-1.0.so.0.3600.3
7ff6cb124000-7ff6cb138000 r-xp 00000000 08:04 1051421                    /usr/lib/x86_64-linux-gnu/libpangoft2-1.0.so.0.3600.3
7ff6cb138000-7ff6cb337000 ---p 00014000 08:04 1051421                    /usr/lib/x86_64-linux-gnu/libpangoft2-1.0.so.0.3600.3
7ff6cb337000-7ff6cb338000 r--p 00013000 08:04 1051421                    /usr/lib/x86_64-linux-gnu/libpangoft2-1.0.so.0.3600.3
7ff6cb338000-7ff6cb339000 rw-p 00014000 08:04 1051421                    /usr/lib/x86_64-linux-gnu/libpangoft2-1.0.so.0.3600.3
7ff6cb339000-7ff6cb4a5000 r-xp 00000000 08:04 1054529                    /usr/lib/x86_64-linux-gnu/libgio-2.0.so.0.4002.0
7ff6cb4a5000-7ff6cb6a4000 ---p 0016c000 08:04 1054529                    /usr/lib/x86_64-linux-gnu/libgio-2.0.so.0.4002.0
7ff6cb6a4000-7ff6cb6a8000 r--p 0016b000 08:04 1054529                    /usr/lib/x86_64-linux-gnu/libgio-2.0.so.0.4002.0
7ff6cb6a8000-7ff6cb6aa000 rw-p 0016f000 08:04 1054529                    /usr/lib/x86_64-linux-gnu/libgio-2.0.so.0.4002.0
7ff6cb6aa000-7ff6cb6ac000 rw-p 00000000 00:00 0 
7ff6cb6ac000-7ff6cb6cc000 r-xp 00000000 08:04 1050888                    /usr/lib/x86_64-linux-gnu/libgdk_pixbuf-2.0.so.0.3000.7
7ff6cb6cc000-7ff6cb8cb000 ---p 00020000 08:04 1050888                    /usr/lib/x86_64-linux-gnu/libgdk_pixbuf-2.0.so.0.3000.7
7ff6cb8cb000-7ff6cb8cc000 r--p 0001f000 08:04 1050888                    /usr/lib/x86_64-linux-gnu/libgdk_pixbuf-2.0.so.0.3000.7
7ff6cb8cc000-7ff6cb8cd000 rw-p 00020000 08:04 1050888                    /usr/lib/x86_64-linux-gnu/libgdk_pixbuf-2.0.so.0.3000.7
7ff6cb8cd000-7ff6cb9d3000 r-xp 00000000 08:04 1050577                    /usr/lib/x86_64-linux-gnu/libcairo.so.2.11301.0
7ff6cb9d3000-7ff6cbbd2000 ---p 00106000 08:04 1050577                    /usr/lib/x86_64-linux-gnu/libcairo.so.2.11301.0
7ff6cbbd2000-7ff6cbbd5000 r--p 00105000 08:04 1050577                    /usr/lib/x86_64-linux-gnu/libcairo.so.2.11301.0
7ff6cbbd5000-7ff6cbbd6000 rw-p 00108000 08:04 1050577                    /usr/lib/x86_64-linux-gnu/libcairo.so.2.11301.0
7ff6cbbd6000-7ff6cbbd8000 rw-p 00000000 00:00 0 
7ff6cbbd8000-7ff6cbbf7000 r-xp 00000000 08:04 1050063                    /usr/lib/x86_64-linux-gnu/libatk-1.0.so.0.21009.1
7ff6cbbf7000-7ff6cbdf7000 ---p 0001f000 08:04 1050063                    /usr/lib/x86_64-linux-gnu/libatk-1.0.so.0.21009.1
7ff6cbdf7000-7ff6cbdf9000 r--p 0001f000 08:04 1050063                    /usr/lib/x86_64-linux-gnu/libatk-1.0.so.0.21009.1
7ff6cbdf9000-7ff6cbdfa000 rw-p 00021000 08:04 1050063                    /usr/lib/x86_64-linux-gnu/libatk-1.0.so.0.21009.1
7ff6cbdfa000-7ff6cbdff000 r-xp 00000000 08:04 1051270                    /usr/lib/x86_64-linux-gnu/libXfixes.so.3.1.0
7ff6cbdff000-7ff6cbffe000 ---p 00005000 08:04 1051270                    /usr/lib/x86_64-linux-gnu/libXfixes.so.3.1.0
7ff6cbffe000-7ff6cbfff000 r--p 00004000 08:04 1051270                    /usr/lib/x86_64-linux-gnu/libXfixes.so.3.1.0
7ff6cbfff000-7ff6cc000000 rw-p 00005000 08:04 1051270                    /usr/lib/x86_64-linux-gnu/libXfixes.so.3.1.0
7ff6cc000000-7ff6cc021000 rw-p 00000000 00:00 0 
7ff6cc021000-7ff6d0000000 ---p 00000000 00:00 0 
7ff6d0000000-7ff6d0002000 r--s 00000000 08:04 524525                     /var/cache/fontconfig/4b14b093aebc79c320de5e86ae1d3314-le64.cache-4
7ff6d0002000-7ff6d0003000 r--s 00000000 08:04 524512                     /var/cache/fontconfig/8a687c406b77f27d99abfeeba937fcce-le64.cache-4
7ff6d0003000-7ff6d000c000 r--s 00000000 08:04 524477                     /var/cache/fontconfig/d0972c3d32f097851eb916381fc38920-le64.cache-4
7ff6d000c000-7ff6d0026000 r--p 00000000 08:04 1315982                    /usr/share/locale-langpack/pt/LC_MESSAGES/libc.mo
7ff6d0026000-7ff6d0156000 r-xp 00000000 08:04 1051036                    /usr/lib/x86_64-linux-gnu/libX11.so.6.3.0
7ff6d0156000-7ff6d0356000 ---p 00130000 08:04 1051036                    /usr/lib/x86_64-linux-gnu/libX11.so.6.3.0
7ff6d0356000-7ff6d0357000 r--p 00130000 08:04 1051036                    /usr/lib/x86_64-linux-gnu/libX11.so.6.3.0
7ff6d0357000-7ff6d035b000 rw-p 00131000 08:04 1051036                    /usr/lib/x86_64-linux-gnu/libX11.so.6.3.0
7ff6d035b000-7ff6d0366000 r-xp 00000000 08:04 1048612                    /usr/lib/x86_64-linux-gnu/libpangocairo-1.0.so.0.3600.3
7ff6d0366000-7ff6d0566000 ---p 0000b000 08:04 1048612                    /usr/lib/x86_64-linux-gnu/libpangocairo-1.0.so.0.3600.3
7ff6d0566000-7ff6d0567000 r--p 0000b000 08:04 1048612                    /usr/lib/x86_64-linux-gnu/libpangocairo-1.0.so.0.3600.3
7ff6d0567000-7ff6d0568000 rw-p 0000c000 08:04 1048612                    /usr/lib/x86_64-linux-gnu/libpangocairo-1.0.so.0.3600.3
7ff6d0568000-7ff6d056b000 r-xp 00000000 08:04 1054526                    /usr/lib/x86_64-linux-gnu/libgmodule-2.0.so.0.4002.0
7ff6d056b000-7ff6d076a000 ---p 00003000 08:04 1054526                    /usr/lib/x86_64-linux-gnu/libgmodule-2.0.so.0.4002.0
7ff6d076a000-7ff6d076b000 r--p 00002000 08:04 1054526                    /usr/lib/x86_64-linux-gnu/libgmodule-2.0.so.0.4002.0
7ff6d076b000-7ff6d076c000 rw-p 00003000 08:04 1054526                    /usr/lib/x86_64-linux-gnu/libgmodule-2.0.so.0.4002.0
7ff6d076c000-7ff6d0819000 r-xp 00000000 08:04 1050464                    /usr/lib/x86_64-linux-gnu/libgdk-x11-2.0.so.0.2400.23
7ff6d0819000-7ff6d0a19000 ---p 000ad000 08:04 1050464                    /usr/lib/x86_64-linux-gnu/libgdk-x11-2.0.so.0.2400.23
7ff6d0a19000-7ff6d0a1d000 r--p 000ad000 08:04 1050464                    /usr/lib/x86_64-linux-gnu/libgdk-x11-2.0.so.0.2400.23
7ff6d0a1d000-7ff6d0a1f000 rw-p 000b1000 08:04 1050464                    /usr/lib/x86_64-linux-gnu/libgdk-x11-2.0.so.0.2400.23
7ff6d0a1f000-7ff6d0a24000 r-xp 00000000 08:04 1065739                    /usr/lib/x86_64-linux-gnu/libXtst.so.6.1.0
7ff6d0a24000-7ff6d0c23000 ---p 00005000 08:04 1065739                    /usr/lib/x86_64-linux-gnu/libXtst.so.6.1.0
7ff6d0c23000-7ff6d0c24000 r--p 00004000 08:04 1065739                    /usr/lib/x86_64-linux-gnu/libXtst.so.6.1.0
7ff6d0c24000-7ff6d0c25000 rw-p 00005000 08:04 1065739                    /usr/lib/x86_64-linux-gnu/libXtst.so.6.1.0
7ff6d0c25000-7ff6d0c26000 r-xp 00000000 08:04 1054528                    /usr/lib/x86_64-linux-gnu/libgthread-2.0.so.0.4002.0
7ff6d0c26000-7ff6d0e25000 ---p 00001000 08:04 1054528                    /usr/lib/x86_64-linux-gnu/libgthread-2.0.so.0.4002.0
7ff6d0e25000-7ff6d0e26000 r--p 00000000 08:04 1054528                    /usr/lib/x86_64-linux-gnu/libgthread-2.0.so.0.4002.0
7ff6d0e26000-7ff6d0e27000 rw-p 00001000 08:04 1054528                    /usr/lib/x86_64-linux-gnu/libgthread-2.0.so.0.4002.0
7ff6d0e27000-7ff6d1257000 r-xp 00000000 08:04 1050513                    /usr/lib/x86_64-linux-gnu/libgtk-x11-2.0.so.0.2400.23
7ff6d1257000-7ff6d1456000 ---p 00430000 08:04 1050513                    /usr/lib/x86_64-linux-gnu/libgtk-x11-2.0.so.0.2400.23
7ff6d1456000-7ff6d145d000 r--p 0042f000 08:04 1050513                    /usr/lib/x86_64-linux-gnu/libgtk-x11-2.0.so.0.2400.23
7ff6d145d000-7ff6d1461000 rw-p 00436000 08:04 1050513                    /usr/lib/x86_64-linux-gnu/libgtk-x11-2.0.so.0.2400.23
7ff6d1461000-7ff6d1464000 rw-p 00000000 00:00 0 
7ff6d1464000-7ff6d14d0000 r-xp 00000000 08:04 6597097                    /tmp/swtlib-64/libswt-pi-gtk-3557.so
7ff6d14d0000-7ff6d15cf000 ---p 0006c000 08:04 6597097                    /tmp/swtlib-64/libswt-pi-gtk-3557.so
7ff6d15cf000-7ff6d15d3000 rw-p 0006b000 08:04 6597097                    /tmp/swtlib-64/libswt-pi-gtk-3557.so
7ff6d15d3000-7ff6d15d4000 rw-p 00000000 00:00 0 
7ff6d15d4000-7ff6d1614000 r-xp 00000000 08:04 6597095                    /tmp/swtlib-64/libswt-gtk-3557.so
7ff6d1614000-7ff6d1714000 ---p 00040000 08:04 6597095                    /tmp/swtlib-64/libswt-gtk-3557.so
7ff6d1714000-7ff6d1718000 rw-p 00040000 08:04 6597095                    /tmp/swtlib-64/libswt-gtk-3557.so
7ff6d1718000-7ff6d1719000 rw-p 00000000 00:00 0 
7ff6d1719000-7ff6d172f000 r-xp 00000000 08:04 4981230                    /lib/x86_64-linux-gnu/libgcc_s.so.1
7ff6d172f000-7ff6d192e000 ---p 00016000 08:04 4981230                    /lib/x86_64-linux-gnu/libgcc_s.so.1
7ff6d192e000-7ff6d192f000 rw-p 00015000 08:04 4981230                    /lib/x86_64-linux-gnu/libgcc_s.so.1
7ff6d192f000-7ff6d1a15000 r-xp 00000000 08:04 1052505                    /usr/lib/x86_64-linux-gnu/libstdc++.so.6.0.19
7ff6d1a15000-7ff6d1c14000 ---p 000e6000 08:04 1052505                    /usr/lib/x86_64-linux-gnu/libstdc++.so.6.0.19
7ff6d1c14000-7ff6d1c1c000 r--p 000e5000 08:04 1052505                    /usr/lib/x86_64-linux-gnu/libstdc++.so.6.0.19
7ff6d1c1c000-7ff6d1c1e000 rw-p 000ed000 08:04 1052505                    /usr/lib/x86_64-linux-gnu/libstdc++.so.6.0.19
7ff6d1c1e000-7ff6d1c33000 rw-p 00000000 00:00 0 
7ff6d1c33000-7ff6d1f3b000 r-xp 00000000 08:04 2138157                    /home/ia941/IA941/soar/SoarSuite_9.4.0-Linux_64bit/bin/libSoar.so
7ff6d1f3b000-7ff6d213b000 ---p 00308000 08:04 2138157                    /home/ia941/IA941/soar/SoarSuite_9.4.0-Linux_64bit/bin/libSoar.so
7ff6d213b000-7ff6d214a000 r--p 00308000 08:04 2138157                    /home/ia941/IA941/soar/SoarSuite_9.4.0-Linux_64bit/bin/libSoar.so
7ff6d214a000-7ff6d2152000 rw-p 00317000 08:04 2138157                    /home/ia941/IA941/soar/SoarSuite_9.4.0-Linux_64bit/bin/libSoar.so
7ff6d2152000-7ff6d215c000 rw-p 00000000 00:00 0 
7ff6d215c000-7ff6d219a000 r-xp 00000000 08:04 2138156                    /home/ia941/IA941/soar/SoarSuite_9.4.0-Linux_64bit/bin/libJava_sml_ClientInterface.so
7ff6d219a000-7ff6d239a000 ---p 0003e000 08:04 2138156                    /home/ia941/IA941/soar/SoarSuite_9.4.0-Linux_64bit/bin/libJava_sml_ClientInterface.so
7ff6d239a000-7ff6d239b000 r--p 0003e000 08:04 2138156                    /home/ia941/IA941/soar/SoarSuite_9.4.0-Linux_64bit/bin/libJava_sml_ClientInterface.so
7ff6d239b000-7ff6d239c000 rw-p 0003f000 08:04 2138156                    /home/ia941/IA941/soar/SoarSuite_9.4.0-Linux_64bit/bin/libJava_sml_ClientInterface.so
7ff6d239c000-7ff6d239f000 ---p 00000000 00:00 0 
7ff6d239f000-7ff6d249d000 rw-p 00000000 00:00 0                          [stack:17673]
7ff6d249d000-7ff6d2533000 r--s 0110a000 08:04 1774655                    /usr/lib/jvm/java-8-oracle/jre/lib/ext/jfxrt.jar
7ff6d2533000-7ff6d2534000 ---p 00000000 00:00 0 
7ff6d2534000-7ff6d2634000 rw-p 00000000 00:00 0                          [stack:17672]
7ff6d2634000-7ff6d2637000 ---p 00000000 00:00 0 
7ff6d2637000-7ff6d2735000 rw-p 00000000 00:00 0                          [stack:17671]
7ff6d2735000-7ff6d2738000 ---p 00000000 00:00 0 
7ff6d2738000-7ff6d2836000 rw-p 00000000 00:00 0                          [stack:17670]
7ff6d2836000-7ff6d2839000 ---p 00000000 00:00 0 
7ff6d2839000-7ff6d2937000 rw-p 00000000 00:00 0                          [stack:17669]
7ff6d2937000-7ff6d293a000 ---p 00000000 00:00 0 
7ff6d293a000-7ff6d2a38000 rw-p 00000000 00:00 0                          [stack:17668]
7ff6d2a38000-7ff6d2a3b000 ---p 00000000 00:00 0 
7ff6d2a3b000-7ff6d2b39000 rw-p 00000000 00:00 0                          [stack:17667]
7ff6d2b39000-7ff6d30f1000 r--p 00000000 08:04 1050376                    /usr/lib/locale/locale-archive
7ff6d30f1000-7ff6d30f4000 ---p 00000000 00:00 0 
7ff6d30f4000-7ff6d31f2000 rw-p 00000000 00:00 0                          [stack:17666]
7ff6d31f2000-7ff6d31f5000 ---p 00000000 00:00 0 
7ff6d31f5000-7ff6d32f3000 rw-p 00000000 00:00 0                          [stack:17665]
7ff6d32f3000-7ff6d32f4000 ---p 00000000 00:00 0 
7ff6d32f4000-7ff6d4000000 rw-p 00000000 00:00 0                          [stack:17664]
7ff6d4000000-7ff6d4021000 rw-p 00000000 00:00 0 
7ff6d4021000-7ff6d8000000 ---p 00000000 00:00 0 
7ff6d8000000-7ff6d8002000 r--s 00000000 08:04 524510                     /var/cache/fontconfig/65f976e5259cbe6dc7697b8648396239-le64.cache-4
7ff6d8002000-7ff6d8003000 r--s 00000000 08:04 524498                     /var/cache/fontconfig/94f7fe9bd33aadfac165873bd010d595-le64.cache-4
7ff6d8003000-7ff6d8005000 r--s 00000000 08:04 524495                     /var/cache/fontconfig/423767150eb258c59035de29db6fca84-le64.cache-4
7ff6d8005000-7ff6d8006000 r--s 00000000 08:04 524493                     /var/cache/fontconfig/406a1d2d2bf3ed7664fbadefac0b2f66-le64.cache-4
7ff6d8006000-7ff6d8008000 r--s 00000000 08:04 524492                     /var/cache/fontconfig/67709b7835c0f764c1135060c9575660-le64.cache-4
7ff6d8008000-7ff6d800a000 r--s 00000000 08:04 524476                     /var/cache/fontconfig/6e6b34ae150a7ad95e82fb4a522f0bda-le64.cache-4
7ff6d800a000-7ff6d8011000 r--s 00000000 08:04 524449                     /var/cache/fontconfig/53d14c92082a93e67d5078324eb314ca-le64.cache-4
7ff6d8011000-7ff6d8033000 r--p 00000000 08:04 1312702                    /usr/share/locale-langpack/pt_BR/LC_MESSAGES/libc.mo
7ff6d8033000-7ff6d8042000 r--p 00000000 08:04 1313887                    /usr/share/locale-langpack/pt_BR/LC_MESSAGES/gtk20.mo
7ff6d8042000-7ff6d8055000 r--s 00211000 08:04 2266956                    /home/ia941/IA941/soar/SoarSuite_9.4.0-Linux_64bit/bin/java/swt.jar
7ff6d8055000-7ff6d8358000 rw-p 00000000 00:00 0 
7ff6d8358000-7ff6d8531000 r--s 03d64000 08:04 1210327                    /usr/lib/jvm/java-8-oracle/jre/lib/rt.jar
7ff6d8531000-7ff6dceff000 rw-p 00000000 00:00 0 
7ff6dceff000-7ff6dcf00000 ---p 00000000 00:00 0 
7ff6dcf00000-7ff6dd000000 rw-p 00000000 00:00 0                          [stack:17663]
7ff6dd000000-7ff6dd350000 rwxp 00000000 00:00 0 
7ff6dd350000-7ff6ec000000 ---p 00000000 00:00 0 
7ff6ec000000-7ff6ec963000 rw-p 00000000 00:00 0 
7ff6ec963000-7ff6f0000000 ---p 00000000 00:00 0 
7ff6f0000000-7ff6f0001000 r--s 00000000 08:04 524487                     /var/cache/fontconfig/0c9eb80ebd1c36541ebe2852d3bb0c49-le64.cache-4
7ff6f0001000-7ff6f0004000 r--s 00000000 08:04 524443                     /var/cache/fontconfig/de83a0a961185c8bd1f159015d56c039-le64.cache-4
7ff6f0004000-7ff6f000b000 r--s 00000000 08:04 1064875                    /usr/lib/x86_64-linux-gnu/gconv/gconv-modules.cache
7ff6f000b000-7ff6f000c000 ---p 00000000 00:00 0 
7ff6f000c000-7ff6f010c000 rw-p 00000000 00:00 0                          [stack:17662]
7ff6f010c000-7ff6f010d000 ---p 00000000 00:00 0 
7ff6f010d000-7ff6f020d000 rw-p 00000000 00:00 0                          [stack:17661]
7ff6f020d000-7ff6f020e000 ---p 00000000 00:00 0 
7ff6f020e000-7ff6f0338000 rw-p 00000000 00:00 0                          [stack:17660]
7ff6f0338000-7ff6f059e000 ---p 00000000 00:00 0 
7ff6f059e000-7ff6f05c8000 rw-p 00000000 00:00 0 
7ff6f05c8000-7ff6f082e000 ---p 00000000 00:00 0 
7ff6f082e000-7ff6f0843000 rw-p 00000000 00:00 0 
7ff6f0843000-7ff6f0976000 ---p 00000000 00:00 0 
7ff6f0976000-7ff6f0985000 rw-p 00000000 00:00 0 
7ff6f0985000-7ff6f0d37000 ---p 00000000 00:00 0 
7ff6f0d37000-7ff6f0d52000 r-xp 00000000 08:04 1774569                    /usr/lib/jvm/java-8-oracle/jre/lib/amd64/libzip.so
7ff6f0d52000-7ff6f0f52000 ---p 0001b000 08:04 1774569                    /usr/lib/jvm/java-8-oracle/jre/lib/amd64/libzip.so
7ff6f0f52000-7ff6f0f53000 rw-p 0001b000 08:04 1774569                    /usr/lib/jvm/java-8-oracle/jre/lib/amd64/libzip.so
7ff6f0f53000-7ff6f0f5d000 r-xp 00000000 08:04 5013265                    /lib/x86_64-linux-gnu/libnss_files-2.19.so
7ff6f0f5d000-7ff6f115c000 ---p 0000a000 08:04 5013265                    /lib/x86_64-linux-gnu/libnss_files-2.19.so
7ff6f115c000-7ff6f115d000 r--p 00009000 08:04 5013265                    /lib/x86_64-linux-gnu/libnss_files-2.19.so
7ff6f115d000-7ff6f115e000 rw-p 0000a000 08:04 5013265                    /lib/x86_64-linux-gnu/libnss_files-2.19.so
7ff6f115e000-7ff6f1169000 r-xp 00000000 08:04 5013274                    /lib/x86_64-linux-gnu/libnss_nis-2.19.so
7ff6f1169000-7ff6f1368000 ---p 0000b000 08:04 5013274                    /lib/x86_64-linux-gnu/libnss_nis-2.19.so
7ff6f1368000-7ff6f1369000 r--p 0000a000 08:04 5013274                    /lib/x86_64-linux-gnu/libnss_nis-2.19.so
7ff6f1369000-7ff6f136a000 rw-p 0000b000 08:04 5013274                    /lib/x86_64-linux-gnu/libnss_nis-2.19.so
7ff6f136a000-7ff6f1381000 r-xp 00000000 08:04 5013287                    /lib/x86_64-linux-gnu/libnsl-2.19.so
7ff6f1381000-7ff6f1580000 ---p 00017000 08:04 5013287                    /lib/x86_64-linux-gnu/libnsl-2.19.so
7ff6f1580000-7ff6f1581000 r--p 00016000 08:04 5013287                    /lib/x86_64-linux-gnu/libnsl-2.19.so
7ff6f1581000-7ff6f1582000 rw-p 00017000 08:04 5013287                    /lib/x86_64-linux-gnu/libnsl-2.19.so
7ff6f1582000-7ff6f1584000 rw-p 00000000 00:00 0 
7ff6f1584000-7ff6f158d000 r-xp 00000000 08:04 5013276                    /lib/x86_64-linux-gnu/libnss_compat-2.19.so
7ff6f158d000-7ff6f178c000 ---p 00009000 08:04 5013276                    /lib/x86_64-linux-gnu/libnss_compat-2.19.so
7ff6f178c000-7ff6f178d000 r--p 00008000 08:04 5013276                    /lib/x86_64-linux-gnu/libnss_compat-2.19.so
7ff6f178d000-7ff6f178e000 rw-p 00009000 08:04 5013276                    /lib/x86_64-linux-gnu/libnss_compat-2.19.so
7ff6f178e000-7ff6f17b9000 r-xp 00000000 08:04 1774545                    /usr/lib/jvm/java-8-oracle/jre/lib/amd64/libjava.so
7ff6f17b9000-7ff6f19b8000 ---p 0002b000 08:04 1774545                    /usr/lib/jvm/java-8-oracle/jre/lib/amd64/libjava.so
7ff6f19b8000-7ff6f19ba000 rw-p 0002a000 08:04 1774545                    /usr/lib/jvm/java-8-oracle/jre/lib/amd64/libjava.so
7ff6f19ba000-7ff6f19c7000 r-xp 00000000 08:04 1774536                    /usr/lib/jvm/java-8-oracle/jre/lib/amd64/libverify.so
7ff6f19c7000-7ff6f1bc7000 ---p 0000d000 08:04 1774536                    /usr/lib/jvm/java-8-oracle/jre/lib/amd64/libverify.so
7ff6f1bc7000-7ff6f1bc9000 rw-p 0000d000 08:04 1774536                    /usr/lib/jvm/java-8-oracle/jre/lib/amd64/libverify.so
7ff6f1bc9000-7ff6f1bd0000 r-xp 00000000 08:04 5013285                    /lib/x86_64-linux-gnu/librt-2.19.so
7ff6f1bd0000-7ff6f1dcf000 ---p 00007000 08:04 5013285                    /lib/x86_64-linux-gnu/librt-2.19.so
7ff6f1dcf000-7ff6f1dd0000 r--p 00006000 08:04 5013285                    /lib/x86_64-linux-gnu/librt-2.19.so
7ff6f1dd0000-7ff6f1dd1000 rw-p 00007000 08:04 5013285                    /lib/x86_64-linux-gnu/librt-2.19.so
7ff6f1dd1000-7ff6f1ed6000 r-xp 00000000 08:04 5013278                    /lib/x86_64-linux-gnu/libm-2.19.so
7ff6f1ed6000-7ff6f20d5000 ---p 00105000 08:04 5013278                    /lib/x86_64-linux-gnu/libm-2.19.so
7ff6f20d5000-7ff6f20d6000 r--p 00104000 08:04 5013278                    /lib/x86_64-linux-gnu/libm-2.19.so
7ff6f20d6000-7ff6f20d7000 rw-p 00105000 08:04 5013278                    /lib/x86_64-linux-gnu/libm-2.19.so
7ff6f20d7000-7ff6f2db0000 r-xp 00000000 08:04 1774531                    /usr/lib/jvm/java-8-oracle/jre/lib/amd64/server/libjvm.so
7ff6f2db0000-7ff6f2faf000 ---p 00cd9000 08:04 1774531                    /usr/lib/jvm/java-8-oracle/jre/lib/amd64/server/libjvm.so
7ff6f2faf000-7ff6f3088000 rw-p 00cd8000 08:04 1774531                    /usr/lib/jvm/java-8-oracle/jre/lib/amd64/server/libjvm.so
7ff6f3088000-7ff6f30d4000 rw-p 00000000 00:00 0 
7ff6f30d4000-7ff6f3292000 r-xp 00000000 08:04 5014198                    /lib/x86_64-linux-gnu/libc-2.19.so
7ff6f3292000-7ff6f3492000 ---p 001be000 08:04 5014198                    /lib/x86_64-linux-gnu/libc-2.19.so
7ff6f3492000-7ff6f3496000 r--p 001be000 08:04 5014198                    /lib/x86_64-linux-gnu/libc-2.19.so
7ff6f3496000-7ff6f3498000 rw-p 001c2000 08:04 5014198                    /lib/x86_64-linux-gnu/libc-2.19.so
7ff6f3498000-7ff6f349d000 rw-p 00000000 00:00 0 
7ff6f349d000-7ff6f34a0000 r-xp 00000000 08:04 5013288                    /lib/x86_64-linux-gnu/libdl-2.19.so
7ff6f34a0000-7ff6f369f000 ---p 00003000 08:04 5013288                    /lib/x86_64-linux-gnu/libdl-2.19.so
7ff6f369f000-7ff6f36a0000 r--p 00002000 08:04 5013288                    /lib/x86_64-linux-gnu/libdl-2.19.so
7ff6f36a0000-7ff6f36a1000 rw-p 00003000 08:04 5013288                    /lib/x86_64-linux-gnu/libdl-2.19.so
7ff6f36a1000-7ff6f36b7000 r-xp 00000000 08:04 1774539                    /usr/lib/jvm/java-8-oracle/jre/lib/amd64/jli/libjli.so
7ff6f36b7000-7ff6f38b6000 ---p 00016000 08:04 1774539                    /usr/lib/jvm/java-8-oracle/jre/lib/amd64/jli/libjli.so
7ff6f38b6000-7ff6f38b7000 rw-p 00015000 08:04 1774539                    /usr/lib/jvm/java-8-oracle/jre/lib/amd64/jli/libjli.so
7ff6f38b7000-7ff6f38d0000 r-xp 00000000 08:04 5013284                    /lib/x86_64-linux-gnu/libpthread-2.19.so
7ff6f38d0000-7ff6f3acf000 ---p 00019000 08:04 5013284                    /lib/x86_64-linux-gnu/libpthread-2.19.so
7ff6f3acf000-7ff6f3ad0000 r--p 00018000 08:04 5013284                    /lib/x86_64-linux-gnu/libpthread-2.19.so
7ff6f3ad0000-7ff6f3ad1000 rw-p 00019000 08:04 5013284                    /lib/x86_64-linux-gnu/libpthread-2.19.so
7ff6f3ad1000-7ff6f3ad5000 rw-p 00000000 00:00 0 
7ff6f3ad5000-7ff6f3af8000 r-xp 00000000 08:04 5013281                    /lib/x86_64-linux-gnu/ld-2.19.so
7ff6f3af8000-7ff6f3af9000 r--s 00000000 08:04 524459                     /var/cache/fontconfig/3334a778d104e76d188e9df399bc24d2-le64.cache-4
7ff6f3af9000-7ff6f3afa000 r--s 00000000 08:04 524444                     /var/cache/fontconfig/c277e94e32b20404286a1ddafa5a80f0-le64.cache-4
7ff6f3afa000-7ff6f3bcb000 rw-p 00000000 00:00 0 
7ff6f3bcb000-7ff6f3bce000 ---p 00000000 00:00 0 
7ff6f3bce000-7ff6f3cd0000 rw-p 00000000 00:00 0                          [stack:17659]
7ff6f3cd0000-7ff6f3cd4000 r--s 00000000 08:04 524403                     /var/cache/fontconfig/7ef2298fde41cc6eeb7af42e48b7d293-le64.cache-4
7ff6f3cd4000-7ff6f3cd5000 r--s 00000000 08:04 524386                     /var/cache/fontconfig/e0aa53bcfa504e64f87823c16bc01eb6-le64.cache-4
7ff6f3cd5000-7ff6f3cd8000 r--s 0001a000 08:04 1210369                    /usr/lib/jvm/java-8-oracle/jre/lib/jce.jar
7ff6f3cd8000-7ff6f3cdd000 r--s 0009d000 08:04 1210373                    /usr/lib/jvm/java-8-oracle/jre/lib/jsse.jar
7ff6f3cdd000-7ff6f3ce0000 r--s 0001a000 08:04 2266952                    /home/ia941/IA941/soar/SoarSuite_9.4.0-Linux_64bit/bin/java/sml.jar
7ff6f3ce0000-7ff6f3ce2000 r--s 00005000 08:04 2266955                    /home/ia941/IA941/soar/SoarSuite_9.4.0-Linux_64bit/bin/java/soar-smljava.jar
7ff6f3ce2000-7ff6f3ceb000 r--s 0005a000 08:04 2266954                    /home/ia941/IA941/soar/SoarSuite_9.4.0-Linux_64bit/bin/java/soar-debugger.jar
7ff6f3ceb000-7ff6f3cec000 r--s 00000000 08:04 2138165                    /home/ia941/IA941/soar/SoarSuite_9.4.0-Linux_64bit/bin/SoarJavaDebugger.jar
7ff6f3cec000-7ff6f3cf4000 rw-s 00000000 08:04 6597090                    /tmp/hsperfdata_ia941/17658
7ff6f3cf4000-7ff6f3cf5000 rw-p 00000000 00:00 0 
7ff6f3cf5000-7ff6f3cf6000 r--p 00000000 00:00 0 
7ff6f3cf6000-7ff6f3cf7000 rw-p 00000000 00:00 0 
7ff6f3cf7000-7ff6f3cf8000 r--p 00022000 08:04 5013281                    /lib/x86_64-linux-gnu/ld-2.19.so
7ff6f3cf8000-7ff6f3cf9000 rw-p 00023000 08:04 5013281                    /lib/x86_64-linux-gnu/ld-2.19.so
7ff6f3cf9000-7ff6f3cfa000 rw-p 00000000 00:00 0 
7fffaed61000-7fffaed82000 rw-p 00000000 00:00 0                          [stack]
7fffaed91000-7fffaed93000 r-xp 00000000 00:00 0                          [vdso]
ffffffffff600000-ffffffffff601000 r-xp 00000000 00:00 0                  [vsyscall]

VM Arguments:
java_command: /home/ia941/IA941/soar/SoarSuite_9.4.0-Linux_64bit/bin/SoarJavaDebugger.jar
java_class_path (initial): /home/ia941/IA941/soar/SoarSuite_9.4.0-Linux_64bit/bin/SoarJavaDebugger.jar
Launcher Type: SUN_STANDARD

Environment Variables:
JAVA_HOME=/usr/lib/jvm/java-8-oracle
PATH=/opt/arduino:/opt/altera/13.0sp1/quartus/bin:/opt/eclipse:/opt/netbeans/bin:/opt/argouml:/usr/local/sbin:/usr/local/bin:/usr/sbin:/usr/bin:/sbin:/bin:/usr/games
LD_LIBRARY_PATH=/home/ia941/IA941/soar/SoarSuite_9.4.0-Linux_64bit/bin
SHELL=/bin/bash
DISPLAY=:0

Signal Handlers:
SIGSEGV: [libjvm.so+0xad01e0], sa_mask[0]=11111111011111111101111111111110, sa_flags=SA_RESTART|SA_SIGINFO
SIGBUS: [libjvm.so+0xad01e0], sa_mask[0]=11111111011111111101111111111110, sa_flags=SA_RESTART|SA_SIGINFO
SIGFPE: [libjvm.so+0x927fb0], sa_mask[0]=11111111011111111101111111111110, sa_flags=SA_RESTART|SA_SIGINFO
SIGPIPE: SIG_IGN, sa_mask[0]=00000000000000000000000000000000, sa_flags=none
SIGXFSZ: [libjvm.so+0x927fb0], sa_mask[0]=11111111011111111101111111111110, sa_flags=SA_RESTART|SA_SIGINFO
SIGILL: [libjvm.so+0x927fb0], sa_mask[0]=11111111011111111101111111111110, sa_flags=SA_RESTART|SA_SIGINFO
SIGUSR1: SIG_DFL, sa_mask[0]=00000000000000000000000000000000, sa_flags=none
SIGUSR2: [libjvm.so+0x9297f0], sa_mask[0]=00000000000000000000000000000000, sa_flags=SA_RESTART|SA_SIGINFO
SIGHUP: [libjvm.so+0x92abf0], sa_mask[0]=11111111011111111101111111111110, sa_flags=SA_RESTART|SA_SIGINFO
SIGINT: [libjvm.so+0x92abf0], sa_mask[0]=11111111011111111101111111111110, sa_flags=SA_RESTART|SA_SIGINFO
SIGTERM: [libjvm.so+0x92abf0], sa_mask[0]=11111111011111111101111111111110, sa_flags=SA_RESTART|SA_SIGINFO
SIGQUIT: [libjvm.so+0x92abf0], sa_mask[0]=11111111011111111101111111111110, sa_flags=SA_RESTART|SA_SIGINFO


---------------  S Y S T E M  ---------------

OS:DISTRIB_ID=Ubuntu
DISTRIB_RELEASE=14.04
DISTRIB_CODENAME=trusty
DISTRIB_DESCRIPTION="Ubuntu 14.04.5 LTS"

uname:Linux 3.13.0-142-generic #191-Ubuntu SMP Fri Feb 2 12:13:35 UTC 2018 x86_64
libc:glibc 2.19 NPTL 2.19 
rlimit: STACK 8192k, CORE 0k, NPROC 62675, NOFILE 4096, AS infinity
load average:0,33 0,24 0,16

/proc/meminfo:
MemTotal:        8053432 kB
MemFree:         1405948 kB
Buffers:         1063296 kB
Cached:          2589360 kB
SwapCached:            0 kB
Active:          3979748 kB
Inactive:        1841652 kB
Active(anon):    2182132 kB
Inactive(anon):   252952 kB
Active(file):    1797616 kB
Inactive(file):  1588700 kB
Unevictable:           0 kB
Mlocked:               0 kB
SwapTotal:      16779888 kB
SwapFree:       16779888 kB
Dirty:               428 kB
Writeback:             0 kB
AnonPages:       2168880 kB
Mapped:           413312 kB
Shmem:            266344 kB
Slab:             685840 kB
SReclaimable:     645264 kB
SUnreclaim:        40576 kB
KernelStack:        5440 kB
PageTables:        37744 kB
NFS_Unstable:          0 kB
Bounce:                0 kB
WritebackTmp:          0 kB
CommitLimit:    20806604 kB
Committed_AS:    6333332 kB
VmallocTotal:   34359738367 kB
VmallocUsed:      362580 kB
VmallocChunk:   34359368272 kB
HardwareCorrupted:     0 kB
AnonHugePages:   1320960 kB
HugePages_Total:       0
HugePages_Free:        0
HugePages_Rsvd:        0
HugePages_Surp:        0
Hugepagesize:       2048 kB
DirectMap4k:      107984 kB
DirectMap2M:     8159232 kB


CPU:total 4 (initial active 4) (4 cores per cpu, 1 threads per core) family 6 model 42 stepping 7, cmov, cx8, fxsr, mmx, sse, sse2, sse3, ssse3, sse4.1, sse4.2, popcnt, avx, aes, clmul, tsc, tscinvbit

/proc/cpuinfo:
processor	: 0
vendor_id	: GenuineIntel
cpu family	: 6
model		: 42
model name	: Intel(R) Core(TM) i5-2400 CPU @ 3.10GHz
stepping	: 7
microcode	: 0x18
cpu MHz		: 1600.000
cache size	: 6144 KB
physical id	: 0
siblings	: 4
core id		: 0
cpu cores	: 4
apicid		: 0
initial apicid	: 0
fpu		: yes
fpu_exception	: yes
cpuid level	: 13
wp		: yes
flags		: fpu vme de pse tsc msr pae mce cx8 apic sep mtrr pge mca cmov pat pse36 clflush dts acpi mmx fxsr sse sse2 ss ht tm pbe syscall nx rdtscp lm constant_tsc arch_perfmon pebs bts rep_good nopl xtopology nonstop_tsc aperfmperf eagerfpu pni pclmulqdq dtes64 monitor ds_cpl vmx smx est tm2 ssse3 cx16 xtpr pdcm pcid sse4_1 sse4_2 x2apic popcnt tsc_deadline_timer aes xsave avx lahf_lm ida arat epb xsaveopt pln pts dtherm tpr_shadow vnmi flexpriority ept vpid
bogomips	: 6185.68
clflush size	: 64
cache_alignment	: 64
address sizes	: 36 bits physical, 48 bits virtual
power management:

processor	: 1
vendor_id	: GenuineIntel
cpu family	: 6
model		: 42
model name	: Intel(R) Core(TM) i5-2400 CPU @ 3.10GHz
stepping	: 7
microcode	: 0x18
cpu MHz		: 1600.000
cache size	: 6144 KB
physical id	: 0
siblings	: 4
core id		: 1
cpu cores	: 4
apicid		: 2
initial apicid	: 2
fpu		: yes
fpu_exception	: yes
cpuid level	: 13
wp		: yes
flags		: fpu vme de pse tsc msr pae mce cx8 apic sep mtrr pge mca cmov pat pse36 clflush dts acpi mmx fxsr sse sse2 ss ht tm pbe syscall nx rdtscp lm constant_tsc arch_perfmon pebs bts rep_good nopl xtopology nonstop_tsc aperfmperf eagerfpu pni pclmulqdq dtes64 monitor ds_cpl vmx smx est tm2 ssse3 cx16 xtpr pdcm pcid sse4_1 sse4_2 x2apic popcnt tsc_deadline_timer aes xsave avx lahf_lm ida arat epb xsaveopt pln pts dtherm tpr_shadow vnmi flexpriority ept vpid
bogomips	: 6185.68
clflush size	: 64
cache_alignment	: 64
address sizes	: 36 bits physical, 48 bits virtual
power management:

processor	: 2
vendor_id	: GenuineIntel
cpu family	: 6
model		: 42
model name	: Intel(R) Core(TM) i5-2400 CPU @ 3.10GHz
stepping	: 7
microcode	: 0x18
cpu MHz		: 3101.000
cache size	: 6144 KB
physical id	: 0
siblings	: 4
core id		: 2
cpu cores	: 4
apicid		: 4
initial apicid	: 4
fpu		: yes
fpu_exception	: yes
cpuid level	: 13
wp		: yes
flags		: fpu vme de pse tsc msr pae mce cx8 apic sep mtrr pge mca cmov pat pse36 clflush dts acpi mmx fxsr sse sse2 ss ht tm pbe syscall nx rdtscp lm constant_tsc arch_perfmon pebs bts rep_good nopl xtopology nonstop_tsc aperfmperf eagerfpu pni pclmulqdq dtes64 monitor ds_cpl vmx smx est tm2 ssse3 cx16 xtpr pdcm pcid sse4_1 sse4_2 x2apic popcnt tsc_deadline_timer aes xsave avx lahf_lm ida arat epb xsaveopt pln pts dtherm tpr_shadow vnmi flexpriority ept vpid
bogomips	: 6185.68
clflush size	: 64
cache_alignment	: 64
address sizes	: 36 bits physical, 48 bits virtual
power management:

processor	: 3
vendor_id	: GenuineIntel
cpu family	: 6
model		: 42
model name	: Intel(R) Core(TM) i5-2400 CPU @ 3.10GHz
stepping	: 7
microcode	: 0x18
cpu MHz		: 1600.000
cache size	: 6144 KB
physical id	: 0
siblings	: 4
core id		: 3
cpu cores	: 4
apicid		: 6
initial apicid	: 6
fpu		: yes
fpu_exception	: yes
cpuid level	: 13
wp		: yes
flags		: fpu vme de pse tsc msr pae mce cx8 apic sep mtrr pge mca cmov pat pse36 clflush dts acpi mmx fxsr sse sse2 ss ht tm pbe syscall nx rdtscp lm constant_tsc arch_perfmon pebs bts rep_good nopl xtopology nonstop_tsc aperfmperf eagerfpu pni pclmulqdq dtes64 monitor ds_cpl vmx smx est tm2 ssse3 cx16 xtpr pdcm pcid sse4_1 sse4_2 x2apic popcnt tsc_deadline_timer aes xsave avx lahf_lm ida arat epb xsaveopt pln pts dtherm tpr_shadow vnmi flexpriority ept vpid
bogomips	: 6185.68
clflush size	: 64
cache_alignment	: 64
address sizes	: 36 bits physical, 48 bits virtual
power management:



Memory: 4k page, physical 8053432k(1405948k free), swap 16779888k(16779888k free)

vm_info: Java HotSpot(TM) 64-Bit Server VM (25.161-b12) for linux-amd64 JRE (1.8.0_161-b12), built on Dec 19 2017 16:12:43 by "java_re" with gcc 4.3.0 20080428 (Red Hat 4.3.0-8)

time: Thu Mar  8 15:35:43 2018
elapsed time: 4 seconds (0d 0h 0m 4s)

