#
# A fatal error has been detected by the Java Runtime Environment:
#
#  SIGSEGV (0xb) at pc=0x00007f113ca72718, pid=17288, tid=0x00007f1191d2d700
#
# JRE version: Java(TM) SE Runtime Environment (8.0_161-b12) (build 1.8.0_161-b12)
# Java VM: Java HotSpot(TM) 64-Bit Server VM (25.161-b12 mixed mode linux-amd64 compressed oops)
# Problematic frame:
# C  [libgobject-2.0.so.0+0x19718]  g_object_get_qdata+0x18
#
# Failed to write core dump. Core dumps have been disabled. To enable core dumping, try "ulimit -c unlimited" before starting Java again
#
# If you would like to submit a bug report, please visit:
#   http://bugreport.java.com/bugreport/crash.jsp
# The crash happened outside the Java Virtual Machine in native code.
# See problematic frame for where to report the bug.
#

---------------  T H R E A D  ---------------

Current thread (0x00007f118800a800):  JavaThread "main" [_thread_in_native, id=17289, stack(0x00007f1191c2d000,0x00007f1191d2e000)]

siginfo: si_signo: 11 (SIGSEGV), si_code: 1 (SEGV_MAPERR), si_addr: 0x0000000000000e00

Registers:
RAX=0x0000000000000e00, RBX=0x00007f118854d570, RCX=0x0000000000000033, RDX=0x00007f118854d570
RSP=0x00007f1191d2a1c0, RBP=0x0000000000000033, RSI=0x0000000000000033, RDI=0x00007f118854d570
R8 =0x0000000000000000, R9 =0x000000000000000a, R10=0x00007f11792556c4, R11=0x00000000d9432490
R12=0x0000000000000000, R13=0x00007f1191d2a2a8, R14=0x00007f1191d2a220, R15=0x00007f118800a800
RIP=0x00007f113ca72718, EFLAGS=0x0000000000010206, CSGSFS=0x0000000000000033, ERR=0x0000000000000004
  TRAPNO=0x000000000000000e

Top of Stack: (sp=0x00007f1191d2a1c0)
0x00007f1191d2a1c0:   00007f1191d2a378 0000000000000003
0x00007f1191d2a1d0:   00007f1191d2a230 00007f113f489383
0x00007f1191d2a1e0:   00007f118d9fcb98 00007f1179255736
0x00007f1191d2a1f0:   00007f118d9fcb98 00007f118800a800
0x00007f1191d2a200:   00007f1191d2a260 00007f1179007dd0
0x00007f1191d2a210:   00007f118d7aa940 00007f118800a800
0x00007f1191d2a220:   00000000d9431ad8 00007f118d7bda6a
0x00007f1191d2a230:   00007f1191d2a300 00007f11795efff4
0x00007f1191d2a240:   0000000000000000 00007f118d7bdaa8
0x00007f1191d2a250:   00007f118d9f90a8 00007f118800a800
0x00007f1191d2a260:   00007f118854d570 00007f1100000033
0x00007f1191d2a270:   00007f118d9fcb98 00007f118800a800
0x00007f1191d2a280:   00007f118d9fcb98 00007f118800a800
0x00007f1191d2a290:   00007f1191d2a300 00007f1179007dd0
0x00007f1191d2a2a0:   00007f1179007dd0 0000000000000033
0x00007f1191d2a2b0:   00007f118854d570 0000000000000000
0x00007f1191d2a2c0:   00007f1191d2a2c0 00007f118d7aa8bb
0x00007f1191d2a2d0:   00007f1191d2a330 00007f118d850558
0x00007f1191d2a2e0:   0000000000000000 00007f118d7aa940
0x00007f1191d2a2f0:   00007f1191d2a2a8 00007f1191d2a320
0x00007f1191d2a300:   00007f1191d2a378 00007f1179008040
0x00007f1191d2a310:   0000000000000000 0000000000000000
0x00007f1191d2a320:   00007f118854d570 00000000d96b9b68
0x00007f1191d2a330:   00000000d9410240 00007f1191d2a338
0x00007f1191d2a340:   00007f118d9fcb2d 00007f1191d2a398
0x00007f1191d2a350:   00007f118da02060 0000000000000000
0x00007f1191d2a360:   00007f118d9fcb98 00007f1191d2a320
0x00007f1191d2a370:   00007f1191d2a398 00007f1191d2a3e0
0x00007f1191d2a380:   00007f11790082bd 0000000000000000
0x00007f1191d2a390:   0000000000000000 00000000d96b9b68
0x00007f1191d2a3a0:   00007f1191d2a3a0 00007f118d7d54b9
0x00007f1191d2a3b0:   00007f1191d2a3f0 00007f118d901098 

Instructions: (pc=0x00007f113ca72718)
0x00007f113ca726f8:   0f 1f 84 00 00 00 00 00 55 53 48 89 fb 48 83 ec
0x00007f113ca72708:   08 48 85 ff 74 21 48 8b 07 89 f5 48 85 c0 74 06
0x00007f113ca72718:   48 83 38 50 74 3a be 50 00 00 00 48 89 df e8 05
0x00007f113ca72728:   86 01 00 85 c0 75 29 48 8d 15 30 1e 02 00 48 8d 

Register to memory mapping:

RAX=0x0000000000000e00 is an unknown value
RBX=0x00007f118854d570 is an unknown value
RCX=0x0000000000000033 is an unknown value
RDX=0x00007f118854d570 is an unknown value
RSP=0x00007f1191d2a1c0 is pointing into the stack for thread: 0x00007f118800a800
RBP=0x0000000000000033 is an unknown value
RSI=0x0000000000000033 is an unknown value
RDI=0x00007f118854d570 is an unknown value
R8 =0x0000000000000000 is an unknown value
R9 =0x000000000000000a is an unknown value
R10=0x00007f11792556c4 is at entry_point+68 in (nmethod*)0x00007f1179255510
R11=0x00000000d9432490 is an oop
java.lang.Thread 
 - klass: 'java/lang/Thread'
R12=0x0000000000000000 is an unknown value
R13=0x00007f1191d2a2a8 is pointing into the stack for thread: 0x00007f118800a800
R14=0x00007f1191d2a220 is pointing into the stack for thread: 0x00007f118800a800
R15=0x00007f118800a800 is a thread


Stack: [0x00007f1191c2d000,0x00007f1191d2e000],  sp=0x00007f1191d2a1c0,  free space=1012k
Native frames: (J=compiled Java code, j=interpreted, Vv=VM code, C=native code)
C  [libgobject-2.0.so.0+0x19718]  g_object_get_qdata+0x18

Java frames: (J=compiled Java code, j=interpreted, Vv=VM code)
J 501  org.eclipse.swt.internal.gtk.OS._g_object_get_qdata(JI)J (0 bytes) @ 0x00007f11792556c4 [0x00007f1179255680+0x44]
J 1624 C1 org.eclipse.swt.internal.gtk.OS.g_object_get_qdata(JI)J (32 bytes) @ 0x00007f11795efff4 [0x00007f11795eff60+0x94]
j  org.eclipse.swt.widgets.Display.removeWidget(J)Lorg/eclipse/swt/widgets/Widget;+19
j  org.eclipse.swt.widgets.Combo.deregister()V+21
j  org.eclipse.swt.widgets.Widget.releaseWidget()V+1
j  org.eclipse.swt.widgets.Control.releaseWidget()V+1
j  org.eclipse.swt.widgets.Composite.releaseWidget()V+1
j  org.eclipse.swt.widgets.Combo.releaseWidget()V+1
j  org.eclipse.swt.widgets.Widget.release(Z)V+82
j  org.eclipse.swt.widgets.Control.release(Z)V+86
j  org.eclipse.swt.widgets.Composite.releaseChildren(Z)V+31
j  org.eclipse.swt.widgets.Widget.release(Z)V+38
j  org.eclipse.swt.widgets.Control.release(Z)V+86
j  org.eclipse.swt.widgets.Composite.releaseChildren(Z)V+31
j  org.eclipse.swt.widgets.Widget.release(Z)V+38
j  org.eclipse.swt.widgets.Control.release(Z)V+86
j  org.eclipse.swt.widgets.Composite.releaseChildren(Z)V+31
j  org.eclipse.swt.widgets.Widget.release(Z)V+38
j  org.eclipse.swt.widgets.Control.release(Z)V+86
j  org.eclipse.swt.widgets.Composite.releaseChildren(Z)V+31
j  org.eclipse.swt.widgets.Widget.release(Z)V+38
j  org.eclipse.swt.widgets.Control.release(Z)V+86
j  org.eclipse.swt.widgets.Composite.releaseChildren(Z)V+31
j  org.eclipse.swt.widgets.Widget.release(Z)V+38
j  org.eclipse.swt.widgets.Control.release(Z)V+86
j  org.eclipse.swt.widgets.Composite.releaseChildren(Z)V+31
j  org.eclipse.swt.widgets.Widget.release(Z)V+38
j  org.eclipse.swt.widgets.Control.release(Z)V+86
j  org.eclipse.swt.widgets.Composite.releaseChildren(Z)V+31
j  org.eclipse.swt.widgets.Widget.release(Z)V+38
j  org.eclipse.swt.widgets.Control.release(Z)V+86
j  org.eclipse.swt.widgets.Composite.releaseChildren(Z)V+31
j  org.eclipse.swt.widgets.Canvas.releaseChildren(Z)V+42
j  org.eclipse.swt.widgets.Decorations.releaseChildren(Z)V+22
j  org.eclipse.swt.widgets.Shell.releaseChildren(Z)V+100
j  org.eclipse.swt.widgets.Widget.release(Z)V+38
j  org.eclipse.swt.widgets.Control.release(Z)V+86
j  org.eclipse.swt.widgets.Widget.dispose()V+23
j  org.eclipse.swt.widgets.Shell.dispose()V+20
j  org.eclipse.swt.widgets.Shell.closeWidget()V+30
j  org.eclipse.swt.widgets.Shell.gtk_delete_event(JJ)J+8
J 1364 C2 org.eclipse.swt.widgets.Widget.windowProc(JJJ)J (545 bytes) @ 0x00007f11794e1480 [0x00007f11794e13a0+0xe0]
J 902 C2 org.eclipse.swt.widgets.Control.windowProc(JJJ)J (227 bytes) @ 0x00007f117936f994 [0x00007f117936f960+0x34]
J 894 C2 org.eclipse.swt.widgets.Display.windowProc(JJJ)J (24 bytes) @ 0x00007f1179371700 [0x00007f1179371440+0x2c0]
v  ~StubRoutines::call_stub
J 771  org.eclipse.swt.internal.gtk.OS._gtk_main_do_event(J)V (0 bytes) @ 0x00007f117932af81 [0x00007f117932af40+0x41]
J 1014 C2 org.eclipse.swt.widgets.Display.eventProc(JJ)J (148 bytes) @ 0x00007f11793cc120 [0x00007f11793cbde0+0x340]
v  ~StubRoutines::call_stub
J 769  org.eclipse.swt.internal.gtk.OS._g_main_context_iteration(JZ)Z (0 bytes) @ 0x00007f1179319c04 [0x00007f1179319bc0+0x44]
J 1591 C2 org.eclipse.swt.widgets.Display.readAndDispatch()Z (58 bytes) @ 0x00007f11795dbc84 [0x00007f11795dba60+0x224]
j  edu.umich.soar.debugger.doc.Document.pumpMessagesTillClosed(Lorg/eclipse/swt/widgets/Display;)V+44
j  edu.umich.soar.debugger.SWTApplication.startApp([Ljava/lang/String;Lorg/eclipse/swt/widgets/Display;)V+620
j  edu.umich.soar.debugger.Application.<init>([Ljava/lang/String;ZLorg/eclipse/swt/widgets/Display;)V+17
j  edu.umich.soar.debugger.Application.main([Ljava/lang/String;)V+7
v  ~StubRoutines::call_stub

---------------  P R O C E S S  ---------------

Java Threads: ( => current thread )
  0x00007f11881aa800 JavaThread "Service Thread" daemon [_thread_blocked, id=17301, stack(0x00007f1178442000,0x00007f1178543000)]
  0x00007f1188185000 JavaThread "C1 CompilerThread2" daemon [_thread_blocked, id=17300, stack(0x00007f1178543000,0x00007f1178644000)]
  0x00007f1188183800 JavaThread "C2 CompilerThread1" daemon [_thread_blocked, id=17299, stack(0x00007f1178644000,0x00007f1178745000)]
  0x00007f1188180800 JavaThread "C2 CompilerThread0" daemon [_thread_blocked, id=17298, stack(0x00007f1178745000,0x00007f1178846000)]
  0x00007f118817f000 JavaThread "Signal Dispatcher" daemon [_thread_blocked, id=17297, stack(0x00007f1178846000,0x00007f1178947000)]
  0x00007f118814b800 JavaThread "Finalizer" daemon [_thread_blocked, id=17296, stack(0x00007f1178eff000,0x00007f1179000000)]
  0x00007f1188147000 JavaThread "Reference Handler" daemon [_thread_blocked, id=17295, stack(0x00007f118c034000,0x00007f118c135000)]
=>0x00007f118800a800 JavaThread "main" [_thread_in_native, id=17289, stack(0x00007f1191c2d000,0x00007f1191d2e000)]

Other Threads:
  0x00007f118813f800 VMThread [stack: 0x00007f118c135000,0x00007f118c236000] [id=17294]
  0x00007f11881af000 WatcherThread [stack: 0x00007f1178341000,0x00007f1178442000] [id=17302]

VM state:not at safepoint (normal execution)

VM Mutex/Monitor currently owned by a thread: None

Heap:
 PSYoungGen      total 36864K, used 18030K [0x00000000d7000000, 0x00000000d9900000, 0x0000000100000000)
  eden space 31744K, 40% used [0x00000000d7000000,0x00000000d7c9f9a0,0x00000000d8f00000)
  from space 5120K, 99% used [0x00000000d9400000,0x00000000d98fbf08,0x00000000d9900000)
  to   space 5120K, 0% used [0x00000000d8f00000,0x00000000d8f00000,0x00000000d9400000)
 ParOldGen       total 84992K, used 1756K [0x0000000085000000, 0x000000008a300000, 0x00000000d7000000)
  object space 84992K, 2% used [0x0000000085000000,0x00000000851b7038,0x000000008a300000)
 Metaspace       used 11367K, capacity 11502K, committed 11776K, reserved 1060864K
  class space    used 1133K, capacity 1169K, committed 1280K, reserved 1048576K

Card table byte_map: [0x00007f118e600000,0x00007f118e9d9000] byte_map_base: 0x00007f118e1d8000

Marking Bits: (ParMarkBitMap*) 0x00007f1191108920
 Begin Bits: [0x00007f1164280000, 0x00007f1166140000)
 End Bits:   [0x00007f1166140000, 0x00007f1168000000)

Polling page: 0x00007f1191d57000

CodeCache: size=245760Kb used=6058Kb max_used=6058Kb free=239701Kb
 bounds [0x00007f1179000000, 0x00007f1179600000, 0x00007f1188000000]
 total_blobs=2090 nmethods=1609 adapters=394
 compilation: enabled

Compilation events (10 events):
Event: 192,533 Thread 0x00007f1188185000 nmethod 1619 0x00007f11795eda50 code [0x00007f11795edbc0, 0x00007f11795edd90]
Event: 192,534 Thread 0x00007f1188185000 1622   !   3       java.io.BufferedWriter::write (117 bytes)
Event: 192,535 Thread 0x00007f1188185000 nmethod 1622 0x00007f11795ec950 code [0x00007f11795ecb20, 0x00007f11795ed288]
Event: 192,535 Thread 0x00007f1188185000 1621       3       java.io.Writer::write (11 bytes)
Event: 192,535 Thread 0x00007f1188185000 nmethod 1621 0x00007f11795ec390 code [0x00007f11795ec500, 0x00007f11795ec808]
Event: 192,535 Thread 0x00007f1188185000 1623       3       java.io.BufferedWriter::min (9 bytes)
Event: 192,535 Thread 0x00007f1188185000 nmethod 1623 0x00007f11795efa50 code [0x00007f11795efbc0, 0x00007f11795efd50]
Event: 192,713 Thread 0x00007f1188185000 1624   !   3       org.eclipse.swt.internal.gtk.OS::g_object_get_qdata (32 bytes)
Event: 192,714 Thread 0x00007f1188185000 nmethod 1624 0x00007f11795efdd0 code [0x00007f11795eff60, 0x00007f11795f01d8]
Event: 192,714 Thread 0x00007f1188185000 1625       3       java.security.Provider$ServiceKey::equals (55 bytes)

GC Heap History (4 events):
Event: 88,217 GC heap before
{Heap before GC invocations=1 (full 0):
 PSYoungGen      total 36864K, used 31744K [0x00000000d7000000, 0x00000000d9900000, 0x0000000100000000)
  eden space 31744K, 100% used [0x00000000d7000000,0x00000000d8f00000,0x00000000d8f00000)
  from space 5120K, 0% used [0x00000000d9400000,0x00000000d9400000,0x00000000d9900000)
  to   space 5120K, 0% used [0x00000000d8f00000,0x00000000d8f00000,0x00000000d9400000)
 ParOldGen       total 84992K, used 0K [0x0000000085000000, 0x000000008a300000, 0x00000000d7000000)
  object space 84992K, 0% used [0x0000000085000000,0x0000000085000000,0x000000008a300000)
 Metaspace       used 10793K, capacity 10862K, committed 11136K, reserved 1058816K
  class space    used 1088K, capacity 1105K, committed 1152K, reserved 1048576K
Event: 88,225 GC heap after
Heap after GC invocations=1 (full 0):
 PSYoungGen      total 36864K, used 5119K [0x00000000d7000000, 0x00000000d9900000, 0x0000000100000000)
  eden space 31744K, 0% used [0x00000000d7000000,0x00000000d7000000,0x00000000d8f00000)
  from space 5120K, 99% used [0x00000000d8f00000,0x00000000d93ffd18,0x00000000d9400000)
  to   space 5120K, 0% used [0x00000000d9400000,0x00000000d9400000,0x00000000d9900000)
 ParOldGen       total 84992K, used 197K [0x0000000085000000, 0x000000008a300000, 0x00000000d7000000)
  object space 84992K, 0% used [0x0000000085000000,0x0000000085031428,0x000000008a300000)
 Metaspace       used 10793K, capacity 10862K, committed 11136K, reserved 1058816K
  class space    used 1088K, capacity 1105K, committed 1152K, reserved 1048576K
}
Event: 153,882 GC heap before
{Heap before GC invocations=2 (full 0):
 PSYoungGen      total 36864K, used 36863K [0x00000000d7000000, 0x00000000d9900000, 0x0000000100000000)
  eden space 31744K, 100% used [0x00000000d7000000,0x00000000d8f00000,0x00000000d8f00000)
  from space 5120K, 99% used [0x00000000d8f00000,0x00000000d93ffd18,0x00000000d9400000)
  to   space 5120K, 0% used [0x00000000d9400000,0x00000000d9400000,0x00000000d9900000)
 ParOldGen       total 84992K, used 197K [0x0000000085000000, 0x000000008a300000, 0x00000000d7000000)
  object space 84992K, 0% used [0x0000000085000000,0x0000000085031428,0x000000008a300000)
 Metaspace       used 10958K, capacity 11054K, committed 11136K, reserved 1058816K
  class space    used 1090K, capacity 1105K, committed 1152K, reserved 1048576K
Event: 153,893 GC heap after
Heap after GC invocations=2 (full 0):
 PSYoungGen      total 36864K, used 5103K [0x00000000d7000000, 0x00000000d9900000, 0x0000000100000000)
  eden space 31744K, 0% used [0x00000000d7000000,0x00000000d7000000,0x00000000d8f00000)
  from space 5120K, 99% used [0x00000000d9400000,0x00000000d98fbf08,0x00000000d9900000)
  to   space 5120K, 0% used [0x00000000d8f00000,0x00000000d8f00000,0x00000000d9400000)
 ParOldGen       total 84992K, used 1756K [0x0000000085000000, 0x000000008a300000, 0x00000000d7000000)
  object space 84992K, 2% used [0x0000000085000000,0x00000000851b7038,0x000000008a300000)
 Metaspace       used 10958K, capacity 11054K, committed 11136K, reserved 1058816K
  class space    used 1090K, capacity 1105K, committed 1152K, reserved 1048576K
}

Deoptimization events (10 events):
Event: 160,954 Thread 0x00007f118800a800 Uncommon trap: reason=unstable_if action=reinterpret pc=0x00007f11793879c0 method=org.eclipse.swt.widgets.Display.runPopups()Z @ 4
Event: 161,795 Thread 0x00007f118800a800 Uncommon trap: reason=unstable_if action=reinterpret pc=0x00007f11794fcc14 method=edu.umich.soar.debugger.helpers.FoldingText$FoldingTextDoc.getBlockByLineNumber(I)Ledu/umich/soar/debugger/helpers/FoldingText$Block; @ 12
Event: 161,849 Thread 0x00007f118800a800 Uncommon trap: reason=unstable_if action=reinterpret pc=0x00007f117957e06c method=edu.umich.soar.debugger.helpers.FoldingText$Block.isExpanded()Z @ 4
Event: 161,860 Thread 0x00007f118800a800 Uncommon trap: reason=unstable_if action=reinterpret pc=0x00007f11794df544 method=edu.umich.soar.debugger.helpers.FoldingText$Block.isExpanded()Z @ 4
Event: 162,993 Thread 0x00007f118800a800 Uncommon trap: reason=class_check action=maybe_recompile pc=0x00007f11794ff91c method=org.eclipse.swt.widgets.Control.sendMouseEvent(IIIIZIDDZI)Z @ 78
Event: 163,001 Thread 0x00007f118800a800 Uncommon trap: reason=class_check action=maybe_recompile pc=0x00007f11794ff91c method=org.eclipse.swt.widgets.Control.sendMouseEvent(IIIIZIDDZI)Z @ 78
Event: 163,009 Thread 0x00007f118800a800 Uncommon trap: reason=class_check action=maybe_recompile pc=0x00007f11794ff91c method=org.eclipse.swt.widgets.Control.sendMouseEvent(IIIIZIDDZI)Z @ 78
Event: 163,017 Thread 0x00007f118800a800 Uncommon trap: reason=class_check action=maybe_recompile pc=0x00007f11794ff91c method=org.eclipse.swt.widgets.Control.sendMouseEvent(IIIIZIDDZI)Z @ 78
Event: 192,532 Thread 0x00007f118800a800 Uncommon trap: reason=unstable_if action=reinterpret pc=0x00007f11793012bc method=java.lang.ref.SoftReference.get()Ljava/lang/Object; @ 17
Event: 192,713 Thread 0x00007f118800a800 Uncommon trap: reason=unstable_if action=reinterpret pc=0x00007f117934cd0c method=org.eclipse.swt.widgets.Display.getWidget(J)Lorg/eclipse/swt/widgets/Widget; @ 12

Classes redefined (0 events):
No events

Internal exceptions (10 events):
Event: 0,697 Thread 0x00007f118800a800 Exception <a 'java/lang/ArrayIndexOutOfBoundsException'> (0x00000000d81654b0) thrown at [/HUDSON/workspace/8-2-build-linux-amd64/jdk8u161/10277/hotspot/src/share/vm/runtime/sharedRuntime.cpp, line 605]
Event: 0,697 Thread 0x00007f118800a800 Exception <a 'java/lang/ArrayIndexOutOfBoundsException'> (0x00000000d8166468) thrown at [/HUDSON/workspace/8-2-build-linux-amd64/jdk8u161/10277/hotspot/src/share/vm/runtime/sharedRuntime.cpp, line 605]
Event: 0,698 Thread 0x00007f118800a800 Exception <a 'java/lang/ArrayIndexOutOfBoundsException'> (0x00000000d8167c98) thrown at [/HUDSON/workspace/8-2-build-linux-amd64/jdk8u161/10277/hotspot/src/share/vm/runtime/sharedRuntime.cpp, line 605]
Event: 0,703 Thread 0x00007f118800a800 Exception <a 'java/lang/ArrayIndexOutOfBoundsException'> (0x00000000d818faf8) thrown at [/HUDSON/workspace/8-2-build-linux-amd64/jdk8u161/10277/hotspot/src/share/vm/runtime/sharedRuntime.cpp, line 605]
Event: 0,704 Thread 0x00007f118800a800 Exception <a 'java/lang/ArrayIndexOutOfBoundsException'> (0x00000000d8190d60) thrown at [/HUDSON/workspace/8-2-build-linux-amd64/jdk8u161/10277/hotspot/src/share/vm/runtime/sharedRuntime.cpp, line 605]
Event: 0,704 Thread 0x00007f118800a800 Exception <a 'java/lang/ArrayIndexOutOfBoundsException'> (0x00000000d8192388) thrown at [/HUDSON/workspace/8-2-build-linux-amd64/jdk8u161/10277/hotspot/src/share/vm/runtime/sharedRuntime.cpp, line 605]
Event: 0,709 Thread 0x00007f118800a800 Exception <a 'java/lang/ArrayIndexOutOfBoundsException'> (0x00000000d81b7ee0) thrown at [/HUDSON/workspace/8-2-build-linux-amd64/jdk8u161/10277/hotspot/src/share/vm/runtime/sharedRuntime.cpp, line 605]
Event: 0,714 Thread 0x00007f118800a800 Exception <a 'java/lang/ArrayIndexOutOfBoundsException'> (0x00000000d81cb358) thrown at [/HUDSON/workspace/8-2-build-linux-amd64/jdk8u161/10277/hotspot/src/share/vm/runtime/sharedRuntime.cpp, line 605]
Event: 153,895 Thread 0x00007f1188147000 Implicit null exception at 0x00007f117912450b to 0x00007f1179124ba9
Event: 153,904 Thread 0x00007f118814b800 Implicit null exception at 0x00007f11794b1257 to 0x00007f11794b14b5

Events (10 events):
Event: 192,533 loading class java/util/LinkedHashMap$LinkedKeySet
Event: 192,533 loading class java/util/LinkedHashMap$LinkedKeySet done
Event: 192,534 loading class sun/util/locale/provider/LocaleResources$ResourceReference
Event: 192,534 loading class sun/util/locale/provider/LocaleResources$ResourceReference done
Event: 192,548 Thread 0x00007f1188289800 Thread exited: 0x00007f1188289800
Event: 192,713 Thread 0x00007f118800a800 Uncommon trap: trap_request=0xffffff65 fr.pc=0x00007f117934cd0c
Event: 192,713 Thread 0x00007f118800a800 DEOPT PACKING pc=0x00007f117934cd0c sp=0x00007f1191d2acc0
Event: 192,713 Thread 0x00007f118800a800 DEOPT UNPACKING pc=0x00007f117904573a sp=0x00007f1191d2ac88 mode 2
Event: 192,714 loading class org/eclipse/swt/events/DisposeEvent
Event: 192,714 loading class org/eclipse/swt/events/DisposeEvent done


Dynamic libraries:
00400000-00401000 r-xp 00000000 08:04 1774658                            /usr/lib/jvm/java-8-oracle/jre/bin/java
00600000-00601000 rw-p 00000000 08:04 1774658                            /usr/lib/jvm/java-8-oracle/jre/bin/java
0191c000-0193d000 rw-p 00000000 00:00 0                                  [heap]
85000000-8a300000 rw-p 00000000 00:00 0 
8a300000-d7000000 ---p 00000000 00:00 0 
d7000000-d9900000 rw-p 00000000 00:00 0 
d9900000-100000000 ---p 00000000 00:00 0 
100000000-100140000 rw-p 00000000 00:00 0 
100140000-140000000 ---p 00000000 00:00 0 
7f10f8000000-7f10f8022000 rw-p 00000000 00:00 0 
7f10f8022000-7f10fc000000 ---p 00000000 00:00 0 
7f10fc000000-7f10fc022000 rw-p 00000000 00:00 0 
7f10fc022000-7f1100000000 ---p 00000000 00:00 0 
7f1100000000-7f1100022000 rw-p 00000000 00:00 0 
7f1100022000-7f1104000000 ---p 00000000 00:00 0 
7f1104573000-7f1104d73000 rw-s 00000000 00:04 14745626                   /SYSV00000000 (deleted)
7f1105d75000-7f1105d76000 ---p 00000000 00:00 0 
7f1105d76000-7f1106576000 rw-p 00000000 00:00 0 
7f1106576000-7f1107b15000 r--p 00000000 08:04 1835612                    /usr/share/icons/gnome/icon-theme.cache
7f1107b15000-7f110a2c8000 r--p 00000000 08:04 1443070                    /usr/share/icons/hicolor/icon-theme.cache
7f110a2c8000-7f1113164000 r--p 00000000 08:04 1443217                    /usr/share/icons/oxygen/icon-theme.cache
7f1113164000-7f111c000000 r--p 00000000 08:04 1443217                    /usr/share/icons/oxygen/icon-theme.cache
7f111c000000-7f111c5d7000 rw-p 00000000 00:00 0 
7f111c5d7000-7f1120000000 ---p 00000000 00:00 0 
7f112004e000-7f112008e000 rw-p 00000000 00:00 0 
7f112008e000-7f112024e000 ---p 00000000 00:00 0 
7f112024e000-7f11202ae000 rw-s 00000000 00:04 14712852                   /SYSV00000000 (deleted)
7f11202ae000-7f112184d000 r--p 00000000 08:04 1835612                    /usr/share/icons/gnome/icon-theme.cache
7f112184d000-7f1124000000 r--p 00000000 08:04 1443070                    /usr/share/icons/hicolor/icon-theme.cache
7f1124000000-7f1124021000 rw-p 00000000 00:00 0 
7f1124021000-7f1128000000 ---p 00000000 00:00 0 
7f1128000000-7f1128021000 rw-p 00000000 00:00 0 
7f1128021000-7f112c000000 ---p 00000000 00:00 0 
7f112c000000-7f112c021000 rw-p 00000000 00:00 0 
7f112c021000-7f1130000000 ---p 00000000 00:00 0 
7f1130035000-7f1130039000 r-xp 00000000 08:04 1445075                    /usr/lib/x86_64-linux-gnu/gdk-pixbuf-2.0/2.10.0/loaders/libpixbufloader-png.so
7f1130039000-7f1130239000 ---p 00004000 08:04 1445075                    /usr/lib/x86_64-linux-gnu/gdk-pixbuf-2.0/2.10.0/loaders/libpixbufloader-png.so
7f1130239000-7f113023a000 r--p 00004000 08:04 1445075                    /usr/lib/x86_64-linux-gnu/gdk-pixbuf-2.0/2.10.0/loaders/libpixbufloader-png.so
7f113023a000-7f113023b000 rw-p 00005000 08:04 1445075                    /usr/lib/x86_64-linux-gnu/gdk-pixbuf-2.0/2.10.0/loaders/libpixbufloader-png.so
7f113023b000-7f1130254000 r-xp 00000000 08:04 1051142                    /usr/lib/x86_64-linux-gnu/gio/modules/libgioremote-volume-monitor.so
7f1130254000-7f1130454000 ---p 00019000 08:04 1051142                    /usr/lib/x86_64-linux-gnu/gio/modules/libgioremote-volume-monitor.so
7f1130454000-7f1130457000 r--p 00019000 08:04 1051142                    /usr/lib/x86_64-linux-gnu/gio/modules/libgioremote-volume-monitor.so
7f1130457000-7f1130458000 rw-p 0001c000 08:04 1051142                    /usr/lib/x86_64-linux-gnu/gio/modules/libgioremote-volume-monitor.so
7f1130557000-7f113055a000 ---p 00000000 00:00 0 
7f113055a000-7f1130658000 rw-p 00000000 00:00 0 
7f1130658000-7f1130669000 r-xp 00000000 08:04 1774538                    /usr/lib/jvm/java-8-oracle/jre/lib/amd64/libnio.so
7f1130669000-7f1130868000 ---p 00011000 08:04 1774538                    /usr/lib/jvm/java-8-oracle/jre/lib/amd64/libnio.so
7f1130868000-7f1130869000 rw-p 00010000 08:04 1774538                    /usr/lib/jvm/java-8-oracle/jre/lib/amd64/libnio.so
7f1130869000-7f113087f000 r-xp 00000000 08:04 1774540                    /usr/lib/jvm/java-8-oracle/jre/lib/amd64/libnet.so
7f113087f000-7f1130a7f000 ---p 00016000 08:04 1774540                    /usr/lib/jvm/java-8-oracle/jre/lib/amd64/libnet.so
7f1130a7f000-7f1130a80000 rw-p 00016000 08:04 1774540                    /usr/lib/jvm/java-8-oracle/jre/lib/amd64/libnet.so
7f1130a80000-7f1130a89000 r-xp 00000000 08:04 1774555                    /usr/lib/jvm/java-8-oracle/jre/lib/amd64/libmanagement.so
7f1130a89000-7f1130c88000 ---p 00009000 08:04 1774555                    /usr/lib/jvm/java-8-oracle/jre/lib/amd64/libmanagement.so
7f1130c88000-7f1130c89000 rw-p 00008000 08:04 1774555                    /usr/lib/jvm/java-8-oracle/jre/lib/amd64/libmanagement.so
7f1130c89000-7f1130e89000 rw-p 00000000 00:00 0 
7f1130e89000-7f1130e8a000 ---p 00000000 00:00 0 
7f1130e8a000-7f113168a000 rw-p 00000000 00:00 0 
7f113168a000-7f113168b000 ---p 00000000 00:00 0 
7f113168b000-7f1131e8b000 rw-p 00000000 00:00 0 
7f1131e8b000-7f1131e8c000 ---p 00000000 00:00 0 
7f1131e8c000-7f113268c000 rw-p 00000000 00:00 0 
7f113268c000-7f11326c6000 r--p 00000000 08:04 6553718                    /usr/share/fonts/truetype/msttcorefonts/Courier_New_Bold_Italic.ttf
7f11326c6000-7f1132702000 r--p 00000000 08:04 6553719                    /usr/share/fonts/truetype/msttcorefonts/Courier_New_Italic.ttf
7f1132702000-7f113274f000 r--p 00000000 08:04 6553717                    /usr/share/fonts/truetype/msttcorefonts/Courier_New_Bold.ttf
7f113274f000-7f1132799000 r--p 00000000 08:04 6553693                    /usr/share/fonts/truetype/msttcorefonts/Courier_New.ttf
7f1132799000-7f11327f1000 r--p 00000000 08:04 1447166                    /usr/share/fonts/truetype/ubuntu-font-family/Ubuntu-BI.ttf
7f11327f1000-7f1132850000 r--p 00000000 08:04 1447173                    /usr/share/fonts/truetype/ubuntu-font-family/Ubuntu-RI.ttf
7f1132850000-7f11328a2000 r--p 00000000 08:04 1447172                    /usr/share/fonts/truetype/ubuntu-font-family/Ubuntu-B.ttf
7f11328a2000-7f11328a3000 r-xp 00000000 08:04 1442572                    /usr/lib/x86_64-linux-gnu/gtk-2.0/2.10.0/immodules/im-cedilla.so
7f11328a3000-7f1132aa2000 ---p 00001000 08:04 1442572                    /usr/lib/x86_64-linux-gnu/gtk-2.0/2.10.0/immodules/im-cedilla.so
7f1132aa2000-7f1132aa3000 r--p 00000000 08:04 1442572                    /usr/lib/x86_64-linux-gnu/gtk-2.0/2.10.0/immodules/im-cedilla.so
7f1132aa3000-7f1132aa4000 rw-p 00001000 08:04 1442572                    /usr/lib/x86_64-linux-gnu/gtk-2.0/2.10.0/immodules/im-cedilla.so
7f1132aa4000-7f1132aa5000 r--s 00001000 08:04 2266953                    /home/ia941/IA941/soar/SoarSuite_9.4.0-Linux_64bit/bin/java/soar-debugger-api.jar
7f1132aa5000-7f1132aa6000 r--s 00003000 08:04 2266957                    /home/ia941/IA941/soar/SoarSuite_9.4.0-Linux_64bit/bin/java/swtgraphics2d.jar
7f1132aa6000-7f1132b06000 rw-s 00000000 00:04 14647320                   /SYSV00000000 (deleted)
7f1132b06000-7f1132b0c000 r--p 00000000 08:04 1315702                    /usr/share/locale-langpack/pt/LC_MESSAGES/gdk-pixbuf.mo
7f1132b0c000-7f1132b12000 r--p 00000000 08:04 1314822                    /usr/share/locale-langpack/pt_BR/LC_MESSAGES/gdk-pixbuf.mo
7f1132b12000-7f1132b64000 r--p 00000000 08:04 1312249                    /usr/share/fonts/truetype/dejavu/DejaVuSansMono.ttf
7f1132b64000-7f1132bbb000 r--p 00000000 08:04 1447169                    /usr/share/fonts/truetype/ubuntu-font-family/Ubuntu-R.ttf
7f1132bbb000-7f1132bbc000 r--s 00000000 08:04 524610                     /var/cache/fontconfig/087e1975ba9a574b140bb1df193bf770-le64.cache-4
7f1132bbc000-7f1132bbd000 r--s 00000000 08:04 524605                     /var/cache/fontconfig/c05880de57d1f5e948fdfacc138775d9-le64.cache-4
7f1132bbd000-7f1132bc8000 r--s 00000000 08:04 524598                     /var/cache/fontconfig/945677eb7aeaf62f1d50efc3fb3ec7d8-le64.cache-4
7f1132bc8000-7f1132bca000 r--s 00000000 08:04 524596                     /var/cache/fontconfig/99e8ed0e538f840c565b6ed5dad60d56-le64.cache-4
7f1132bca000-7f1132bd3000 r--s 00000000 08:04 524592                     /var/cache/fontconfig/a6d8cf8e4ec09cdbc8633c31745a07dd-le64.cache-4
7f1132bd3000-7f1132bd9000 r--s 00000000 08:04 524591                     /var/cache/fontconfig/2cd17615ca594fa2959ae173292e504c-le64.cache-4
7f1132bd9000-7f1132bda000 r--s 00000000 08:04 524590                     /var/cache/fontconfig/e7071f4a29fa870f4323321c154eba04-le64.cache-4
7f1132bda000-7f1132be1000 r--s 00000000 08:04 524589                     /var/cache/fontconfig/6eb3985aa4124903f6ff08ba781cd364-le64.cache-4
7f1132be1000-7f1132be2000 r--s 00000000 08:04 524588                     /var/cache/fontconfig/0d8c3b2ac0904cb8a57a757ad11a4a08-le64.cache-4
7f1132be2000-7f1132be9000 r--s 00000000 08:04 524587                     /var/cache/fontconfig/a755afe4a08bf5b97852ceb7400b47bc-le64.cache-4
7f1132be9000-7f1132bf5000 r--s 00000000 08:04 524585                     /var/cache/fontconfig/6d41288fd70b0be22e8c3a91e032eec0-le64.cache-4
7f1132bf5000-7f1132c09000 r--s 00000000 08:04 524584                     /var/cache/fontconfig/04aabc0a78ac019cf9454389977116d2-le64.cache-4
7f1132c09000-7f1132c0a000 r--s 00000000 08:04 524581                     /var/cache/fontconfig/1ac9eb803944fde146138c791f5cc56a-le64.cache-4
7f1132c0a000-7f1132c0e000 r--s 00000000 08:04 524580                     /var/cache/fontconfig/385c0604a188198f04d133e54aba7fe7-le64.cache-4
7f1132c0e000-7f1132c0f000 r--s 00000000 08:04 524579                     /var/cache/fontconfig/9c956a7723ca69a44b382d9179c9802f-le64.cache-4
7f1132c0f000-7f1132c10000 r--s 00000000 08:04 524575                     /var/cache/fontconfig/dc05db6664285cc2f12bf69c139ae4c3-le64.cache-4
7f1132c10000-7f1132c12000 r--s 00000000 08:04 524567                     /var/cache/fontconfig/767a8244fc0220cfb567a839d0392e0b-le64.cache-4
7f1132c12000-7f1132c14000 r--s 00000000 08:04 524565                     /var/cache/fontconfig/2fe16cf53f8bd2da9ea33d9eb6e69eee-le64.cache-4
7f1132c14000-7f1132c15000 r--s 00000000 08:04 524563                     /var/cache/fontconfig/4794a0821666d79190d59a36cb4f44b5-le64.cache-4
7f1132c15000-7f1132c16000 r--s 00000000 08:04 524561                     /var/cache/fontconfig/9eae20f1ff8cc0a7d125749e875856bd-le64.cache-4
7f1132c16000-7f1132c18000 r--s 00000000 08:04 524556                     /var/cache/fontconfig/bf2c1853a9e9b00bb02fe2e9bcf1e201-le64.cache-4
7f1132c18000-7f1132c1d000 r--s 00000000 08:04 524554                     /var/cache/fontconfig/8801497958630a81b71ace7c5f9b32a8-le64.cache-4
7f1132c1d000-7f1132c58000 r--s 00000000 08:04 524553                     /var/cache/fontconfig/365b55f210c0a22e9a19e35191240f32-le64.cache-4
7f1132c58000-7f1132c5c000 r--s 00000000 08:04 524551                     /var/cache/fontconfig/c57959a16110560c8d0fcea73374aeeb-le64.cache-4
7f1132c5c000-7f1132c63000 r--s 00000000 08:04 524550                     /var/cache/fontconfig/3047814df9a2f067bd2d96a2b9c36e5a-le64.cache-4
7f1132c63000-7f1132c67000 r--s 00000000 08:04 524548                     /var/cache/fontconfig/bf3b770c553c462765856025a94f1ce6-le64.cache-4
7f1132c67000-7f1132c6d000 r--s 00000000 08:04 524541                     /var/cache/fontconfig/b47c4e1ecd0709278f4910c18777a504-le64.cache-4
7f1132c6d000-7f1132c70000 r--s 00000000 08:04 524537                     /var/cache/fontconfig/14d493b97896515cad3840ba4896e372-le64.cache-4
7f1132c70000-7f1132c78000 r--s 00000000 08:04 524535                     /var/cache/fontconfig/ce677e824a231659fde4a3a246a10ea3-le64.cache-4
7f1132c78000-7f1132c8b000 r--s 00000000 08:04 524518                     /var/cache/fontconfig/d52a8644073d54c13679302ca1180695-le64.cache-4
7f1132c8b000-7f1132c8c000 ---p 00000000 00:00 0 
7f1132c8c000-7f113348c000 rw-p 00000000 00:00 0                          [stack:17307]
7f113348c000-7f113348d000 ---p 00000000 00:00 0 
7f113348d000-7f1133c8d000 rw-p 00000000 00:00 0                          [stack:17306]
7f1133c8d000-7f1133cd1000 r-xp 00000000 08:04 4980819                    /lib/x86_64-linux-gnu/libdbus-1.so.3.7.6
7f1133cd1000-7f1133ed0000 ---p 00044000 08:04 4980819                    /lib/x86_64-linux-gnu/libdbus-1.so.3.7.6
7f1133ed0000-7f1133ed1000 r--p 00043000 08:04 4980819                    /lib/x86_64-linux-gnu/libdbus-1.so.3.7.6
7f1133ed1000-7f1133ed2000 rw-p 00044000 08:04 4980819                    /lib/x86_64-linux-gnu/libdbus-1.so.3.7.6
7f1133ed2000-7f1133eda000 r-xp 00000000 08:04 4986742                    /lib/x86_64-linux-gnu/libnih-dbus.so.1.0.0
7f1133eda000-7f11340da000 ---p 00008000 08:04 4986742                    /lib/x86_64-linux-gnu/libnih-dbus.so.1.0.0
7f11340da000-7f11340db000 r--p 00008000 08:04 4986742                    /lib/x86_64-linux-gnu/libnih-dbus.so.1.0.0
7f11340db000-7f11340dc000 rw-p 00009000 08:04 4986742                    /lib/x86_64-linux-gnu/libnih-dbus.so.1.0.0
7f11340dc000-7f11340f3000 r-xp 00000000 08:04 4986756                    /lib/x86_64-linux-gnu/libnih.so.1.0.0
7f11340f3000-7f11342f2000 ---p 00017000 08:04 4986756                    /lib/x86_64-linux-gnu/libnih.so.1.0.0
7f11342f2000-7f11342f3000 r--p 00016000 08:04 4986756                    /lib/x86_64-linux-gnu/libnih.so.1.0.0
7f11342f3000-7f11342f4000 rw-p 00017000 08:04 4986756                    /lib/x86_64-linux-gnu/libnih.so.1.0.0
7f11342f4000-7f1134313000 r-xp 00000000 08:04 4981072                    /lib/x86_64-linux-gnu/libcgmanager.so.0.0.0
7f1134313000-7f1134513000 ---p 0001f000 08:04 4981072                    /lib/x86_64-linux-gnu/libcgmanager.so.0.0.0
7f1134513000-7f1134515000 r--p 0001f000 08:04 4981072                    /lib/x86_64-linux-gnu/libcgmanager.so.0.0.0
7f1134515000-7f1134516000 rw-p 00021000 08:04 4981072                    /lib/x86_64-linux-gnu/libcgmanager.so.0.0.0
7f1134516000-7f1134526000 r-xp 00000000 08:04 4980837                    /lib/x86_64-linux-gnu/libudev.so.1.3.5
7f1134526000-7f1134725000 ---p 00010000 08:04 4980837                    /lib/x86_64-linux-gnu/libudev.so.1.3.5
7f1134725000-7f1134726000 r--p 0000f000 08:04 4980837                    /lib/x86_64-linux-gnu/libudev.so.1.3.5
7f1134726000-7f1134727000 rw-p 00010000 08:04 4980837                    /lib/x86_64-linux-gnu/libudev.so.1.3.5
7f1134727000-7f113475b000 r-xp 00000000 08:04 1050707                    /usr/lib/x86_64-linux-gnu/gvfs/libgvfscommon.so
7f113475b000-7f113495b000 ---p 00034000 08:04 1050707                    /usr/lib/x86_64-linux-gnu/gvfs/libgvfscommon.so
7f113495b000-7f1134960000 r--p 00034000 08:04 1050707                    /usr/lib/x86_64-linux-gnu/gvfs/libgvfscommon.so
7f1134960000-7f1134961000 rw-p 00039000 08:04 1050707                    /usr/lib/x86_64-linux-gnu/gvfs/libgvfscommon.so
7f1134961000-7f1134990000 r-xp 00000000 08:04 1049473                    /usr/lib/x86_64-linux-gnu/gio/modules/libgvfsdbus.so
7f1134990000-7f1134b90000 ---p 0002f000 08:04 1049473                    /usr/lib/x86_64-linux-gnu/gio/modules/libgvfsdbus.so
7f1134b90000-7f1134b91000 r--p 0002f000 08:04 1049473                    /usr/lib/x86_64-linux-gnu/gio/modules/libgvfsdbus.so
7f1134b91000-7f1134b92000 rw-p 00030000 08:04 1049473                    /usr/lib/x86_64-linux-gnu/gio/modules/libgvfsdbus.so
7f1134b92000-7f1134b93000 rw-p 00000000 00:00 0 
7f1134b93000-7f1134cd6000 r-xp 00000000 08:04 1705393                    /usr/lib/x86_64-linux-gnu/gtk-2.0/2.10.0/engines/liboxygen-gtk.so
7f1134cd6000-7f1134ed5000 ---p 00143000 08:04 1705393                    /usr/lib/x86_64-linux-gnu/gtk-2.0/2.10.0/engines/liboxygen-gtk.so
7f1134ed5000-7f1134edb000 r--p 00142000 08:04 1705393                    /usr/lib/x86_64-linux-gnu/gtk-2.0/2.10.0/engines/liboxygen-gtk.so
7f1134edb000-7f1134edc000 rw-p 00148000 08:04 1705393                    /usr/lib/x86_64-linux-gnu/gtk-2.0/2.10.0/engines/liboxygen-gtk.so
7f1134edc000-7f1134edd000 rw-p 00000000 00:00 0 
7f1134edd000-7f1134ee3000 r-xp 00000000 08:04 1057490                    /usr/lib/x86_64-linux-gnu/libdatrie.so.1.3.1
7f1134ee3000-7f11350e2000 ---p 00006000 08:04 1057490                    /usr/lib/x86_64-linux-gnu/libdatrie.so.1.3.1
7f11350e2000-7f11350e3000 r--p 00005000 08:04 1057490                    /usr/lib/x86_64-linux-gnu/libdatrie.so.1.3.1
7f11350e3000-7f11350e4000 rw-p 00006000 08:04 1057490                    /usr/lib/x86_64-linux-gnu/libdatrie.so.1.3.1
7f11350e4000-7f1135108000 r-xp 00000000 08:04 1051966                    /usr/lib/x86_64-linux-gnu/libgraphite2.so.3.0.1
7f1135108000-7f1135308000 ---p 00024000 08:04 1051966                    /usr/lib/x86_64-linux-gnu/libgraphite2.so.3.0.1
7f1135308000-7f113530a000 r--p 00024000 08:04 1051966                    /usr/lib/x86_64-linux-gnu/libgraphite2.so.3.0.1
7f113530a000-7f113530b000 rw-p 00026000 08:04 1051966                    /usr/lib/x86_64-linux-gnu/libgraphite2.so.3.0.1
7f113530b000-7f1135310000 r-xp 00000000 08:04 1050452                    /usr/lib/x86_64-linux-gnu/libXdmcp.so.6.0.0
7f1135310000-7f113550f000 ---p 00005000 08:04 1050452                    /usr/lib/x86_64-linux-gnu/libXdmcp.so.6.0.0
7f113550f000-7f1135510000 r--p 00004000 08:04 1050452                    /usr/lib/x86_64-linux-gnu/libXdmcp.so.6.0.0
7f1135510000-7f1135511000 rw-p 00005000 08:04 1050452                    /usr/lib/x86_64-linux-gnu/libXdmcp.so.6.0.0
7f1135511000-7f1135513000 r-xp 00000000 08:04 1050448                    /usr/lib/x86_64-linux-gnu/libXau.so.6.0.0
7f1135513000-7f1135713000 ---p 00002000 08:04 1050448                    /usr/lib/x86_64-linux-gnu/libXau.so.6.0.0
7f1135713000-7f1135714000 r--p 00002000 08:04 1050448                    /usr/lib/x86_64-linux-gnu/libXau.so.6.0.0
7f1135714000-7f1135715000 rw-p 00003000 08:04 1050448                    /usr/lib/x86_64-linux-gnu/libXau.so.6.0.0
7f1135715000-7f1135752000 r-xp 00000000 08:04 5028914                    /lib/x86_64-linux-gnu/libpcre.so.3.13.1
7f1135752000-7f1135951000 ---p 0003d000 08:04 5028914                    /lib/x86_64-linux-gnu/libpcre.so.3.13.1
7f1135951000-7f1135952000 r--p 0003c000 08:04 5028914                    /lib/x86_64-linux-gnu/libpcre.so.3.13.1
7f1135952000-7f1135953000 rw-p 0003d000 08:04 5028914                    /lib/x86_64-linux-gnu/libpcre.so.3.13.1
7f1135953000-7f113595a000 r-xp 00000000 08:04 1051718                    /usr/lib/x86_64-linux-gnu/libffi.so.6.0.1
7f113595a000-7f1135b59000 ---p 00007000 08:04 1051718                    /usr/lib/x86_64-linux-gnu/libffi.so.6.0.1
7f1135b59000-7f1135b5a000 r--p 00006000 08:04 1051718                    /usr/lib/x86_64-linux-gnu/libffi.so.6.0.1
7f1135b5a000-7f1135b5b000 rw-p 00007000 08:04 1051718                    /usr/lib/x86_64-linux-gnu/libffi.so.6.0.1
7f1135b5b000-7f1135b82000 r-xp 00000000 08:04 4997805                    /lib/x86_64-linux-gnu/libexpat.so.1.6.0
7f1135b82000-7f1135d82000 ---p 00027000 08:04 4997805                    /lib/x86_64-linux-gnu/libexpat.so.1.6.0
7f1135d82000-7f1135d84000 r--p 00027000 08:04 4997805                    /lib/x86_64-linux-gnu/libexpat.so.1.6.0
7f1135d84000-7f1135d85000 rw-p 00029000 08:04 4997805                    /lib/x86_64-linux-gnu/libexpat.so.1.6.0
7f1135d85000-7f1135d8d000 r-xp 00000000 08:04 1050152                    /usr/lib/x86_64-linux-gnu/libthai.so.0.2.0
7f1135d8d000-7f1135f8c000 ---p 00008000 08:04 1050152                    /usr/lib/x86_64-linux-gnu/libthai.so.0.2.0
7f1135f8c000-7f1135f8d000 r--p 00007000 08:04 1050152                    /usr/lib/x86_64-linux-gnu/libthai.so.0.2.0
7f1135f8d000-7f1135f8e000 rw-p 00008000 08:04 1050152                    /usr/lib/x86_64-linux-gnu/libthai.so.0.2.0
7f1135f8e000-7f1135fe1000 r-xp 00000000 08:04 1050466                    /usr/lib/x86_64-linux-gnu/libharfbuzz.so.0.927.0
7f1135fe1000-7f11361e1000 ---p 00053000 08:04 1050466                    /usr/lib/x86_64-linux-gnu/libharfbuzz.so.0.927.0
7f11361e1000-7f11361e2000 r--p 00053000 08:04 1050466                    /usr/lib/x86_64-linux-gnu/libharfbuzz.so.0.927.0
7f11361e2000-7f11361e3000 rw-p 00054000 08:04 1050466                    /usr/lib/x86_64-linux-gnu/libharfbuzz.so.0.927.0
7f11361e3000-7f11361fa000 r-xp 00000000 08:04 5013272                    /lib/x86_64-linux-gnu/libresolv-2.19.so
7f11361fa000-7f11363fa000 ---p 00017000 08:04 5013272                    /lib/x86_64-linux-gnu/libresolv-2.19.so
7f11363fa000-7f11363fb000 r--p 00017000 08:04 5013272                    /lib/x86_64-linux-gnu/libresolv-2.19.so
7f11363fb000-7f11363fc000 rw-p 00018000 08:04 5013272                    /lib/x86_64-linux-gnu/libresolv-2.19.so
7f11363fc000-7f11363fe000 rw-p 00000000 00:00 0 
7f11363fe000-7f113641e000 r-xp 00000000 08:04 4984792                    /lib/x86_64-linux-gnu/libselinux.so.1
7f113641e000-7f113661d000 ---p 00020000 08:04 4984792                    /lib/x86_64-linux-gnu/libselinux.so.1
7f113661d000-7f113661e000 r--p 0001f000 08:04 4984792                    /lib/x86_64-linux-gnu/libselinux.so.1
7f113661e000-7f113661f000 rw-p 00020000 08:04 4984792                    /lib/x86_64-linux-gnu/libselinux.so.1
7f113661f000-7f1136621000 rw-p 00000000 00:00 0 
7f1136621000-7f1136639000 r-xp 00000000 08:04 4984785                    /lib/x86_64-linux-gnu/libz.so.1.2.8
7f1136639000-7f1136838000 ---p 00018000 08:04 4984785                    /lib/x86_64-linux-gnu/libz.so.1.2.8
7f1136838000-7f1136839000 r--p 00017000 08:04 4984785                    /lib/x86_64-linux-gnu/libz.so.1.2.8
7f1136839000-7f113683a000 rw-p 00018000 08:04 4984785                    /lib/x86_64-linux-gnu/libz.so.1.2.8
7f113683a000-7f1136842000 r-xp 00000000 08:04 1051037                    /usr/lib/x86_64-linux-gnu/libxcb-render.so.0.0.0
7f1136842000-7f1136a41000 ---p 00008000 08:04 1051037                    /usr/lib/x86_64-linux-gnu/libxcb-render.so.0.0.0
7f1136a41000-7f1136a42000 r--p 00007000 08:04 1051037                    /usr/lib/x86_64-linux-gnu/libxcb-render.so.0.0.0
7f1136a42000-7f1136a43000 rw-p 00008000 08:04 1051037                    /usr/lib/x86_64-linux-gnu/libxcb-render.so.0.0.0
7f1136a43000-7f1136a45000 r-xp 00000000 08:04 1051281                    /usr/lib/x86_64-linux-gnu/libxcb-shm.so.0.0.0
7f1136a45000-7f1136c44000 ---p 00002000 08:04 1051281                    /usr/lib/x86_64-linux-gnu/libxcb-shm.so.0.0.0
7f1136c44000-7f1136c45000 r--p 00001000 08:04 1051281                    /usr/lib/x86_64-linux-gnu/libxcb-shm.so.0.0.0
7f1136c45000-7f1136c46000 rw-p 00002000 08:04 1051281                    /usr/lib/x86_64-linux-gnu/libxcb-shm.so.0.0.0
7f1136c46000-7f1136c6b000 r-xp 00000000 08:04 4981135                    /lib/x86_64-linux-gnu/libpng12.so.0.50.0
7f1136c6b000-7f1136e6a000 ---p 00025000 08:04 4981135                    /lib/x86_64-linux-gnu/libpng12.so.0.50.0
7f1136e6a000-7f1136e6b000 r--p 00024000 08:04 4981135                    /lib/x86_64-linux-gnu/libpng12.so.0.50.0
7f1136e6b000-7f1136e6c000 rw-p 00025000 08:04 4981135                    /lib/x86_64-linux-gnu/libpng12.so.0.50.0
7f1136e6c000-7f1136f0c000 r-xp 00000000 08:04 1054613                    /usr/lib/x86_64-linux-gnu/libpixman-1.so.0.30.2
7f1136f0c000-7f113710c000 ---p 000a0000 08:04 1054613                    /usr/lib/x86_64-linux-gnu/libpixman-1.so.0.30.2
7f113710c000-7f1137113000 r--p 000a0000 08:04 1054613                    /usr/lib/x86_64-linux-gnu/libpixman-1.so.0.30.2
7f1137113000-7f1137114000 rw-p 000a7000 08:04 1054613                    /usr/lib/x86_64-linux-gnu/libpixman-1.so.0.30.2
7f1137114000-7f1137131000 r-xp 00000000 08:04 1050457                    /usr/lib/x86_64-linux-gnu/libxcb.so.1.1.0
7f1137131000-7f1137331000 ---p 0001d000 08:04 1050457                    /usr/lib/x86_64-linux-gnu/libxcb.so.1.1.0
7f1137331000-7f1137332000 r--p 0001d000 08:04 1050457                    /usr/lib/x86_64-linux-gnu/libxcb.so.1.1.0
7f1137332000-7f1137333000 rw-p 0001e000 08:04 1050457                    /usr/lib/x86_64-linux-gnu/libxcb.so.1.1.0
7f1137333000-7f11373d0000 r-xp 00000000 08:04 1051965                    /usr/lib/x86_64-linux-gnu/libfreetype.so.6.11.1
7f11373d0000-7f11375cf000 ---p 0009d000 08:04 1051965                    /usr/lib/x86_64-linux-gnu/libfreetype.so.6.11.1
7f11375cf000-7f11375d5000 r--p 0009c000 08:04 1051965                    /usr/lib/x86_64-linux-gnu/libfreetype.so.6.11.1
7f11375d5000-7f11375d6000 rw-p 000a2000 08:04 1051965                    /usr/lib/x86_64-linux-gnu/libfreetype.so.6.11.1
7f11375d6000-7f11375d8000 r-xp 00000000 08:04 1051280                    /usr/lib/x86_64-linux-gnu/libXdamage.so.1.1.0
7f11375d8000-7f11377d7000 ---p 00002000 08:04 1051280                    /usr/lib/x86_64-linux-gnu/libXdamage.so.1.1.0
7f11377d7000-7f11377d8000 r--p 00001000 08:04 1051280                    /usr/lib/x86_64-linux-gnu/libXdamage.so.1.1.0
7f11377d8000-7f11377d9000 rw-p 00002000 08:04 1051280                    /usr/lib/x86_64-linux-gnu/libXdamage.so.1.1.0
7f11377d9000-7f11377db000 r-xp 00000000 08:04 1051250                    /usr/lib/x86_64-linux-gnu/libXcomposite.so.1.0.0
7f11377db000-7f11379da000 ---p 00002000 08:04 1051250                    /usr/lib/x86_64-linux-gnu/libXcomposite.so.1.0.0
7f11379da000-7f11379db000 r--p 00001000 08:04 1051250                    /usr/lib/x86_64-linux-gnu/libXcomposite.so.1.0.0
7f11379db000-7f11379dc000 rw-p 00002000 08:04 1051250                    /usr/lib/x86_64-linux-gnu/libXcomposite.so.1.0.0
7f11379dc000-7f11379e5000 r-xp 00000000 08:04 1049670                    /usr/lib/x86_64-linux-gnu/libXcursor.so.1.0.2
7f11379e5000-7f1137be4000 ---p 00009000 08:04 1049670                    /usr/lib/x86_64-linux-gnu/libXcursor.so.1.0.2
7f1137be4000-7f1137be5000 r--p 00008000 08:04 1049670                    /usr/lib/x86_64-linux-gnu/libXcursor.so.1.0.2
7f1137be5000-7f1137be6000 rw-p 00009000 08:04 1049670                    /usr/lib/x86_64-linux-gnu/libXcursor.so.1.0.2
7f1137be6000-7f1137bef000 r-xp 00000000 08:04 1048892                    /usr/lib/x86_64-linux-gnu/libXrandr.so.2.2.0
7f1137bef000-7f1137dee000 ---p 00009000 08:04 1048892                    /usr/lib/x86_64-linux-gnu/libXrandr.so.2.2.0
7f1137dee000-7f1137def000 r--p 00008000 08:04 1048892                    /usr/lib/x86_64-linux-gnu/libXrandr.so.2.2.0
7f1137def000-7f1137df0000 rw-p 00009000 08:04 1048892                    /usr/lib/x86_64-linux-gnu/libXrandr.so.2.2.0
7f1137df0000-7f1137dff000 r-xp 00000000 08:04 1049068                    /usr/lib/x86_64-linux-gnu/libXi.so.6.1.0
7f1137dff000-7f1137ffe000 ---p 0000f000 08:04 1049068                    /usr/lib/x86_64-linux-gnu/libXi.so.6.1.0
7f1137ffe000-7f1137fff000 r--p 0000e000 08:04 1049068                    /usr/lib/x86_64-linux-gnu/libXi.so.6.1.0
7f1137fff000-7f1138000000 rw-p 0000f000 08:04 1049068                    /usr/lib/x86_64-linux-gnu/libXi.so.6.1.0
7f1138000000-7f113828f000 rw-p 00000000 00:00 0 
7f113828f000-7f113c000000 ---p 00000000 00:00 0 
7f113c000000-7f113c001000 r--s 00000000 08:04 524546                     /var/cache/fontconfig/56cf4f4769d0f4abc89a4895d7bd3ae1-le64.cache-4
7f113c001000-7f113c002000 r--s 00000000 08:04 524545                     /var/cache/fontconfig/b9d506c9ac06c20b433354fa67a72993-le64.cache-4
7f113c002000-7f113c003000 r--s 00000000 08:04 524533                     /var/cache/fontconfig/89034621ae2a8922916bb6bfa5799546-le64.cache-4
7f113c003000-7f113c00c000 r--s 00000000 08:04 524531                     /var/cache/fontconfig/52f7bdb7ce746bfd7eaa1985bd9cfa93-le64.cache-4
7f113c00c000-7f113c00f000 r--s 00000000 08:04 524530                     /var/cache/fontconfig/e49e89034d371f0f9de17aab02136486-le64.cache-4
7f113c00f000-7f113c011000 r--s 00000000 08:04 524525                     /var/cache/fontconfig/4b14b093aebc79c320de5e86ae1d3314-le64.cache-4
7f113c011000-7f113c012000 r--s 00000000 08:04 524512                     /var/cache/fontconfig/8a687c406b77f27d99abfeeba937fcce-le64.cache-4
7f113c012000-7f113c01b000 r--s 00000000 08:04 524511                     /var/cache/fontconfig/3f7329c5293ffd510edef78f73874cfd-le64.cache-4
7f113c01b000-7f113c01d000 r--s 00000000 08:04 524510                     /var/cache/fontconfig/65f976e5259cbe6dc7697b8648396239-le64.cache-4
7f113c01d000-7f113c028000 r--s 00000000 08:04 524503                     /var/cache/fontconfig/d589a48862398ed80a3d6066f4f56f4c-le64.cache-4
7f113c028000-7f113c029000 r--s 00000000 08:04 524498                     /var/cache/fontconfig/94f7fe9bd33aadfac165873bd010d595-le64.cache-4
7f113c029000-7f113c02b000 r--s 00000000 08:04 524495                     /var/cache/fontconfig/423767150eb258c59035de29db6fca84-le64.cache-4
7f113c02b000-7f113c02c000 r--s 00000000 08:04 524493                     /var/cache/fontconfig/406a1d2d2bf3ed7664fbadefac0b2f66-le64.cache-4
7f113c02c000-7f113c036000 r--s 00000000 08:04 524489                     /var/cache/fontconfig/198d8fcf01c96d0cf813f74fd759bdb7-le64.cache-4
7f113c036000-7f113c041000 r--s 00000000 08:04 524485                     /var/cache/fontconfig/83bf95040141907cd45bb53cf7c1c148-le64.cache-4
7f113c041000-7f113c04a000 r--s 00000000 08:04 524477                     /var/cache/fontconfig/d0972c3d32f097851eb916381fc38920-le64.cache-4
7f113c04a000-7f113c062000 r--s 00000000 08:04 524410                     /var/cache/fontconfig/e13b20fdb08344e0e664864cc2ede53d-le64.cache-4
7f113c062000-7f113c080000 r--s 00000000 08:04 524382                     /var/cache/fontconfig/467c019e582ee353435ea5c21d137ef6-le64.cache-4
7f113c0b8000-7f113c0bb000 r--p 00000000 08:04 1313857                    /usr/share/locale-langpack/pt_BR/LC_MESSAGES/atk10.mo
7f113c0bb000-7f113c0dd000 r--s 00000000 08:04 1441969                    /usr/share/mime/mime.cache
7f113c0dd000-7f113c0ff000 r--s 00000000 08:04 1441969                    /usr/share/mime/mime.cache
7f113c0ff000-7f113c100000 r--p 00000000 00:00 0 
7f113c100000-7f113c119000 r--p 00000000 08:04 1315603                    /usr/share/locale-langpack/pt/LC_MESSAGES/glib20.mo
7f113c119000-7f113c132000 r--p 00000000 08:04 1314751                    /usr/share/locale-langpack/pt_BR/LC_MESSAGES/glib20.mo
7f113c132000-7f113c134000 r-xp 00000000 08:04 1049902                    /usr/lib/x86_64-linux-gnu/libXinerama.so.1.0.0
7f113c134000-7f113c333000 ---p 00002000 08:04 1049902                    /usr/lib/x86_64-linux-gnu/libXinerama.so.1.0.0
7f113c333000-7f113c334000 r--p 00001000 08:04 1049902                    /usr/lib/x86_64-linux-gnu/libXinerama.so.1.0.0
7f113c334000-7f113c335000 rw-p 00002000 08:04 1049902                    /usr/lib/x86_64-linux-gnu/libXinerama.so.1.0.0
7f113c335000-7f113c33e000 r-xp 00000000 08:04 1054879                    /usr/lib/x86_64-linux-gnu/libXrender.so.1.3.0
7f113c33e000-7f113c53d000 ---p 00009000 08:04 1054879                    /usr/lib/x86_64-linux-gnu/libXrender.so.1.3.0
7f113c53d000-7f113c53e000 r--p 00008000 08:04 1054879                    /usr/lib/x86_64-linux-gnu/libXrender.so.1.3.0
7f113c53e000-7f113c53f000 rw-p 00009000 08:04 1054879                    /usr/lib/x86_64-linux-gnu/libXrender.so.1.3.0
7f113c53f000-7f113c550000 r-xp 00000000 08:04 1051285                    /usr/lib/x86_64-linux-gnu/libXext.so.6.4.0
7f113c550000-7f113c74f000 ---p 00011000 08:04 1051285                    /usr/lib/x86_64-linux-gnu/libXext.so.6.4.0
7f113c74f000-7f113c750000 r--p 00010000 08:04 1051285                    /usr/lib/x86_64-linux-gnu/libXext.so.6.4.0
7f113c750000-7f113c751000 rw-p 00011000 08:04 1051285                    /usr/lib/x86_64-linux-gnu/libXext.so.6.4.0
7f113c751000-7f113c857000 r-xp 00000000 08:04 4983093                    /lib/x86_64-linux-gnu/libglib-2.0.so.0.4002.0
7f113c857000-7f113ca56000 ---p 00106000 08:04 4983093                    /lib/x86_64-linux-gnu/libglib-2.0.so.0.4002.0
7f113ca56000-7f113ca57000 r--p 00105000 08:04 4983093                    /lib/x86_64-linux-gnu/libglib-2.0.so.0.4002.0
7f113ca57000-7f113ca58000 rw-p 00106000 08:04 4983093                    /lib/x86_64-linux-gnu/libglib-2.0.so.0.4002.0
7f113ca58000-7f113ca59000 rw-p 00000000 00:00 0 
7f113ca59000-7f113caa8000 r-xp 00000000 08:04 1054527                    /usr/lib/x86_64-linux-gnu/libgobject-2.0.so.0.4002.0
7f113caa8000-7f113cca8000 ---p 0004f000 08:04 1054527                    /usr/lib/x86_64-linux-gnu/libgobject-2.0.so.0.4002.0
7f113cca8000-7f113cca9000 r--p 0004f000 08:04 1054527                    /usr/lib/x86_64-linux-gnu/libgobject-2.0.so.0.4002.0
7f113cca9000-7f113ccaa000 rw-p 00050000 08:04 1054527                    /usr/lib/x86_64-linux-gnu/libgobject-2.0.so.0.4002.0
7f113ccaa000-7f113cce4000 r-xp 00000000 08:04 1049911                    /usr/lib/x86_64-linux-gnu/libfontconfig.so.1.8.0
7f113cce4000-7f113cee3000 ---p 0003a000 08:04 1049911                    /usr/lib/x86_64-linux-gnu/libfontconfig.so.1.8.0
7f113cee3000-7f113cee5000 r--p 00039000 08:04 1049911                    /usr/lib/x86_64-linux-gnu/libfontconfig.so.1.8.0
7f113cee5000-7f113cee6000 rw-p 0003b000 08:04 1049911                    /usr/lib/x86_64-linux-gnu/libfontconfig.so.1.8.0
7f113cee6000-7f113cf30000 r-xp 00000000 08:04 1049277                    /usr/lib/x86_64-linux-gnu/libpango-1.0.so.0.3600.3
7f113cf30000-7f113d130000 ---p 0004a000 08:04 1049277                    /usr/lib/x86_64-linux-gnu/libpango-1.0.so.0.3600.3
7f113d130000-7f113d132000 r--p 0004a000 08:04 1049277                    /usr/lib/x86_64-linux-gnu/libpango-1.0.so.0.3600.3
7f113d132000-7f113d133000 rw-p 0004c000 08:04 1049277                    /usr/lib/x86_64-linux-gnu/libpango-1.0.so.0.3600.3
7f113d133000-7f113d147000 r-xp 00000000 08:04 1051421                    /usr/lib/x86_64-linux-gnu/libpangoft2-1.0.so.0.3600.3
7f113d147000-7f113d346000 ---p 00014000 08:04 1051421                    /usr/lib/x86_64-linux-gnu/libpangoft2-1.0.so.0.3600.3
7f113d346000-7f113d347000 r--p 00013000 08:04 1051421                    /usr/lib/x86_64-linux-gnu/libpangoft2-1.0.so.0.3600.3
7f113d347000-7f113d348000 rw-p 00014000 08:04 1051421                    /usr/lib/x86_64-linux-gnu/libpangoft2-1.0.so.0.3600.3
7f113d348000-7f113d4b4000 r-xp 00000000 08:04 1054529                    /usr/lib/x86_64-linux-gnu/libgio-2.0.so.0.4002.0
7f113d4b4000-7f113d6b3000 ---p 0016c000 08:04 1054529                    /usr/lib/x86_64-linux-gnu/libgio-2.0.so.0.4002.0
7f113d6b3000-7f113d6b7000 r--p 0016b000 08:04 1054529                    /usr/lib/x86_64-linux-gnu/libgio-2.0.so.0.4002.0
7f113d6b7000-7f113d6b9000 rw-p 0016f000 08:04 1054529                    /usr/lib/x86_64-linux-gnu/libgio-2.0.so.0.4002.0
7f113d6b9000-7f113d6bb000 rw-p 00000000 00:00 0 
7f113d6bb000-7f113d6db000 r-xp 00000000 08:04 1050888                    /usr/lib/x86_64-linux-gnu/libgdk_pixbuf-2.0.so.0.3000.7
7f113d6db000-7f113d8da000 ---p 00020000 08:04 1050888                    /usr/lib/x86_64-linux-gnu/libgdk_pixbuf-2.0.so.0.3000.7
7f113d8da000-7f113d8db000 r--p 0001f000 08:04 1050888                    /usr/lib/x86_64-linux-gnu/libgdk_pixbuf-2.0.so.0.3000.7
7f113d8db000-7f113d8dc000 rw-p 00020000 08:04 1050888                    /usr/lib/x86_64-linux-gnu/libgdk_pixbuf-2.0.so.0.3000.7
7f113d8dc000-7f113d9e2000 r-xp 00000000 08:04 1050577                    /usr/lib/x86_64-linux-gnu/libcairo.so.2.11301.0
7f113d9e2000-7f113dbe1000 ---p 00106000 08:04 1050577                    /usr/lib/x86_64-linux-gnu/libcairo.so.2.11301.0
7f113dbe1000-7f113dbe4000 r--p 00105000 08:04 1050577                    /usr/lib/x86_64-linux-gnu/libcairo.so.2.11301.0
7f113dbe4000-7f113dbe5000 rw-p 00108000 08:04 1050577                    /usr/lib/x86_64-linux-gnu/libcairo.so.2.11301.0
7f113dbe5000-7f113dbe7000 rw-p 00000000 00:00 0 
7f113dbe7000-7f113dc06000 r-xp 00000000 08:04 1050063                    /usr/lib/x86_64-linux-gnu/libatk-1.0.so.0.21009.1
7f113dc06000-7f113de06000 ---p 0001f000 08:04 1050063                    /usr/lib/x86_64-linux-gnu/libatk-1.0.so.0.21009.1
7f113de06000-7f113de08000 r--p 0001f000 08:04 1050063                    /usr/lib/x86_64-linux-gnu/libatk-1.0.so.0.21009.1
7f113de08000-7f113de09000 rw-p 00021000 08:04 1050063                    /usr/lib/x86_64-linux-gnu/libatk-1.0.so.0.21009.1
7f113de09000-7f113de0e000 r-xp 00000000 08:04 1051270                    /usr/lib/x86_64-linux-gnu/libXfixes.so.3.1.0
7f113de0e000-7f113e00d000 ---p 00005000 08:04 1051270                    /usr/lib/x86_64-linux-gnu/libXfixes.so.3.1.0
7f113e00d000-7f113e00e000 r--p 00004000 08:04 1051270                    /usr/lib/x86_64-linux-gnu/libXfixes.so.3.1.0
7f113e00e000-7f113e00f000 rw-p 00005000 08:04 1051270                    /usr/lib/x86_64-linux-gnu/libXfixes.so.3.1.0
7f113e00f000-7f113e13f000 r-xp 00000000 08:04 1051036                    /usr/lib/x86_64-linux-gnu/libX11.so.6.3.0
7f113e13f000-7f113e33f000 ---p 00130000 08:04 1051036                    /usr/lib/x86_64-linux-gnu/libX11.so.6.3.0
7f113e33f000-7f113e340000 r--p 00130000 08:04 1051036                    /usr/lib/x86_64-linux-gnu/libX11.so.6.3.0
7f113e340000-7f113e344000 rw-p 00131000 08:04 1051036                    /usr/lib/x86_64-linux-gnu/libX11.so.6.3.0
7f113e344000-7f113e34f000 r-xp 00000000 08:04 1048612                    /usr/lib/x86_64-linux-gnu/libpangocairo-1.0.so.0.3600.3
7f113e34f000-7f113e54f000 ---p 0000b000 08:04 1048612                    /usr/lib/x86_64-linux-gnu/libpangocairo-1.0.so.0.3600.3
7f113e54f000-7f113e550000 r--p 0000b000 08:04 1048612                    /usr/lib/x86_64-linux-gnu/libpangocairo-1.0.so.0.3600.3
7f113e550000-7f113e551000 rw-p 0000c000 08:04 1048612                    /usr/lib/x86_64-linux-gnu/libpangocairo-1.0.so.0.3600.3
7f113e551000-7f113e554000 r-xp 00000000 08:04 1054526                    /usr/lib/x86_64-linux-gnu/libgmodule-2.0.so.0.4002.0
7f113e554000-7f113e753000 ---p 00003000 08:04 1054526                    /usr/lib/x86_64-linux-gnu/libgmodule-2.0.so.0.4002.0
7f113e753000-7f113e754000 r--p 00002000 08:04 1054526                    /usr/lib/x86_64-linux-gnu/libgmodule-2.0.so.0.4002.0
7f113e754000-7f113e755000 rw-p 00003000 08:04 1054526                    /usr/lib/x86_64-linux-gnu/libgmodule-2.0.so.0.4002.0
7f113e755000-7f113e802000 r-xp 00000000 08:04 1050464                    /usr/lib/x86_64-linux-gnu/libgdk-x11-2.0.so.0.2400.23
7f113e802000-7f113ea02000 ---p 000ad000 08:04 1050464                    /usr/lib/x86_64-linux-gnu/libgdk-x11-2.0.so.0.2400.23
7f113ea02000-7f113ea06000 r--p 000ad000 08:04 1050464                    /usr/lib/x86_64-linux-gnu/libgdk-x11-2.0.so.0.2400.23
7f113ea06000-7f113ea08000 rw-p 000b1000 08:04 1050464                    /usr/lib/x86_64-linux-gnu/libgdk-x11-2.0.so.0.2400.23
7f113ea08000-7f113ea0d000 r-xp 00000000 08:04 1065739                    /usr/lib/x86_64-linux-gnu/libXtst.so.6.1.0
7f113ea0d000-7f113ec0c000 ---p 00005000 08:04 1065739                    /usr/lib/x86_64-linux-gnu/libXtst.so.6.1.0
7f113ec0c000-7f113ec0d000 r--p 00004000 08:04 1065739                    /usr/lib/x86_64-linux-gnu/libXtst.so.6.1.0
7f113ec0d000-7f113ec0e000 rw-p 00005000 08:04 1065739                    /usr/lib/x86_64-linux-gnu/libXtst.so.6.1.0
7f113ec0e000-7f113ec0f000 r-xp 00000000 08:04 1054528                    /usr/lib/x86_64-linux-gnu/libgthread-2.0.so.0.4002.0
7f113ec0f000-7f113ee0e000 ---p 00001000 08:04 1054528                    /usr/lib/x86_64-linux-gnu/libgthread-2.0.so.0.4002.0
7f113ee0e000-7f113ee0f000 r--p 00000000 08:04 1054528                    /usr/lib/x86_64-linux-gnu/libgthread-2.0.so.0.4002.0
7f113ee0f000-7f113ee10000 rw-p 00001000 08:04 1054528                    /usr/lib/x86_64-linux-gnu/libgthread-2.0.so.0.4002.0
7f113ee10000-7f113f240000 r-xp 00000000 08:04 1050513                    /usr/lib/x86_64-linux-gnu/libgtk-x11-2.0.so.0.2400.23
7f113f240000-7f113f43f000 ---p 00430000 08:04 1050513                    /usr/lib/x86_64-linux-gnu/libgtk-x11-2.0.so.0.2400.23
7f113f43f000-7f113f446000 r--p 0042f000 08:04 1050513                    /usr/lib/x86_64-linux-gnu/libgtk-x11-2.0.so.0.2400.23
7f113f446000-7f113f44a000 rw-p 00436000 08:04 1050513                    /usr/lib/x86_64-linux-gnu/libgtk-x11-2.0.so.0.2400.23
7f113f44a000-7f113f44d000 rw-p 00000000 00:00 0 
7f113f44d000-7f113f4b9000 r-xp 00000000 08:04 6597097                    /tmp/swtlib-64/libswt-pi-gtk-3557.so
7f113f4b9000-7f113f5b8000 ---p 0006c000 08:04 6597097                    /tmp/swtlib-64/libswt-pi-gtk-3557.so
7f113f5b8000-7f113f5bc000 rw-p 0006b000 08:04 6597097                    /tmp/swtlib-64/libswt-pi-gtk-3557.so
7f113f5bc000-7f113f5bd000 rw-p 00000000 00:00 0 
7f113f5bd000-7f113f5d3000 r-xp 00000000 08:04 4981230                    /lib/x86_64-linux-gnu/libgcc_s.so.1
7f113f5d3000-7f113f7d2000 ---p 00016000 08:04 4981230                    /lib/x86_64-linux-gnu/libgcc_s.so.1
7f113f7d2000-7f113f7d3000 rw-p 00015000 08:04 4981230                    /lib/x86_64-linux-gnu/libgcc_s.so.1
7f113f7d3000-7f113f8b9000 r-xp 00000000 08:04 1052505                    /usr/lib/x86_64-linux-gnu/libstdc++.so.6.0.19
7f113f8b9000-7f113fab8000 ---p 000e6000 08:04 1052505                    /usr/lib/x86_64-linux-gnu/libstdc++.so.6.0.19
7f113fab8000-7f113fac0000 r--p 000e5000 08:04 1052505                    /usr/lib/x86_64-linux-gnu/libstdc++.so.6.0.19
7f113fac0000-7f113fac2000 rw-p 000ed000 08:04 1052505                    /usr/lib/x86_64-linux-gnu/libstdc++.so.6.0.19
7f113fac2000-7f113fad7000 rw-p 00000000 00:00 0 
7f113fad7000-7f113fddf000 r-xp 00000000 08:04 2138157                    /home/ia941/IA941/soar/SoarSuite_9.4.0-Linux_64bit/bin/libSoar.so
7f113fddf000-7f113ffdf000 ---p 00308000 08:04 2138157                    /home/ia941/IA941/soar/SoarSuite_9.4.0-Linux_64bit/bin/libSoar.so
7f113ffdf000-7f113ffee000 r--p 00308000 08:04 2138157                    /home/ia941/IA941/soar/SoarSuite_9.4.0-Linux_64bit/bin/libSoar.so
7f113ffee000-7f113fff6000 rw-p 00317000 08:04 2138157                    /home/ia941/IA941/soar/SoarSuite_9.4.0-Linux_64bit/bin/libSoar.so
7f113fff6000-7f1140000000 rw-p 00000000 00:00 0 
7f1140000000-7f1140021000 rw-p 00000000 00:00 0 
7f1140021000-7f1144000000 ---p 00000000 00:00 0 
7f1144000000-7f1144021000 rw-p 00000000 00:00 0 
7f1144021000-7f1148000000 ---p 00000000 00:00 0 
7f1148000000-7f1148c2f000 rw-p 00000000 00:00 0 
7f1148c2f000-7f114c000000 ---p 00000000 00:00 0 
7f114c000000-7f114c4bb000 rw-p 00000000 00:00 0 
7f114c4bb000-7f1150000000 ---p 00000000 00:00 0 
7f1150000000-7f1150021000 rw-p 00000000 00:00 0 
7f1150021000-7f1154000000 ---p 00000000 00:00 0 
7f1154000000-7f115509c000 rw-p 00000000 00:00 0 
7f115509c000-7f1158000000 ---p 00000000 00:00 0 
7f1158000000-7f1158021000 rw-p 00000000 00:00 0 
7f1158021000-7f115c000000 ---p 00000000 00:00 0 
7f115c000000-7f115c021000 rw-p 00000000 00:00 0 
7f115c021000-7f1160000000 ---p 00000000 00:00 0 
7f1160000000-7f1160021000 rw-p 00000000 00:00 0 
7f1160021000-7f1164000000 ---p 00000000 00:00 0 
7f1164000000-7f1164002000 r--s 00000000 08:04 524492                     /var/cache/fontconfig/67709b7835c0f764c1135060c9575660-le64.cache-4
7f1164002000-7f1164004000 r--s 00000000 08:04 524476                     /var/cache/fontconfig/6e6b34ae150a7ad95e82fb4a522f0bda-le64.cache-4
7f1164004000-7f1164017000 r--s 00000000 08:04 524447                     /var/cache/fontconfig/4ac51e5cfbc76fc3f983e470323a16d3-le64.cache-4
7f1164017000-7f1164040000 r--p 00000000 08:04 1315111                    /usr/share/locale-langpack/pt/LC_MESSAGES/gtk20-properties.mo
7f1164040000-7f116407e000 r-xp 00000000 08:04 2138156                    /home/ia941/IA941/soar/SoarSuite_9.4.0-Linux_64bit/bin/libJava_sml_ClientInterface.so
7f116407e000-7f116427e000 ---p 0003e000 08:04 2138156                    /home/ia941/IA941/soar/SoarSuite_9.4.0-Linux_64bit/bin/libJava_sml_ClientInterface.so
7f116427e000-7f116427f000 r--p 0003e000 08:04 2138156                    /home/ia941/IA941/soar/SoarSuite_9.4.0-Linux_64bit/bin/libJava_sml_ClientInterface.so
7f116427f000-7f1164280000 rw-p 0003f000 08:04 2138156                    /home/ia941/IA941/soar/SoarSuite_9.4.0-Linux_64bit/bin/libJava_sml_ClientInterface.so
7f1164280000-7f1168000000 rw-p 00000000 00:00 0 
7f1168000000-7f1168021000 rw-p 00000000 00:00 0 
7f1168021000-7f116c000000 ---p 00000000 00:00 0 
7f116c000000-7f116c021000 rw-p 00000000 00:00 0 
7f116c021000-7f1170000000 ---p 00000000 00:00 0 
7f1170000000-7f1170021000 rw-p 00000000 00:00 0 
7f1170021000-7f1174000000 ---p 00000000 00:00 0 
7f1174000000-7f1174021000 rw-p 00000000 00:00 0 
7f1174021000-7f1178000000 ---p 00000000 00:00 0 
7f1178000000-7f1178029000 r--p 00000000 08:04 1313878                    /usr/share/locale-langpack/pt_BR/LC_MESSAGES/gtk20-properties.mo
7f1178029000-7f1178043000 r--p 00000000 08:04 1315982                    /usr/share/locale-langpack/pt/LC_MESSAGES/libc.mo
7f1178043000-7f1178065000 r--p 00000000 08:04 1312702                    /usr/share/locale-langpack/pt_BR/LC_MESSAGES/libc.mo
7f1178065000-7f11780a5000 r-xp 00000000 08:04 6597095                    /tmp/swtlib-64/libswt-gtk-3557.so
7f11780a5000-7f11781a5000 ---p 00040000 08:04 6597095                    /tmp/swtlib-64/libswt-gtk-3557.so
7f11781a5000-7f11781a9000 rw-p 00040000 08:04 6597095                    /tmp/swtlib-64/libswt-gtk-3557.so
7f11781a9000-7f11781aa000 rw-p 00000000 00:00 0 
7f11781aa000-7f11781ad000 ---p 00000000 00:00 0 
7f11781ad000-7f11782ab000 rw-p 00000000 00:00 0 
7f11782ab000-7f1178341000 r--s 0110a000 08:04 1774655                    /usr/lib/jvm/java-8-oracle/jre/lib/ext/jfxrt.jar
7f1178341000-7f1178342000 ---p 00000000 00:00 0 
7f1178342000-7f1178442000 rw-p 00000000 00:00 0                          [stack:17302]
7f1178442000-7f1178445000 ---p 00000000 00:00 0 
7f1178445000-7f1178543000 rw-p 00000000 00:00 0                          [stack:17301]
7f1178543000-7f1178546000 ---p 00000000 00:00 0 
7f1178546000-7f1178644000 rw-p 00000000 00:00 0                          [stack:17300]
7f1178644000-7f1178647000 ---p 00000000 00:00 0 
7f1178647000-7f1178745000 rw-p 00000000 00:00 0                          [stack:17299]
7f1178745000-7f1178748000 ---p 00000000 00:00 0 
7f1178748000-7f1178846000 rw-p 00000000 00:00 0                          [stack:17298]
7f1178846000-7f1178849000 ---p 00000000 00:00 0 
7f1178849000-7f1178947000 rw-p 00000000 00:00 0                          [stack:17297]
7f1178947000-7f1178eff000 r--p 00000000 08:04 1050376                    /usr/lib/locale/locale-archive
7f1178eff000-7f1178f02000 ---p 00000000 00:00 0 
7f1178f02000-7f1179000000 rw-p 00000000 00:00 0                          [stack:17296]
7f1179000000-7f1179600000 rwxp 00000000 00:00 0 
7f1179600000-7f1188000000 ---p 00000000 00:00 0 
7f1188000000-7f1188ce2000 rw-p 00000000 00:00 0 
7f1188ce2000-7f118c000000 ---p 00000000 00:00 0 
7f118c000000-7f118c001000 r--s 00000000 08:04 524487                     /var/cache/fontconfig/0c9eb80ebd1c36541ebe2852d3bb0c49-le64.cache-4
7f118c001000-7f118c008000 r--s 00000000 08:04 524449                     /var/cache/fontconfig/53d14c92082a93e67d5078324eb314ca-le64.cache-4
7f118c008000-7f118c00b000 r--s 00000000 08:04 524443                     /var/cache/fontconfig/de83a0a961185c8bd1f159015d56c039-le64.cache-4
7f118c00b000-7f118c012000 r--s 00000000 08:04 1064875                    /usr/lib/x86_64-linux-gnu/gconv/gconv-modules.cache
7f118c012000-7f118c021000 r--p 00000000 08:04 1313887                    /usr/share/locale-langpack/pt_BR/LC_MESSAGES/gtk20.mo
7f118c021000-7f118c034000 r--s 00211000 08:04 2266956                    /home/ia941/IA941/soar/SoarSuite_9.4.0-Linux_64bit/bin/java/swt.jar
7f118c034000-7f118c037000 ---p 00000000 00:00 0 
7f118c037000-7f118c135000 rw-p 00000000 00:00 0                          [stack:17295]
7f118c135000-7f118c136000 ---p 00000000 00:00 0 
7f118c136000-7f118d145000 rw-p 00000000 00:00 0                          [stack:17294]
7f118d145000-7f118d31e000 r--s 03d64000 08:04 1210327                    /usr/lib/jvm/java-8-oracle/jre/lib/rt.jar
7f118d31e000-7f118df6c000 rw-p 00000000 00:00 0 
7f118df6c000-7f118df6d000 ---p 00000000 00:00 0 
7f118df6d000-7f118e06d000 rw-p 00000000 00:00 0                          [stack:17293]
7f118e06d000-7f118e06e000 ---p 00000000 00:00 0 
7f118e06e000-7f118e16e000 rw-p 00000000 00:00 0                          [stack:17292]
7f118e16e000-7f118e16f000 ---p 00000000 00:00 0 
7f118e16f000-7f118e26f000 rw-p 00000000 00:00 0                          [stack:17291]
7f118e26f000-7f118e270000 ---p 00000000 00:00 0 
7f118e270000-7f118e39a000 rw-p 00000000 00:00 0                          [stack:17290]
7f118e39a000-7f118e600000 ---p 00000000 00:00 0 
7f118e600000-7f118e62a000 rw-p 00000000 00:00 0 
7f118e62a000-7f118e890000 ---p 00000000 00:00 0 
7f118e890000-7f118e8a5000 rw-p 00000000 00:00 0 
7f118e8a5000-7f118e9d8000 ---p 00000000 00:00 0 
7f118e9d8000-7f118e9f1000 rw-p 00000000 00:00 0 
7f118e9f1000-7f118ed99000 ---p 00000000 00:00 0 
7f118ed99000-7f118edb4000 r-xp 00000000 08:04 1774569                    /usr/lib/jvm/java-8-oracle/jre/lib/amd64/libzip.so
7f118edb4000-7f118efb4000 ---p 0001b000 08:04 1774569                    /usr/lib/jvm/java-8-oracle/jre/lib/amd64/libzip.so
7f118efb4000-7f118efb5000 rw-p 0001b000 08:04 1774569                    /usr/lib/jvm/java-8-oracle/jre/lib/amd64/libzip.so
7f118efb5000-7f118efbf000 r-xp 00000000 08:04 5013265                    /lib/x86_64-linux-gnu/libnss_files-2.19.so
7f118efbf000-7f118f1be000 ---p 0000a000 08:04 5013265                    /lib/x86_64-linux-gnu/libnss_files-2.19.so
7f118f1be000-7f118f1bf000 r--p 00009000 08:04 5013265                    /lib/x86_64-linux-gnu/libnss_files-2.19.so
7f118f1bf000-7f118f1c0000 rw-p 0000a000 08:04 5013265                    /lib/x86_64-linux-gnu/libnss_files-2.19.so
7f118f1c0000-7f118f1cb000 r-xp 00000000 08:04 5013274                    /lib/x86_64-linux-gnu/libnss_nis-2.19.so
7f118f1cb000-7f118f3ca000 ---p 0000b000 08:04 5013274                    /lib/x86_64-linux-gnu/libnss_nis-2.19.so
7f118f3ca000-7f118f3cb000 r--p 0000a000 08:04 5013274                    /lib/x86_64-linux-gnu/libnss_nis-2.19.so
7f118f3cb000-7f118f3cc000 rw-p 0000b000 08:04 5013274                    /lib/x86_64-linux-gnu/libnss_nis-2.19.so
7f118f3cc000-7f118f3e3000 r-xp 00000000 08:04 5013287                    /lib/x86_64-linux-gnu/libnsl-2.19.so
7f118f3e3000-7f118f5e2000 ---p 00017000 08:04 5013287                    /lib/x86_64-linux-gnu/libnsl-2.19.so
7f118f5e2000-7f118f5e3000 r--p 00016000 08:04 5013287                    /lib/x86_64-linux-gnu/libnsl-2.19.so
7f118f5e3000-7f118f5e4000 rw-p 00017000 08:04 5013287                    /lib/x86_64-linux-gnu/libnsl-2.19.so
7f118f5e4000-7f118f5e6000 rw-p 00000000 00:00 0 
7f118f5e6000-7f118f5ef000 r-xp 00000000 08:04 5013276                    /lib/x86_64-linux-gnu/libnss_compat-2.19.so
7f118f5ef000-7f118f7ee000 ---p 00009000 08:04 5013276                    /lib/x86_64-linux-gnu/libnss_compat-2.19.so
7f118f7ee000-7f118f7ef000 r--p 00008000 08:04 5013276                    /lib/x86_64-linux-gnu/libnss_compat-2.19.so
7f118f7ef000-7f118f7f0000 rw-p 00009000 08:04 5013276                    /lib/x86_64-linux-gnu/libnss_compat-2.19.so
7f118f7f0000-7f118f81b000 r-xp 00000000 08:04 1774545                    /usr/lib/jvm/java-8-oracle/jre/lib/amd64/libjava.so
7f118f81b000-7f118fa1a000 ---p 0002b000 08:04 1774545                    /usr/lib/jvm/java-8-oracle/jre/lib/amd64/libjava.so
7f118fa1a000-7f118fa1c000 rw-p 0002a000 08:04 1774545                    /usr/lib/jvm/java-8-oracle/jre/lib/amd64/libjava.so
7f118fa1c000-7f118fa29000 r-xp 00000000 08:04 1774536                    /usr/lib/jvm/java-8-oracle/jre/lib/amd64/libverify.so
7f118fa29000-7f118fc29000 ---p 0000d000 08:04 1774536                    /usr/lib/jvm/java-8-oracle/jre/lib/amd64/libverify.so
7f118fc29000-7f118fc2b000 rw-p 0000d000 08:04 1774536                    /usr/lib/jvm/java-8-oracle/jre/lib/amd64/libverify.so
7f118fc2b000-7f118fc32000 r-xp 00000000 08:04 5013285                    /lib/x86_64-linux-gnu/librt-2.19.so
7f118fc32000-7f118fe31000 ---p 00007000 08:04 5013285                    /lib/x86_64-linux-gnu/librt-2.19.so
7f118fe31000-7f118fe32000 r--p 00006000 08:04 5013285                    /lib/x86_64-linux-gnu/librt-2.19.so
7f118fe32000-7f118fe33000 rw-p 00007000 08:04 5013285                    /lib/x86_64-linux-gnu/librt-2.19.so
7f118fe33000-7f118ff38000 r-xp 00000000 08:04 5013278                    /lib/x86_64-linux-gnu/libm-2.19.so
7f118ff38000-7f1190137000 ---p 00105000 08:04 5013278                    /lib/x86_64-linux-gnu/libm-2.19.so
7f1190137000-7f1190138000 r--p 00104000 08:04 5013278                    /lib/x86_64-linux-gnu/libm-2.19.so
7f1190138000-7f1190139000 rw-p 00105000 08:04 5013278                    /lib/x86_64-linux-gnu/libm-2.19.so
7f1190139000-7f1190e12000 r-xp 00000000 08:04 1774531                    /usr/lib/jvm/java-8-oracle/jre/lib/amd64/server/libjvm.so
7f1190e12000-7f1191011000 ---p 00cd9000 08:04 1774531                    /usr/lib/jvm/java-8-oracle/jre/lib/amd64/server/libjvm.so
7f1191011000-7f11910ea000 rw-p 00cd8000 08:04 1774531                    /usr/lib/jvm/java-8-oracle/jre/lib/amd64/server/libjvm.so
7f11910ea000-7f1191136000 rw-p 00000000 00:00 0 
7f1191136000-7f11912f4000 r-xp 00000000 08:04 5014198                    /lib/x86_64-linux-gnu/libc-2.19.so
7f11912f4000-7f11914f4000 ---p 001be000 08:04 5014198                    /lib/x86_64-linux-gnu/libc-2.19.so
7f11914f4000-7f11914f8000 r--p 001be000 08:04 5014198                    /lib/x86_64-linux-gnu/libc-2.19.so
7f11914f8000-7f11914fa000 rw-p 001c2000 08:04 5014198                    /lib/x86_64-linux-gnu/libc-2.19.so
7f11914fa000-7f11914ff000 rw-p 00000000 00:00 0 
7f11914ff000-7f1191502000 r-xp 00000000 08:04 5013288                    /lib/x86_64-linux-gnu/libdl-2.19.so
7f1191502000-7f1191701000 ---p 00003000 08:04 5013288                    /lib/x86_64-linux-gnu/libdl-2.19.so
7f1191701000-7f1191702000 r--p 00002000 08:04 5013288                    /lib/x86_64-linux-gnu/libdl-2.19.so
7f1191702000-7f1191703000 rw-p 00003000 08:04 5013288                    /lib/x86_64-linux-gnu/libdl-2.19.so
7f1191703000-7f1191719000 r-xp 00000000 08:04 1774539                    /usr/lib/jvm/java-8-oracle/jre/lib/amd64/jli/libjli.so
7f1191719000-7f1191918000 ---p 00016000 08:04 1774539                    /usr/lib/jvm/java-8-oracle/jre/lib/amd64/jli/libjli.so
7f1191918000-7f1191919000 rw-p 00015000 08:04 1774539                    /usr/lib/jvm/java-8-oracle/jre/lib/amd64/jli/libjli.so
7f1191919000-7f1191932000 r-xp 00000000 08:04 5013284                    /lib/x86_64-linux-gnu/libpthread-2.19.so
7f1191932000-7f1191b31000 ---p 00019000 08:04 5013284                    /lib/x86_64-linux-gnu/libpthread-2.19.so
7f1191b31000-7f1191b32000 r--p 00018000 08:04 5013284                    /lib/x86_64-linux-gnu/libpthread-2.19.so
7f1191b32000-7f1191b33000 rw-p 00019000 08:04 5013284                    /lib/x86_64-linux-gnu/libpthread-2.19.so
7f1191b33000-7f1191b37000 rw-p 00000000 00:00 0 
7f1191b37000-7f1191b5a000 r-xp 00000000 08:04 5013281                    /lib/x86_64-linux-gnu/ld-2.19.so
7f1191b5a000-7f1191b5b000 r--s 00000000 08:04 524459                     /var/cache/fontconfig/3334a778d104e76d188e9df399bc24d2-le64.cache-4
7f1191b5b000-7f1191b5c000 r--s 00000000 08:04 524444                     /var/cache/fontconfig/c277e94e32b20404286a1ddafa5a80f0-le64.cache-4
7f1191b5c000-7f1191c2d000 rw-p 00000000 00:00 0 
7f1191c2d000-7f1191c30000 ---p 00000000 00:00 0 
7f1191c30000-7f1191d32000 rw-p 00000000 00:00 0                          [stack:17289]
7f1191d32000-7f1191d36000 r--s 00000000 08:04 524403                     /var/cache/fontconfig/7ef2298fde41cc6eeb7af42e48b7d293-le64.cache-4
7f1191d36000-7f1191d37000 r--s 00000000 08:04 524386                     /var/cache/fontconfig/e0aa53bcfa504e64f87823c16bc01eb6-le64.cache-4
7f1191d37000-7f1191d3a000 r--s 0001a000 08:04 1210369                    /usr/lib/jvm/java-8-oracle/jre/lib/jce.jar
7f1191d3a000-7f1191d3f000 r--s 0009d000 08:04 1210373                    /usr/lib/jvm/java-8-oracle/jre/lib/jsse.jar
7f1191d3f000-7f1191d42000 r--s 0001a000 08:04 2266952                    /home/ia941/IA941/soar/SoarSuite_9.4.0-Linux_64bit/bin/java/sml.jar
7f1191d42000-7f1191d44000 r--s 00005000 08:04 2266955                    /home/ia941/IA941/soar/SoarSuite_9.4.0-Linux_64bit/bin/java/soar-smljava.jar
7f1191d44000-7f1191d4d000 r--s 0005a000 08:04 2266954                    /home/ia941/IA941/soar/SoarSuite_9.4.0-Linux_64bit/bin/java/soar-debugger.jar
7f1191d4d000-7f1191d4e000 r--s 00000000 08:04 2138165                    /home/ia941/IA941/soar/SoarSuite_9.4.0-Linux_64bit/bin/SoarJavaDebugger.jar
7f1191d4e000-7f1191d56000 rw-s 00000000 08:04 6597090                    /tmp/hsperfdata_ia941/17288
7f1191d56000-7f1191d57000 rw-p 00000000 00:00 0 
7f1191d57000-7f1191d58000 r--p 00000000 00:00 0 
7f1191d58000-7f1191d59000 rw-p 00000000 00:00 0 
7f1191d59000-7f1191d5a000 r--p 00022000 08:04 5013281                    /lib/x86_64-linux-gnu/ld-2.19.so
7f1191d5a000-7f1191d5b000 rw-p 00023000 08:04 5013281                    /lib/x86_64-linux-gnu/ld-2.19.so
7f1191d5b000-7f1191d5c000 rw-p 00000000 00:00 0 
7ffdc2b7d000-7ffdc2b9e000 rw-p 00000000 00:00 0                          [stack]
7ffdc2bc4000-7ffdc2bc6000 r-xp 00000000 00:00 0                          [vdso]
ffffffffff600000-ffffffffff601000 r-xp 00000000 00:00 0                  [vsyscall]

VM Arguments:
java_command: /home/ia941/IA941/soar/SoarSuite_9.4.0-Linux_64bit/bin/SoarJavaDebugger.jar
java_class_path (initial): /home/ia941/IA941/soar/SoarSuite_9.4.0-Linux_64bit/bin/SoarJavaDebugger.jar
Launcher Type: SUN_STANDARD

Environment Variables:
JAVA_HOME=/usr/lib/jvm/java-8-oracle
PATH=/opt/arduino:/opt/altera/13.0sp1/quartus/bin:/opt/eclipse:/opt/netbeans/bin:/opt/argouml:/usr/local/sbin:/usr/local/bin:/usr/sbin:/usr/bin:/sbin:/bin:/usr/games
LD_LIBRARY_PATH=/home/ia941/IA941/soar/SoarSuite_9.4.0-Linux_64bit/bin
SHELL=/bin/bash
DISPLAY=:0

Signal Handlers:
SIGSEGV: [libjvm.so+0xad01e0], sa_mask[0]=11111111011111111101111111111110, sa_flags=SA_RESTART|SA_SIGINFO
SIGBUS: [libjvm.so+0xad01e0], sa_mask[0]=11111111011111111101111111111110, sa_flags=SA_RESTART|SA_SIGINFO
SIGFPE: [libjvm.so+0x927fb0], sa_mask[0]=11111111011111111101111111111110, sa_flags=SA_RESTART|SA_SIGINFO
SIGPIPE: SIG_IGN, sa_mask[0]=00000000000000000000000000000000, sa_flags=none
SIGXFSZ: [libjvm.so+0x927fb0], sa_mask[0]=11111111011111111101111111111110, sa_flags=SA_RESTART|SA_SIGINFO
SIGILL: [libjvm.so+0x927fb0], sa_mask[0]=11111111011111111101111111111110, sa_flags=SA_RESTART|SA_SIGINFO
SIGUSR1: SIG_DFL, sa_mask[0]=00000000000000000000000000000000, sa_flags=none
SIGUSR2: [libjvm.so+0x9297f0], sa_mask[0]=00000000000000000000000000000000, sa_flags=SA_RESTART|SA_SIGINFO
SIGHUP: [libjvm.so+0x92abf0], sa_mask[0]=11111111011111111101111111111110, sa_flags=SA_RESTART|SA_SIGINFO
SIGINT: [libjvm.so+0x92abf0], sa_mask[0]=11111111011111111101111111111110, sa_flags=SA_RESTART|SA_SIGINFO
SIGTERM: [libjvm.so+0x92abf0], sa_mask[0]=11111111011111111101111111111110, sa_flags=SA_RESTART|SA_SIGINFO
SIGQUIT: [libjvm.so+0x92abf0], sa_mask[0]=11111111011111111101111111111110, sa_flags=SA_RESTART|SA_SIGINFO


---------------  S Y S T E M  ---------------

OS:DISTRIB_ID=Ubuntu
DISTRIB_RELEASE=14.04
DISTRIB_CODENAME=trusty
DISTRIB_DESCRIPTION="Ubuntu 14.04.5 LTS"

uname:Linux 3.13.0-142-generic #191-Ubuntu SMP Fri Feb 2 12:13:35 UTC 2018 x86_64
libc:glibc 2.19 NPTL 2.19 
rlimit: STACK 8192k, CORE 0k, NPROC 62675, NOFILE 4096, AS infinity
load average:0,33 0,21 0,15

/proc/meminfo:
MemTotal:        8053432 kB
MemFree:         1397480 kB
Buffers:         1062948 kB
Cached:          2586736 kB
SwapCached:            0 kB
Active:          3990572 kB
Inactive:        1839492 kB
Active(anon):    2193568 kB
Inactive(anon):   251196 kB
Active(file):    1797004 kB
Inactive(file):  1588296 kB
Unevictable:           0 kB
Mlocked:               0 kB
SwapTotal:      16779888 kB
SwapFree:       16779888 kB
Dirty:                52 kB
Writeback:             0 kB
AnonPages:       2180420 kB
Mapped:           412972 kB
Shmem:            264388 kB
Slab:             685616 kB
SReclaimable:     645236 kB
SUnreclaim:        40380 kB
KernelStack:        5448 kB
PageTables:        38056 kB
NFS_Unstable:          0 kB
Bounce:                0 kB
WritebackTmp:          0 kB
CommitLimit:    20806604 kB
Committed_AS:    6369700 kB
VmallocTotal:   34359738367 kB
VmallocUsed:      362580 kB
VmallocChunk:   34359368272 kB
HardwareCorrupted:     0 kB
AnonHugePages:   1236992 kB
HugePages_Total:       0
HugePages_Free:        0
HugePages_Rsvd:        0
HugePages_Surp:        0
Hugepagesize:       2048 kB
DirectMap4k:      107984 kB
DirectMap2M:     8159232 kB


CPU:total 4 (initial active 4) (4 cores per cpu, 1 threads per core) family 6 model 42 stepping 7, cmov, cx8, fxsr, mmx, sse, sse2, sse3, ssse3, sse4.1, sse4.2, popcnt, avx, aes, clmul, tsc, tscinvbit

/proc/cpuinfo:
processor	: 0
vendor_id	: GenuineIntel
cpu family	: 6
model		: 42
model name	: Intel(R) Core(TM) i5-2400 CPU @ 3.10GHz
stepping	: 7
microcode	: 0x18
cpu MHz		: 1600.000
cache size	: 6144 KB
physical id	: 0
siblings	: 4
core id		: 0
cpu cores	: 4
apicid		: 0
initial apicid	: 0
fpu		: yes
fpu_exception	: yes
cpuid level	: 13
wp		: yes
flags		: fpu vme de pse tsc msr pae mce cx8 apic sep mtrr pge mca cmov pat pse36 clflush dts acpi mmx fxsr sse sse2 ss ht tm pbe syscall nx rdtscp lm constant_tsc arch_perfmon pebs bts rep_good nopl xtopology nonstop_tsc aperfmperf eagerfpu pni pclmulqdq dtes64 monitor ds_cpl vmx smx est tm2 ssse3 cx16 xtpr pdcm pcid sse4_1 sse4_2 x2apic popcnt tsc_deadline_timer aes xsave avx lahf_lm ida arat epb xsaveopt pln pts dtherm tpr_shadow vnmi flexpriority ept vpid
bogomips	: 6185.68
clflush size	: 64
cache_alignment	: 64
address sizes	: 36 bits physical, 48 bits virtual
power management:

processor	: 1
vendor_id	: GenuineIntel
cpu family	: 6
model		: 42
model name	: Intel(R) Core(TM) i5-2400 CPU @ 3.10GHz
stepping	: 7
microcode	: 0x18
cpu MHz		: 1600.000
cache size	: 6144 KB
physical id	: 0
siblings	: 4
core id		: 1
cpu cores	: 4
apicid		: 2
initial apicid	: 2
fpu		: yes
fpu_exception	: yes
cpuid level	: 13
wp		: yes
flags		: fpu vme de pse tsc msr pae mce cx8 apic sep mtrr pge mca cmov pat pse36 clflush dts acpi mmx fxsr sse sse2 ss ht tm pbe syscall nx rdtscp lm constant_tsc arch_perfmon pebs bts rep_good nopl xtopology nonstop_tsc aperfmperf eagerfpu pni pclmulqdq dtes64 monitor ds_cpl vmx smx est tm2 ssse3 cx16 xtpr pdcm pcid sse4_1 sse4_2 x2apic popcnt tsc_deadline_timer aes xsave avx lahf_lm ida arat epb xsaveopt pln pts dtherm tpr_shadow vnmi flexpriority ept vpid
bogomips	: 6185.68
clflush size	: 64
cache_alignment	: 64
address sizes	: 36 bits physical, 48 bits virtual
power management:

processor	: 2
vendor_id	: GenuineIntel
cpu family	: 6
model		: 42
model name	: Intel(R) Core(TM) i5-2400 CPU @ 3.10GHz
stepping	: 7
microcode	: 0x18
cpu MHz		: 3101.000
cache size	: 6144 KB
physical id	: 0
siblings	: 4
core id		: 2
cpu cores	: 4
apicid		: 4
initial apicid	: 4
fpu		: yes
fpu_exception	: yes
cpuid level	: 13
wp		: yes
flags		: fpu vme de pse tsc msr pae mce cx8 apic sep mtrr pge mca cmov pat pse36 clflush dts acpi mmx fxsr sse sse2 ss ht tm pbe syscall nx rdtscp lm constant_tsc arch_perfmon pebs bts rep_good nopl xtopology nonstop_tsc aperfmperf eagerfpu pni pclmulqdq dtes64 monitor ds_cpl vmx smx est tm2 ssse3 cx16 xtpr pdcm pcid sse4_1 sse4_2 x2apic popcnt tsc_deadline_timer aes xsave avx lahf_lm ida arat epb xsaveopt pln pts dtherm tpr_shadow vnmi flexpriority ept vpid
bogomips	: 6185.68
clflush size	: 64
cache_alignment	: 64
address sizes	: 36 bits physical, 48 bits virtual
power management:

processor	: 3
vendor_id	: GenuineIntel
cpu family	: 6
model		: 42
model name	: Intel(R) Core(TM) i5-2400 CPU @ 3.10GHz
stepping	: 7
microcode	: 0x18
cpu MHz		: 1600.000
cache size	: 6144 KB
physical id	: 0
siblings	: 4
core id		: 3
cpu cores	: 4
apicid		: 6
initial apicid	: 6
fpu		: yes
fpu_exception	: yes
cpuid level	: 13
wp		: yes
flags		: fpu vme de pse tsc msr pae mce cx8 apic sep mtrr pge mca cmov pat pse36 clflush dts acpi mmx fxsr sse sse2 ss ht tm pbe syscall nx rdtscp lm constant_tsc arch_perfmon pebs bts rep_good nopl xtopology nonstop_tsc aperfmperf eagerfpu pni pclmulqdq dtes64 monitor ds_cpl vmx smx est tm2 ssse3 cx16 xtpr pdcm pcid sse4_1 sse4_2 x2apic popcnt tsc_deadline_timer aes xsave avx lahf_lm ida arat epb xsaveopt pln pts dtherm tpr_shadow vnmi flexpriority ept vpid
bogomips	: 6185.68
clflush size	: 64
cache_alignment	: 64
address sizes	: 36 bits physical, 48 bits virtual
power management:



Memory: 4k page, physical 8053432k(1397480k free), swap 16779888k(16779888k free)

vm_info: Java HotSpot(TM) 64-Bit Server VM (25.161-b12) for linux-amd64 JRE (1.8.0_161-b12), built on Dec 19 2017 16:12:43 by "java_re" with gcc 4.3.0 20080428 (Red Hat 4.3.0-8)

time: Thu Mar  8 15:33:39 2018
elapsed time: 192 seconds (0d 0h 3m 12s)

