#
# A fatal error has been detected by the Java Runtime Environment:
#
#  SIGSEGV (0xb) at pc=0x00007fd56b5cc718, pid=17496, tid=0x00007fd594927700
#
# JRE version: Java(TM) SE Runtime Environment (8.0_161-b12) (build 1.8.0_161-b12)
# Java VM: Java HotSpot(TM) 64-Bit Server VM (25.161-b12 mixed mode linux-amd64 compressed oops)
# Problematic frame:
# C  [libgobject-2.0.so.0+0x19718]  g_object_get_qdata+0x18
#
# Failed to write core dump. Core dumps have been disabled. To enable core dumping, try "ulimit -c unlimited" before starting Java again
#
# If you would like to submit a bug report, please visit:
#   http://bugreport.java.com/bugreport/crash.jsp
# The crash happened outside the Java Virtual Machine in native code.
# See problematic frame for where to report the bug.
#

---------------  T H R E A D  ---------------

Current thread (0x00007fd58c00a800):  JavaThread "main" [_thread_in_native, id=17497, stack(0x00007fd594827000,0x00007fd594928000)]

siginfo: si_signo: 11 (SIGSEGV), si_code: 1 (SEGV_MAPERR), si_addr: 0x0000000000000e00

Registers:
RAX=0x0000000000000e00, RBX=0x00007fd58c535570, RCX=0x0000000000000033, RDX=0x00007fd58c535570
RSP=0x00007fd594925170, RBP=0x0000000000000033, RSI=0x0000000000000033, RDI=0x00007fd58c535570
R8 =0x0000000000000000, R9 =0x0000000000000001, R10=0x00007fd57d25ac44, R11=0x00007fd57d25ac18
R12=0x0000000000000000, R13=0x00007fd594925200, R14=0x00007fd5949251d0, R15=0x00007fd58c00a800
RIP=0x00007fd56b5cc718, EFLAGS=0x0000000000010206, CSGSFS=0x0000000000000033, ERR=0x0000000000000004
  TRAPNO=0x000000000000000e

Top of Stack: (sp=0x00007fd594925170)
0x00007fd594925170:   00007fd594925350 00007fd578f6a078
0x00007fd594925180:   00007fd5949251e0 00007fd5720ac383
0x00007fd594925190:   00007fd57d0055d0 00007fd57d25acb6
0x00007fd5949251a0:   00007fd594925350 00007fd5949252f8
0x00007fd5949251b0:   00007fd5790e8b2d 00007fd5000000b6
0x00007fd5949251c0:   00007fd5790e8b98 00007fd58c00a800
0x00007fd5949251d0:   00000000d8f316b8 00007fd58c00a800
0x00007fd5949251e0:   00007fd594925258 00007fd57d007dd0
0x00007fd5949251f0:   00007fd594925258 00007fd57d007dd0
0x00007fd594925200:   0000000000000033 00007fd58c535570
0x00007fd594925210:   0000000000000001 00007fd594925218
0x00007fd594925220:   00007fd578f6a119 00007fd594925290
0x00007fd594925230:   00007fd578fd3428 00007fd579119d08
0x00007fd594925240:   00007fd578f6a168 00007fd594925200
0x00007fd594925250:   00007fd594925280 00007fd5949252d8
0x00007fd594925260:   00007fd57d007dd0 0000000000000000
0x00007fd594925270:   0000000000000000 0000000000000000
0x00007fd594925280:   0000000000000033 00007fd58c535570
0x00007fd594925290:   0000000000000000 00007fd594925298
0x00007fd5949252a0:   00007fd578e968bb 00007fd594925308
0x00007fd5949252b0:   00007fd578f3c558 0000000000000000
0x00007fd5949252c0:   00007fd578e96940 00007fd594925280
0x00007fd5949252d0:   00007fd5949252f8 00007fd594925350
0x00007fd5949252e0:   00007fd57d008040 0000000000000000
0x00007fd5949252f0:   0000000000000000 00007fd58c535570
0x00007fd594925300:   00000000d8fd46a0 00000000d8f00800
0x00007fd594925310:   00007fd594925310 00007fd5790e8b2d
0x00007fd594925320:   00007fd594925370 00007fd5790ee060
0x00007fd594925330:   0000000000000000 00007fd5790e8b98
0x00007fd594925340:   00007fd5949252f8 00007fd594925370
0x00007fd594925350:   00007fd5949253b8 00007fd57d0082bd
0x00007fd594925360:   0000000000000000 0000000000000000 

Instructions: (pc=0x00007fd56b5cc718)
0x00007fd56b5cc6f8:   0f 1f 84 00 00 00 00 00 55 53 48 89 fb 48 83 ec
0x00007fd56b5cc708:   08 48 85 ff 74 21 48 8b 07 89 f5 48 85 c0 74 06
0x00007fd56b5cc718:   48 83 38 50 74 3a be 50 00 00 00 48 89 df e8 05
0x00007fd56b5cc728:   86 01 00 85 c0 75 29 48 8d 15 30 1e 02 00 48 8d 

Register to memory mapping:

RAX=0x0000000000000e00 is an unknown value
RBX=0x00007fd58c535570 is an unknown value
RCX=0x0000000000000033 is an unknown value
RDX=0x00007fd58c535570 is an unknown value
RSP=0x00007fd594925170 is pointing into the stack for thread: 0x00007fd58c00a800
RBP=0x0000000000000033 is an unknown value
RSI=0x0000000000000033 is an unknown value
RDI=0x00007fd58c535570 is an unknown value
R8 =0x0000000000000000 is an unknown value
R9 =0x0000000000000001 is an unknown value
R10=0x00007fd57d25ac44 is at entry_point+68 in (nmethod*)0x00007fd57d25aa90
R11=0x00007fd57d25ac18 is at entry_point+24 in (nmethod*)0x00007fd57d25aa90
R12=0x0000000000000000 is an unknown value
R13=0x00007fd594925200 is pointing into the stack for thread: 0x00007fd58c00a800
R14=0x00007fd5949251d0 is pointing into the stack for thread: 0x00007fd58c00a800
R15=0x00007fd58c00a800 is a thread


Stack: [0x00007fd594827000,0x00007fd594928000],  sp=0x00007fd594925170,  free space=1016k
Native frames: (J=compiled Java code, j=interpreted, Vv=VM code, C=native code)
C  [libgobject-2.0.so.0+0x19718]  g_object_get_qdata+0x18

Java frames: (J=compiled Java code, j=interpreted, Vv=VM code)
J 505  org.eclipse.swt.internal.gtk.OS._g_object_get_qdata(JI)J (0 bytes) @ 0x00007fd57d25ac44 [0x00007fd57d25ac00+0x44]
j  org.eclipse.swt.internal.gtk.OS.g_object_get_qdata(JI)J+9
j  org.eclipse.swt.widgets.Display.removeWidget(J)Lorg/eclipse/swt/widgets/Widget;+19
j  org.eclipse.swt.widgets.Combo.deregister()V+21
j  org.eclipse.swt.widgets.Widget.releaseWidget()V+1
j  org.eclipse.swt.widgets.Control.releaseWidget()V+1
j  org.eclipse.swt.widgets.Composite.releaseWidget()V+1
j  org.eclipse.swt.widgets.Combo.releaseWidget()V+1
j  org.eclipse.swt.widgets.Widget.release(Z)V+82
j  org.eclipse.swt.widgets.Control.release(Z)V+86
j  org.eclipse.swt.widgets.Composite.releaseChildren(Z)V+31
j  org.eclipse.swt.widgets.Widget.release(Z)V+38
j  org.eclipse.swt.widgets.Control.release(Z)V+86
j  org.eclipse.swt.widgets.Composite.releaseChildren(Z)V+31
j  org.eclipse.swt.widgets.Widget.release(Z)V+38
j  org.eclipse.swt.widgets.Control.release(Z)V+86
j  org.eclipse.swt.widgets.Composite.releaseChildren(Z)V+31
j  org.eclipse.swt.widgets.Widget.release(Z)V+38
j  org.eclipse.swt.widgets.Control.release(Z)V+86
j  org.eclipse.swt.widgets.Composite.releaseChildren(Z)V+31
j  org.eclipse.swt.widgets.Widget.release(Z)V+38
j  org.eclipse.swt.widgets.Control.release(Z)V+86
j  org.eclipse.swt.widgets.Composite.releaseChildren(Z)V+31
j  org.eclipse.swt.widgets.Widget.release(Z)V+38
j  org.eclipse.swt.widgets.Control.release(Z)V+86
j  org.eclipse.swt.widgets.Composite.releaseChildren(Z)V+31
j  org.eclipse.swt.widgets.Widget.release(Z)V+38
j  org.eclipse.swt.widgets.Control.release(Z)V+86
j  org.eclipse.swt.widgets.Composite.releaseChildren(Z)V+31
j  org.eclipse.swt.widgets.Widget.release(Z)V+38
j  org.eclipse.swt.widgets.Control.release(Z)V+86
j  org.eclipse.swt.widgets.Widget.dispose()V+23
j  edu.umich.soar.debugger.manager.MainWindow.clearLayout()V+35
j  edu.umich.soar.debugger.manager.MainWindow.loadFromXML(Ledu/umich/soar/debugger/general/JavaElementXML;)V+52
j  edu.umich.soar.debugger.manager.MainWindow.loadLayoutFromFile(Ljava/lang/String;Z)Z+7
j  edu.umich.soar.debugger.MainFrame.loadLayoutFile(Ljava/lang/String;Z)Z+6
j  edu.umich.soar.debugger.manager.MainWindow.useDefaultLayout(Ljava/lang/String;)V+14
j  edu.umich.soar.debugger.MainFrame.useDefaultLayout()V+6
j  edu.umich.soar.debugger.menu.LayoutMenu.useDefaultPerformed(Ledu/umich/soar/debugger/menu/ActionEvent;)V+4
j  edu.umich.soar.debugger.menu.LayoutMenu.access$000(Ledu/umich/soar/debugger/menu/LayoutMenu;Ledu/umich/soar/debugger/menu/ActionEvent;)V+2
j  edu.umich.soar.debugger.menu.LayoutMenu$2.actionPerformed(Ledu/umich/soar/debugger/menu/ActionEvent;)V+5
j  edu.umich.soar.debugger.menu.BaseMenu$2.widgetSelected(Lorg/eclipse/swt/events/SelectionEvent;)V+5
J 899 C1 org.eclipse.swt.widgets.TypedListener.handleEvent(Lorg/eclipse/swt/widgets/Event;)V (1138 bytes) @ 0x00007fd57d36e65c [0x00007fd57d36a740+0x3f1c]
J 1007 C2 org.eclipse.swt.widgets.EventTable.sendEvent(Lorg/eclipse/swt/widgets/Event;)V (532 bytes) @ 0x00007fd57d3c8468 [0x00007fd57d3c8320+0x148]
J 949 C2 org.eclipse.swt.widgets.Display.readAndDispatch()Z (58 bytes) @ 0x00007fd57d3939ac [0x00007fd57d393520+0x48c]
j  edu.umich.soar.debugger.doc.Document.pumpMessagesTillClosed(Lorg/eclipse/swt/widgets/Display;)V+44
j  edu.umich.soar.debugger.SWTApplication.startApp([Ljava/lang/String;Lorg/eclipse/swt/widgets/Display;)V+620
j  edu.umich.soar.debugger.Application.<init>([Ljava/lang/String;ZLorg/eclipse/swt/widgets/Display;)V+17
j  edu.umich.soar.debugger.Application.main([Ljava/lang/String;)V+7
v  ~StubRoutines::call_stub

---------------  P R O C E S S  ---------------

Java Threads: ( => current thread )
  0x00007fd58c282800 JavaThread "Thread-0" [_thread_blocked, id=17511, stack(0x00007fd572fa8000,0x00007fd5730a9000)]
  0x00007fd58c1a2800 JavaThread "Service Thread" daemon [_thread_blocked, id=17509, stack(0x00007fd573240000,0x00007fd573341000)]
  0x00007fd58c185000 JavaThread "C1 CompilerThread2" daemon [_thread_blocked, id=17508, stack(0x00007fd573341000,0x00007fd573442000)]
  0x00007fd58c183800 JavaThread "C2 CompilerThread1" daemon [_thread_blocked, id=17507, stack(0x00007fd573442000,0x00007fd573543000)]
  0x00007fd58c180800 JavaThread "C2 CompilerThread0" daemon [_thread_blocked, id=17506, stack(0x00007fd573543000,0x00007fd573644000)]
  0x00007fd58c17f000 JavaThread "Signal Dispatcher" daemon [_thread_blocked, id=17505, stack(0x00007fd573644000,0x00007fd573745000)]
  0x00007fd58c14b800 JavaThread "Finalizer" daemon [_thread_blocked, id=17504, stack(0x00007fd573cfd000,0x00007fd573dfe000)]
  0x00007fd58c147000 JavaThread "Reference Handler" daemon [_thread_blocked, id=17503, stack(0x00007fd573dfe000,0x00007fd573eff000)]
=>0x00007fd58c00a800 JavaThread "main" [_thread_in_native, id=17497, stack(0x00007fd594827000,0x00007fd594928000)]

Other Threads:
  0x00007fd58c13f800 VMThread [stack: 0x00007fd573eff000,0x00007fd574000000] [id=17502]
  0x00007fd58c1a7000 WatcherThread [stack: 0x00007fd57313f000,0x00007fd573240000] [id=17510]

VM state:not at safepoint (normal execution)

VM Mutex/Monitor currently owned by a thread: None

Heap:
 PSYoungGen      total 36864K, used 9645K [0x00000000d7000000, 0x00000000d9900000, 0x0000000100000000)
  eden space 31744K, 14% used [0x00000000d7000000,0x00000000d746d190,0x00000000d8f00000)
  from space 5120K, 99% used [0x00000000d8f00000,0x00000000d93fe2d0,0x00000000d9400000)
  to   space 5120K, 0% used [0x00000000d9400000,0x00000000d9400000,0x00000000d9900000)
 ParOldGen       total 84992K, used 422K [0x0000000085000000, 0x000000008a300000, 0x00000000d7000000)
  object space 84992K, 0% used [0x0000000085000000,0x0000000085069970,0x000000008a300000)
 Metaspace       used 10817K, capacity 10862K, committed 11136K, reserved 1058816K
  class space    used 1089K, capacity 1105K, committed 1152K, reserved 1048576K

Card table byte_map: [0x00007fd5911fa000,0x00007fd5915d3000] byte_map_base: 0x00007fd590dd2000

Marking Bits: (ParMarkBitMap*) 0x00007fd593d02920
 Begin Bits: [0x00007fd579280000, 0x00007fd57b140000)
 End Bits:   [0x00007fd57b140000, 0x00007fd57d000000)

Polling page: 0x00007fd594951000

CodeCache: size=245760Kb used=4802Kb max_used=4802Kb free=240957Kb
 bounds [0x00007fd57d000000, 0x00007fd57d4c0000, 0x00007fd58c000000]
 total_blobs=1800 nmethods=1323 adapters=390
 compilation: enabled

Compilation events (10 events):
Event: 103,433 Thread 0x00007fd58c185000 1318       3       edu.umich.soar.debugger.general.JavaElementXML$LexXML::MustBe (58 bytes)
Event: 103,434 Thread 0x00007fd58c185000 nmethod 1318 0x00007fd57d4ad110 code [0x00007fd57d4ad300, 0x00007fd57d4adbc8]
Event: 103,434 Thread 0x00007fd58c185000 1319       3       edu.umich.soar.debugger.general.JavaElementXML$LexXML::MustBe (61 bytes)
Event: 103,435 Thread 0x00007fd58c185000 nmethod 1319 0x00007fd57d4afd10 code [0x00007fd57d4aff40, 0x00007fd57d4b0ad8]
Event: 103,435 Thread 0x00007fd58c185000 1321       3       edu.umich.soar.debugger.general.JavaElementXML$LexXML::getCurrentTokenValue (8 bytes)
Event: 103,435 Thread 0x00007fd58c185000 nmethod 1321 0x00007fd57d4acd90 code [0x00007fd57d4acf00, 0x00007fd57d4ad070]
Event: 103,435 Thread 0x00007fd58c185000 1322       3       edu.umich.soar.debugger.general.JavaElementXML::addAttribute (31 bytes)
Event: 103,436 Thread 0x00007fd58c185000 nmethod 1322 0x00007fd57d4af010 code [0x00007fd57d4af1e0, 0x00007fd57d4af958]
Event: 103,436 Thread 0x00007fd58c185000 1323       1       edu.umich.soar.debugger.general.JavaElementXML$LexXML::getLastComment (5 bytes)
Event: 103,436 Thread 0x00007fd58c185000 nmethod 1323 0x00007fd57d4aed50 code [0x00007fd57d4aeea0, 0x00007fd57d4aefb0]

GC Heap History (2 events):
Event: 49,906 GC heap before
{Heap before GC invocations=1 (full 0):
 PSYoungGen      total 36864K, used 31744K [0x00000000d7000000, 0x00000000d9900000, 0x0000000100000000)
  eden space 31744K, 100% used [0x00000000d7000000,0x00000000d8f00000,0x00000000d8f00000)
  from space 5120K, 0% used [0x00000000d9400000,0x00000000d9400000,0x00000000d9900000)
  to   space 5120K, 0% used [0x00000000d8f00000,0x00000000d8f00000,0x00000000d9400000)
 ParOldGen       total 84992K, used 0K [0x0000000085000000, 0x000000008a300000, 0x00000000d7000000)
  object space 84992K, 0% used [0x0000000085000000,0x0000000085000000,0x000000008a300000)
 Metaspace       used 10707K, capacity 10798K, committed 10880K, reserved 1058816K
  class space    used 1087K, capacity 1105K, committed 1152K, reserved 1048576K
Event: 49,914 GC heap after
Heap after GC invocations=1 (full 0):
 PSYoungGen      total 36864K, used 5112K [0x00000000d7000000, 0x00000000d9900000, 0x0000000100000000)
  eden space 31744K, 0% used [0x00000000d7000000,0x00000000d7000000,0x00000000d8f00000)
  from space 5120K, 99% used [0x00000000d8f00000,0x00000000d93fe2d0,0x00000000d9400000)
  to   space 5120K, 0% used [0x00000000d9400000,0x00000000d9400000,0x00000000d9900000)
 ParOldGen       total 84992K, used 422K [0x0000000085000000, 0x000000008a300000, 0x00000000d7000000)
  object space 84992K, 0% used [0x0000000085000000,0x0000000085069970,0x000000008a300000)
 Metaspace       used 10707K, capacity 10798K, committed 10880K, reserved 1058816K
  class space    used 1087K, capacity 1105K, committed 1152K, reserved 1048576K
}

Deoptimization events (7 events):
Event: 0,693 Thread 0x00007fd58c00a800 Uncommon trap: reason=class_check action=maybe_recompile pc=0x00007fd57d225d40 method=java.util.HashMap.putVal(ILjava/lang/Object;Ljava/lang/Object;ZZ)Ljava/lang/Object; @ 253
Event: 0,697 Thread 0x00007fd58c00a800 Uncommon trap: reason=class_check action=maybe_recompile pc=0x00007fd57d225d40 method=java.util.HashMap.putVal(ILjava/lang/Object;Ljava/lang/Object;ZZ)Ljava/lang/Object; @ 253
Event: 0,698 Thread 0x00007fd58c00a800 Uncommon trap: reason=unstable_if action=reinterpret pc=0x00007fd57d225d28 method=java.util.HashMap.putVal(ILjava/lang/Object;Ljava/lang/Object;ZZ)Ljava/lang/Object; @ 181
Event: 0,702 Thread 0x00007fd58c00a800 Uncommon trap: reason=unstable_if action=reinterpret pc=0x00007fd57d26ebec method=java.util.HashMap.getNode(ILjava/lang/Object;)Ljava/util/HashMap$Node; @ 62
Event: 0,702 Thread 0x00007fd58c00a800 Uncommon trap: reason=unstable_if action=reinterpret pc=0x00007fd57d2230b4 method=java.util.HashMap.putVal(ILjava/lang/Object;Ljava/lang/Object;ZZ)Ljava/lang/Object; @ 94
Event: 0,702 Thread 0x00007fd58c00a800 Uncommon trap: reason=unstable_if action=reinterpret pc=0x00007fd57d257430 method=java.util.HashMap.getNode(ILjava/lang/Object;)Ljava/util/HashMap$Node; @ 62
Event: 103,429 Thread 0x00007fd58c00a800 Uncommon trap: reason=unstable_if action=reinterpret pc=0x00007fd57d476a6c method=java.util.regex.Pattern$Start.match(Ljava/util/regex/Matcher;ILjava/lang/CharSequence;)Z @ 34

Classes redefined (0 events):
No events

Internal exceptions (10 events):
Event: 0,318 Thread 0x00007fd58c00a800 Exception <a 'java/security/PrivilegedActionException'> (0x00000000d7837800) thrown at [/HUDSON/workspace/8-2-build-linux-amd64/jdk8u161/10277/hotspot/src/share/vm/prims/jvm.cpp, line 1390]
Event: 0,706 Thread 0x00007fd58c00a800 Exception <a 'java/lang/ArrayIndexOutOfBoundsException'> (0x00000000d8164958) thrown at [/HUDSON/workspace/8-2-build-linux-amd64/jdk8u161/10277/hotspot/src/share/vm/runtime/sharedRuntime.cpp, line 605]
Event: 0,706 Thread 0x00007fd58c00a800 Exception <a 'java/lang/ArrayIndexOutOfBoundsException'> (0x00000000d81656d0) thrown at [/HUDSON/workspace/8-2-build-linux-amd64/jdk8u161/10277/hotspot/src/share/vm/runtime/sharedRuntime.cpp, line 605]
Event: 0,706 Thread 0x00007fd58c00a800 Exception <a 'java/lang/ArrayIndexOutOfBoundsException'> (0x00000000d8166688) thrown at [/HUDSON/workspace/8-2-build-linux-amd64/jdk8u161/10277/hotspot/src/share/vm/runtime/sharedRuntime.cpp, line 605]
Event: 0,707 Thread 0x00007fd58c00a800 Exception <a 'java/lang/ArrayIndexOutOfBoundsException'> (0x00000000d8167eb8) thrown at [/HUDSON/workspace/8-2-build-linux-amd64/jdk8u161/10277/hotspot/src/share/vm/runtime/sharedRuntime.cpp, line 605]
Event: 0,712 Thread 0x00007fd58c00a800 Exception <a 'java/lang/ArrayIndexOutOfBoundsException'> (0x00000000d818f6a0) thrown at [/HUDSON/workspace/8-2-build-linux-amd64/jdk8u161/10277/hotspot/src/share/vm/runtime/sharedRuntime.cpp, line 605]
Event: 0,712 Thread 0x00007fd58c00a800 Exception <a 'java/lang/ArrayIndexOutOfBoundsException'> (0x00000000d8190908) thrown at [/HUDSON/workspace/8-2-build-linux-amd64/jdk8u161/10277/hotspot/src/share/vm/runtime/sharedRuntime.cpp, line 605]
Event: 0,713 Thread 0x00007fd58c00a800 Exception <a 'java/lang/ArrayIndexOutOfBoundsException'> (0x00000000d8191ea0) thrown at [/HUDSON/workspace/8-2-build-linux-amd64/jdk8u161/10277/hotspot/src/share/vm/runtime/sharedRuntime.cpp, line 605]
Event: 0,718 Thread 0x00007fd58c00a800 Exception <a 'java/lang/ArrayIndexOutOfBoundsException'> (0x00000000d81b8140) thrown at [/HUDSON/workspace/8-2-build-linux-amd64/jdk8u161/10277/hotspot/src/share/vm/runtime/sharedRuntime.cpp, line 605]
Event: 0,723 Thread 0x00007fd58c00a800 Exception <a 'java/lang/ArrayIndexOutOfBoundsException'> (0x00000000d81cb5b8) thrown at [/HUDSON/workspace/8-2-build-linux-amd64/jdk8u161/10277/hotspot/src/share/vm/runtime/sharedRuntime.cpp, line 605]

Events (10 events):
Event: 49,932 Executing VM operation: RevokeBias done
Event: 73,500 loading class org/eclipse/swt/widgets/MessageBox
Event: 73,500 loading class org/eclipse/swt/widgets/MessageBox done
Event: 73,501 loading class org/eclipse/swt/widgets/Dialog
Event: 73,501 loading class org/eclipse/swt/widgets/Dialog done
Event: 103,429 Thread 0x00007fd58c00a800 Uncommon trap: trap_request=0xffffff65 fr.pc=0x00007fd57d476a6c
Event: 103,429 Thread 0x00007fd58c00a800 DEOPT PACKING pc=0x00007fd57d476a6c sp=0x00007fd594925da0
Event: 103,429 Thread 0x00007fd58c00a800 DEOPT UNPACKING pc=0x00007fd57d04573a sp=0x00007fd594925cb8 mode 2
Event: 103,437 loading class org/eclipse/swt/events/DisposeEvent
Event: 103,437 loading class org/eclipse/swt/events/DisposeEvent done


Dynamic libraries:
00400000-00401000 r-xp 00000000 08:04 1774658                            /usr/lib/jvm/java-8-oracle/jre/bin/java
00600000-00601000 rw-p 00000000 08:04 1774658                            /usr/lib/jvm/java-8-oracle/jre/bin/java
010d7000-010f8000 rw-p 00000000 00:00 0                                  [heap]
85000000-8a300000 rw-p 00000000 00:00 0 
8a300000-d7000000 ---p 00000000 00:00 0 
d7000000-d9900000 rw-p 00000000 00:00 0 
d9900000-100000000 ---p 00000000 00:00 0 
100000000-100120000 rw-p 00000000 00:00 0 
100120000-140000000 ---p 00000000 00:00 0 
7fd520000000-7fd5202b1000 rw-p 00000000 00:00 0 
7fd5202b1000-7fd524000000 ---p 00000000 00:00 0 
7fd526568000-7fd526d68000 rw-s 00000000 00:04 14975002                   /SYSV00000000 (deleted)
7fd526d68000-7fd526dc8000 rw-s 00000000 00:04 14942228                   /SYSV00000000 (deleted)
7fd526dc8000-7fd526dcc000 r-xp 00000000 08:04 1445075                    /usr/lib/x86_64-linux-gnu/gdk-pixbuf-2.0/2.10.0/loaders/libpixbufloader-png.so
7fd526dcc000-7fd526fcc000 ---p 00004000 08:04 1445075                    /usr/lib/x86_64-linux-gnu/gdk-pixbuf-2.0/2.10.0/loaders/libpixbufloader-png.so
7fd526fcc000-7fd526fcd000 r--p 00004000 08:04 1445075                    /usr/lib/x86_64-linux-gnu/gdk-pixbuf-2.0/2.10.0/loaders/libpixbufloader-png.so
7fd526fcd000-7fd526fce000 rw-p 00005000 08:04 1445075                    /usr/lib/x86_64-linux-gnu/gdk-pixbuf-2.0/2.10.0/loaders/libpixbufloader-png.so
7fd5271ce000-7fd5271df000 r-xp 00000000 08:04 1774538                    /usr/lib/jvm/java-8-oracle/jre/lib/amd64/libnio.so
7fd5271df000-7fd5273de000 ---p 00011000 08:04 1774538                    /usr/lib/jvm/java-8-oracle/jre/lib/amd64/libnio.so
7fd5273de000-7fd5273df000 rw-p 00010000 08:04 1774538                    /usr/lib/jvm/java-8-oracle/jre/lib/amd64/libnio.so
7fd5273df000-7fd5273f5000 r-xp 00000000 08:04 1774540                    /usr/lib/jvm/java-8-oracle/jre/lib/amd64/libnet.so
7fd5273f5000-7fd5275f5000 ---p 00016000 08:04 1774540                    /usr/lib/jvm/java-8-oracle/jre/lib/amd64/libnet.so
7fd5275f5000-7fd5275f6000 rw-p 00016000 08:04 1774540                    /usr/lib/jvm/java-8-oracle/jre/lib/amd64/libnet.so
7fd5275f6000-7fd5275ff000 r-xp 00000000 08:04 1774555                    /usr/lib/jvm/java-8-oracle/jre/lib/amd64/libmanagement.so
7fd5275ff000-7fd5277fe000 ---p 00009000 08:04 1774555                    /usr/lib/jvm/java-8-oracle/jre/lib/amd64/libmanagement.so
7fd5277fe000-7fd5277ff000 rw-p 00008000 08:04 1774555                    /usr/lib/jvm/java-8-oracle/jre/lib/amd64/libmanagement.so
7fd5277ff000-7fd527800000 ---p 00000000 00:00 0 
7fd527800000-7fd528000000 rw-p 00000000 00:00 0                          [stack:17518]
7fd528000000-7fd528021000 rw-p 00000000 00:00 0 
7fd528021000-7fd52c000000 ---p 00000000 00:00 0 
7fd52c000000-7fd52c021000 rw-p 00000000 00:00 0 
7fd52c021000-7fd530000000 ---p 00000000 00:00 0 
7fd530000000-7fd530021000 rw-p 00000000 00:00 0 
7fd530021000-7fd534000000 ---p 00000000 00:00 0 
7fd534000000-7fd53429c000 rw-p 00000000 00:00 0 
7fd53429c000-7fd538000000 ---p 00000000 00:00 0 
7fd538057000-7fd538217000 rw-p 00000000 00:00 0 
7fd538217000-7fd538257000 ---p 00000000 00:00 0 
7fd538257000-7fd538258000 ---p 00000000 00:00 0 
7fd538258000-7fd538a58000 rw-p 00000000 00:00 0                          [stack:17517]
7fd538a58000-7fd538a59000 ---p 00000000 00:00 0 
7fd538a59000-7fd539259000 rw-p 00000000 00:00 0                          [stack:17516]
7fd539259000-7fd539293000 r--p 00000000 08:04 6553718                    /usr/share/fonts/truetype/msttcorefonts/Courier_New_Bold_Italic.ttf
7fd539293000-7fd5392cf000 r--p 00000000 08:04 6553719                    /usr/share/fonts/truetype/msttcorefonts/Courier_New_Italic.ttf
7fd5392cf000-7fd53931c000 r--p 00000000 08:04 6553717                    /usr/share/fonts/truetype/msttcorefonts/Courier_New_Bold.ttf
7fd53931c000-7fd539366000 r--p 00000000 08:04 6553693                    /usr/share/fonts/truetype/msttcorefonts/Courier_New.ttf
7fd539366000-7fd5393be000 r--p 00000000 08:04 1447166                    /usr/share/fonts/truetype/ubuntu-font-family/Ubuntu-BI.ttf
7fd5393be000-7fd53941d000 r--p 00000000 08:04 1447173                    /usr/share/fonts/truetype/ubuntu-font-family/Ubuntu-RI.ttf
7fd53941d000-7fd53946f000 r--p 00000000 08:04 1447172                    /usr/share/fonts/truetype/ubuntu-font-family/Ubuntu-B.ttf
7fd53946f000-7fd539470000 r-xp 00000000 08:04 1442572                    /usr/lib/x86_64-linux-gnu/gtk-2.0/2.10.0/immodules/im-cedilla.so
7fd539470000-7fd53966f000 ---p 00001000 08:04 1442572                    /usr/lib/x86_64-linux-gnu/gtk-2.0/2.10.0/immodules/im-cedilla.so
7fd53966f000-7fd539670000 r--p 00000000 08:04 1442572                    /usr/lib/x86_64-linux-gnu/gtk-2.0/2.10.0/immodules/im-cedilla.so
7fd539670000-7fd539671000 rw-p 00001000 08:04 1442572                    /usr/lib/x86_64-linux-gnu/gtk-2.0/2.10.0/immodules/im-cedilla.so
7fd539671000-7fd5396d1000 rw-s 00000000 00:04 14876696                   /SYSV00000000 (deleted)
7fd5396d1000-7fd539723000 r--p 00000000 08:04 1312249                    /usr/share/fonts/truetype/dejavu/DejaVuSansMono.ttf
7fd539723000-7fd53977a000 r--p 00000000 08:04 1447169                    /usr/share/fonts/truetype/ubuntu-font-family/Ubuntu-R.ttf
7fd53977a000-7fd53977b000 ---p 00000000 00:00 0 
7fd53977b000-7fd539f7b000 rw-p 00000000 00:00 0                          [stack:17515]
7fd539f7b000-7fd539f7c000 ---p 00000000 00:00 0 
7fd539f7c000-7fd53a77c000 rw-p 00000000 00:00 0                          [stack:17514]
7fd53a77c000-7fd53a7c0000 r-xp 00000000 08:04 4980819                    /lib/x86_64-linux-gnu/libdbus-1.so.3.7.6
7fd53a7c0000-7fd53a9bf000 ---p 00044000 08:04 4980819                    /lib/x86_64-linux-gnu/libdbus-1.so.3.7.6
7fd53a9bf000-7fd53a9c0000 r--p 00043000 08:04 4980819                    /lib/x86_64-linux-gnu/libdbus-1.so.3.7.6
7fd53a9c0000-7fd53a9c1000 rw-p 00044000 08:04 4980819                    /lib/x86_64-linux-gnu/libdbus-1.so.3.7.6
7fd53a9c1000-7fd53a9c9000 r-xp 00000000 08:04 4986742                    /lib/x86_64-linux-gnu/libnih-dbus.so.1.0.0
7fd53a9c9000-7fd53abc9000 ---p 00008000 08:04 4986742                    /lib/x86_64-linux-gnu/libnih-dbus.so.1.0.0
7fd53abc9000-7fd53abca000 r--p 00008000 08:04 4986742                    /lib/x86_64-linux-gnu/libnih-dbus.so.1.0.0
7fd53abca000-7fd53abcb000 rw-p 00009000 08:04 4986742                    /lib/x86_64-linux-gnu/libnih-dbus.so.1.0.0
7fd53abcb000-7fd53abe2000 r-xp 00000000 08:04 4986756                    /lib/x86_64-linux-gnu/libnih.so.1.0.0
7fd53abe2000-7fd53ade1000 ---p 00017000 08:04 4986756                    /lib/x86_64-linux-gnu/libnih.so.1.0.0
7fd53ade1000-7fd53ade2000 r--p 00016000 08:04 4986756                    /lib/x86_64-linux-gnu/libnih.so.1.0.0
7fd53ade2000-7fd53ade3000 rw-p 00017000 08:04 4986756                    /lib/x86_64-linux-gnu/libnih.so.1.0.0
7fd53ade3000-7fd53ae02000 r-xp 00000000 08:04 4981072                    /lib/x86_64-linux-gnu/libcgmanager.so.0.0.0
7fd53ae02000-7fd53b002000 ---p 0001f000 08:04 4981072                    /lib/x86_64-linux-gnu/libcgmanager.so.0.0.0
7fd53b002000-7fd53b004000 r--p 0001f000 08:04 4981072                    /lib/x86_64-linux-gnu/libcgmanager.so.0.0.0
7fd53b004000-7fd53b005000 rw-p 00021000 08:04 4981072                    /lib/x86_64-linux-gnu/libcgmanager.so.0.0.0
7fd53b005000-7fd53b015000 r-xp 00000000 08:04 4980837                    /lib/x86_64-linux-gnu/libudev.so.1.3.5
7fd53b015000-7fd53b214000 ---p 00010000 08:04 4980837                    /lib/x86_64-linux-gnu/libudev.so.1.3.5
7fd53b214000-7fd53b215000 r--p 0000f000 08:04 4980837                    /lib/x86_64-linux-gnu/libudev.so.1.3.5
7fd53b215000-7fd53b216000 rw-p 00010000 08:04 4980837                    /lib/x86_64-linux-gnu/libudev.so.1.3.5
7fd53b216000-7fd53b24a000 r-xp 00000000 08:04 1050707                    /usr/lib/x86_64-linux-gnu/gvfs/libgvfscommon.so
7fd53b24a000-7fd53b44a000 ---p 00034000 08:04 1050707                    /usr/lib/x86_64-linux-gnu/gvfs/libgvfscommon.so
7fd53b44a000-7fd53b44f000 r--p 00034000 08:04 1050707                    /usr/lib/x86_64-linux-gnu/gvfs/libgvfscommon.so
7fd53b44f000-7fd53b450000 rw-p 00039000 08:04 1050707                    /usr/lib/x86_64-linux-gnu/gvfs/libgvfscommon.so
7fd53b450000-7fd53b47f000 r-xp 00000000 08:04 1049473                    /usr/lib/x86_64-linux-gnu/gio/modules/libgvfsdbus.so
7fd53b47f000-7fd53b67f000 ---p 0002f000 08:04 1049473                    /usr/lib/x86_64-linux-gnu/gio/modules/libgvfsdbus.so
7fd53b67f000-7fd53b680000 r--p 0002f000 08:04 1049473                    /usr/lib/x86_64-linux-gnu/gio/modules/libgvfsdbus.so
7fd53b680000-7fd53b681000 rw-p 00030000 08:04 1049473                    /usr/lib/x86_64-linux-gnu/gio/modules/libgvfsdbus.so
7fd53b681000-7fd53b682000 rw-p 00000000 00:00 0 
7fd53b682000-7fd53b7c5000 r-xp 00000000 08:04 1705393                    /usr/lib/x86_64-linux-gnu/gtk-2.0/2.10.0/engines/liboxygen-gtk.so
7fd53b7c5000-7fd53b9c4000 ---p 00143000 08:04 1705393                    /usr/lib/x86_64-linux-gnu/gtk-2.0/2.10.0/engines/liboxygen-gtk.so
7fd53b9c4000-7fd53b9ca000 r--p 00142000 08:04 1705393                    /usr/lib/x86_64-linux-gnu/gtk-2.0/2.10.0/engines/liboxygen-gtk.so
7fd53b9ca000-7fd53b9cb000 rw-p 00148000 08:04 1705393                    /usr/lib/x86_64-linux-gnu/gtk-2.0/2.10.0/engines/liboxygen-gtk.so
7fd53b9cb000-7fd53b9cc000 rw-p 00000000 00:00 0 
7fd53b9cc000-7fd53b9d2000 r-xp 00000000 08:04 1057490                    /usr/lib/x86_64-linux-gnu/libdatrie.so.1.3.1
7fd53b9d2000-7fd53bbd1000 ---p 00006000 08:04 1057490                    /usr/lib/x86_64-linux-gnu/libdatrie.so.1.3.1
7fd53bbd1000-7fd53bbd2000 r--p 00005000 08:04 1057490                    /usr/lib/x86_64-linux-gnu/libdatrie.so.1.3.1
7fd53bbd2000-7fd53bbd3000 rw-p 00006000 08:04 1057490                    /usr/lib/x86_64-linux-gnu/libdatrie.so.1.3.1
7fd53bbd3000-7fd53bbf7000 r-xp 00000000 08:04 1051966                    /usr/lib/x86_64-linux-gnu/libgraphite2.so.3.0.1
7fd53bbf7000-7fd53bdf7000 ---p 00024000 08:04 1051966                    /usr/lib/x86_64-linux-gnu/libgraphite2.so.3.0.1
7fd53bdf7000-7fd53bdf9000 r--p 00024000 08:04 1051966                    /usr/lib/x86_64-linux-gnu/libgraphite2.so.3.0.1
7fd53bdf9000-7fd53bdfa000 rw-p 00026000 08:04 1051966                    /usr/lib/x86_64-linux-gnu/libgraphite2.so.3.0.1
7fd53bdfa000-7fd53bdff000 r-xp 00000000 08:04 1050452                    /usr/lib/x86_64-linux-gnu/libXdmcp.so.6.0.0
7fd53bdff000-7fd53bffe000 ---p 00005000 08:04 1050452                    /usr/lib/x86_64-linux-gnu/libXdmcp.so.6.0.0
7fd53bffe000-7fd53bfff000 r--p 00004000 08:04 1050452                    /usr/lib/x86_64-linux-gnu/libXdmcp.so.6.0.0
7fd53bfff000-7fd53c000000 rw-p 00005000 08:04 1050452                    /usr/lib/x86_64-linux-gnu/libXdmcp.so.6.0.0
7fd53c000000-7fd53c021000 rw-p 00000000 00:00 0 
7fd53c021000-7fd540000000 ---p 00000000 00:00 0 
7fd540000000-7fd540021000 rw-p 00000000 00:00 0 
7fd540021000-7fd544000000 ---p 00000000 00:00 0 
7fd544000000-7fd544166000 rw-p 00000000 00:00 0 
7fd544166000-7fd548000000 ---p 00000000 00:00 0 
7fd548000000-7fd548444000 rw-p 00000000 00:00 0 
7fd548444000-7fd54c000000 ---p 00000000 00:00 0 
7fd54c000000-7fd54c021000 rw-p 00000000 00:00 0 
7fd54c021000-7fd550000000 ---p 00000000 00:00 0 
7fd550000000-7fd5504bf000 rw-p 00000000 00:00 0 
7fd5504bf000-7fd554000000 ---p 00000000 00:00 0 
7fd554000000-7fd554021000 rw-p 00000000 00:00 0 
7fd554021000-7fd558000000 ---p 00000000 00:00 0 
7fd558000000-7fd558021000 rw-p 00000000 00:00 0 
7fd558021000-7fd55c000000 ---p 00000000 00:00 0 
7fd55c000000-7fd55c021000 rw-p 00000000 00:00 0 
7fd55c021000-7fd560000000 ---p 00000000 00:00 0 
7fd560000000-7fd560021000 rw-p 00000000 00:00 0 
7fd560021000-7fd564000000 ---p 00000000 00:00 0 
7fd564000000-7fd564021000 rw-p 00000000 00:00 0 
7fd564021000-7fd568000000 ---p 00000000 00:00 0 
7fd56802d000-7fd56802e000 r--s 00001000 08:04 2266953                    /home/ia941/IA941/soar/SoarSuite_9.4.0-Linux_64bit/bin/java/soar-debugger-api.jar
7fd56802e000-7fd56802f000 r--s 00003000 08:04 2266957                    /home/ia941/IA941/soar/SoarSuite_9.4.0-Linux_64bit/bin/java/swtgraphics2d.jar
7fd56802f000-7fd568035000 r--p 00000000 08:04 1315702                    /usr/share/locale-langpack/pt/LC_MESSAGES/gdk-pixbuf.mo
7fd568035000-7fd56803b000 r--p 00000000 08:04 1314822                    /usr/share/locale-langpack/pt_BR/LC_MESSAGES/gdk-pixbuf.mo
7fd56803b000-7fd56803c000 r--s 00000000 08:04 524610                     /var/cache/fontconfig/087e1975ba9a574b140bb1df193bf770-le64.cache-4
7fd56803c000-7fd56803d000 r--s 00000000 08:04 524605                     /var/cache/fontconfig/c05880de57d1f5e948fdfacc138775d9-le64.cache-4
7fd56803d000-7fd568048000 r--s 00000000 08:04 524598                     /var/cache/fontconfig/945677eb7aeaf62f1d50efc3fb3ec7d8-le64.cache-4
7fd568048000-7fd56804a000 r--s 00000000 08:04 524596                     /var/cache/fontconfig/99e8ed0e538f840c565b6ed5dad60d56-le64.cache-4
7fd56804a000-7fd568053000 r--s 00000000 08:04 524592                     /var/cache/fontconfig/a6d8cf8e4ec09cdbc8633c31745a07dd-le64.cache-4
7fd568053000-7fd568059000 r--s 00000000 08:04 524591                     /var/cache/fontconfig/2cd17615ca594fa2959ae173292e504c-le64.cache-4
7fd568059000-7fd56805a000 r--s 00000000 08:04 524590                     /var/cache/fontconfig/e7071f4a29fa870f4323321c154eba04-le64.cache-4
7fd56805a000-7fd568061000 r--s 00000000 08:04 524589                     /var/cache/fontconfig/6eb3985aa4124903f6ff08ba781cd364-le64.cache-4
7fd568061000-7fd568062000 r--s 00000000 08:04 524588                     /var/cache/fontconfig/0d8c3b2ac0904cb8a57a757ad11a4a08-le64.cache-4
7fd568062000-7fd568069000 r--s 00000000 08:04 524587                     /var/cache/fontconfig/a755afe4a08bf5b97852ceb7400b47bc-le64.cache-4
7fd568069000-7fd568075000 r--s 00000000 08:04 524585                     /var/cache/fontconfig/6d41288fd70b0be22e8c3a91e032eec0-le64.cache-4
7fd568075000-7fd568089000 r--s 00000000 08:04 524584                     /var/cache/fontconfig/04aabc0a78ac019cf9454389977116d2-le64.cache-4
7fd568089000-7fd56808a000 r--s 00000000 08:04 524581                     /var/cache/fontconfig/1ac9eb803944fde146138c791f5cc56a-le64.cache-4
7fd56808a000-7fd56808e000 r--s 00000000 08:04 524580                     /var/cache/fontconfig/385c0604a188198f04d133e54aba7fe7-le64.cache-4
7fd56808e000-7fd56808f000 r--s 00000000 08:04 524579                     /var/cache/fontconfig/9c956a7723ca69a44b382d9179c9802f-le64.cache-4
7fd56808f000-7fd568090000 r--s 00000000 08:04 524575                     /var/cache/fontconfig/dc05db6664285cc2f12bf69c139ae4c3-le64.cache-4
7fd568090000-7fd568092000 r--s 00000000 08:04 524567                     /var/cache/fontconfig/767a8244fc0220cfb567a839d0392e0b-le64.cache-4
7fd568092000-7fd568094000 r--s 00000000 08:04 524565                     /var/cache/fontconfig/2fe16cf53f8bd2da9ea33d9eb6e69eee-le64.cache-4
7fd568094000-7fd568095000 r--s 00000000 08:04 524563                     /var/cache/fontconfig/4794a0821666d79190d59a36cb4f44b5-le64.cache-4
7fd568095000-7fd568096000 r--s 00000000 08:04 524561                     /var/cache/fontconfig/9eae20f1ff8cc0a7d125749e875856bd-le64.cache-4
7fd568096000-7fd568098000 r--s 00000000 08:04 524556                     /var/cache/fontconfig/bf2c1853a9e9b00bb02fe2e9bcf1e201-le64.cache-4
7fd568098000-7fd56809d000 r--s 00000000 08:04 524554                     /var/cache/fontconfig/8801497958630a81b71ace7c5f9b32a8-le64.cache-4
7fd56809d000-7fd5680d8000 r--s 00000000 08:04 524553                     /var/cache/fontconfig/365b55f210c0a22e9a19e35191240f32-le64.cache-4
7fd5680d8000-7fd5680dc000 r--s 00000000 08:04 524551                     /var/cache/fontconfig/c57959a16110560c8d0fcea73374aeeb-le64.cache-4
7fd5680dc000-7fd5680e3000 r--s 00000000 08:04 524550                     /var/cache/fontconfig/3047814df9a2f067bd2d96a2b9c36e5a-le64.cache-4
7fd5680e3000-7fd5680e7000 r--s 00000000 08:04 524548                     /var/cache/fontconfig/bf3b770c553c462765856025a94f1ce6-le64.cache-4
7fd5680e7000-7fd5680ed000 r--s 00000000 08:04 524541                     /var/cache/fontconfig/b47c4e1ecd0709278f4910c18777a504-le64.cache-4
7fd5680ed000-7fd5680f0000 r--s 00000000 08:04 524537                     /var/cache/fontconfig/14d493b97896515cad3840ba4896e372-le64.cache-4
7fd5680f0000-7fd5680f8000 r--s 00000000 08:04 524535                     /var/cache/fontconfig/ce677e824a231659fde4a3a246a10ea3-le64.cache-4
7fd5680f8000-7fd568101000 r--s 00000000 08:04 524531                     /var/cache/fontconfig/52f7bdb7ce746bfd7eaa1985bd9cfa93-le64.cache-4
7fd568101000-7fd568114000 r--s 00000000 08:04 524518                     /var/cache/fontconfig/d52a8644073d54c13679302ca1180695-le64.cache-4
7fd568114000-7fd56811d000 r--s 00000000 08:04 524511                     /var/cache/fontconfig/3f7329c5293ffd510edef78f73874cfd-le64.cache-4
7fd568154000-7fd568176000 r--s 00000000 08:04 1441969                    /usr/share/mime/mime.cache
7fd568176000-7fd568198000 r--s 00000000 08:04 1441969                    /usr/share/mime/mime.cache
7fd568199000-7fd56819c000 r--p 00000000 08:04 1313857                    /usr/share/locale-langpack/pt_BR/LC_MESSAGES/atk10.mo
7fd56819c000-7fd56819d000 r--p 00000000 00:00 0 
7fd56819d000-7fd56819f000 r-xp 00000000 08:04 1050448                    /usr/lib/x86_64-linux-gnu/libXau.so.6.0.0
7fd56819f000-7fd56839f000 ---p 00002000 08:04 1050448                    /usr/lib/x86_64-linux-gnu/libXau.so.6.0.0
7fd56839f000-7fd5683a0000 r--p 00002000 08:04 1050448                    /usr/lib/x86_64-linux-gnu/libXau.so.6.0.0
7fd5683a0000-7fd5683a1000 rw-p 00003000 08:04 1050448                    /usr/lib/x86_64-linux-gnu/libXau.so.6.0.0
7fd5683a1000-7fd5683de000 r-xp 00000000 08:04 5028914                    /lib/x86_64-linux-gnu/libpcre.so.3.13.1
7fd5683de000-7fd5685dd000 ---p 0003d000 08:04 5028914                    /lib/x86_64-linux-gnu/libpcre.so.3.13.1
7fd5685dd000-7fd5685de000 r--p 0003c000 08:04 5028914                    /lib/x86_64-linux-gnu/libpcre.so.3.13.1
7fd5685de000-7fd5685df000 rw-p 0003d000 08:04 5028914                    /lib/x86_64-linux-gnu/libpcre.so.3.13.1
7fd5685df000-7fd5685e6000 r-xp 00000000 08:04 1051718                    /usr/lib/x86_64-linux-gnu/libffi.so.6.0.1
7fd5685e6000-7fd5687e5000 ---p 00007000 08:04 1051718                    /usr/lib/x86_64-linux-gnu/libffi.so.6.0.1
7fd5687e5000-7fd5687e6000 r--p 00006000 08:04 1051718                    /usr/lib/x86_64-linux-gnu/libffi.so.6.0.1
7fd5687e6000-7fd5687e7000 rw-p 00007000 08:04 1051718                    /usr/lib/x86_64-linux-gnu/libffi.so.6.0.1
7fd5687e7000-7fd56880e000 r-xp 00000000 08:04 4997805                    /lib/x86_64-linux-gnu/libexpat.so.1.6.0
7fd56880e000-7fd568a0e000 ---p 00027000 08:04 4997805                    /lib/x86_64-linux-gnu/libexpat.so.1.6.0
7fd568a0e000-7fd568a10000 r--p 00027000 08:04 4997805                    /lib/x86_64-linux-gnu/libexpat.so.1.6.0
7fd568a10000-7fd568a11000 rw-p 00029000 08:04 4997805                    /lib/x86_64-linux-gnu/libexpat.so.1.6.0
7fd568a11000-7fd568a19000 r-xp 00000000 08:04 1050152                    /usr/lib/x86_64-linux-gnu/libthai.so.0.2.0
7fd568a19000-7fd568c18000 ---p 00008000 08:04 1050152                    /usr/lib/x86_64-linux-gnu/libthai.so.0.2.0
7fd568c18000-7fd568c19000 r--p 00007000 08:04 1050152                    /usr/lib/x86_64-linux-gnu/libthai.so.0.2.0
7fd568c19000-7fd568c1a000 rw-p 00008000 08:04 1050152                    /usr/lib/x86_64-linux-gnu/libthai.so.0.2.0
7fd568c1a000-7fd568c6d000 r-xp 00000000 08:04 1050466                    /usr/lib/x86_64-linux-gnu/libharfbuzz.so.0.927.0
7fd568c6d000-7fd568e6d000 ---p 00053000 08:04 1050466                    /usr/lib/x86_64-linux-gnu/libharfbuzz.so.0.927.0
7fd568e6d000-7fd568e6e000 r--p 00053000 08:04 1050466                    /usr/lib/x86_64-linux-gnu/libharfbuzz.so.0.927.0
7fd568e6e000-7fd568e6f000 rw-p 00054000 08:04 1050466                    /usr/lib/x86_64-linux-gnu/libharfbuzz.so.0.927.0
7fd568e6f000-7fd568e86000 r-xp 00000000 08:04 5013272                    /lib/x86_64-linux-gnu/libresolv-2.19.so
7fd568e86000-7fd569086000 ---p 00017000 08:04 5013272                    /lib/x86_64-linux-gnu/libresolv-2.19.so
7fd569086000-7fd569087000 r--p 00017000 08:04 5013272                    /lib/x86_64-linux-gnu/libresolv-2.19.so
7fd569087000-7fd569088000 rw-p 00018000 08:04 5013272                    /lib/x86_64-linux-gnu/libresolv-2.19.so
7fd569088000-7fd56908a000 rw-p 00000000 00:00 0 
7fd56908a000-7fd5690aa000 r-xp 00000000 08:04 4984792                    /lib/x86_64-linux-gnu/libselinux.so.1
7fd5690aa000-7fd5692a9000 ---p 00020000 08:04 4984792                    /lib/x86_64-linux-gnu/libselinux.so.1
7fd5692a9000-7fd5692aa000 r--p 0001f000 08:04 4984792                    /lib/x86_64-linux-gnu/libselinux.so.1
7fd5692aa000-7fd5692ab000 rw-p 00020000 08:04 4984792                    /lib/x86_64-linux-gnu/libselinux.so.1
7fd5692ab000-7fd5692ad000 rw-p 00000000 00:00 0 
7fd5692ad000-7fd5692c5000 r-xp 00000000 08:04 4984785                    /lib/x86_64-linux-gnu/libz.so.1.2.8
7fd5692c5000-7fd5694c4000 ---p 00018000 08:04 4984785                    /lib/x86_64-linux-gnu/libz.so.1.2.8
7fd5694c4000-7fd5694c5000 r--p 00017000 08:04 4984785                    /lib/x86_64-linux-gnu/libz.so.1.2.8
7fd5694c5000-7fd5694c6000 rw-p 00018000 08:04 4984785                    /lib/x86_64-linux-gnu/libz.so.1.2.8
7fd5694c6000-7fd5694ce000 r-xp 00000000 08:04 1051037                    /usr/lib/x86_64-linux-gnu/libxcb-render.so.0.0.0
7fd5694ce000-7fd5696cd000 ---p 00008000 08:04 1051037                    /usr/lib/x86_64-linux-gnu/libxcb-render.so.0.0.0
7fd5696cd000-7fd5696ce000 r--p 00007000 08:04 1051037                    /usr/lib/x86_64-linux-gnu/libxcb-render.so.0.0.0
7fd5696ce000-7fd5696cf000 rw-p 00008000 08:04 1051037                    /usr/lib/x86_64-linux-gnu/libxcb-render.so.0.0.0
7fd5696cf000-7fd5696d1000 r-xp 00000000 08:04 1051281                    /usr/lib/x86_64-linux-gnu/libxcb-shm.so.0.0.0
7fd5696d1000-7fd5698d0000 ---p 00002000 08:04 1051281                    /usr/lib/x86_64-linux-gnu/libxcb-shm.so.0.0.0
7fd5698d0000-7fd5698d1000 r--p 00001000 08:04 1051281                    /usr/lib/x86_64-linux-gnu/libxcb-shm.so.0.0.0
7fd5698d1000-7fd5698d2000 rw-p 00002000 08:04 1051281                    /usr/lib/x86_64-linux-gnu/libxcb-shm.so.0.0.0
7fd5698d2000-7fd5698f7000 r-xp 00000000 08:04 4981135                    /lib/x86_64-linux-gnu/libpng12.so.0.50.0
7fd5698f7000-7fd569af6000 ---p 00025000 08:04 4981135                    /lib/x86_64-linux-gnu/libpng12.so.0.50.0
7fd569af6000-7fd569af7000 r--p 00024000 08:04 4981135                    /lib/x86_64-linux-gnu/libpng12.so.0.50.0
7fd569af7000-7fd569af8000 rw-p 00025000 08:04 4981135                    /lib/x86_64-linux-gnu/libpng12.so.0.50.0
7fd569af8000-7fd569b98000 r-xp 00000000 08:04 1054613                    /usr/lib/x86_64-linux-gnu/libpixman-1.so.0.30.2
7fd569b98000-7fd569d98000 ---p 000a0000 08:04 1054613                    /usr/lib/x86_64-linux-gnu/libpixman-1.so.0.30.2
7fd569d98000-7fd569d9f000 r--p 000a0000 08:04 1054613                    /usr/lib/x86_64-linux-gnu/libpixman-1.so.0.30.2
7fd569d9f000-7fd569da0000 rw-p 000a7000 08:04 1054613                    /usr/lib/x86_64-linux-gnu/libpixman-1.so.0.30.2
7fd569da0000-7fd569dbd000 r-xp 00000000 08:04 1050457                    /usr/lib/x86_64-linux-gnu/libxcb.so.1.1.0
7fd569dbd000-7fd569fbd000 ---p 0001d000 08:04 1050457                    /usr/lib/x86_64-linux-gnu/libxcb.so.1.1.0
7fd569fbd000-7fd569fbe000 r--p 0001d000 08:04 1050457                    /usr/lib/x86_64-linux-gnu/libxcb.so.1.1.0
7fd569fbe000-7fd569fbf000 rw-p 0001e000 08:04 1050457                    /usr/lib/x86_64-linux-gnu/libxcb.so.1.1.0
7fd569fbf000-7fd56a05c000 r-xp 00000000 08:04 1051965                    /usr/lib/x86_64-linux-gnu/libfreetype.so.6.11.1
7fd56a05c000-7fd56a25b000 ---p 0009d000 08:04 1051965                    /usr/lib/x86_64-linux-gnu/libfreetype.so.6.11.1
7fd56a25b000-7fd56a261000 r--p 0009c000 08:04 1051965                    /usr/lib/x86_64-linux-gnu/libfreetype.so.6.11.1
7fd56a261000-7fd56a262000 rw-p 000a2000 08:04 1051965                    /usr/lib/x86_64-linux-gnu/libfreetype.so.6.11.1
7fd56a262000-7fd56a264000 r-xp 00000000 08:04 1051280                    /usr/lib/x86_64-linux-gnu/libXdamage.so.1.1.0
7fd56a264000-7fd56a463000 ---p 00002000 08:04 1051280                    /usr/lib/x86_64-linux-gnu/libXdamage.so.1.1.0
7fd56a463000-7fd56a464000 r--p 00001000 08:04 1051280                    /usr/lib/x86_64-linux-gnu/libXdamage.so.1.1.0
7fd56a464000-7fd56a465000 rw-p 00002000 08:04 1051280                    /usr/lib/x86_64-linux-gnu/libXdamage.so.1.1.0
7fd56a465000-7fd56a467000 r-xp 00000000 08:04 1051250                    /usr/lib/x86_64-linux-gnu/libXcomposite.so.1.0.0
7fd56a467000-7fd56a666000 ---p 00002000 08:04 1051250                    /usr/lib/x86_64-linux-gnu/libXcomposite.so.1.0.0
7fd56a666000-7fd56a667000 r--p 00001000 08:04 1051250                    /usr/lib/x86_64-linux-gnu/libXcomposite.so.1.0.0
7fd56a667000-7fd56a668000 rw-p 00002000 08:04 1051250                    /usr/lib/x86_64-linux-gnu/libXcomposite.so.1.0.0
7fd56a668000-7fd56a671000 r-xp 00000000 08:04 1049670                    /usr/lib/x86_64-linux-gnu/libXcursor.so.1.0.2
7fd56a671000-7fd56a870000 ---p 00009000 08:04 1049670                    /usr/lib/x86_64-linux-gnu/libXcursor.so.1.0.2
7fd56a870000-7fd56a871000 r--p 00008000 08:04 1049670                    /usr/lib/x86_64-linux-gnu/libXcursor.so.1.0.2
7fd56a871000-7fd56a872000 rw-p 00009000 08:04 1049670                    /usr/lib/x86_64-linux-gnu/libXcursor.so.1.0.2
7fd56a872000-7fd56a87b000 r-xp 00000000 08:04 1048892                    /usr/lib/x86_64-linux-gnu/libXrandr.so.2.2.0
7fd56a87b000-7fd56aa7a000 ---p 00009000 08:04 1048892                    /usr/lib/x86_64-linux-gnu/libXrandr.so.2.2.0
7fd56aa7a000-7fd56aa7b000 r--p 00008000 08:04 1048892                    /usr/lib/x86_64-linux-gnu/libXrandr.so.2.2.0
7fd56aa7b000-7fd56aa7c000 rw-p 00009000 08:04 1048892                    /usr/lib/x86_64-linux-gnu/libXrandr.so.2.2.0
7fd56aa7c000-7fd56aa8b000 r-xp 00000000 08:04 1049068                    /usr/lib/x86_64-linux-gnu/libXi.so.6.1.0
7fd56aa8b000-7fd56ac8a000 ---p 0000f000 08:04 1049068                    /usr/lib/x86_64-linux-gnu/libXi.so.6.1.0
7fd56ac8a000-7fd56ac8b000 r--p 0000e000 08:04 1049068                    /usr/lib/x86_64-linux-gnu/libXi.so.6.1.0
7fd56ac8b000-7fd56ac8c000 rw-p 0000f000 08:04 1049068                    /usr/lib/x86_64-linux-gnu/libXi.so.6.1.0
7fd56ac8c000-7fd56ac8e000 r-xp 00000000 08:04 1049902                    /usr/lib/x86_64-linux-gnu/libXinerama.so.1.0.0
7fd56ac8e000-7fd56ae8d000 ---p 00002000 08:04 1049902                    /usr/lib/x86_64-linux-gnu/libXinerama.so.1.0.0
7fd56ae8d000-7fd56ae8e000 r--p 00001000 08:04 1049902                    /usr/lib/x86_64-linux-gnu/libXinerama.so.1.0.0
7fd56ae8e000-7fd56ae8f000 rw-p 00002000 08:04 1049902                    /usr/lib/x86_64-linux-gnu/libXinerama.so.1.0.0
7fd56ae8f000-7fd56ae98000 r-xp 00000000 08:04 1054879                    /usr/lib/x86_64-linux-gnu/libXrender.so.1.3.0
7fd56ae98000-7fd56b097000 ---p 00009000 08:04 1054879                    /usr/lib/x86_64-linux-gnu/libXrender.so.1.3.0
7fd56b097000-7fd56b098000 r--p 00008000 08:04 1054879                    /usr/lib/x86_64-linux-gnu/libXrender.so.1.3.0
7fd56b098000-7fd56b099000 rw-p 00009000 08:04 1054879                    /usr/lib/x86_64-linux-gnu/libXrender.so.1.3.0
7fd56b099000-7fd56b0aa000 r-xp 00000000 08:04 1051285                    /usr/lib/x86_64-linux-gnu/libXext.so.6.4.0
7fd56b0aa000-7fd56b2a9000 ---p 00011000 08:04 1051285                    /usr/lib/x86_64-linux-gnu/libXext.so.6.4.0
7fd56b2a9000-7fd56b2aa000 r--p 00010000 08:04 1051285                    /usr/lib/x86_64-linux-gnu/libXext.so.6.4.0
7fd56b2aa000-7fd56b2ab000 rw-p 00011000 08:04 1051285                    /usr/lib/x86_64-linux-gnu/libXext.so.6.4.0
7fd56b2ab000-7fd56b3b1000 r-xp 00000000 08:04 4983093                    /lib/x86_64-linux-gnu/libglib-2.0.so.0.4002.0
7fd56b3b1000-7fd56b5b0000 ---p 00106000 08:04 4983093                    /lib/x86_64-linux-gnu/libglib-2.0.so.0.4002.0
7fd56b5b0000-7fd56b5b1000 r--p 00105000 08:04 4983093                    /lib/x86_64-linux-gnu/libglib-2.0.so.0.4002.0
7fd56b5b1000-7fd56b5b2000 rw-p 00106000 08:04 4983093                    /lib/x86_64-linux-gnu/libglib-2.0.so.0.4002.0
7fd56b5b2000-7fd56b5b3000 rw-p 00000000 00:00 0 
7fd56b5b3000-7fd56b602000 r-xp 00000000 08:04 1054527                    /usr/lib/x86_64-linux-gnu/libgobject-2.0.so.0.4002.0
7fd56b602000-7fd56b802000 ---p 0004f000 08:04 1054527                    /usr/lib/x86_64-linux-gnu/libgobject-2.0.so.0.4002.0
7fd56b802000-7fd56b803000 r--p 0004f000 08:04 1054527                    /usr/lib/x86_64-linux-gnu/libgobject-2.0.so.0.4002.0
7fd56b803000-7fd56b804000 rw-p 00050000 08:04 1054527                    /usr/lib/x86_64-linux-gnu/libgobject-2.0.so.0.4002.0
7fd56b804000-7fd56b83e000 r-xp 00000000 08:04 1049911                    /usr/lib/x86_64-linux-gnu/libfontconfig.so.1.8.0
7fd56b83e000-7fd56ba3d000 ---p 0003a000 08:04 1049911                    /usr/lib/x86_64-linux-gnu/libfontconfig.so.1.8.0
7fd56ba3d000-7fd56ba3f000 r--p 00039000 08:04 1049911                    /usr/lib/x86_64-linux-gnu/libfontconfig.so.1.8.0
7fd56ba3f000-7fd56ba40000 rw-p 0003b000 08:04 1049911                    /usr/lib/x86_64-linux-gnu/libfontconfig.so.1.8.0
7fd56ba40000-7fd56ba8a000 r-xp 00000000 08:04 1049277                    /usr/lib/x86_64-linux-gnu/libpango-1.0.so.0.3600.3
7fd56ba8a000-7fd56bc8a000 ---p 0004a000 08:04 1049277                    /usr/lib/x86_64-linux-gnu/libpango-1.0.so.0.3600.3
7fd56bc8a000-7fd56bc8c000 r--p 0004a000 08:04 1049277                    /usr/lib/x86_64-linux-gnu/libpango-1.0.so.0.3600.3
7fd56bc8c000-7fd56bc8d000 rw-p 0004c000 08:04 1049277                    /usr/lib/x86_64-linux-gnu/libpango-1.0.so.0.3600.3
7fd56bc8d000-7fd56bdf9000 r-xp 00000000 08:04 1054529                    /usr/lib/x86_64-linux-gnu/libgio-2.0.so.0.4002.0
7fd56bdf9000-7fd56bff8000 ---p 0016c000 08:04 1054529                    /usr/lib/x86_64-linux-gnu/libgio-2.0.so.0.4002.0
7fd56bff8000-7fd56bffc000 r--p 0016b000 08:04 1054529                    /usr/lib/x86_64-linux-gnu/libgio-2.0.so.0.4002.0
7fd56bffc000-7fd56bffe000 rw-p 0016f000 08:04 1054529                    /usr/lib/x86_64-linux-gnu/libgio-2.0.so.0.4002.0
7fd56bffe000-7fd56c000000 rw-p 00000000 00:00 0 
7fd56c000000-7fd56c021000 rw-p 00000000 00:00 0 
7fd56c021000-7fd570000000 ---p 00000000 00:00 0 
7fd570000000-7fd570001000 r--s 00000000 08:04 524546                     /var/cache/fontconfig/56cf4f4769d0f4abc89a4895d7bd3ae1-le64.cache-4
7fd570001000-7fd570002000 r--s 00000000 08:04 524545                     /var/cache/fontconfig/b9d506c9ac06c20b433354fa67a72993-le64.cache-4
7fd570002000-7fd570005000 r--s 00000000 08:04 524530                     /var/cache/fontconfig/e49e89034d371f0f9de17aab02136486-le64.cache-4
7fd570005000-7fd570010000 r--s 00000000 08:04 524503                     /var/cache/fontconfig/d589a48862398ed80a3d6066f4f56f4c-le64.cache-4
7fd570010000-7fd57001a000 r--s 00000000 08:04 524489                     /var/cache/fontconfig/198d8fcf01c96d0cf813f74fd759bdb7-le64.cache-4
7fd57001a000-7fd570025000 r--s 00000000 08:04 524485                     /var/cache/fontconfig/83bf95040141907cd45bb53cf7c1c148-le64.cache-4
7fd570025000-7fd570038000 r--s 00000000 08:04 524447                     /var/cache/fontconfig/4ac51e5cfbc76fc3f983e470323a16d3-le64.cache-4
7fd570038000-7fd570050000 r--s 00000000 08:04 524410                     /var/cache/fontconfig/e13b20fdb08344e0e664864cc2ede53d-le64.cache-4
7fd570050000-7fd57006e000 r--s 00000000 08:04 524382                     /var/cache/fontconfig/467c019e582ee353435ea5c21d137ef6-le64.cache-4
7fd57006e000-7fd570087000 r--p 00000000 08:04 1315603                    /usr/share/locale-langpack/pt/LC_MESSAGES/glib20.mo
7fd570087000-7fd5700a0000 r--p 00000000 08:04 1314751                    /usr/share/locale-langpack/pt_BR/LC_MESSAGES/glib20.mo
7fd5700a0000-7fd5700c9000 r--p 00000000 08:04 1315111                    /usr/share/locale-langpack/pt/LC_MESSAGES/gtk20-properties.mo
7fd5700c9000-7fd5700dd000 r-xp 00000000 08:04 1051421                    /usr/lib/x86_64-linux-gnu/libpangoft2-1.0.so.0.3600.3
7fd5700dd000-7fd5702dc000 ---p 00014000 08:04 1051421                    /usr/lib/x86_64-linux-gnu/libpangoft2-1.0.so.0.3600.3
7fd5702dc000-7fd5702dd000 r--p 00013000 08:04 1051421                    /usr/lib/x86_64-linux-gnu/libpangoft2-1.0.so.0.3600.3
7fd5702dd000-7fd5702de000 rw-p 00014000 08:04 1051421                    /usr/lib/x86_64-linux-gnu/libpangoft2-1.0.so.0.3600.3
7fd5702de000-7fd5702fe000 r-xp 00000000 08:04 1050888                    /usr/lib/x86_64-linux-gnu/libgdk_pixbuf-2.0.so.0.3000.7
7fd5702fe000-7fd5704fd000 ---p 00020000 08:04 1050888                    /usr/lib/x86_64-linux-gnu/libgdk_pixbuf-2.0.so.0.3000.7
7fd5704fd000-7fd5704fe000 r--p 0001f000 08:04 1050888                    /usr/lib/x86_64-linux-gnu/libgdk_pixbuf-2.0.so.0.3000.7
7fd5704fe000-7fd5704ff000 rw-p 00020000 08:04 1050888                    /usr/lib/x86_64-linux-gnu/libgdk_pixbuf-2.0.so.0.3000.7
7fd5704ff000-7fd570605000 r-xp 00000000 08:04 1050577                    /usr/lib/x86_64-linux-gnu/libcairo.so.2.11301.0
7fd570605000-7fd570804000 ---p 00106000 08:04 1050577                    /usr/lib/x86_64-linux-gnu/libcairo.so.2.11301.0
7fd570804000-7fd570807000 r--p 00105000 08:04 1050577                    /usr/lib/x86_64-linux-gnu/libcairo.so.2.11301.0
7fd570807000-7fd570808000 rw-p 00108000 08:04 1050577                    /usr/lib/x86_64-linux-gnu/libcairo.so.2.11301.0
7fd570808000-7fd57080a000 rw-p 00000000 00:00 0 
7fd57080a000-7fd570829000 r-xp 00000000 08:04 1050063                    /usr/lib/x86_64-linux-gnu/libatk-1.0.so.0.21009.1
7fd570829000-7fd570a29000 ---p 0001f000 08:04 1050063                    /usr/lib/x86_64-linux-gnu/libatk-1.0.so.0.21009.1
7fd570a29000-7fd570a2b000 r--p 0001f000 08:04 1050063                    /usr/lib/x86_64-linux-gnu/libatk-1.0.so.0.21009.1
7fd570a2b000-7fd570a2c000 rw-p 00021000 08:04 1050063                    /usr/lib/x86_64-linux-gnu/libatk-1.0.so.0.21009.1
7fd570a2c000-7fd570a31000 r-xp 00000000 08:04 1051270                    /usr/lib/x86_64-linux-gnu/libXfixes.so.3.1.0
7fd570a31000-7fd570c30000 ---p 00005000 08:04 1051270                    /usr/lib/x86_64-linux-gnu/libXfixes.so.3.1.0
7fd570c30000-7fd570c31000 r--p 00004000 08:04 1051270                    /usr/lib/x86_64-linux-gnu/libXfixes.so.3.1.0
7fd570c31000-7fd570c32000 rw-p 00005000 08:04 1051270                    /usr/lib/x86_64-linux-gnu/libXfixes.so.3.1.0
7fd570c32000-7fd570d62000 r-xp 00000000 08:04 1051036                    /usr/lib/x86_64-linux-gnu/libX11.so.6.3.0
7fd570d62000-7fd570f62000 ---p 00130000 08:04 1051036                    /usr/lib/x86_64-linux-gnu/libX11.so.6.3.0
7fd570f62000-7fd570f63000 r--p 00130000 08:04 1051036                    /usr/lib/x86_64-linux-gnu/libX11.so.6.3.0
7fd570f63000-7fd570f67000 rw-p 00131000 08:04 1051036                    /usr/lib/x86_64-linux-gnu/libX11.so.6.3.0
7fd570f67000-7fd570f72000 r-xp 00000000 08:04 1048612                    /usr/lib/x86_64-linux-gnu/libpangocairo-1.0.so.0.3600.3
7fd570f72000-7fd571172000 ---p 0000b000 08:04 1048612                    /usr/lib/x86_64-linux-gnu/libpangocairo-1.0.so.0.3600.3
7fd571172000-7fd571173000 r--p 0000b000 08:04 1048612                    /usr/lib/x86_64-linux-gnu/libpangocairo-1.0.so.0.3600.3
7fd571173000-7fd571174000 rw-p 0000c000 08:04 1048612                    /usr/lib/x86_64-linux-gnu/libpangocairo-1.0.so.0.3600.3
7fd571174000-7fd571177000 r-xp 00000000 08:04 1054526                    /usr/lib/x86_64-linux-gnu/libgmodule-2.0.so.0.4002.0
7fd571177000-7fd571376000 ---p 00003000 08:04 1054526                    /usr/lib/x86_64-linux-gnu/libgmodule-2.0.so.0.4002.0
7fd571376000-7fd571377000 r--p 00002000 08:04 1054526                    /usr/lib/x86_64-linux-gnu/libgmodule-2.0.so.0.4002.0
7fd571377000-7fd571378000 rw-p 00003000 08:04 1054526                    /usr/lib/x86_64-linux-gnu/libgmodule-2.0.so.0.4002.0
7fd571378000-7fd571425000 r-xp 00000000 08:04 1050464                    /usr/lib/x86_64-linux-gnu/libgdk-x11-2.0.so.0.2400.23
7fd571425000-7fd571625000 ---p 000ad000 08:04 1050464                    /usr/lib/x86_64-linux-gnu/libgdk-x11-2.0.so.0.2400.23
7fd571625000-7fd571629000 r--p 000ad000 08:04 1050464                    /usr/lib/x86_64-linux-gnu/libgdk-x11-2.0.so.0.2400.23
7fd571629000-7fd57162b000 rw-p 000b1000 08:04 1050464                    /usr/lib/x86_64-linux-gnu/libgdk-x11-2.0.so.0.2400.23
7fd57162b000-7fd571630000 r-xp 00000000 08:04 1065739                    /usr/lib/x86_64-linux-gnu/libXtst.so.6.1.0
7fd571630000-7fd57182f000 ---p 00005000 08:04 1065739                    /usr/lib/x86_64-linux-gnu/libXtst.so.6.1.0
7fd57182f000-7fd571830000 r--p 00004000 08:04 1065739                    /usr/lib/x86_64-linux-gnu/libXtst.so.6.1.0
7fd571830000-7fd571831000 rw-p 00005000 08:04 1065739                    /usr/lib/x86_64-linux-gnu/libXtst.so.6.1.0
7fd571831000-7fd571832000 r-xp 00000000 08:04 1054528                    /usr/lib/x86_64-linux-gnu/libgthread-2.0.so.0.4002.0
7fd571832000-7fd571a31000 ---p 00001000 08:04 1054528                    /usr/lib/x86_64-linux-gnu/libgthread-2.0.so.0.4002.0
7fd571a31000-7fd571a32000 r--p 00000000 08:04 1054528                    /usr/lib/x86_64-linux-gnu/libgthread-2.0.so.0.4002.0
7fd571a32000-7fd571a33000 rw-p 00001000 08:04 1054528                    /usr/lib/x86_64-linux-gnu/libgthread-2.0.so.0.4002.0
7fd571a33000-7fd571e63000 r-xp 00000000 08:04 1050513                    /usr/lib/x86_64-linux-gnu/libgtk-x11-2.0.so.0.2400.23
7fd571e63000-7fd572062000 ---p 00430000 08:04 1050513                    /usr/lib/x86_64-linux-gnu/libgtk-x11-2.0.so.0.2400.23
7fd572062000-7fd572069000 r--p 0042f000 08:04 1050513                    /usr/lib/x86_64-linux-gnu/libgtk-x11-2.0.so.0.2400.23
7fd572069000-7fd57206d000 rw-p 00436000 08:04 1050513                    /usr/lib/x86_64-linux-gnu/libgtk-x11-2.0.so.0.2400.23
7fd57206d000-7fd572070000 rw-p 00000000 00:00 0 
7fd572070000-7fd5720dc000 r-xp 00000000 08:04 6597097                    /tmp/swtlib-64/libswt-pi-gtk-3557.so
7fd5720dc000-7fd5721db000 ---p 0006c000 08:04 6597097                    /tmp/swtlib-64/libswt-pi-gtk-3557.so
7fd5721db000-7fd5721df000 rw-p 0006b000 08:04 6597097                    /tmp/swtlib-64/libswt-pi-gtk-3557.so
7fd5721df000-7fd5721e0000 rw-p 00000000 00:00 0 
7fd5721e0000-7fd572220000 r-xp 00000000 08:04 6597095                    /tmp/swtlib-64/libswt-gtk-3557.so
7fd572220000-7fd572320000 ---p 00040000 08:04 6597095                    /tmp/swtlib-64/libswt-gtk-3557.so
7fd572320000-7fd572324000 rw-p 00040000 08:04 6597095                    /tmp/swtlib-64/libswt-gtk-3557.so
7fd572324000-7fd572325000 rw-p 00000000 00:00 0 
7fd572325000-7fd57233b000 r-xp 00000000 08:04 4981230                    /lib/x86_64-linux-gnu/libgcc_s.so.1
7fd57233b000-7fd57253a000 ---p 00016000 08:04 4981230                    /lib/x86_64-linux-gnu/libgcc_s.so.1
7fd57253a000-7fd57253b000 rw-p 00015000 08:04 4981230                    /lib/x86_64-linux-gnu/libgcc_s.so.1
7fd57253b000-7fd572621000 r-xp 00000000 08:04 1052505                    /usr/lib/x86_64-linux-gnu/libstdc++.so.6.0.19
7fd572621000-7fd572820000 ---p 000e6000 08:04 1052505                    /usr/lib/x86_64-linux-gnu/libstdc++.so.6.0.19
7fd572820000-7fd572828000 r--p 000e5000 08:04 1052505                    /usr/lib/x86_64-linux-gnu/libstdc++.so.6.0.19
7fd572828000-7fd57282a000 rw-p 000ed000 08:04 1052505                    /usr/lib/x86_64-linux-gnu/libstdc++.so.6.0.19
7fd57282a000-7fd57283f000 rw-p 00000000 00:00 0 
7fd57283f000-7fd572b47000 r-xp 00000000 08:04 2138157                    /home/ia941/IA941/soar/SoarSuite_9.4.0-Linux_64bit/bin/libSoar.so
7fd572b47000-7fd572d47000 ---p 00308000 08:04 2138157                    /home/ia941/IA941/soar/SoarSuite_9.4.0-Linux_64bit/bin/libSoar.so
7fd572d47000-7fd572d56000 r--p 00308000 08:04 2138157                    /home/ia941/IA941/soar/SoarSuite_9.4.0-Linux_64bit/bin/libSoar.so
7fd572d56000-7fd572d5e000 rw-p 00317000 08:04 2138157                    /home/ia941/IA941/soar/SoarSuite_9.4.0-Linux_64bit/bin/libSoar.so
7fd572d5e000-7fd572d68000 rw-p 00000000 00:00 0 
7fd572d68000-7fd572da6000 r-xp 00000000 08:04 2138156                    /home/ia941/IA941/soar/SoarSuite_9.4.0-Linux_64bit/bin/libJava_sml_ClientInterface.so
7fd572da6000-7fd572fa6000 ---p 0003e000 08:04 2138156                    /home/ia941/IA941/soar/SoarSuite_9.4.0-Linux_64bit/bin/libJava_sml_ClientInterface.so
7fd572fa6000-7fd572fa7000 r--p 0003e000 08:04 2138156                    /home/ia941/IA941/soar/SoarSuite_9.4.0-Linux_64bit/bin/libJava_sml_ClientInterface.so
7fd572fa7000-7fd572fa8000 rw-p 0003f000 08:04 2138156                    /home/ia941/IA941/soar/SoarSuite_9.4.0-Linux_64bit/bin/libJava_sml_ClientInterface.so
7fd572fa8000-7fd572fab000 ---p 00000000 00:00 0 
7fd572fab000-7fd5730a9000 rw-p 00000000 00:00 0                          [stack:17511]
7fd5730a9000-7fd57313f000 r--s 0110a000 08:04 1774655                    /usr/lib/jvm/java-8-oracle/jre/lib/ext/jfxrt.jar
7fd57313f000-7fd573140000 ---p 00000000 00:00 0 
7fd573140000-7fd573240000 rw-p 00000000 00:00 0                          [stack:17510]
7fd573240000-7fd573243000 ---p 00000000 00:00 0 
7fd573243000-7fd573341000 rw-p 00000000 00:00 0                          [stack:17509]
7fd573341000-7fd573344000 ---p 00000000 00:00 0 
7fd573344000-7fd573442000 rw-p 00000000 00:00 0                          [stack:17508]
7fd573442000-7fd573445000 ---p 00000000 00:00 0 
7fd573445000-7fd573543000 rw-p 00000000 00:00 0                          [stack:17507]
7fd573543000-7fd573546000 ---p 00000000 00:00 0 
7fd573546000-7fd573644000 rw-p 00000000 00:00 0                          [stack:17506]
7fd573644000-7fd573647000 ---p 00000000 00:00 0 
7fd573647000-7fd573745000 rw-p 00000000 00:00 0                          [stack:17505]
7fd573745000-7fd573cfd000 r--p 00000000 08:04 1050376                    /usr/lib/locale/locale-archive
7fd573cfd000-7fd573d00000 ---p 00000000 00:00 0 
7fd573d00000-7fd573dfe000 rw-p 00000000 00:00 0                          [stack:17504]
7fd573dfe000-7fd573e01000 ---p 00000000 00:00 0 
7fd573e01000-7fd573eff000 rw-p 00000000 00:00 0                          [stack:17503]
7fd573eff000-7fd573f00000 ---p 00000000 00:00 0 
7fd573f00000-7fd574000000 rw-p 00000000 00:00 0                          [stack:17502]
7fd574000000-7fd574021000 rw-p 00000000 00:00 0 
7fd574021000-7fd578000000 ---p 00000000 00:00 0 
7fd578000000-7fd578001000 r--s 00000000 08:04 524533                     /var/cache/fontconfig/89034621ae2a8922916bb6bfa5799546-le64.cache-4
7fd578001000-7fd578003000 r--s 00000000 08:04 524525                     /var/cache/fontconfig/4b14b093aebc79c320de5e86ae1d3314-le64.cache-4
7fd578003000-7fd578004000 r--s 00000000 08:04 524512                     /var/cache/fontconfig/8a687c406b77f27d99abfeeba937fcce-le64.cache-4
7fd578004000-7fd578006000 r--s 00000000 08:04 524510                     /var/cache/fontconfig/65f976e5259cbe6dc7697b8648396239-le64.cache-4
7fd578006000-7fd578008000 r--s 00000000 08:04 524495                     /var/cache/fontconfig/423767150eb258c59035de29db6fca84-le64.cache-4
7fd578008000-7fd578011000 r--s 00000000 08:04 524477                     /var/cache/fontconfig/d0972c3d32f097851eb916381fc38920-le64.cache-4
7fd578011000-7fd57803a000 r--p 00000000 08:04 1313878                    /usr/share/locale-langpack/pt_BR/LC_MESSAGES/gtk20-properties.mo
7fd57803a000-7fd578054000 r--p 00000000 08:04 1315982                    /usr/share/locale-langpack/pt/LC_MESSAGES/libc.mo
7fd578054000-7fd578076000 r--p 00000000 08:04 1312702                    /usr/share/locale-langpack/pt_BR/LC_MESSAGES/libc.mo
7fd578076000-7fd57d000000 rw-p 00000000 00:00 0 
7fd57d000000-7fd57d4c0000 rwxp 00000000 00:00 0 
7fd57d4c0000-7fd58c000000 ---p 00000000 00:00 0 
7fd58c000000-7fd58cbf7000 rw-p 00000000 00:00 0 
7fd58cbf7000-7fd590000000 ---p 00000000 00:00 0 
7fd590000000-7fd590001000 r--s 00000000 08:04 524498                     /var/cache/fontconfig/94f7fe9bd33aadfac165873bd010d595-le64.cache-4
7fd590001000-7fd590002000 r--s 00000000 08:04 524493                     /var/cache/fontconfig/406a1d2d2bf3ed7664fbadefac0b2f66-le64.cache-4
7fd590002000-7fd590004000 r--s 00000000 08:04 524492                     /var/cache/fontconfig/67709b7835c0f764c1135060c9575660-le64.cache-4
7fd590004000-7fd590005000 r--s 00000000 08:04 524487                     /var/cache/fontconfig/0c9eb80ebd1c36541ebe2852d3bb0c49-le64.cache-4
7fd590005000-7fd590007000 r--s 00000000 08:04 524476                     /var/cache/fontconfig/6e6b34ae150a7ad95e82fb4a522f0bda-le64.cache-4
7fd590007000-7fd59000e000 r--s 00000000 08:04 524449                     /var/cache/fontconfig/53d14c92082a93e67d5078324eb314ca-le64.cache-4
7fd59000e000-7fd590011000 r--s 00000000 08:04 524443                     /var/cache/fontconfig/de83a0a961185c8bd1f159015d56c039-le64.cache-4
7fd590011000-7fd590018000 r--s 00000000 08:04 1064875                    /usr/lib/x86_64-linux-gnu/gconv/gconv-modules.cache
7fd590018000-7fd590027000 r--p 00000000 08:04 1313887                    /usr/share/locale-langpack/pt_BR/LC_MESSAGES/gtk20.mo
7fd590027000-7fd59003a000 r--s 00211000 08:04 2266956                    /home/ia941/IA941/soar/SoarSuite_9.4.0-Linux_64bit/bin/java/swt.jar
7fd59003a000-7fd59053f000 rw-p 00000000 00:00 0 
7fd59053f000-7fd590718000 r--s 03d64000 08:04 1210327                    /usr/lib/jvm/java-8-oracle/jre/lib/rt.jar
7fd590718000-7fd590b66000 rw-p 00000000 00:00 0 
7fd590b66000-7fd590b67000 ---p 00000000 00:00 0 
7fd590b67000-7fd590c67000 rw-p 00000000 00:00 0                          [stack:17501]
7fd590c67000-7fd590c68000 ---p 00000000 00:00 0 
7fd590c68000-7fd590d68000 rw-p 00000000 00:00 0                          [stack:17500]
7fd590d68000-7fd590d69000 ---p 00000000 00:00 0 
7fd590d69000-7fd590e69000 rw-p 00000000 00:00 0                          [stack:17499]
7fd590e69000-7fd590e6a000 ---p 00000000 00:00 0 
7fd590e6a000-7fd590f94000 rw-p 00000000 00:00 0                          [stack:17498]
7fd590f94000-7fd5911fa000 ---p 00000000 00:00 0 
7fd5911fa000-7fd591224000 rw-p 00000000 00:00 0 
7fd591224000-7fd59148a000 ---p 00000000 00:00 0 
7fd59148a000-7fd59149f000 rw-p 00000000 00:00 0 
7fd59149f000-7fd5915d2000 ---p 00000000 00:00 0 
7fd5915d2000-7fd5915e6000 rw-p 00000000 00:00 0 
7fd5915e6000-7fd591993000 ---p 00000000 00:00 0 
7fd591993000-7fd5919ae000 r-xp 00000000 08:04 1774569                    /usr/lib/jvm/java-8-oracle/jre/lib/amd64/libzip.so
7fd5919ae000-7fd591bae000 ---p 0001b000 08:04 1774569                    /usr/lib/jvm/java-8-oracle/jre/lib/amd64/libzip.so
7fd591bae000-7fd591baf000 rw-p 0001b000 08:04 1774569                    /usr/lib/jvm/java-8-oracle/jre/lib/amd64/libzip.so
7fd591baf000-7fd591bb9000 r-xp 00000000 08:04 5013265                    /lib/x86_64-linux-gnu/libnss_files-2.19.so
7fd591bb9000-7fd591db8000 ---p 0000a000 08:04 5013265                    /lib/x86_64-linux-gnu/libnss_files-2.19.so
7fd591db8000-7fd591db9000 r--p 00009000 08:04 5013265                    /lib/x86_64-linux-gnu/libnss_files-2.19.so
7fd591db9000-7fd591dba000 rw-p 0000a000 08:04 5013265                    /lib/x86_64-linux-gnu/libnss_files-2.19.so
7fd591dba000-7fd591dc5000 r-xp 00000000 08:04 5013274                    /lib/x86_64-linux-gnu/libnss_nis-2.19.so
7fd591dc5000-7fd591fc4000 ---p 0000b000 08:04 5013274                    /lib/x86_64-linux-gnu/libnss_nis-2.19.so
7fd591fc4000-7fd591fc5000 r--p 0000a000 08:04 5013274                    /lib/x86_64-linux-gnu/libnss_nis-2.19.so
7fd591fc5000-7fd591fc6000 rw-p 0000b000 08:04 5013274                    /lib/x86_64-linux-gnu/libnss_nis-2.19.so
7fd591fc6000-7fd591fdd000 r-xp 00000000 08:04 5013287                    /lib/x86_64-linux-gnu/libnsl-2.19.so
7fd591fdd000-7fd5921dc000 ---p 00017000 08:04 5013287                    /lib/x86_64-linux-gnu/libnsl-2.19.so
7fd5921dc000-7fd5921dd000 r--p 00016000 08:04 5013287                    /lib/x86_64-linux-gnu/libnsl-2.19.so
7fd5921dd000-7fd5921de000 rw-p 00017000 08:04 5013287                    /lib/x86_64-linux-gnu/libnsl-2.19.so
7fd5921de000-7fd5921e0000 rw-p 00000000 00:00 0 
7fd5921e0000-7fd5921e9000 r-xp 00000000 08:04 5013276                    /lib/x86_64-linux-gnu/libnss_compat-2.19.so
7fd5921e9000-7fd5923e8000 ---p 00009000 08:04 5013276                    /lib/x86_64-linux-gnu/libnss_compat-2.19.so
7fd5923e8000-7fd5923e9000 r--p 00008000 08:04 5013276                    /lib/x86_64-linux-gnu/libnss_compat-2.19.so
7fd5923e9000-7fd5923ea000 rw-p 00009000 08:04 5013276                    /lib/x86_64-linux-gnu/libnss_compat-2.19.so
7fd5923ea000-7fd592415000 r-xp 00000000 08:04 1774545                    /usr/lib/jvm/java-8-oracle/jre/lib/amd64/libjava.so
7fd592415000-7fd592614000 ---p 0002b000 08:04 1774545                    /usr/lib/jvm/java-8-oracle/jre/lib/amd64/libjava.so
7fd592614000-7fd592616000 rw-p 0002a000 08:04 1774545                    /usr/lib/jvm/java-8-oracle/jre/lib/amd64/libjava.so
7fd592616000-7fd592623000 r-xp 00000000 08:04 1774536                    /usr/lib/jvm/java-8-oracle/jre/lib/amd64/libverify.so
7fd592623000-7fd592823000 ---p 0000d000 08:04 1774536                    /usr/lib/jvm/java-8-oracle/jre/lib/amd64/libverify.so
7fd592823000-7fd592825000 rw-p 0000d000 08:04 1774536                    /usr/lib/jvm/java-8-oracle/jre/lib/amd64/libverify.so
7fd592825000-7fd59282c000 r-xp 00000000 08:04 5013285                    /lib/x86_64-linux-gnu/librt-2.19.so
7fd59282c000-7fd592a2b000 ---p 00007000 08:04 5013285                    /lib/x86_64-linux-gnu/librt-2.19.so
7fd592a2b000-7fd592a2c000 r--p 00006000 08:04 5013285                    /lib/x86_64-linux-gnu/librt-2.19.so
7fd592a2c000-7fd592a2d000 rw-p 00007000 08:04 5013285                    /lib/x86_64-linux-gnu/librt-2.19.so
7fd592a2d000-7fd592b32000 r-xp 00000000 08:04 5013278                    /lib/x86_64-linux-gnu/libm-2.19.so
7fd592b32000-7fd592d31000 ---p 00105000 08:04 5013278                    /lib/x86_64-linux-gnu/libm-2.19.so
7fd592d31000-7fd592d32000 r--p 00104000 08:04 5013278                    /lib/x86_64-linux-gnu/libm-2.19.so
7fd592d32000-7fd592d33000 rw-p 00105000 08:04 5013278                    /lib/x86_64-linux-gnu/libm-2.19.so
7fd592d33000-7fd593a0c000 r-xp 00000000 08:04 1774531                    /usr/lib/jvm/java-8-oracle/jre/lib/amd64/server/libjvm.so
7fd593a0c000-7fd593c0b000 ---p 00cd9000 08:04 1774531                    /usr/lib/jvm/java-8-oracle/jre/lib/amd64/server/libjvm.so
7fd593c0b000-7fd593ce4000 rw-p 00cd8000 08:04 1774531                    /usr/lib/jvm/java-8-oracle/jre/lib/amd64/server/libjvm.so
7fd593ce4000-7fd593d30000 rw-p 00000000 00:00 0 
7fd593d30000-7fd593eee000 r-xp 00000000 08:04 5014198                    /lib/x86_64-linux-gnu/libc-2.19.so
7fd593eee000-7fd5940ee000 ---p 001be000 08:04 5014198                    /lib/x86_64-linux-gnu/libc-2.19.so
7fd5940ee000-7fd5940f2000 r--p 001be000 08:04 5014198                    /lib/x86_64-linux-gnu/libc-2.19.so
7fd5940f2000-7fd5940f4000 rw-p 001c2000 08:04 5014198                    /lib/x86_64-linux-gnu/libc-2.19.so
7fd5940f4000-7fd5940f9000 rw-p 00000000 00:00 0 
7fd5940f9000-7fd5940fc000 r-xp 00000000 08:04 5013288                    /lib/x86_64-linux-gnu/libdl-2.19.so
7fd5940fc000-7fd5942fb000 ---p 00003000 08:04 5013288                    /lib/x86_64-linux-gnu/libdl-2.19.so
7fd5942fb000-7fd5942fc000 r--p 00002000 08:04 5013288                    /lib/x86_64-linux-gnu/libdl-2.19.so
7fd5942fc000-7fd5942fd000 rw-p 00003000 08:04 5013288                    /lib/x86_64-linux-gnu/libdl-2.19.so
7fd5942fd000-7fd594313000 r-xp 00000000 08:04 1774539                    /usr/lib/jvm/java-8-oracle/jre/lib/amd64/jli/libjli.so
7fd594313000-7fd594512000 ---p 00016000 08:04 1774539                    /usr/lib/jvm/java-8-oracle/jre/lib/amd64/jli/libjli.so
7fd594512000-7fd594513000 rw-p 00015000 08:04 1774539                    /usr/lib/jvm/java-8-oracle/jre/lib/amd64/jli/libjli.so
7fd594513000-7fd59452c000 r-xp 00000000 08:04 5013284                    /lib/x86_64-linux-gnu/libpthread-2.19.so
7fd59452c000-7fd59472b000 ---p 00019000 08:04 5013284                    /lib/x86_64-linux-gnu/libpthread-2.19.so
7fd59472b000-7fd59472c000 r--p 00018000 08:04 5013284                    /lib/x86_64-linux-gnu/libpthread-2.19.so
7fd59472c000-7fd59472d000 rw-p 00019000 08:04 5013284                    /lib/x86_64-linux-gnu/libpthread-2.19.so
7fd59472d000-7fd594731000 rw-p 00000000 00:00 0 
7fd594731000-7fd594754000 r-xp 00000000 08:04 5013281                    /lib/x86_64-linux-gnu/ld-2.19.so
7fd594754000-7fd594755000 r--s 00000000 08:04 524459                     /var/cache/fontconfig/3334a778d104e76d188e9df399bc24d2-le64.cache-4
7fd594755000-7fd594756000 r--s 00000000 08:04 524444                     /var/cache/fontconfig/c277e94e32b20404286a1ddafa5a80f0-le64.cache-4
7fd594756000-7fd594827000 rw-p 00000000 00:00 0 
7fd594827000-7fd59482a000 ---p 00000000 00:00 0 
7fd59482a000-7fd59492c000 rw-p 00000000 00:00 0                          [stack:17497]
7fd59492c000-7fd594930000 r--s 00000000 08:04 524403                     /var/cache/fontconfig/7ef2298fde41cc6eeb7af42e48b7d293-le64.cache-4
7fd594930000-7fd594931000 r--s 00000000 08:04 524386                     /var/cache/fontconfig/e0aa53bcfa504e64f87823c16bc01eb6-le64.cache-4
7fd594931000-7fd594934000 r--s 0001a000 08:04 1210369                    /usr/lib/jvm/java-8-oracle/jre/lib/jce.jar
7fd594934000-7fd594939000 r--s 0009d000 08:04 1210373                    /usr/lib/jvm/java-8-oracle/jre/lib/jsse.jar
7fd594939000-7fd59493c000 r--s 0001a000 08:04 2266952                    /home/ia941/IA941/soar/SoarSuite_9.4.0-Linux_64bit/bin/java/sml.jar
7fd59493c000-7fd59493e000 r--s 00005000 08:04 2266955                    /home/ia941/IA941/soar/SoarSuite_9.4.0-Linux_64bit/bin/java/soar-smljava.jar
7fd59493e000-7fd594947000 r--s 0005a000 08:04 2266954                    /home/ia941/IA941/soar/SoarSuite_9.4.0-Linux_64bit/bin/java/soar-debugger.jar
7fd594947000-7fd594948000 r--s 00000000 08:04 2138165                    /home/ia941/IA941/soar/SoarSuite_9.4.0-Linux_64bit/bin/SoarJavaDebugger.jar
7fd594948000-7fd594950000 rw-s 00000000 08:04 6597090                    /tmp/hsperfdata_ia941/17496
7fd594950000-7fd594951000 rw-p 00000000 00:00 0 
7fd594951000-7fd594952000 r--p 00000000 00:00 0 
7fd594952000-7fd594953000 rw-p 00000000 00:00 0 
7fd594953000-7fd594954000 r--p 00022000 08:04 5013281                    /lib/x86_64-linux-gnu/ld-2.19.so
7fd594954000-7fd594955000 rw-p 00023000 08:04 5013281                    /lib/x86_64-linux-gnu/ld-2.19.so
7fd594955000-7fd594956000 rw-p 00000000 00:00 0 
7ffde9b67000-7ffde9b88000 rw-p 00000000 00:00 0                          [stack]
7ffde9bd0000-7ffde9bd2000 r-xp 00000000 00:00 0                          [vdso]
ffffffffff600000-ffffffffff601000 r-xp 00000000 00:00 0                  [vsyscall]

VM Arguments:
java_command: /home/ia941/IA941/soar/SoarSuite_9.4.0-Linux_64bit/bin/SoarJavaDebugger.jar
java_class_path (initial): /home/ia941/IA941/soar/SoarSuite_9.4.0-Linux_64bit/bin/SoarJavaDebugger.jar
Launcher Type: SUN_STANDARD

Environment Variables:
JAVA_HOME=/usr/lib/jvm/java-8-oracle
PATH=/opt/arduino:/opt/altera/13.0sp1/quartus/bin:/opt/eclipse:/opt/netbeans/bin:/opt/argouml:/usr/local/sbin:/usr/local/bin:/usr/sbin:/usr/bin:/sbin:/bin:/usr/games
LD_LIBRARY_PATH=/home/ia941/IA941/soar/SoarSuite_9.4.0-Linux_64bit/bin
SHELL=/bin/bash
DISPLAY=:0

Signal Handlers:
SIGSEGV: [libjvm.so+0xad01e0], sa_mask[0]=11111111011111111101111111111110, sa_flags=SA_RESTART|SA_SIGINFO
SIGBUS: [libjvm.so+0xad01e0], sa_mask[0]=11111111011111111101111111111110, sa_flags=SA_RESTART|SA_SIGINFO
SIGFPE: [libjvm.so+0x927fb0], sa_mask[0]=11111111011111111101111111111110, sa_flags=SA_RESTART|SA_SIGINFO
SIGPIPE: SIG_IGN, sa_mask[0]=00000000000000000000000000000000, sa_flags=none
SIGXFSZ: [libjvm.so+0x927fb0], sa_mask[0]=11111111011111111101111111111110, sa_flags=SA_RESTART|SA_SIGINFO
SIGILL: [libjvm.so+0x927fb0], sa_mask[0]=11111111011111111101111111111110, sa_flags=SA_RESTART|SA_SIGINFO
SIGUSR1: SIG_DFL, sa_mask[0]=00000000000000000000000000000000, sa_flags=none
SIGUSR2: [libjvm.so+0x9297f0], sa_mask[0]=00000000000000000000000000000000, sa_flags=SA_RESTART|SA_SIGINFO
SIGHUP: [libjvm.so+0x92abf0], sa_mask[0]=11111111011111111101111111111110, sa_flags=SA_RESTART|SA_SIGINFO
SIGINT: [libjvm.so+0x92abf0], sa_mask[0]=11111111011111111101111111111110, sa_flags=SA_RESTART|SA_SIGINFO
SIGTERM: [libjvm.so+0x92abf0], sa_mask[0]=11111111011111111101111111111110, sa_flags=SA_RESTART|SA_SIGINFO
SIGQUIT: [libjvm.so+0x92abf0], sa_mask[0]=11111111011111111101111111111110, sa_flags=SA_RESTART|SA_SIGINFO


---------------  S Y S T E M  ---------------

OS:DISTRIB_ID=Ubuntu
DISTRIB_RELEASE=14.04
DISTRIB_CODENAME=trusty
DISTRIB_DESCRIPTION="Ubuntu 14.04.5 LTS"

uname:Linux 3.13.0-142-generic #191-Ubuntu SMP Fri Feb 2 12:13:35 UTC 2018 x86_64
libc:glibc 2.19 NPTL 2.19 
rlimit: STACK 8192k, CORE 0k, NPROC 62675, NOFILE 4096, AS infinity
load average:0,37 0,24 0,16

/proc/meminfo:
MemTotal:        8053432 kB
MemFree:         1370984 kB
Buffers:         1063112 kB
Cached:          2600224 kB
SwapCached:            0 kB
Active:          4004148 kB
Inactive:        1852788 kB
Active(anon):    2206896 kB
Inactive(anon):   264312 kB
Active(file):    1797252 kB
Inactive(file):  1588476 kB
Unevictable:           0 kB
Mlocked:               0 kB
SwapTotal:      16779888 kB
SwapFree:       16779888 kB
Dirty:                44 kB
Writeback:             0 kB
AnonPages:       2193648 kB
Mapped:           416256 kB
Shmem:            277612 kB
Slab:             685780 kB
SReclaimable:     645212 kB
SUnreclaim:        40568 kB
KernelStack:        5432 kB
PageTables:        37808 kB
NFS_Unstable:          0 kB
Bounce:                0 kB
WritebackTmp:          0 kB
CommitLimit:    20806604 kB
Committed_AS:    6350892 kB
VmallocTotal:   34359738367 kB
VmallocUsed:      362580 kB
VmallocChunk:   34359368272 kB
HardwareCorrupted:     0 kB
AnonHugePages:   1335296 kB
HugePages_Total:       0
HugePages_Free:        0
HugePages_Rsvd:        0
HugePages_Surp:        0
Hugepagesize:       2048 kB
DirectMap4k:      107984 kB
DirectMap2M:     8159232 kB


CPU:total 4 (initial active 4) (4 cores per cpu, 1 threads per core) family 6 model 42 stepping 7, cmov, cx8, fxsr, mmx, sse, sse2, sse3, ssse3, sse4.1, sse4.2, popcnt, avx, aes, clmul, tsc, tscinvbit

/proc/cpuinfo:
processor	: 0
vendor_id	: GenuineIntel
cpu family	: 6
model		: 42
model name	: Intel(R) Core(TM) i5-2400 CPU @ 3.10GHz
stepping	: 7
microcode	: 0x18
cpu MHz		: 1600.000
cache size	: 6144 KB
physical id	: 0
siblings	: 4
core id		: 0
cpu cores	: 4
apicid		: 0
initial apicid	: 0
fpu		: yes
fpu_exception	: yes
cpuid level	: 13
wp		: yes
flags		: fpu vme de pse tsc msr pae mce cx8 apic sep mtrr pge mca cmov pat pse36 clflush dts acpi mmx fxsr sse sse2 ss ht tm pbe syscall nx rdtscp lm constant_tsc arch_perfmon pebs bts rep_good nopl xtopology nonstop_tsc aperfmperf eagerfpu pni pclmulqdq dtes64 monitor ds_cpl vmx smx est tm2 ssse3 cx16 xtpr pdcm pcid sse4_1 sse4_2 x2apic popcnt tsc_deadline_timer aes xsave avx lahf_lm ida arat epb xsaveopt pln pts dtherm tpr_shadow vnmi flexpriority ept vpid
bogomips	: 6185.68
clflush size	: 64
cache_alignment	: 64
address sizes	: 36 bits physical, 48 bits virtual
power management:

processor	: 1
vendor_id	: GenuineIntel
cpu family	: 6
model		: 42
model name	: Intel(R) Core(TM) i5-2400 CPU @ 3.10GHz
stepping	: 7
microcode	: 0x18
cpu MHz		: 3101.000
cache size	: 6144 KB
physical id	: 0
siblings	: 4
core id		: 1
cpu cores	: 4
apicid		: 2
initial apicid	: 2
fpu		: yes
fpu_exception	: yes
cpuid level	: 13
wp		: yes
flags		: fpu vme de pse tsc msr pae mce cx8 apic sep mtrr pge mca cmov pat pse36 clflush dts acpi mmx fxsr sse sse2 ss ht tm pbe syscall nx rdtscp lm constant_tsc arch_perfmon pebs bts rep_good nopl xtopology nonstop_tsc aperfmperf eagerfpu pni pclmulqdq dtes64 monitor ds_cpl vmx smx est tm2 ssse3 cx16 xtpr pdcm pcid sse4_1 sse4_2 x2apic popcnt tsc_deadline_timer aes xsave avx lahf_lm ida arat epb xsaveopt pln pts dtherm tpr_shadow vnmi flexpriority ept vpid
bogomips	: 6185.68
clflush size	: 64
cache_alignment	: 64
address sizes	: 36 bits physical, 48 bits virtual
power management:

processor	: 2
vendor_id	: GenuineIntel
cpu family	: 6
model		: 42
model name	: Intel(R) Core(TM) i5-2400 CPU @ 3.10GHz
stepping	: 7
microcode	: 0x18
cpu MHz		: 1600.000
cache size	: 6144 KB
physical id	: 0
siblings	: 4
core id		: 2
cpu cores	: 4
apicid		: 4
initial apicid	: 4
fpu		: yes
fpu_exception	: yes
cpuid level	: 13
wp		: yes
flags		: fpu vme de pse tsc msr pae mce cx8 apic sep mtrr pge mca cmov pat pse36 clflush dts acpi mmx fxsr sse sse2 ss ht tm pbe syscall nx rdtscp lm constant_tsc arch_perfmon pebs bts rep_good nopl xtopology nonstop_tsc aperfmperf eagerfpu pni pclmulqdq dtes64 monitor ds_cpl vmx smx est tm2 ssse3 cx16 xtpr pdcm pcid sse4_1 sse4_2 x2apic popcnt tsc_deadline_timer aes xsave avx lahf_lm ida arat epb xsaveopt pln pts dtherm tpr_shadow vnmi flexpriority ept vpid
bogomips	: 6185.68
clflush size	: 64
cache_alignment	: 64
address sizes	: 36 bits physical, 48 bits virtual
power management:

processor	: 3
vendor_id	: GenuineIntel
cpu family	: 6
model		: 42
model name	: Intel(R) Core(TM) i5-2400 CPU @ 3.10GHz
stepping	: 7
microcode	: 0x18
cpu MHz		: 2200.000
cache size	: 6144 KB
physical id	: 0
siblings	: 4
core id		: 3
cpu cores	: 4
apicid		: 6
initial apicid	: 6
fpu		: yes
fpu_exception	: yes
cpuid level	: 13
wp		: yes
flags		: fpu vme de pse tsc msr pae mce cx8 apic sep mtrr pge mca cmov pat pse36 clflush dts acpi mmx fxsr sse sse2 ss ht tm pbe syscall nx rdtscp lm constant_tsc arch_perfmon pebs bts rep_good nopl xtopology nonstop_tsc aperfmperf eagerfpu pni pclmulqdq dtes64 monitor ds_cpl vmx smx est tm2 ssse3 cx16 xtpr pdcm pcid sse4_1 sse4_2 x2apic popcnt tsc_deadline_timer aes xsave avx lahf_lm ida arat epb xsaveopt pln pts dtherm tpr_shadow vnmi flexpriority ept vpid
bogomips	: 6185.68
clflush size	: 64
cache_alignment	: 64
address sizes	: 36 bits physical, 48 bits virtual
power management:



Memory: 4k page, physical 8053432k(1370984k free), swap 16779888k(16779888k free)

vm_info: Java HotSpot(TM) 64-Bit Server VM (25.161-b12) for linux-amd64 JRE (1.8.0_161-b12), built on Dec 19 2017 16:12:43 by "java_re" with gcc 4.3.0 20080428 (Red Hat 4.3.0-8)

time: Thu Mar  8 15:35:25 2018
elapsed time: 103 seconds (0d 0h 1m 43s)

