#
# A fatal error has been detected by the Java Runtime Environment:
#
#  SIGSEGV (0xb) at pc=0x00007ff61ee8b718, pid=17695, tid=0x00007ff67416d700
#
# JRE version: Java(TM) SE Runtime Environment (8.0_161-b12) (build 1.8.0_161-b12)
# Java VM: Java HotSpot(TM) 64-Bit Server VM (25.161-b12 mixed mode linux-amd64 compressed oops)
# Problematic frame:
# C  [libgobject-2.0.so.0+0x19718]  g_object_get_qdata+0x18
#
# Failed to write core dump. Core dumps have been disabled. To enable core dumping, try "ulimit -c unlimited" before starting Java again
#
# If you would like to submit a bug report, please visit:
#   http://bugreport.java.com/bugreport/crash.jsp
# The crash happened outside the Java Virtual Machine in native code.
# See problematic frame for where to report the bug.
#

---------------  T H R E A D  ---------------

Current thread (0x00007ff66c00a800):  JavaThread "main" [_thread_in_native, id=17696, stack(0x00007ff67406d000,0x00007ff67416e000)]

siginfo: si_signo: 11 (SIGSEGV), si_code: 1 (SEGV_MAPERR), si_addr: 0x0000000000000e00

Registers:
RAX=0x0000000000000e00, RBX=0x00007ff66c52d570, RCX=0x0000000000000033, RDX=0x00007ff66c52d570
RSP=0x00007ff67416b2f0, RBP=0x0000000000000033, RSI=0x0000000000000033, RDI=0x00007ff66c52d570
R8 =0x0000000000000000, R9 =0x0000000000000001, R10=0x00007ff65d2584c4, R11=0x00007ff65d258498
R12=0x0000000000000000, R13=0x00007ff67416b378, R14=0x00007ff67416b350, R15=0x00007ff66c00a800
RIP=0x00007ff61ee8b718, EFLAGS=0x0000000000010206, CSGSFS=0x0000000000000033, ERR=0x0000000000000004
  TRAPNO=0x000000000000000e

Top of Stack: (sp=0x00007ff67416b2f0)
0x00007ff67416b2f0:   00007ff67416b470 00007ff65c912078
0x00007ff67416b300:   00007ff67416b360 00007ff64d8a4383
0x00007ff67416b310:   00007ff67416b4c8 00007ff65d258536
0x00007ff67416b320:   00007ff65ca90b2d 00007ff6000000b6
0x00007ff67416b330:   00007ff65ca90b98 00007ff66c00a800
0x00007ff67416b340:   00007ff65ca90b98 00007ff66c00a800
0x00007ff67416b350:   00000000d771d898 00007ff67416b3b0
0x00007ff67416b360:   00007ff67416b3d0 00007ff65d007dd0
0x00007ff67416b370:   00007ff65d007dd0 0000000000000033
0x00007ff67416b380:   00007ff66c52d570 0000000000000001
0x00007ff67416b390:   00007ff67416b390 00007ff65c912119
0x00007ff67416b3a0:   00007ff67416b408 00007ff65c97b428
0x00007ff67416b3b0:   00007ff65cac1d08 00007ff65c912168
0x00007ff67416b3c0:   00007ff67416b378 00007ff67416b3f8
0x00007ff67416b3d0:   00007ff67416b450 00007ff65d007dd0
0x00007ff67416b3e0:   0000000000000000 0000000000000000
0x00007ff67416b3f0:   0000000000000000 0000000000000033
0x00007ff67416b400:   00007ff66c52d570 0000000000000000
0x00007ff67416b410:   00007ff67416b410 00007ff65c83e8bb
0x00007ff67416b420:   00007ff67416b480 00007ff65c8e4558
0x00007ff67416b430:   0000000000000000 00007ff65c83e940
0x00007ff67416b440:   00007ff67416b3f8 00007ff67416b470
0x00007ff67416b450:   00007ff67416b4c8 00007ff65d008040
0x00007ff67416b460:   0000000000000000 0000000000000000
0x00007ff67416b470:   00007ff66c52d570 00000000d7c3c028
0x00007ff67416b480:   00000000d777e470 00007ff67416b488
0x00007ff67416b490:   00007ff65ca90b2d 00007ff67416b4e8
0x00007ff67416b4a0:   00007ff65ca96060 0000000000000000
0x00007ff67416b4b0:   00007ff65ca90b98 00007ff67416b470
0x00007ff67416b4c0:   00007ff67416b4e8 00007ff67416b530
0x00007ff67416b4d0:   00007ff65d0082bd 0000000000000000
0x00007ff67416b4e0:   0000000000000000 00000000d7c3c028 

Instructions: (pc=0x00007ff61ee8b718)
0x00007ff61ee8b6f8:   0f 1f 84 00 00 00 00 00 55 53 48 89 fb 48 83 ec
0x00007ff61ee8b708:   08 48 85 ff 74 21 48 8b 07 89 f5 48 85 c0 74 06
0x00007ff61ee8b718:   48 83 38 50 74 3a be 50 00 00 00 48 89 df e8 05
0x00007ff61ee8b728:   86 01 00 85 c0 75 29 48 8d 15 30 1e 02 00 48 8d 

Register to memory mapping:

RAX=0x0000000000000e00 is an unknown value
RBX=0x00007ff66c52d570 is an unknown value
RCX=0x0000000000000033 is an unknown value
RDX=0x00007ff66c52d570 is an unknown value
RSP=0x00007ff67416b2f0 is pointing into the stack for thread: 0x00007ff66c00a800
RBP=0x0000000000000033 is an unknown value
RSI=0x0000000000000033 is an unknown value
RDI=0x00007ff66c52d570 is an unknown value
R8 =0x0000000000000000 is an unknown value
R9 =0x0000000000000001 is an unknown value
R10=0x00007ff65d2584c4 is at entry_point+68 in (nmethod*)0x00007ff65d258310
R11=0x00007ff65d258498 is at entry_point+24 in (nmethod*)0x00007ff65d258310
R12=0x0000000000000000 is an unknown value
R13=0x00007ff67416b378 is pointing into the stack for thread: 0x00007ff66c00a800
R14=0x00007ff67416b350 is pointing into the stack for thread: 0x00007ff66c00a800
R15=0x00007ff66c00a800 is a thread


Stack: [0x00007ff67406d000,0x00007ff67416e000],  sp=0x00007ff67416b2f0,  free space=1016k
Native frames: (J=compiled Java code, j=interpreted, Vv=VM code, C=native code)
C  [libgobject-2.0.so.0+0x19718]  g_object_get_qdata+0x18

Java frames: (J=compiled Java code, j=interpreted, Vv=VM code)
J 501  org.eclipse.swt.internal.gtk.OS._g_object_get_qdata(JI)J (0 bytes) @ 0x00007ff65d2584c4 [0x00007ff65d258480+0x44]
j  org.eclipse.swt.internal.gtk.OS.g_object_get_qdata(JI)J+9
j  org.eclipse.swt.widgets.Display.removeWidget(J)Lorg/eclipse/swt/widgets/Widget;+19
j  org.eclipse.swt.widgets.Combo.deregister()V+21
j  org.eclipse.swt.widgets.Widget.releaseWidget()V+1
j  org.eclipse.swt.widgets.Control.releaseWidget()V+1
j  org.eclipse.swt.widgets.Composite.releaseWidget()V+1
j  org.eclipse.swt.widgets.Combo.releaseWidget()V+1
j  org.eclipse.swt.widgets.Widget.release(Z)V+82
j  org.eclipse.swt.widgets.Control.release(Z)V+86
j  org.eclipse.swt.widgets.Composite.releaseChildren(Z)V+31
j  org.eclipse.swt.widgets.Widget.release(Z)V+38
j  org.eclipse.swt.widgets.Control.release(Z)V+86
j  org.eclipse.swt.widgets.Composite.releaseChildren(Z)V+31
j  org.eclipse.swt.widgets.Widget.release(Z)V+38
j  org.eclipse.swt.widgets.Control.release(Z)V+86
j  org.eclipse.swt.widgets.Composite.releaseChildren(Z)V+31
j  org.eclipse.swt.widgets.Widget.release(Z)V+38
j  org.eclipse.swt.widgets.Control.release(Z)V+86
j  org.eclipse.swt.widgets.Composite.releaseChildren(Z)V+31
j  org.eclipse.swt.widgets.Widget.release(Z)V+38
j  org.eclipse.swt.widgets.Control.release(Z)V+86
j  org.eclipse.swt.widgets.Composite.releaseChildren(Z)V+31
j  org.eclipse.swt.widgets.Widget.release(Z)V+38
j  org.eclipse.swt.widgets.Control.release(Z)V+86
j  org.eclipse.swt.widgets.Composite.releaseChildren(Z)V+31
j  org.eclipse.swt.widgets.Widget.release(Z)V+38
j  org.eclipse.swt.widgets.Control.release(Z)V+86
j  org.eclipse.swt.widgets.Composite.releaseChildren(Z)V+31
j  org.eclipse.swt.widgets.Widget.release(Z)V+38
j  org.eclipse.swt.widgets.Control.release(Z)V+86
j  org.eclipse.swt.widgets.Widget.dispose()V+23
j  edu.umich.soar.debugger.manager.MainWindow.clearLayout()V+35
j  edu.umich.soar.debugger.manager.MainWindow.loadFromXML(Ledu/umich/soar/debugger/general/JavaElementXML;)V+52
j  edu.umich.soar.debugger.manager.MainWindow.loadLayoutFromFile(Ljava/lang/String;Z)Z+7
j  edu.umich.soar.debugger.MainFrame.loadLayoutFile(Ljava/lang/String;Z)Z+6
j  edu.umich.soar.debugger.manager.MainWindow.useDefaultLayout(Ljava/lang/String;)V+14
j  edu.umich.soar.debugger.MainFrame.useDefaultLayout()V+6
j  edu.umich.soar.debugger.menu.LayoutMenu.useDefaultPerformed(Ledu/umich/soar/debugger/menu/ActionEvent;)V+4
j  edu.umich.soar.debugger.menu.LayoutMenu.access$000(Ledu/umich/soar/debugger/menu/LayoutMenu;Ledu/umich/soar/debugger/menu/ActionEvent;)V+2
j  edu.umich.soar.debugger.menu.LayoutMenu$1.actionPerformed(Ledu/umich/soar/debugger/menu/ActionEvent;)V+5
j  edu.umich.soar.debugger.menu.BaseMenu$2.widgetSelected(Lorg/eclipse/swt/events/SelectionEvent;)V+5
j  org.eclipse.swt.widgets.TypedListener.handleEvent(Lorg/eclipse/swt/widgets/Event;)V+1003
J 789 C1 org.eclipse.swt.widgets.EventTable.sendEvent(Lorg/eclipse/swt/widgets/Event;)V (532 bytes) @ 0x00007ff65d333e5c [0x00007ff65d333b40+0x31c]
J 790 C1 org.eclipse.swt.widgets.Display.runDeferredEvents()Z (109 bytes) @ 0x00007ff65d3367fc [0x00007ff65d335fc0+0x83c]
J 779 C1 org.eclipse.swt.widgets.Display.readAndDispatch()Z (58 bytes) @ 0x00007ff65d32c5ac [0x00007ff65d32c1a0+0x40c]
j  edu.umich.soar.debugger.doc.Document.pumpMessagesTillClosed(Lorg/eclipse/swt/widgets/Display;)V+44
j  edu.umich.soar.debugger.SWTApplication.startApp([Ljava/lang/String;Lorg/eclipse/swt/widgets/Display;)V+620
j  edu.umich.soar.debugger.Application.<init>([Ljava/lang/String;ZLorg/eclipse/swt/widgets/Display;)V+17
j  edu.umich.soar.debugger.Application.main([Ljava/lang/String;)V+7
v  ~StubRoutines::call_stub

---------------  P R O C E S S  ---------------

Java Threads: ( => current thread )
  0x00007ff66c278000 JavaThread "Thread-0" [_thread_blocked, id=17710, stack(0x00007ff64e7a0000,0x00007ff64e8a1000)]
  0x00007ff66c19a800 JavaThread "Service Thread" daemon [_thread_blocked, id=17708, stack(0x00007ff64ea38000,0x00007ff64eb39000)]
  0x00007ff66c185000 JavaThread "C1 CompilerThread2" daemon [_thread_blocked, id=17707, stack(0x00007ff64eb39000,0x00007ff64ec3a000)]
  0x00007ff66c183800 JavaThread "C2 CompilerThread1" daemon [_thread_blocked, id=17706, stack(0x00007ff64ec3a000,0x00007ff64ed3b000)]
  0x00007ff66c180800 JavaThread "C2 CompilerThread0" daemon [_thread_blocked, id=17705, stack(0x00007ff64ed3b000,0x00007ff64ee3c000)]
  0x00007ff66c17f000 JavaThread "Signal Dispatcher" daemon [_thread_blocked, id=17704, stack(0x00007ff64ee3c000,0x00007ff64ef3d000)]
  0x00007ff66c14b800 JavaThread "Finalizer" daemon [_thread_blocked, id=17703, stack(0x00007ff64f4f5000,0x00007ff64f5f6000)]
  0x00007ff66c147000 JavaThread "Reference Handler" daemon [_thread_blocked, id=17702, stack(0x00007ff64f5f6000,0x00007ff64f6f7000)]
=>0x00007ff66c00a800 JavaThread "main" [_thread_in_native, id=17696, stack(0x00007ff67406d000,0x00007ff67416e000)]

Other Threads:
  0x00007ff66c13f800 VMThread [stack: 0x00007ff64f6f7000,0x00007ff64f7f8000] [id=17701]
  0x00007ff66c19f000 WatcherThread [stack: 0x00007ff64e937000,0x00007ff64ea38000] [id=17709]

VM state:not at safepoint (normal execution)

VM Mutex/Monitor currently owned by a thread: None

Heap:
 PSYoungGen      total 36864K, used 20390K [0x00000000d7000000, 0x00000000d9900000, 0x0000000100000000)
  eden space 31744K, 64% used [0x00000000d7000000,0x00000000d83e9938,0x00000000d8f00000)
  from space 5120K, 0% used [0x00000000d9400000,0x00000000d9400000,0x00000000d9900000)
  to   space 5120K, 0% used [0x00000000d8f00000,0x00000000d8f00000,0x00000000d9400000)
 ParOldGen       total 84992K, used 0K [0x0000000085000000, 0x000000008a300000, 0x00000000d7000000)
  object space 84992K, 0% used [0x0000000085000000,0x0000000085000000,0x000000008a300000)
 Metaspace       used 10386K, capacity 10478K, committed 10624K, reserved 1058816K
  class space    used 1082K, capacity 1105K, committed 1152K, reserved 1048576K

Card table byte_map: [0x00007ff670a40000,0x00007ff670e19000] byte_map_base: 0x00007ff670618000

Marking Bits: (ParMarkBitMap*) 0x00007ff673548920
 Begin Bits: [0x00007ff654280000, 0x00007ff656140000)
 End Bits:   [0x00007ff656140000, 0x00007ff658000000)

Polling page: 0x00007ff674197000

CodeCache: size=245760Kb used=3401Kb max_used=3401Kb free=242358Kb
 bounds [0x00007ff65d000000, 0x00007ff65d360000, 0x00007ff66c000000]
 total_blobs=1306 nmethods=830 adapters=389
 compilation: enabled

Compilation events (10 events):
Event: 5,042 Thread 0x00007ff66c185000  826       3       edu.umich.soar.debugger.general.JavaElementXML$LexXML::MustBe (58 bytes)
Event: 5,042 Thread 0x00007ff66c185000 nmethod 826 0x00007ff65d34e3d0 code [0x00007ff65d34e5c0, 0x00007ff65d34ee88]
Event: 5,043 Thread 0x00007ff66c185000  827       3       edu.umich.soar.debugger.general.JavaElementXML$LexXML::MustBe (61 bytes)
Event: 5,043 Thread 0x00007ff66c185000 nmethod 827 0x00007ff65d34d110 code [0x00007ff65d34d340, 0x00007ff65d34ded8]
Event: 5,043 Thread 0x00007ff66c185000  828       3       edu.umich.soar.debugger.general.JavaElementXML$LexXML::getCurrentTokenValue (8 bytes)
Event: 5,044 Thread 0x00007ff66c185000 nmethod 828 0x00007ff65d34cd90 code [0x00007ff65d34cf00, 0x00007ff65d34d070]
Event: 5,044 Thread 0x00007ff66c185000  829       3       edu.umich.soar.debugger.general.JavaElementXML::addAttribute (31 bytes)
Event: 5,044 Thread 0x00007ff66c185000 nmethod 829 0x00007ff65d353310 code [0x00007ff65d3534e0, 0x00007ff65d353c58]
Event: 5,044 Thread 0x00007ff66c185000  830       1       edu.umich.soar.debugger.general.JavaElementXML$LexXML::getLastComment (5 bytes)
Event: 5,044 Thread 0x00007ff66c185000 nmethod 830 0x00007ff65d34cad0 code [0x00007ff65d34cc20, 0x00007ff65d34cd30]

GC Heap History (0 events):
No events

Deoptimization events (6 events):
Event: 0,683 Thread 0x00007ff66c00a800 Uncommon trap: reason=class_check action=maybe_recompile pc=0x00007ff65d2237c0 method=java.util.HashMap.putVal(ILjava/lang/Object;Ljava/lang/Object;ZZ)Ljava/lang/Object; @ 253
Event: 0,686 Thread 0x00007ff66c00a800 Uncommon trap: reason=class_check action=maybe_recompile pc=0x00007ff65d2237c0 method=java.util.HashMap.putVal(ILjava/lang/Object;Ljava/lang/Object;ZZ)Ljava/lang/Object; @ 253
Event: 0,688 Thread 0x00007ff66c00a800 Uncommon trap: reason=unstable_if action=reinterpret pc=0x00007ff65d2237a8 method=java.util.HashMap.putVal(ILjava/lang/Object;Ljava/lang/Object;ZZ)Ljava/lang/Object; @ 181
Event: 0,691 Thread 0x00007ff66c00a800 Uncommon trap: reason=unstable_if action=reinterpret pc=0x00007ff65d26dc6c method=java.util.HashMap.getNode(ILjava/lang/Object;)Ljava/util/HashMap$Node; @ 62
Event: 0,691 Thread 0x00007ff66c00a800 Uncommon trap: reason=unstable_if action=reinterpret pc=0x00007ff65d220b34 method=java.util.HashMap.putVal(ILjava/lang/Object;Ljava/lang/Object;ZZ)Ljava/lang/Object; @ 94
Event: 0,691 Thread 0x00007ff66c00a800 Uncommon trap: reason=unstable_if action=reinterpret pc=0x00007ff65d254670 method=java.util.HashMap.getNode(ILjava/lang/Object;)Ljava/util/HashMap$Node; @ 62

Classes redefined (0 events):
No events

Internal exceptions (10 events):
Event: 0,314 Thread 0x00007ff66c00a800 Exception <a 'java/security/PrivilegedActionException'> (0x00000000d7837800) thrown at [/HUDSON/workspace/8-2-build-linux-amd64/jdk8u161/10277/hotspot/src/share/vm/prims/jvm.cpp, line 1390]
Event: 0,695 Thread 0x00007ff66c00a800 Exception <a 'java/lang/ArrayIndexOutOfBoundsException'> (0x00000000d81648c0) thrown at [/HUDSON/workspace/8-2-build-linux-amd64/jdk8u161/10277/hotspot/src/share/vm/runtime/sharedRuntime.cpp, line 605]
Event: 0,696 Thread 0x00007ff66c00a800 Exception <a 'java/lang/ArrayIndexOutOfBoundsException'> (0x00000000d8165638) thrown at [/HUDSON/workspace/8-2-build-linux-amd64/jdk8u161/10277/hotspot/src/share/vm/runtime/sharedRuntime.cpp, line 605]
Event: 0,696 Thread 0x00007ff66c00a800 Exception <a 'java/lang/ArrayIndexOutOfBoundsException'> (0x00000000d81665f0) thrown at [/HUDSON/workspace/8-2-build-linux-amd64/jdk8u161/10277/hotspot/src/share/vm/runtime/sharedRuntime.cpp, line 605]
Event: 0,696 Thread 0x00007ff66c00a800 Exception <a 'java/lang/ArrayIndexOutOfBoundsException'> (0x00000000d8167e20) thrown at [/HUDSON/workspace/8-2-build-linux-amd64/jdk8u161/10277/hotspot/src/share/vm/runtime/sharedRuntime.cpp, line 605]
Event: 0,702 Thread 0x00007ff66c00a800 Exception <a 'java/lang/ArrayIndexOutOfBoundsException'> (0x00000000d818fc90) thrown at [/HUDSON/workspace/8-2-build-linux-amd64/jdk8u161/10277/hotspot/src/share/vm/runtime/sharedRuntime.cpp, line 605]
Event: 0,702 Thread 0x00007ff66c00a800 Exception <a 'java/lang/ArrayIndexOutOfBoundsException'> (0x00000000d8190ef8) thrown at [/HUDSON/workspace/8-2-build-linux-amd64/jdk8u161/10277/hotspot/src/share/vm/runtime/sharedRuntime.cpp, line 605]
Event: 0,702 Thread 0x00007ff66c00a800 Exception <a 'java/lang/ArrayIndexOutOfBoundsException'> (0x00000000d8192520) thrown at [/HUDSON/workspace/8-2-build-linux-amd64/jdk8u161/10277/hotspot/src/share/vm/runtime/sharedRuntime.cpp, line 605]
Event: 0,707 Thread 0x00007ff66c00a800 Exception <a 'java/lang/ArrayIndexOutOfBoundsException'> (0x00000000d81b8078) thrown at [/HUDSON/workspace/8-2-build-linux-amd64/jdk8u161/10277/hotspot/src/share/vm/runtime/sharedRuntime.cpp, line 605]
Event: 0,713 Thread 0x00007ff66c00a800 Exception <a 'java/lang/ArrayIndexOutOfBoundsException'> (0x00000000d81cb4f0) thrown at [/HUDSON/workspace/8-2-build-linux-amd64/jdk8u161/10277/hotspot/src/share/vm/runtime/sharedRuntime.cpp, line 605]

Events (10 events):
Event: 1,250 loading class org/eclipse/swt/events/MouseEvent
Event: 1,250 loading class org/eclipse/swt/events/MouseEvent done
Event: 2,356 loading class org/eclipse/swt/events/ArmEvent
Event: 2,356 loading class org/eclipse/swt/events/ArmEvent done
Event: 4,062 Executing VM operation: EnableBiasedLocking
Event: 4,062 Executing VM operation: EnableBiasedLocking done
Event: 5,036 loading class org/eclipse/swt/events/SelectionEvent
Event: 5,036 loading class org/eclipse/swt/events/SelectionEvent done
Event: 5,045 loading class org/eclipse/swt/events/DisposeEvent
Event: 5,045 loading class org/eclipse/swt/events/DisposeEvent done


Dynamic libraries:
00400000-00401000 r-xp 00000000 08:04 1774658                            /usr/lib/jvm/java-8-oracle/jre/bin/java
00600000-00601000 rw-p 00000000 08:04 1774658                            /usr/lib/jvm/java-8-oracle/jre/bin/java
01478000-01499000 rw-p 00000000 00:00 0                                  [heap]
85000000-8a300000 rw-p 00000000 00:00 0 
8a300000-d7000000 ---p 00000000 00:00 0 
d7000000-d9900000 rw-p 00000000 00:00 0 
d9900000-100000000 ---p 00000000 00:00 0 
100000000-100120000 rw-p 00000000 00:00 0 
100120000-140000000 ---p 00000000 00:00 0 
7ff5fc000000-7ff5fc0f0000 rw-p 00000000 00:00 0 
7ff5fc0f0000-7ff600000000 ---p 00000000 00:00 0 
7ff604000000-7ff604021000 rw-p 00000000 00:00 0 
7ff604021000-7ff608000000 ---p 00000000 00:00 0 
7ff608000000-7ff608021000 rw-p 00000000 00:00 0 
7ff608021000-7ff60c000000 ---p 00000000 00:00 0 
7ff60dfcd000-7ff60e7cd000 rw-s 00000000 00:04 15532057                   /SYSV00000000 (deleted)
7ff60e9cd000-7ff60e9de000 r-xp 00000000 08:04 1774538                    /usr/lib/jvm/java-8-oracle/jre/lib/amd64/libnio.so
7ff60e9de000-7ff60ebdd000 ---p 00011000 08:04 1774538                    /usr/lib/jvm/java-8-oracle/jre/lib/amd64/libnio.so
7ff60ebdd000-7ff60ebde000 rw-p 00010000 08:04 1774538                    /usr/lib/jvm/java-8-oracle/jre/lib/amd64/libnio.so
7ff60ebde000-7ff60ebf4000 r-xp 00000000 08:04 1774540                    /usr/lib/jvm/java-8-oracle/jre/lib/amd64/libnet.so
7ff60ebf4000-7ff60edf4000 ---p 00016000 08:04 1774540                    /usr/lib/jvm/java-8-oracle/jre/lib/amd64/libnet.so
7ff60edf4000-7ff60edf5000 rw-p 00016000 08:04 1774540                    /usr/lib/jvm/java-8-oracle/jre/lib/amd64/libnet.so
7ff60edf5000-7ff60edfe000 r-xp 00000000 08:04 1774555                    /usr/lib/jvm/java-8-oracle/jre/lib/amd64/libmanagement.so
7ff60edfe000-7ff60effd000 ---p 00009000 08:04 1774555                    /usr/lib/jvm/java-8-oracle/jre/lib/amd64/libmanagement.so
7ff60effd000-7ff60effe000 rw-p 00008000 08:04 1774555                    /usr/lib/jvm/java-8-oracle/jre/lib/amd64/libmanagement.so
7ff60effe000-7ff60efff000 ---p 00000000 00:00 0 
7ff60efff000-7ff60f7ff000 rw-p 00000000 00:00 0                          [stack:17717]
7ff60f7ff000-7ff60f800000 ---p 00000000 00:00 0 
7ff60f800000-7ff610000000 rw-p 00000000 00:00 0                          [stack:17716]
7ff610000000-7ff610021000 rw-p 00000000 00:00 0 
7ff610021000-7ff614000000 ---p 00000000 00:00 0 
7ff6140cb000-7ff61420b000 rw-p 00000000 00:00 0 
7ff61420b000-7ff6142cb000 ---p 00000000 00:00 0 
7ff6142cb000-7ff6142cc000 ---p 00000000 00:00 0 
7ff6142cc000-7ff614acc000 rw-p 00000000 00:00 0                          [stack:17715]
7ff614acc000-7ff614b06000 r--p 00000000 08:04 6553718                    /usr/share/fonts/truetype/msttcorefonts/Courier_New_Bold_Italic.ttf
7ff614b06000-7ff614b42000 r--p 00000000 08:04 6553719                    /usr/share/fonts/truetype/msttcorefonts/Courier_New_Italic.ttf
7ff614b42000-7ff614b8f000 r--p 00000000 08:04 6553717                    /usr/share/fonts/truetype/msttcorefonts/Courier_New_Bold.ttf
7ff614b8f000-7ff614bd9000 r--p 00000000 08:04 6553693                    /usr/share/fonts/truetype/msttcorefonts/Courier_New.ttf
7ff614bd9000-7ff614c31000 r--p 00000000 08:04 1447166                    /usr/share/fonts/truetype/ubuntu-font-family/Ubuntu-BI.ttf
7ff614c31000-7ff614c90000 r--p 00000000 08:04 1447173                    /usr/share/fonts/truetype/ubuntu-font-family/Ubuntu-RI.ttf
7ff614c90000-7ff614ce2000 r--p 00000000 08:04 1447172                    /usr/share/fonts/truetype/ubuntu-font-family/Ubuntu-B.ttf
7ff614ce2000-7ff614ce3000 r-xp 00000000 08:04 1442572                    /usr/lib/x86_64-linux-gnu/gtk-2.0/2.10.0/immodules/im-cedilla.so
7ff614ce3000-7ff614ee2000 ---p 00001000 08:04 1442572                    /usr/lib/x86_64-linux-gnu/gtk-2.0/2.10.0/immodules/im-cedilla.so
7ff614ee2000-7ff614ee3000 r--p 00000000 08:04 1442572                    /usr/lib/x86_64-linux-gnu/gtk-2.0/2.10.0/immodules/im-cedilla.so
7ff614ee3000-7ff614ee4000 rw-p 00001000 08:04 1442572                    /usr/lib/x86_64-linux-gnu/gtk-2.0/2.10.0/immodules/im-cedilla.so
7ff614ee4000-7ff614ee5000 r--s 00001000 08:04 2266953                    /home/ia941/IA941/soar/SoarSuite_9.4.0-Linux_64bit/bin/java/soar-debugger-api.jar
7ff614ee5000-7ff614ee6000 r--s 00003000 08:04 2266957                    /home/ia941/IA941/soar/SoarSuite_9.4.0-Linux_64bit/bin/java/swtgraphics2d.jar
7ff614ee6000-7ff614f46000 rw-s 00000000 00:04 15433752                   /SYSV00000000 (deleted)
7ff614f46000-7ff614f4c000 r--p 00000000 08:04 1315702                    /usr/share/locale-langpack/pt/LC_MESSAGES/gdk-pixbuf.mo
7ff614f4c000-7ff614f52000 r--p 00000000 08:04 1314822                    /usr/share/locale-langpack/pt_BR/LC_MESSAGES/gdk-pixbuf.mo
7ff614f52000-7ff614fa4000 r--p 00000000 08:04 1312249                    /usr/share/fonts/truetype/dejavu/DejaVuSansMono.ttf
7ff614fa4000-7ff614ffb000 r--p 00000000 08:04 1447169                    /usr/share/fonts/truetype/ubuntu-font-family/Ubuntu-R.ttf
7ff614ffb000-7ff614ffc000 r--s 00000000 08:04 524610                     /var/cache/fontconfig/087e1975ba9a574b140bb1df193bf770-le64.cache-4
7ff614ffc000-7ff614ffd000 r--s 00000000 08:04 524605                     /var/cache/fontconfig/c05880de57d1f5e948fdfacc138775d9-le64.cache-4
7ff614ffd000-7ff615008000 r--s 00000000 08:04 524598                     /var/cache/fontconfig/945677eb7aeaf62f1d50efc3fb3ec7d8-le64.cache-4
7ff615008000-7ff61500a000 r--s 00000000 08:04 524596                     /var/cache/fontconfig/99e8ed0e538f840c565b6ed5dad60d56-le64.cache-4
7ff61500a000-7ff615013000 r--s 00000000 08:04 524592                     /var/cache/fontconfig/a6d8cf8e4ec09cdbc8633c31745a07dd-le64.cache-4
7ff615013000-7ff615019000 r--s 00000000 08:04 524591                     /var/cache/fontconfig/2cd17615ca594fa2959ae173292e504c-le64.cache-4
7ff615019000-7ff61501a000 r--s 00000000 08:04 524590                     /var/cache/fontconfig/e7071f4a29fa870f4323321c154eba04-le64.cache-4
7ff61501a000-7ff615021000 r--s 00000000 08:04 524589                     /var/cache/fontconfig/6eb3985aa4124903f6ff08ba781cd364-le64.cache-4
7ff615021000-7ff615022000 r--s 00000000 08:04 524588                     /var/cache/fontconfig/0d8c3b2ac0904cb8a57a757ad11a4a08-le64.cache-4
7ff615022000-7ff615029000 r--s 00000000 08:04 524587                     /var/cache/fontconfig/a755afe4a08bf5b97852ceb7400b47bc-le64.cache-4
7ff615029000-7ff615035000 r--s 00000000 08:04 524585                     /var/cache/fontconfig/6d41288fd70b0be22e8c3a91e032eec0-le64.cache-4
7ff615035000-7ff615049000 r--s 00000000 08:04 524584                     /var/cache/fontconfig/04aabc0a78ac019cf9454389977116d2-le64.cache-4
7ff615049000-7ff61504a000 r--s 00000000 08:04 524581                     /var/cache/fontconfig/1ac9eb803944fde146138c791f5cc56a-le64.cache-4
7ff61504a000-7ff61504e000 r--s 00000000 08:04 524580                     /var/cache/fontconfig/385c0604a188198f04d133e54aba7fe7-le64.cache-4
7ff61504e000-7ff61504f000 r--s 00000000 08:04 524579                     /var/cache/fontconfig/9c956a7723ca69a44b382d9179c9802f-le64.cache-4
7ff61504f000-7ff615050000 r--s 00000000 08:04 524575                     /var/cache/fontconfig/dc05db6664285cc2f12bf69c139ae4c3-le64.cache-4
7ff615050000-7ff615052000 r--s 00000000 08:04 524567                     /var/cache/fontconfig/767a8244fc0220cfb567a839d0392e0b-le64.cache-4
7ff615052000-7ff615054000 r--s 00000000 08:04 524565                     /var/cache/fontconfig/2fe16cf53f8bd2da9ea33d9eb6e69eee-le64.cache-4
7ff615054000-7ff615055000 r--s 00000000 08:04 524563                     /var/cache/fontconfig/4794a0821666d79190d59a36cb4f44b5-le64.cache-4
7ff615055000-7ff615056000 r--s 00000000 08:04 524561                     /var/cache/fontconfig/9eae20f1ff8cc0a7d125749e875856bd-le64.cache-4
7ff615056000-7ff615058000 r--s 00000000 08:04 524556                     /var/cache/fontconfig/bf2c1853a9e9b00bb02fe2e9bcf1e201-le64.cache-4
7ff615058000-7ff61505d000 r--s 00000000 08:04 524554                     /var/cache/fontconfig/8801497958630a81b71ace7c5f9b32a8-le64.cache-4
7ff61505d000-7ff615098000 r--s 00000000 08:04 524553                     /var/cache/fontconfig/365b55f210c0a22e9a19e35191240f32-le64.cache-4
7ff615098000-7ff61509c000 r--s 00000000 08:04 524551                     /var/cache/fontconfig/c57959a16110560c8d0fcea73374aeeb-le64.cache-4
7ff61509c000-7ff6150a3000 r--s 00000000 08:04 524550                     /var/cache/fontconfig/3047814df9a2f067bd2d96a2b9c36e5a-le64.cache-4
7ff6150a3000-7ff6150a7000 r--s 00000000 08:04 524548                     /var/cache/fontconfig/bf3b770c553c462765856025a94f1ce6-le64.cache-4
7ff6150a7000-7ff6150a8000 r--s 00000000 08:04 524546                     /var/cache/fontconfig/56cf4f4769d0f4abc89a4895d7bd3ae1-le64.cache-4
7ff6150a8000-7ff6150a9000 r--s 00000000 08:04 524545                     /var/cache/fontconfig/b9d506c9ac06c20b433354fa67a72993-le64.cache-4
7ff6150a9000-7ff6150af000 r--s 00000000 08:04 524541                     /var/cache/fontconfig/b47c4e1ecd0709278f4910c18777a504-le64.cache-4
7ff6150af000-7ff6150b2000 r--s 00000000 08:04 524537                     /var/cache/fontconfig/14d493b97896515cad3840ba4896e372-le64.cache-4
7ff6150b2000-7ff6150ba000 r--s 00000000 08:04 524535                     /var/cache/fontconfig/ce677e824a231659fde4a3a246a10ea3-le64.cache-4
7ff6150ba000-7ff6150bb000 r--s 00000000 08:04 524533                     /var/cache/fontconfig/89034621ae2a8922916bb6bfa5799546-le64.cache-4
7ff6150bb000-7ff6150c4000 r--s 00000000 08:04 524531                     /var/cache/fontconfig/52f7bdb7ce746bfd7eaa1985bd9cfa93-le64.cache-4
7ff6150c4000-7ff6150c7000 r--s 00000000 08:04 524530                     /var/cache/fontconfig/e49e89034d371f0f9de17aab02136486-le64.cache-4
7ff6150c7000-7ff6150c9000 r--s 00000000 08:04 524525                     /var/cache/fontconfig/4b14b093aebc79c320de5e86ae1d3314-le64.cache-4
7ff6150c9000-7ff6150dc000 r--s 00000000 08:04 524518                     /var/cache/fontconfig/d52a8644073d54c13679302ca1180695-le64.cache-4
7ff6150dc000-7ff6150e5000 r--s 00000000 08:04 524511                     /var/cache/fontconfig/3f7329c5293ffd510edef78f73874cfd-le64.cache-4
7ff6150e5000-7ff6150f0000 r--s 00000000 08:04 524503                     /var/cache/fontconfig/d589a48862398ed80a3d6066f4f56f4c-le64.cache-4
7ff6150f0000-7ff6150fa000 r--s 00000000 08:04 524489                     /var/cache/fontconfig/198d8fcf01c96d0cf813f74fd759bdb7-le64.cache-4
7ff6150fa000-7ff615112000 r--s 00000000 08:04 524410                     /var/cache/fontconfig/e13b20fdb08344e0e664864cc2ede53d-le64.cache-4
7ff615112000-7ff615130000 r--s 00000000 08:04 524382                     /var/cache/fontconfig/467c019e582ee353435ea5c21d137ef6-le64.cache-4
7ff615130000-7ff615131000 ---p 00000000 00:00 0 
7ff615131000-7ff615931000 rw-p 00000000 00:00 0                          [stack:17714]
7ff615931000-7ff615932000 ---p 00000000 00:00 0 
7ff615932000-7ff616132000 rw-p 00000000 00:00 0                          [stack:17713]
7ff616132000-7ff616176000 r-xp 00000000 08:04 4980819                    /lib/x86_64-linux-gnu/libdbus-1.so.3.7.6
7ff616176000-7ff616375000 ---p 00044000 08:04 4980819                    /lib/x86_64-linux-gnu/libdbus-1.so.3.7.6
7ff616375000-7ff616376000 r--p 00043000 08:04 4980819                    /lib/x86_64-linux-gnu/libdbus-1.so.3.7.6
7ff616376000-7ff616377000 rw-p 00044000 08:04 4980819                    /lib/x86_64-linux-gnu/libdbus-1.so.3.7.6
7ff616377000-7ff61637f000 r-xp 00000000 08:04 4986742                    /lib/x86_64-linux-gnu/libnih-dbus.so.1.0.0
7ff61637f000-7ff61657f000 ---p 00008000 08:04 4986742                    /lib/x86_64-linux-gnu/libnih-dbus.so.1.0.0
7ff61657f000-7ff616580000 r--p 00008000 08:04 4986742                    /lib/x86_64-linux-gnu/libnih-dbus.so.1.0.0
7ff616580000-7ff616581000 rw-p 00009000 08:04 4986742                    /lib/x86_64-linux-gnu/libnih-dbus.so.1.0.0
7ff616581000-7ff616598000 r-xp 00000000 08:04 4986756                    /lib/x86_64-linux-gnu/libnih.so.1.0.0
7ff616598000-7ff616797000 ---p 00017000 08:04 4986756                    /lib/x86_64-linux-gnu/libnih.so.1.0.0
7ff616797000-7ff616798000 r--p 00016000 08:04 4986756                    /lib/x86_64-linux-gnu/libnih.so.1.0.0
7ff616798000-7ff616799000 rw-p 00017000 08:04 4986756                    /lib/x86_64-linux-gnu/libnih.so.1.0.0
7ff616799000-7ff6167b8000 r-xp 00000000 08:04 4981072                    /lib/x86_64-linux-gnu/libcgmanager.so.0.0.0
7ff6167b8000-7ff6169b8000 ---p 0001f000 08:04 4981072                    /lib/x86_64-linux-gnu/libcgmanager.so.0.0.0
7ff6169b8000-7ff6169ba000 r--p 0001f000 08:04 4981072                    /lib/x86_64-linux-gnu/libcgmanager.so.0.0.0
7ff6169ba000-7ff6169bb000 rw-p 00021000 08:04 4981072                    /lib/x86_64-linux-gnu/libcgmanager.so.0.0.0
7ff6169bb000-7ff6169cb000 r-xp 00000000 08:04 4980837                    /lib/x86_64-linux-gnu/libudev.so.1.3.5
7ff6169cb000-7ff616bca000 ---p 00010000 08:04 4980837                    /lib/x86_64-linux-gnu/libudev.so.1.3.5
7ff616bca000-7ff616bcb000 r--p 0000f000 08:04 4980837                    /lib/x86_64-linux-gnu/libudev.so.1.3.5
7ff616bcb000-7ff616bcc000 rw-p 00010000 08:04 4980837                    /lib/x86_64-linux-gnu/libudev.so.1.3.5
7ff616bcc000-7ff616c00000 r-xp 00000000 08:04 1050707                    /usr/lib/x86_64-linux-gnu/gvfs/libgvfscommon.so
7ff616c00000-7ff616e00000 ---p 00034000 08:04 1050707                    /usr/lib/x86_64-linux-gnu/gvfs/libgvfscommon.so
7ff616e00000-7ff616e05000 r--p 00034000 08:04 1050707                    /usr/lib/x86_64-linux-gnu/gvfs/libgvfscommon.so
7ff616e05000-7ff616e06000 rw-p 00039000 08:04 1050707                    /usr/lib/x86_64-linux-gnu/gvfs/libgvfscommon.so
7ff616e06000-7ff616e35000 r-xp 00000000 08:04 1049473                    /usr/lib/x86_64-linux-gnu/gio/modules/libgvfsdbus.so
7ff616e35000-7ff617035000 ---p 0002f000 08:04 1049473                    /usr/lib/x86_64-linux-gnu/gio/modules/libgvfsdbus.so
7ff617035000-7ff617036000 r--p 0002f000 08:04 1049473                    /usr/lib/x86_64-linux-gnu/gio/modules/libgvfsdbus.so
7ff617036000-7ff617037000 rw-p 00030000 08:04 1049473                    /usr/lib/x86_64-linux-gnu/gio/modules/libgvfsdbus.so
7ff617037000-7ff617038000 rw-p 00000000 00:00 0 
7ff617038000-7ff61717b000 r-xp 00000000 08:04 1705393                    /usr/lib/x86_64-linux-gnu/gtk-2.0/2.10.0/engines/liboxygen-gtk.so
7ff61717b000-7ff61737a000 ---p 00143000 08:04 1705393                    /usr/lib/x86_64-linux-gnu/gtk-2.0/2.10.0/engines/liboxygen-gtk.so
7ff61737a000-7ff617380000 r--p 00142000 08:04 1705393                    /usr/lib/x86_64-linux-gnu/gtk-2.0/2.10.0/engines/liboxygen-gtk.so
7ff617380000-7ff617381000 rw-p 00148000 08:04 1705393                    /usr/lib/x86_64-linux-gnu/gtk-2.0/2.10.0/engines/liboxygen-gtk.so
7ff617381000-7ff617382000 rw-p 00000000 00:00 0 
7ff617382000-7ff617388000 r-xp 00000000 08:04 1057490                    /usr/lib/x86_64-linux-gnu/libdatrie.so.1.3.1
7ff617388000-7ff617587000 ---p 00006000 08:04 1057490                    /usr/lib/x86_64-linux-gnu/libdatrie.so.1.3.1
7ff617587000-7ff617588000 r--p 00005000 08:04 1057490                    /usr/lib/x86_64-linux-gnu/libdatrie.so.1.3.1
7ff617588000-7ff617589000 rw-p 00006000 08:04 1057490                    /usr/lib/x86_64-linux-gnu/libdatrie.so.1.3.1
7ff617589000-7ff6175ad000 r-xp 00000000 08:04 1051966                    /usr/lib/x86_64-linux-gnu/libgraphite2.so.3.0.1
7ff6175ad000-7ff6177ad000 ---p 00024000 08:04 1051966                    /usr/lib/x86_64-linux-gnu/libgraphite2.so.3.0.1
7ff6177ad000-7ff6177af000 r--p 00024000 08:04 1051966                    /usr/lib/x86_64-linux-gnu/libgraphite2.so.3.0.1
7ff6177af000-7ff6177b0000 rw-p 00026000 08:04 1051966                    /usr/lib/x86_64-linux-gnu/libgraphite2.so.3.0.1
7ff6177b0000-7ff6177b5000 r-xp 00000000 08:04 1050452                    /usr/lib/x86_64-linux-gnu/libXdmcp.so.6.0.0
7ff6177b5000-7ff6179b4000 ---p 00005000 08:04 1050452                    /usr/lib/x86_64-linux-gnu/libXdmcp.so.6.0.0
7ff6179b4000-7ff6179b5000 r--p 00004000 08:04 1050452                    /usr/lib/x86_64-linux-gnu/libXdmcp.so.6.0.0
7ff6179b5000-7ff6179b6000 rw-p 00005000 08:04 1050452                    /usr/lib/x86_64-linux-gnu/libXdmcp.so.6.0.0
7ff6179b6000-7ff6179b8000 r-xp 00000000 08:04 1050448                    /usr/lib/x86_64-linux-gnu/libXau.so.6.0.0
7ff6179b8000-7ff617bb8000 ---p 00002000 08:04 1050448                    /usr/lib/x86_64-linux-gnu/libXau.so.6.0.0
7ff617bb8000-7ff617bb9000 r--p 00002000 08:04 1050448                    /usr/lib/x86_64-linux-gnu/libXau.so.6.0.0
7ff617bb9000-7ff617bba000 rw-p 00003000 08:04 1050448                    /usr/lib/x86_64-linux-gnu/libXau.so.6.0.0
7ff617bba000-7ff617bf7000 r-xp 00000000 08:04 5028914                    /lib/x86_64-linux-gnu/libpcre.so.3.13.1
7ff617bf7000-7ff617df6000 ---p 0003d000 08:04 5028914                    /lib/x86_64-linux-gnu/libpcre.so.3.13.1
7ff617df6000-7ff617df7000 r--p 0003c000 08:04 5028914                    /lib/x86_64-linux-gnu/libpcre.so.3.13.1
7ff617df7000-7ff617df8000 rw-p 0003d000 08:04 5028914                    /lib/x86_64-linux-gnu/libpcre.so.3.13.1
7ff617df8000-7ff617dff000 r-xp 00000000 08:04 1051718                    /usr/lib/x86_64-linux-gnu/libffi.so.6.0.1
7ff617dff000-7ff617ffe000 ---p 00007000 08:04 1051718                    /usr/lib/x86_64-linux-gnu/libffi.so.6.0.1
7ff617ffe000-7ff617fff000 r--p 00006000 08:04 1051718                    /usr/lib/x86_64-linux-gnu/libffi.so.6.0.1
7ff617fff000-7ff618000000 rw-p 00007000 08:04 1051718                    /usr/lib/x86_64-linux-gnu/libffi.so.6.0.1
7ff618000000-7ff61828f000 rw-p 00000000 00:00 0 
7ff61828f000-7ff61c000000 ---p 00000000 00:00 0 
7ff61c000000-7ff61c002000 r--s 00000000 08:04 524510                     /var/cache/fontconfig/65f976e5259cbe6dc7697b8648396239-le64.cache-4
7ff61c002000-7ff61c00d000 r--s 00000000 08:04 524485                     /var/cache/fontconfig/83bf95040141907cd45bb53cf7c1c148-le64.cache-4
7ff61c08d000-7ff61c0a6000 r--p 00000000 08:04 1315603                    /usr/share/locale-langpack/pt/LC_MESSAGES/glib20.mo
7ff61c0a6000-7ff61c0cd000 r-xp 00000000 08:04 4997805                    /lib/x86_64-linux-gnu/libexpat.so.1.6.0
7ff61c0cd000-7ff61c2cd000 ---p 00027000 08:04 4997805                    /lib/x86_64-linux-gnu/libexpat.so.1.6.0
7ff61c2cd000-7ff61c2cf000 r--p 00027000 08:04 4997805                    /lib/x86_64-linux-gnu/libexpat.so.1.6.0
7ff61c2cf000-7ff61c2d0000 rw-p 00029000 08:04 4997805                    /lib/x86_64-linux-gnu/libexpat.so.1.6.0
7ff61c2d0000-7ff61c2d8000 r-xp 00000000 08:04 1050152                    /usr/lib/x86_64-linux-gnu/libthai.so.0.2.0
7ff61c2d8000-7ff61c4d7000 ---p 00008000 08:04 1050152                    /usr/lib/x86_64-linux-gnu/libthai.so.0.2.0
7ff61c4d7000-7ff61c4d8000 r--p 00007000 08:04 1050152                    /usr/lib/x86_64-linux-gnu/libthai.so.0.2.0
7ff61c4d8000-7ff61c4d9000 rw-p 00008000 08:04 1050152                    /usr/lib/x86_64-linux-gnu/libthai.so.0.2.0
7ff61c4d9000-7ff61c52c000 r-xp 00000000 08:04 1050466                    /usr/lib/x86_64-linux-gnu/libharfbuzz.so.0.927.0
7ff61c52c000-7ff61c72c000 ---p 00053000 08:04 1050466                    /usr/lib/x86_64-linux-gnu/libharfbuzz.so.0.927.0
7ff61c72c000-7ff61c72d000 r--p 00053000 08:04 1050466                    /usr/lib/x86_64-linux-gnu/libharfbuzz.so.0.927.0
7ff61c72d000-7ff61c72e000 rw-p 00054000 08:04 1050466                    /usr/lib/x86_64-linux-gnu/libharfbuzz.so.0.927.0
7ff61c72e000-7ff61c745000 r-xp 00000000 08:04 5013272                    /lib/x86_64-linux-gnu/libresolv-2.19.so
7ff61c745000-7ff61c945000 ---p 00017000 08:04 5013272                    /lib/x86_64-linux-gnu/libresolv-2.19.so
7ff61c945000-7ff61c946000 r--p 00017000 08:04 5013272                    /lib/x86_64-linux-gnu/libresolv-2.19.so
7ff61c946000-7ff61c947000 rw-p 00018000 08:04 5013272                    /lib/x86_64-linux-gnu/libresolv-2.19.so
7ff61c947000-7ff61c949000 rw-p 00000000 00:00 0 
7ff61c949000-7ff61c969000 r-xp 00000000 08:04 4984792                    /lib/x86_64-linux-gnu/libselinux.so.1
7ff61c969000-7ff61cb68000 ---p 00020000 08:04 4984792                    /lib/x86_64-linux-gnu/libselinux.so.1
7ff61cb68000-7ff61cb69000 r--p 0001f000 08:04 4984792                    /lib/x86_64-linux-gnu/libselinux.so.1
7ff61cb69000-7ff61cb6a000 rw-p 00020000 08:04 4984792                    /lib/x86_64-linux-gnu/libselinux.so.1
7ff61cb6a000-7ff61cb6c000 rw-p 00000000 00:00 0 
7ff61cb6c000-7ff61cb84000 r-xp 00000000 08:04 4984785                    /lib/x86_64-linux-gnu/libz.so.1.2.8
7ff61cb84000-7ff61cd83000 ---p 00018000 08:04 4984785                    /lib/x86_64-linux-gnu/libz.so.1.2.8
7ff61cd83000-7ff61cd84000 r--p 00017000 08:04 4984785                    /lib/x86_64-linux-gnu/libz.so.1.2.8
7ff61cd84000-7ff61cd85000 rw-p 00018000 08:04 4984785                    /lib/x86_64-linux-gnu/libz.so.1.2.8
7ff61cd85000-7ff61cd8d000 r-xp 00000000 08:04 1051037                    /usr/lib/x86_64-linux-gnu/libxcb-render.so.0.0.0
7ff61cd8d000-7ff61cf8c000 ---p 00008000 08:04 1051037                    /usr/lib/x86_64-linux-gnu/libxcb-render.so.0.0.0
7ff61cf8c000-7ff61cf8d000 r--p 00007000 08:04 1051037                    /usr/lib/x86_64-linux-gnu/libxcb-render.so.0.0.0
7ff61cf8d000-7ff61cf8e000 rw-p 00008000 08:04 1051037                    /usr/lib/x86_64-linux-gnu/libxcb-render.so.0.0.0
7ff61cf8e000-7ff61cf90000 r-xp 00000000 08:04 1051281                    /usr/lib/x86_64-linux-gnu/libxcb-shm.so.0.0.0
7ff61cf90000-7ff61d18f000 ---p 00002000 08:04 1051281                    /usr/lib/x86_64-linux-gnu/libxcb-shm.so.0.0.0
7ff61d18f000-7ff61d190000 r--p 00001000 08:04 1051281                    /usr/lib/x86_64-linux-gnu/libxcb-shm.so.0.0.0
7ff61d190000-7ff61d191000 rw-p 00002000 08:04 1051281                    /usr/lib/x86_64-linux-gnu/libxcb-shm.so.0.0.0
7ff61d191000-7ff61d1b6000 r-xp 00000000 08:04 4981135                    /lib/x86_64-linux-gnu/libpng12.so.0.50.0
7ff61d1b6000-7ff61d3b5000 ---p 00025000 08:04 4981135                    /lib/x86_64-linux-gnu/libpng12.so.0.50.0
7ff61d3b5000-7ff61d3b6000 r--p 00024000 08:04 4981135                    /lib/x86_64-linux-gnu/libpng12.so.0.50.0
7ff61d3b6000-7ff61d3b7000 rw-p 00025000 08:04 4981135                    /lib/x86_64-linux-gnu/libpng12.so.0.50.0
7ff61d3b7000-7ff61d457000 r-xp 00000000 08:04 1054613                    /usr/lib/x86_64-linux-gnu/libpixman-1.so.0.30.2
7ff61d457000-7ff61d657000 ---p 000a0000 08:04 1054613                    /usr/lib/x86_64-linux-gnu/libpixman-1.so.0.30.2
7ff61d657000-7ff61d65e000 r--p 000a0000 08:04 1054613                    /usr/lib/x86_64-linux-gnu/libpixman-1.so.0.30.2
7ff61d65e000-7ff61d65f000 rw-p 000a7000 08:04 1054613                    /usr/lib/x86_64-linux-gnu/libpixman-1.so.0.30.2
7ff61d65f000-7ff61d67c000 r-xp 00000000 08:04 1050457                    /usr/lib/x86_64-linux-gnu/libxcb.so.1.1.0
7ff61d67c000-7ff61d87c000 ---p 0001d000 08:04 1050457                    /usr/lib/x86_64-linux-gnu/libxcb.so.1.1.0
7ff61d87c000-7ff61d87d000 r--p 0001d000 08:04 1050457                    /usr/lib/x86_64-linux-gnu/libxcb.so.1.1.0
7ff61d87d000-7ff61d87e000 rw-p 0001e000 08:04 1050457                    /usr/lib/x86_64-linux-gnu/libxcb.so.1.1.0
7ff61d87e000-7ff61d91b000 r-xp 00000000 08:04 1051965                    /usr/lib/x86_64-linux-gnu/libfreetype.so.6.11.1
7ff61d91b000-7ff61db1a000 ---p 0009d000 08:04 1051965                    /usr/lib/x86_64-linux-gnu/libfreetype.so.6.11.1
7ff61db1a000-7ff61db20000 r--p 0009c000 08:04 1051965                    /usr/lib/x86_64-linux-gnu/libfreetype.so.6.11.1
7ff61db20000-7ff61db21000 rw-p 000a2000 08:04 1051965                    /usr/lib/x86_64-linux-gnu/libfreetype.so.6.11.1
7ff61db21000-7ff61db23000 r-xp 00000000 08:04 1051280                    /usr/lib/x86_64-linux-gnu/libXdamage.so.1.1.0
7ff61db23000-7ff61dd22000 ---p 00002000 08:04 1051280                    /usr/lib/x86_64-linux-gnu/libXdamage.so.1.1.0
7ff61dd22000-7ff61dd23000 r--p 00001000 08:04 1051280                    /usr/lib/x86_64-linux-gnu/libXdamage.so.1.1.0
7ff61dd23000-7ff61dd24000 rw-p 00002000 08:04 1051280                    /usr/lib/x86_64-linux-gnu/libXdamage.so.1.1.0
7ff61dd24000-7ff61dd26000 r-xp 00000000 08:04 1051250                    /usr/lib/x86_64-linux-gnu/libXcomposite.so.1.0.0
7ff61dd26000-7ff61df25000 ---p 00002000 08:04 1051250                    /usr/lib/x86_64-linux-gnu/libXcomposite.so.1.0.0
7ff61df25000-7ff61df26000 r--p 00001000 08:04 1051250                    /usr/lib/x86_64-linux-gnu/libXcomposite.so.1.0.0
7ff61df26000-7ff61df27000 rw-p 00002000 08:04 1051250                    /usr/lib/x86_64-linux-gnu/libXcomposite.so.1.0.0
7ff61df27000-7ff61df30000 r-xp 00000000 08:04 1049670                    /usr/lib/x86_64-linux-gnu/libXcursor.so.1.0.2
7ff61df30000-7ff61e12f000 ---p 00009000 08:04 1049670                    /usr/lib/x86_64-linux-gnu/libXcursor.so.1.0.2
7ff61e12f000-7ff61e130000 r--p 00008000 08:04 1049670                    /usr/lib/x86_64-linux-gnu/libXcursor.so.1.0.2
7ff61e130000-7ff61e131000 rw-p 00009000 08:04 1049670                    /usr/lib/x86_64-linux-gnu/libXcursor.so.1.0.2
7ff61e131000-7ff61e13a000 r-xp 00000000 08:04 1048892                    /usr/lib/x86_64-linux-gnu/libXrandr.so.2.2.0
7ff61e13a000-7ff61e339000 ---p 00009000 08:04 1048892                    /usr/lib/x86_64-linux-gnu/libXrandr.so.2.2.0
7ff61e339000-7ff61e33a000 r--p 00008000 08:04 1048892                    /usr/lib/x86_64-linux-gnu/libXrandr.so.2.2.0
7ff61e33a000-7ff61e33b000 rw-p 00009000 08:04 1048892                    /usr/lib/x86_64-linux-gnu/libXrandr.so.2.2.0
7ff61e33b000-7ff61e34a000 r-xp 00000000 08:04 1049068                    /usr/lib/x86_64-linux-gnu/libXi.so.6.1.0
7ff61e34a000-7ff61e549000 ---p 0000f000 08:04 1049068                    /usr/lib/x86_64-linux-gnu/libXi.so.6.1.0
7ff61e549000-7ff61e54a000 r--p 0000e000 08:04 1049068                    /usr/lib/x86_64-linux-gnu/libXi.so.6.1.0
7ff61e54a000-7ff61e54b000 rw-p 0000f000 08:04 1049068                    /usr/lib/x86_64-linux-gnu/libXi.so.6.1.0
7ff61e54b000-7ff61e54d000 r-xp 00000000 08:04 1049902                    /usr/lib/x86_64-linux-gnu/libXinerama.so.1.0.0
7ff61e54d000-7ff61e74c000 ---p 00002000 08:04 1049902                    /usr/lib/x86_64-linux-gnu/libXinerama.so.1.0.0
7ff61e74c000-7ff61e74d000 r--p 00001000 08:04 1049902                    /usr/lib/x86_64-linux-gnu/libXinerama.so.1.0.0
7ff61e74d000-7ff61e74e000 rw-p 00002000 08:04 1049902                    /usr/lib/x86_64-linux-gnu/libXinerama.so.1.0.0
7ff61e74e000-7ff61e757000 r-xp 00000000 08:04 1054879                    /usr/lib/x86_64-linux-gnu/libXrender.so.1.3.0
7ff61e757000-7ff61e956000 ---p 00009000 08:04 1054879                    /usr/lib/x86_64-linux-gnu/libXrender.so.1.3.0
7ff61e956000-7ff61e957000 r--p 00008000 08:04 1054879                    /usr/lib/x86_64-linux-gnu/libXrender.so.1.3.0
7ff61e957000-7ff61e958000 rw-p 00009000 08:04 1054879                    /usr/lib/x86_64-linux-gnu/libXrender.so.1.3.0
7ff61e958000-7ff61e969000 r-xp 00000000 08:04 1051285                    /usr/lib/x86_64-linux-gnu/libXext.so.6.4.0
7ff61e969000-7ff61eb68000 ---p 00011000 08:04 1051285                    /usr/lib/x86_64-linux-gnu/libXext.so.6.4.0
7ff61eb68000-7ff61eb69000 r--p 00010000 08:04 1051285                    /usr/lib/x86_64-linux-gnu/libXext.so.6.4.0
7ff61eb69000-7ff61eb6a000 rw-p 00011000 08:04 1051285                    /usr/lib/x86_64-linux-gnu/libXext.so.6.4.0
7ff61eb6a000-7ff61ec70000 r-xp 00000000 08:04 4983093                    /lib/x86_64-linux-gnu/libglib-2.0.so.0.4002.0
7ff61ec70000-7ff61ee6f000 ---p 00106000 08:04 4983093                    /lib/x86_64-linux-gnu/libglib-2.0.so.0.4002.0
7ff61ee6f000-7ff61ee70000 r--p 00105000 08:04 4983093                    /lib/x86_64-linux-gnu/libglib-2.0.so.0.4002.0
7ff61ee70000-7ff61ee71000 rw-p 00106000 08:04 4983093                    /lib/x86_64-linux-gnu/libglib-2.0.so.0.4002.0
7ff61ee71000-7ff61ee72000 rw-p 00000000 00:00 0 
7ff61ee72000-7ff61eec1000 r-xp 00000000 08:04 1054527                    /usr/lib/x86_64-linux-gnu/libgobject-2.0.so.0.4002.0
7ff61eec1000-7ff61f0c1000 ---p 0004f000 08:04 1054527                    /usr/lib/x86_64-linux-gnu/libgobject-2.0.so.0.4002.0
7ff61f0c1000-7ff61f0c2000 r--p 0004f000 08:04 1054527                    /usr/lib/x86_64-linux-gnu/libgobject-2.0.so.0.4002.0
7ff61f0c2000-7ff61f0c3000 rw-p 00050000 08:04 1054527                    /usr/lib/x86_64-linux-gnu/libgobject-2.0.so.0.4002.0
7ff61f0c3000-7ff61f0fd000 r-xp 00000000 08:04 1049911                    /usr/lib/x86_64-linux-gnu/libfontconfig.so.1.8.0
7ff61f0fd000-7ff61f2fc000 ---p 0003a000 08:04 1049911                    /usr/lib/x86_64-linux-gnu/libfontconfig.so.1.8.0
7ff61f2fc000-7ff61f2fe000 r--p 00039000 08:04 1049911                    /usr/lib/x86_64-linux-gnu/libfontconfig.so.1.8.0
7ff61f2fe000-7ff61f2ff000 rw-p 0003b000 08:04 1049911                    /usr/lib/x86_64-linux-gnu/libfontconfig.so.1.8.0
7ff61f2ff000-7ff61f349000 r-xp 00000000 08:04 1049277                    /usr/lib/x86_64-linux-gnu/libpango-1.0.so.0.3600.3
7ff61f349000-7ff61f549000 ---p 0004a000 08:04 1049277                    /usr/lib/x86_64-linux-gnu/libpango-1.0.so.0.3600.3
7ff61f549000-7ff61f54b000 r--p 0004a000 08:04 1049277                    /usr/lib/x86_64-linux-gnu/libpango-1.0.so.0.3600.3
7ff61f54b000-7ff61f54c000 rw-p 0004c000 08:04 1049277                    /usr/lib/x86_64-linux-gnu/libpango-1.0.so.0.3600.3
7ff61f54c000-7ff61f560000 r-xp 00000000 08:04 1051421                    /usr/lib/x86_64-linux-gnu/libpangoft2-1.0.so.0.3600.3
7ff61f560000-7ff61f75f000 ---p 00014000 08:04 1051421                    /usr/lib/x86_64-linux-gnu/libpangoft2-1.0.so.0.3600.3
7ff61f75f000-7ff61f760000 r--p 00013000 08:04 1051421                    /usr/lib/x86_64-linux-gnu/libpangoft2-1.0.so.0.3600.3
7ff61f760000-7ff61f761000 rw-p 00014000 08:04 1051421                    /usr/lib/x86_64-linux-gnu/libpangoft2-1.0.so.0.3600.3
7ff61f761000-7ff61f8cd000 r-xp 00000000 08:04 1054529                    /usr/lib/x86_64-linux-gnu/libgio-2.0.so.0.4002.0
7ff61f8cd000-7ff61facc000 ---p 0016c000 08:04 1054529                    /usr/lib/x86_64-linux-gnu/libgio-2.0.so.0.4002.0
7ff61facc000-7ff61fad0000 r--p 0016b000 08:04 1054529                    /usr/lib/x86_64-linux-gnu/libgio-2.0.so.0.4002.0
7ff61fad0000-7ff61fad2000 rw-p 0016f000 08:04 1054529                    /usr/lib/x86_64-linux-gnu/libgio-2.0.so.0.4002.0
7ff61fad2000-7ff61fad4000 rw-p 00000000 00:00 0 
7ff61fad4000-7ff61faf4000 r-xp 00000000 08:04 1050888                    /usr/lib/x86_64-linux-gnu/libgdk_pixbuf-2.0.so.0.3000.7
7ff61faf4000-7ff61fcf3000 ---p 00020000 08:04 1050888                    /usr/lib/x86_64-linux-gnu/libgdk_pixbuf-2.0.so.0.3000.7
7ff61fcf3000-7ff61fcf4000 r--p 0001f000 08:04 1050888                    /usr/lib/x86_64-linux-gnu/libgdk_pixbuf-2.0.so.0.3000.7
7ff61fcf4000-7ff61fcf5000 rw-p 00020000 08:04 1050888                    /usr/lib/x86_64-linux-gnu/libgdk_pixbuf-2.0.so.0.3000.7
7ff61fcf5000-7ff61fdfb000 r-xp 00000000 08:04 1050577                    /usr/lib/x86_64-linux-gnu/libcairo.so.2.11301.0
7ff61fdfb000-7ff61fffa000 ---p 00106000 08:04 1050577                    /usr/lib/x86_64-linux-gnu/libcairo.so.2.11301.0
7ff61fffa000-7ff61fffd000 r--p 00105000 08:04 1050577                    /usr/lib/x86_64-linux-gnu/libcairo.so.2.11301.0
7ff61fffd000-7ff61fffe000 rw-p 00108000 08:04 1050577                    /usr/lib/x86_64-linux-gnu/libcairo.so.2.11301.0
7ff61fffe000-7ff620000000 rw-p 00000000 00:00 0 
7ff620000000-7ff620021000 rw-p 00000000 00:00 0 
7ff620021000-7ff624000000 ---p 00000000 00:00 0 
7ff624000000-7ff624021000 rw-p 00000000 00:00 0 
7ff624021000-7ff628000000 ---p 00000000 00:00 0 
7ff628000000-7ff628123000 rw-p 00000000 00:00 0 
7ff628123000-7ff62c000000 ---p 00000000 00:00 0 
7ff62c000000-7ff62c245000 rw-p 00000000 00:00 0 
7ff62c245000-7ff630000000 ---p 00000000 00:00 0 
7ff630000000-7ff630021000 rw-p 00000000 00:00 0 
7ff630021000-7ff634000000 ---p 00000000 00:00 0 
7ff634000000-7ff6342cb000 rw-p 00000000 00:00 0 
7ff6342cb000-7ff638000000 ---p 00000000 00:00 0 
7ff638000000-7ff638021000 rw-p 00000000 00:00 0 
7ff638021000-7ff63c000000 ---p 00000000 00:00 0 
7ff63c000000-7ff63c021000 rw-p 00000000 00:00 0 
7ff63c021000-7ff640000000 ---p 00000000 00:00 0 
7ff640000000-7ff640021000 rw-p 00000000 00:00 0 
7ff640021000-7ff644000000 ---p 00000000 00:00 0 
7ff644000000-7ff644021000 rw-p 00000000 00:00 0 
7ff644021000-7ff648000000 ---p 00000000 00:00 0 
7ff648000000-7ff648021000 rw-p 00000000 00:00 0 
7ff648021000-7ff64c000000 ---p 00000000 00:00 0 
7ff64c000000-7ff64c002000 r--s 00000000 08:04 524495                     /var/cache/fontconfig/423767150eb258c59035de29db6fca84-le64.cache-4
7ff64c002000-7ff64c021000 r-xp 00000000 08:04 1050063                    /usr/lib/x86_64-linux-gnu/libatk-1.0.so.0.21009.1
7ff64c021000-7ff64c221000 ---p 0001f000 08:04 1050063                    /usr/lib/x86_64-linux-gnu/libatk-1.0.so.0.21009.1
7ff64c221000-7ff64c223000 r--p 0001f000 08:04 1050063                    /usr/lib/x86_64-linux-gnu/libatk-1.0.so.0.21009.1
7ff64c223000-7ff64c224000 rw-p 00021000 08:04 1050063                    /usr/lib/x86_64-linux-gnu/libatk-1.0.so.0.21009.1
7ff64c224000-7ff64c229000 r-xp 00000000 08:04 1051270                    /usr/lib/x86_64-linux-gnu/libXfixes.so.3.1.0
7ff64c229000-7ff64c428000 ---p 00005000 08:04 1051270                    /usr/lib/x86_64-linux-gnu/libXfixes.so.3.1.0
7ff64c428000-7ff64c429000 r--p 00004000 08:04 1051270                    /usr/lib/x86_64-linux-gnu/libXfixes.so.3.1.0
7ff64c429000-7ff64c42a000 rw-p 00005000 08:04 1051270                    /usr/lib/x86_64-linux-gnu/libXfixes.so.3.1.0
7ff64c42a000-7ff64c55a000 r-xp 00000000 08:04 1051036                    /usr/lib/x86_64-linux-gnu/libX11.so.6.3.0
7ff64c55a000-7ff64c75a000 ---p 00130000 08:04 1051036                    /usr/lib/x86_64-linux-gnu/libX11.so.6.3.0
7ff64c75a000-7ff64c75b000 r--p 00130000 08:04 1051036                    /usr/lib/x86_64-linux-gnu/libX11.so.6.3.0
7ff64c75b000-7ff64c75f000 rw-p 00131000 08:04 1051036                    /usr/lib/x86_64-linux-gnu/libX11.so.6.3.0
7ff64c75f000-7ff64c76a000 r-xp 00000000 08:04 1048612                    /usr/lib/x86_64-linux-gnu/libpangocairo-1.0.so.0.3600.3
7ff64c76a000-7ff64c96a000 ---p 0000b000 08:04 1048612                    /usr/lib/x86_64-linux-gnu/libpangocairo-1.0.so.0.3600.3
7ff64c96a000-7ff64c96b000 r--p 0000b000 08:04 1048612                    /usr/lib/x86_64-linux-gnu/libpangocairo-1.0.so.0.3600.3
7ff64c96b000-7ff64c96c000 rw-p 0000c000 08:04 1048612                    /usr/lib/x86_64-linux-gnu/libpangocairo-1.0.so.0.3600.3
7ff64c96c000-7ff64c96f000 r-xp 00000000 08:04 1054526                    /usr/lib/x86_64-linux-gnu/libgmodule-2.0.so.0.4002.0
7ff64c96f000-7ff64cb6e000 ---p 00003000 08:04 1054526                    /usr/lib/x86_64-linux-gnu/libgmodule-2.0.so.0.4002.0
7ff64cb6e000-7ff64cb6f000 r--p 00002000 08:04 1054526                    /usr/lib/x86_64-linux-gnu/libgmodule-2.0.so.0.4002.0
7ff64cb6f000-7ff64cb70000 rw-p 00003000 08:04 1054526                    /usr/lib/x86_64-linux-gnu/libgmodule-2.0.so.0.4002.0
7ff64cb70000-7ff64cc1d000 r-xp 00000000 08:04 1050464                    /usr/lib/x86_64-linux-gnu/libgdk-x11-2.0.so.0.2400.23
7ff64cc1d000-7ff64ce1d000 ---p 000ad000 08:04 1050464                    /usr/lib/x86_64-linux-gnu/libgdk-x11-2.0.so.0.2400.23
7ff64ce1d000-7ff64ce21000 r--p 000ad000 08:04 1050464                    /usr/lib/x86_64-linux-gnu/libgdk-x11-2.0.so.0.2400.23
7ff64ce21000-7ff64ce23000 rw-p 000b1000 08:04 1050464                    /usr/lib/x86_64-linux-gnu/libgdk-x11-2.0.so.0.2400.23
7ff64ce23000-7ff64ce28000 r-xp 00000000 08:04 1065739                    /usr/lib/x86_64-linux-gnu/libXtst.so.6.1.0
7ff64ce28000-7ff64d027000 ---p 00005000 08:04 1065739                    /usr/lib/x86_64-linux-gnu/libXtst.so.6.1.0
7ff64d027000-7ff64d028000 r--p 00004000 08:04 1065739                    /usr/lib/x86_64-linux-gnu/libXtst.so.6.1.0
7ff64d028000-7ff64d029000 rw-p 00005000 08:04 1065739                    /usr/lib/x86_64-linux-gnu/libXtst.so.6.1.0
7ff64d029000-7ff64d02a000 r-xp 00000000 08:04 1054528                    /usr/lib/x86_64-linux-gnu/libgthread-2.0.so.0.4002.0
7ff64d02a000-7ff64d229000 ---p 00001000 08:04 1054528                    /usr/lib/x86_64-linux-gnu/libgthread-2.0.so.0.4002.0
7ff64d229000-7ff64d22a000 r--p 00000000 08:04 1054528                    /usr/lib/x86_64-linux-gnu/libgthread-2.0.so.0.4002.0
7ff64d22a000-7ff64d22b000 rw-p 00001000 08:04 1054528                    /usr/lib/x86_64-linux-gnu/libgthread-2.0.so.0.4002.0
7ff64d22b000-7ff64d65b000 r-xp 00000000 08:04 1050513                    /usr/lib/x86_64-linux-gnu/libgtk-x11-2.0.so.0.2400.23
7ff64d65b000-7ff64d85a000 ---p 00430000 08:04 1050513                    /usr/lib/x86_64-linux-gnu/libgtk-x11-2.0.so.0.2400.23
7ff64d85a000-7ff64d861000 r--p 0042f000 08:04 1050513                    /usr/lib/x86_64-linux-gnu/libgtk-x11-2.0.so.0.2400.23
7ff64d861000-7ff64d865000 rw-p 00436000 08:04 1050513                    /usr/lib/x86_64-linux-gnu/libgtk-x11-2.0.so.0.2400.23
7ff64d865000-7ff64d868000 rw-p 00000000 00:00 0 
7ff64d868000-7ff64d8d4000 r-xp 00000000 08:04 6597097                    /tmp/swtlib-64/libswt-pi-gtk-3557.so
7ff64d8d4000-7ff64d9d3000 ---p 0006c000 08:04 6597097                    /tmp/swtlib-64/libswt-pi-gtk-3557.so
7ff64d9d3000-7ff64d9d7000 rw-p 0006b000 08:04 6597097                    /tmp/swtlib-64/libswt-pi-gtk-3557.so
7ff64d9d7000-7ff64d9d8000 rw-p 00000000 00:00 0 
7ff64d9d8000-7ff64da18000 r-xp 00000000 08:04 6597095                    /tmp/swtlib-64/libswt-gtk-3557.so
7ff64da18000-7ff64db18000 ---p 00040000 08:04 6597095                    /tmp/swtlib-64/libswt-gtk-3557.so
7ff64db18000-7ff64db1c000 rw-p 00040000 08:04 6597095                    /tmp/swtlib-64/libswt-gtk-3557.so
7ff64db1c000-7ff64db1d000 rw-p 00000000 00:00 0 
7ff64db1d000-7ff64db33000 r-xp 00000000 08:04 4981230                    /lib/x86_64-linux-gnu/libgcc_s.so.1
7ff64db33000-7ff64dd32000 ---p 00016000 08:04 4981230                    /lib/x86_64-linux-gnu/libgcc_s.so.1
7ff64dd32000-7ff64dd33000 rw-p 00015000 08:04 4981230                    /lib/x86_64-linux-gnu/libgcc_s.so.1
7ff64dd33000-7ff64de19000 r-xp 00000000 08:04 1052505                    /usr/lib/x86_64-linux-gnu/libstdc++.so.6.0.19
7ff64de19000-7ff64e018000 ---p 000e6000 08:04 1052505                    /usr/lib/x86_64-linux-gnu/libstdc++.so.6.0.19
7ff64e018000-7ff64e020000 r--p 000e5000 08:04 1052505                    /usr/lib/x86_64-linux-gnu/libstdc++.so.6.0.19
7ff64e020000-7ff64e022000 rw-p 000ed000 08:04 1052505                    /usr/lib/x86_64-linux-gnu/libstdc++.so.6.0.19
7ff64e022000-7ff64e037000 rw-p 00000000 00:00 0 
7ff64e037000-7ff64e33f000 r-xp 00000000 08:04 2138157                    /home/ia941/IA941/soar/SoarSuite_9.4.0-Linux_64bit/bin/libSoar.so
7ff64e33f000-7ff64e53f000 ---p 00308000 08:04 2138157                    /home/ia941/IA941/soar/SoarSuite_9.4.0-Linux_64bit/bin/libSoar.so
7ff64e53f000-7ff64e54e000 r--p 00308000 08:04 2138157                    /home/ia941/IA941/soar/SoarSuite_9.4.0-Linux_64bit/bin/libSoar.so
7ff64e54e000-7ff64e556000 rw-p 00317000 08:04 2138157                    /home/ia941/IA941/soar/SoarSuite_9.4.0-Linux_64bit/bin/libSoar.so
7ff64e556000-7ff64e560000 rw-p 00000000 00:00 0 
7ff64e560000-7ff64e59e000 r-xp 00000000 08:04 2138156                    /home/ia941/IA941/soar/SoarSuite_9.4.0-Linux_64bit/bin/libJava_sml_ClientInterface.so
7ff64e59e000-7ff64e79e000 ---p 0003e000 08:04 2138156                    /home/ia941/IA941/soar/SoarSuite_9.4.0-Linux_64bit/bin/libJava_sml_ClientInterface.so
7ff64e79e000-7ff64e79f000 r--p 0003e000 08:04 2138156                    /home/ia941/IA941/soar/SoarSuite_9.4.0-Linux_64bit/bin/libJava_sml_ClientInterface.so
7ff64e79f000-7ff64e7a0000 rw-p 0003f000 08:04 2138156                    /home/ia941/IA941/soar/SoarSuite_9.4.0-Linux_64bit/bin/libJava_sml_ClientInterface.so
7ff64e7a0000-7ff64e7a3000 ---p 00000000 00:00 0 
7ff64e7a3000-7ff64e8a1000 rw-p 00000000 00:00 0                          [stack:17710]
7ff64e8a1000-7ff64e937000 r--s 0110a000 08:04 1774655                    /usr/lib/jvm/java-8-oracle/jre/lib/ext/jfxrt.jar
7ff64e937000-7ff64e938000 ---p 00000000 00:00 0 
7ff64e938000-7ff64ea38000 rw-p 00000000 00:00 0                          [stack:17709]
7ff64ea38000-7ff64ea3b000 ---p 00000000 00:00 0 
7ff64ea3b000-7ff64eb39000 rw-p 00000000 00:00 0                          [stack:17708]
7ff64eb39000-7ff64eb3c000 ---p 00000000 00:00 0 
7ff64eb3c000-7ff64ec3a000 rw-p 00000000 00:00 0                          [stack:17707]
7ff64ec3a000-7ff64ec3d000 ---p 00000000 00:00 0 
7ff64ec3d000-7ff64ed3b000 rw-p 00000000 00:00 0                          [stack:17706]
7ff64ed3b000-7ff64ed3e000 ---p 00000000 00:00 0 
7ff64ed3e000-7ff64ee3c000 rw-p 00000000 00:00 0                          [stack:17705]
7ff64ee3c000-7ff64ee3f000 ---p 00000000 00:00 0 
7ff64ee3f000-7ff64ef3d000 rw-p 00000000 00:00 0                          [stack:17704]
7ff64ef3d000-7ff64f4f5000 r--p 00000000 08:04 1050376                    /usr/lib/locale/locale-archive
7ff64f4f5000-7ff64f4f8000 ---p 00000000 00:00 0 
7ff64f4f8000-7ff64f5f6000 rw-p 00000000 00:00 0                          [stack:17703]
7ff64f5f6000-7ff64f5f9000 ---p 00000000 00:00 0 
7ff64f5f9000-7ff64f6f7000 rw-p 00000000 00:00 0                          [stack:17702]
7ff64f6f7000-7ff64f6f8000 ---p 00000000 00:00 0 
7ff64f6f8000-7ff650000000 rw-p 00000000 00:00 0                          [stack:17701]
7ff650000000-7ff650021000 rw-p 00000000 00:00 0 
7ff650021000-7ff654000000 ---p 00000000 00:00 0 
7ff654000000-7ff654013000 r--s 00000000 08:04 524447                     /var/cache/fontconfig/4ac51e5cfbc76fc3f983e470323a16d3-le64.cache-4
7ff654013000-7ff65402c000 r--p 00000000 08:04 1314751                    /usr/share/locale-langpack/pt_BR/LC_MESSAGES/glib20.mo
7ff65402c000-7ff654055000 r--p 00000000 08:04 1315111                    /usr/share/locale-langpack/pt/LC_MESSAGES/gtk20-properties.mo
7ff654055000-7ff65407e000 r--p 00000000 08:04 1313878                    /usr/share/locale-langpack/pt_BR/LC_MESSAGES/gtk20-properties.mo
7ff65407e000-7ff658000000 rw-p 00000000 00:00 0 
7ff658000000-7ff658021000 rw-p 00000000 00:00 0 
7ff658021000-7ff65c000000 ---p 00000000 00:00 0 
7ff65c000000-7ff65c001000 r--s 00000000 08:04 524512                     /var/cache/fontconfig/8a687c406b77f27d99abfeeba937fcce-le64.cache-4
7ff65c001000-7ff65c00a000 r--s 00000000 08:04 524477                     /var/cache/fontconfig/d0972c3d32f097851eb916381fc38920-le64.cache-4
7ff65c00a000-7ff65c024000 r--p 00000000 08:04 1315982                    /usr/share/locale-langpack/pt/LC_MESSAGES/libc.mo
7ff65c024000-7ff65d000000 rw-p 00000000 00:00 0 
7ff65d000000-7ff65d360000 rwxp 00000000 00:00 0 
7ff65d360000-7ff66c000000 ---p 00000000 00:00 0 
7ff66c000000-7ff66c944000 rw-p 00000000 00:00 0 
7ff66c944000-7ff670000000 ---p 00000000 00:00 0 
7ff670000000-7ff670001000 r--s 00000000 08:04 524498                     /var/cache/fontconfig/94f7fe9bd33aadfac165873bd010d595-le64.cache-4
7ff670001000-7ff670002000 r--s 00000000 08:04 524493                     /var/cache/fontconfig/406a1d2d2bf3ed7664fbadefac0b2f66-le64.cache-4
7ff670002000-7ff670004000 r--s 00000000 08:04 524492                     /var/cache/fontconfig/67709b7835c0f764c1135060c9575660-le64.cache-4
7ff670004000-7ff670005000 r--s 00000000 08:04 524487                     /var/cache/fontconfig/0c9eb80ebd1c36541ebe2852d3bb0c49-le64.cache-4
7ff670005000-7ff670007000 r--s 00000000 08:04 524476                     /var/cache/fontconfig/6e6b34ae150a7ad95e82fb4a522f0bda-le64.cache-4
7ff670007000-7ff67000e000 r--s 00000000 08:04 524449                     /var/cache/fontconfig/53d14c92082a93e67d5078324eb314ca-le64.cache-4
7ff67000e000-7ff670011000 r--s 00000000 08:04 524443                     /var/cache/fontconfig/de83a0a961185c8bd1f159015d56c039-le64.cache-4
7ff670011000-7ff670033000 r--p 00000000 08:04 1312702                    /usr/share/locale-langpack/pt_BR/LC_MESSAGES/libc.mo
7ff670033000-7ff67003a000 r--s 00000000 08:04 1064875                    /usr/lib/x86_64-linux-gnu/gconv/gconv-modules.cache
7ff67003a000-7ff670049000 r--p 00000000 08:04 1313887                    /usr/share/locale-langpack/pt_BR/LC_MESSAGES/gtk20.mo
7ff670049000-7ff67005c000 r--s 00211000 08:04 2266956                    /home/ia941/IA941/soar/SoarSuite_9.4.0-Linux_64bit/bin/java/swt.jar
7ff67005c000-7ff67015d000 rw-p 00000000 00:00 0 
7ff67015d000-7ff670336000 r--s 03d64000 08:04 1210327                    /usr/lib/jvm/java-8-oracle/jre/lib/rt.jar
7ff670336000-7ff6703ac000 rw-p 00000000 00:00 0 
7ff6703ac000-7ff6703ad000 ---p 00000000 00:00 0 
7ff6703ad000-7ff6704ad000 rw-p 00000000 00:00 0                          [stack:17700]
7ff6704ad000-7ff6704ae000 ---p 00000000 00:00 0 
7ff6704ae000-7ff6705ae000 rw-p 00000000 00:00 0                          [stack:17699]
7ff6705ae000-7ff6705af000 ---p 00000000 00:00 0 
7ff6705af000-7ff6706af000 rw-p 00000000 00:00 0                          [stack:17698]
7ff6706af000-7ff6706b0000 ---p 00000000 00:00 0 
7ff6706b0000-7ff6707da000 rw-p 00000000 00:00 0                          [stack:17697]
7ff6707da000-7ff670a40000 ---p 00000000 00:00 0 
7ff670a40000-7ff670a6a000 rw-p 00000000 00:00 0 
7ff670a6a000-7ff670cd0000 ---p 00000000 00:00 0 
7ff670cd0000-7ff670ce5000 rw-p 00000000 00:00 0 
7ff670ce5000-7ff670e18000 ---p 00000000 00:00 0 
7ff670e18000-7ff670e27000 rw-p 00000000 00:00 0 
7ff670e27000-7ff6711d9000 ---p 00000000 00:00 0 
7ff6711d9000-7ff6711f4000 r-xp 00000000 08:04 1774569                    /usr/lib/jvm/java-8-oracle/jre/lib/amd64/libzip.so
7ff6711f4000-7ff6713f4000 ---p 0001b000 08:04 1774569                    /usr/lib/jvm/java-8-oracle/jre/lib/amd64/libzip.so
7ff6713f4000-7ff6713f5000 rw-p 0001b000 08:04 1774569                    /usr/lib/jvm/java-8-oracle/jre/lib/amd64/libzip.so
7ff6713f5000-7ff6713ff000 r-xp 00000000 08:04 5013265                    /lib/x86_64-linux-gnu/libnss_files-2.19.so
7ff6713ff000-7ff6715fe000 ---p 0000a000 08:04 5013265                    /lib/x86_64-linux-gnu/libnss_files-2.19.so
7ff6715fe000-7ff6715ff000 r--p 00009000 08:04 5013265                    /lib/x86_64-linux-gnu/libnss_files-2.19.so
7ff6715ff000-7ff671600000 rw-p 0000a000 08:04 5013265                    /lib/x86_64-linux-gnu/libnss_files-2.19.so
7ff671600000-7ff67160b000 r-xp 00000000 08:04 5013274                    /lib/x86_64-linux-gnu/libnss_nis-2.19.so
7ff67160b000-7ff67180a000 ---p 0000b000 08:04 5013274                    /lib/x86_64-linux-gnu/libnss_nis-2.19.so
7ff67180a000-7ff67180b000 r--p 0000a000 08:04 5013274                    /lib/x86_64-linux-gnu/libnss_nis-2.19.so
7ff67180b000-7ff67180c000 rw-p 0000b000 08:04 5013274                    /lib/x86_64-linux-gnu/libnss_nis-2.19.so
7ff67180c000-7ff671823000 r-xp 00000000 08:04 5013287                    /lib/x86_64-linux-gnu/libnsl-2.19.so
7ff671823000-7ff671a22000 ---p 00017000 08:04 5013287                    /lib/x86_64-linux-gnu/libnsl-2.19.so
7ff671a22000-7ff671a23000 r--p 00016000 08:04 5013287                    /lib/x86_64-linux-gnu/libnsl-2.19.so
7ff671a23000-7ff671a24000 rw-p 00017000 08:04 5013287                    /lib/x86_64-linux-gnu/libnsl-2.19.so
7ff671a24000-7ff671a26000 rw-p 00000000 00:00 0 
7ff671a26000-7ff671a2f000 r-xp 00000000 08:04 5013276                    /lib/x86_64-linux-gnu/libnss_compat-2.19.so
7ff671a2f000-7ff671c2e000 ---p 00009000 08:04 5013276                    /lib/x86_64-linux-gnu/libnss_compat-2.19.so
7ff671c2e000-7ff671c2f000 r--p 00008000 08:04 5013276                    /lib/x86_64-linux-gnu/libnss_compat-2.19.so
7ff671c2f000-7ff671c30000 rw-p 00009000 08:04 5013276                    /lib/x86_64-linux-gnu/libnss_compat-2.19.so
7ff671c30000-7ff671c5b000 r-xp 00000000 08:04 1774545                    /usr/lib/jvm/java-8-oracle/jre/lib/amd64/libjava.so
7ff671c5b000-7ff671e5a000 ---p 0002b000 08:04 1774545                    /usr/lib/jvm/java-8-oracle/jre/lib/amd64/libjava.so
7ff671e5a000-7ff671e5c000 rw-p 0002a000 08:04 1774545                    /usr/lib/jvm/java-8-oracle/jre/lib/amd64/libjava.so
7ff671e5c000-7ff671e69000 r-xp 00000000 08:04 1774536                    /usr/lib/jvm/java-8-oracle/jre/lib/amd64/libverify.so
7ff671e69000-7ff672069000 ---p 0000d000 08:04 1774536                    /usr/lib/jvm/java-8-oracle/jre/lib/amd64/libverify.so
7ff672069000-7ff67206b000 rw-p 0000d000 08:04 1774536                    /usr/lib/jvm/java-8-oracle/jre/lib/amd64/libverify.so
7ff67206b000-7ff672072000 r-xp 00000000 08:04 5013285                    /lib/x86_64-linux-gnu/librt-2.19.so
7ff672072000-7ff672271000 ---p 00007000 08:04 5013285                    /lib/x86_64-linux-gnu/librt-2.19.so
7ff672271000-7ff672272000 r--p 00006000 08:04 5013285                    /lib/x86_64-linux-gnu/librt-2.19.so
7ff672272000-7ff672273000 rw-p 00007000 08:04 5013285                    /lib/x86_64-linux-gnu/librt-2.19.so
7ff672273000-7ff672378000 r-xp 00000000 08:04 5013278                    /lib/x86_64-linux-gnu/libm-2.19.so
7ff672378000-7ff672577000 ---p 00105000 08:04 5013278                    /lib/x86_64-linux-gnu/libm-2.19.so
7ff672577000-7ff672578000 r--p 00104000 08:04 5013278                    /lib/x86_64-linux-gnu/libm-2.19.so
7ff672578000-7ff672579000 rw-p 00105000 08:04 5013278                    /lib/x86_64-linux-gnu/libm-2.19.so
7ff672579000-7ff673252000 r-xp 00000000 08:04 1774531                    /usr/lib/jvm/java-8-oracle/jre/lib/amd64/server/libjvm.so
7ff673252000-7ff673451000 ---p 00cd9000 08:04 1774531                    /usr/lib/jvm/java-8-oracle/jre/lib/amd64/server/libjvm.so
7ff673451000-7ff67352a000 rw-p 00cd8000 08:04 1774531                    /usr/lib/jvm/java-8-oracle/jre/lib/amd64/server/libjvm.so
7ff67352a000-7ff673576000 rw-p 00000000 00:00 0 
7ff673576000-7ff673734000 r-xp 00000000 08:04 5014198                    /lib/x86_64-linux-gnu/libc-2.19.so
7ff673734000-7ff673934000 ---p 001be000 08:04 5014198                    /lib/x86_64-linux-gnu/libc-2.19.so
7ff673934000-7ff673938000 r--p 001be000 08:04 5014198                    /lib/x86_64-linux-gnu/libc-2.19.so
7ff673938000-7ff67393a000 rw-p 001c2000 08:04 5014198                    /lib/x86_64-linux-gnu/libc-2.19.so
7ff67393a000-7ff67393f000 rw-p 00000000 00:00 0 
7ff67393f000-7ff673942000 r-xp 00000000 08:04 5013288                    /lib/x86_64-linux-gnu/libdl-2.19.so
7ff673942000-7ff673b41000 ---p 00003000 08:04 5013288                    /lib/x86_64-linux-gnu/libdl-2.19.so
7ff673b41000-7ff673b42000 r--p 00002000 08:04 5013288                    /lib/x86_64-linux-gnu/libdl-2.19.so
7ff673b42000-7ff673b43000 rw-p 00003000 08:04 5013288                    /lib/x86_64-linux-gnu/libdl-2.19.so
7ff673b43000-7ff673b59000 r-xp 00000000 08:04 1774539                    /usr/lib/jvm/java-8-oracle/jre/lib/amd64/jli/libjli.so
7ff673b59000-7ff673d58000 ---p 00016000 08:04 1774539                    /usr/lib/jvm/java-8-oracle/jre/lib/amd64/jli/libjli.so
7ff673d58000-7ff673d59000 rw-p 00015000 08:04 1774539                    /usr/lib/jvm/java-8-oracle/jre/lib/amd64/jli/libjli.so
7ff673d59000-7ff673d72000 r-xp 00000000 08:04 5013284                    /lib/x86_64-linux-gnu/libpthread-2.19.so
7ff673d72000-7ff673f71000 ---p 00019000 08:04 5013284                    /lib/x86_64-linux-gnu/libpthread-2.19.so
7ff673f71000-7ff673f72000 r--p 00018000 08:04 5013284                    /lib/x86_64-linux-gnu/libpthread-2.19.so
7ff673f72000-7ff673f73000 rw-p 00019000 08:04 5013284                    /lib/x86_64-linux-gnu/libpthread-2.19.so
7ff673f73000-7ff673f77000 rw-p 00000000 00:00 0 
7ff673f77000-7ff673f9a000 r-xp 00000000 08:04 5013281                    /lib/x86_64-linux-gnu/ld-2.19.so
7ff673f9a000-7ff673f9b000 r--s 00000000 08:04 524459                     /var/cache/fontconfig/3334a778d104e76d188e9df399bc24d2-le64.cache-4
7ff673f9b000-7ff673f9c000 r--s 00000000 08:04 524444                     /var/cache/fontconfig/c277e94e32b20404286a1ddafa5a80f0-le64.cache-4
7ff673f9c000-7ff67406d000 rw-p 00000000 00:00 0 
7ff67406d000-7ff674070000 ---p 00000000 00:00 0 
7ff674070000-7ff674172000 rw-p 00000000 00:00 0                          [stack:17696]
7ff674172000-7ff674176000 r--s 00000000 08:04 524403                     /var/cache/fontconfig/7ef2298fde41cc6eeb7af42e48b7d293-le64.cache-4
7ff674176000-7ff674177000 r--s 00000000 08:04 524386                     /var/cache/fontconfig/e0aa53bcfa504e64f87823c16bc01eb6-le64.cache-4
7ff674177000-7ff67417a000 r--s 0001a000 08:04 1210369                    /usr/lib/jvm/java-8-oracle/jre/lib/jce.jar
7ff67417a000-7ff67417f000 r--s 0009d000 08:04 1210373                    /usr/lib/jvm/java-8-oracle/jre/lib/jsse.jar
7ff67417f000-7ff674182000 r--s 0001a000 08:04 2266952                    /home/ia941/IA941/soar/SoarSuite_9.4.0-Linux_64bit/bin/java/sml.jar
7ff674182000-7ff674184000 r--s 00005000 08:04 2266955                    /home/ia941/IA941/soar/SoarSuite_9.4.0-Linux_64bit/bin/java/soar-smljava.jar
7ff674184000-7ff67418d000 r--s 0005a000 08:04 2266954                    /home/ia941/IA941/soar/SoarSuite_9.4.0-Linux_64bit/bin/java/soar-debugger.jar
7ff67418d000-7ff67418e000 r--s 00000000 08:04 2138165                    /home/ia941/IA941/soar/SoarSuite_9.4.0-Linux_64bit/bin/SoarJavaDebugger.jar
7ff67418e000-7ff674196000 rw-s 00000000 08:04 6597090                    /tmp/hsperfdata_ia941/17695
7ff674196000-7ff674197000 rw-p 00000000 00:00 0 
7ff674197000-7ff674198000 r--p 00000000 00:00 0 
7ff674198000-7ff674199000 rw-p 00000000 00:00 0 
7ff674199000-7ff67419a000 r--p 00022000 08:04 5013281                    /lib/x86_64-linux-gnu/ld-2.19.so
7ff67419a000-7ff67419b000 rw-p 00023000 08:04 5013281                    /lib/x86_64-linux-gnu/ld-2.19.so
7ff67419b000-7ff67419c000 rw-p 00000000 00:00 0 
7fffadf46000-7fffadf67000 rw-p 00000000 00:00 0                          [stack]
7fffadfdb000-7fffadfdd000 r-xp 00000000 00:00 0                          [vdso]
ffffffffff600000-ffffffffff601000 r-xp 00000000 00:00 0                  [vsyscall]

VM Arguments:
java_command: /home/ia941/IA941/soar/SoarSuite_9.4.0-Linux_64bit/bin/SoarJavaDebugger.jar
java_class_path (initial): /home/ia941/IA941/soar/SoarSuite_9.4.0-Linux_64bit/bin/SoarJavaDebugger.jar
Launcher Type: SUN_STANDARD

Environment Variables:
JAVA_HOME=/usr/lib/jvm/java-8-oracle
PATH=/opt/arduino:/opt/altera/13.0sp1/quartus/bin:/opt/eclipse:/opt/netbeans/bin:/opt/argouml:/usr/local/sbin:/usr/local/bin:/usr/sbin:/usr/bin:/sbin:/bin:/usr/games
LD_LIBRARY_PATH=/home/ia941/IA941/soar/SoarSuite_9.4.0-Linux_64bit/bin
SHELL=/bin/bash
DISPLAY=:0

Signal Handlers:
SIGSEGV: [libjvm.so+0xad01e0], sa_mask[0]=11111111011111111101111111111110, sa_flags=SA_RESTART|SA_SIGINFO
SIGBUS: [libjvm.so+0xad01e0], sa_mask[0]=11111111011111111101111111111110, sa_flags=SA_RESTART|SA_SIGINFO
SIGFPE: [libjvm.so+0x927fb0], sa_mask[0]=11111111011111111101111111111110, sa_flags=SA_RESTART|SA_SIGINFO
SIGPIPE: SIG_IGN, sa_mask[0]=00000000000000000000000000000000, sa_flags=none
SIGXFSZ: [libjvm.so+0x927fb0], sa_mask[0]=11111111011111111101111111111110, sa_flags=SA_RESTART|SA_SIGINFO
SIGILL: [libjvm.so+0x927fb0], sa_mask[0]=11111111011111111101111111111110, sa_flags=SA_RESTART|SA_SIGINFO
SIGUSR1: SIG_DFL, sa_mask[0]=00000000000000000000000000000000, sa_flags=none
SIGUSR2: [libjvm.so+0x9297f0], sa_mask[0]=00000000000000000000000000000000, sa_flags=SA_RESTART|SA_SIGINFO
SIGHUP: [libjvm.so+0x92abf0], sa_mask[0]=11111111011111111101111111111110, sa_flags=SA_RESTART|SA_SIGINFO
SIGINT: [libjvm.so+0x92abf0], sa_mask[0]=11111111011111111101111111111110, sa_flags=SA_RESTART|SA_SIGINFO
SIGTERM: [libjvm.so+0x92abf0], sa_mask[0]=11111111011111111101111111111110, sa_flags=SA_RESTART|SA_SIGINFO
SIGQUIT: [libjvm.so+0x92abf0], sa_mask[0]=11111111011111111101111111111110, sa_flags=SA_RESTART|SA_SIGINFO


---------------  S Y S T E M  ---------------

OS:DISTRIB_ID=Ubuntu
DISTRIB_RELEASE=14.04
DISTRIB_CODENAME=trusty
DISTRIB_DESCRIPTION="Ubuntu 14.04.5 LTS"

uname:Linux 3.13.0-142-generic #191-Ubuntu SMP Fri Feb 2 12:13:35 UTC 2018 x86_64
libc:glibc 2.19 NPTL 2.19 
rlimit: STACK 8192k, CORE 0k, NPROC 62675, NOFILE 4096, AS infinity
load average:0,54 0,28 0,17

/proc/meminfo:
MemTotal:        8053432 kB
MemFree:         1442432 kB
Buffers:         1063364 kB
Cached:          2549196 kB
SwapCached:            0 kB
Active:          3979172 kB
Inactive:        1802244 kB
Active(anon):    2181380 kB
Inactive(anon):   213472 kB
Active(file):    1797792 kB
Inactive(file):  1588772 kB
Unevictable:           0 kB
Mlocked:               0 kB
SwapTotal:      16779888 kB
SwapFree:       16779888 kB
Dirty:               512 kB
Writeback:             0 kB
AnonPages:       2171008 kB
Mapped:           403668 kB
Shmem:            226000 kB
Slab:             685792 kB
SReclaimable:     645288 kB
SUnreclaim:        40504 kB
KernelStack:        5432 kB
PageTables:        37748 kB
NFS_Unstable:          0 kB
Bounce:                0 kB
WritebackTmp:          0 kB
CommitLimit:    20806604 kB
Committed_AS:    6310996 kB
VmallocTotal:   34359738367 kB
VmallocUsed:      362580 kB
VmallocChunk:   34359368272 kB
HardwareCorrupted:     0 kB
AnonHugePages:   1323008 kB
HugePages_Total:       0
HugePages_Free:        0
HugePages_Rsvd:        0
HugePages_Surp:        0
Hugepagesize:       2048 kB
DirectMap4k:      107984 kB
DirectMap2M:     8159232 kB


CPU:total 4 (initial active 4) (4 cores per cpu, 1 threads per core) family 6 model 42 stepping 7, cmov, cx8, fxsr, mmx, sse, sse2, sse3, ssse3, sse4.1, sse4.2, popcnt, avx, aes, clmul, tsc, tscinvbit

/proc/cpuinfo:
processor	: 0
vendor_id	: GenuineIntel
cpu family	: 6
model		: 42
model name	: Intel(R) Core(TM) i5-2400 CPU @ 3.10GHz
stepping	: 7
microcode	: 0x18
cpu MHz		: 1600.000
cache size	: 6144 KB
physical id	: 0
siblings	: 4
core id		: 0
cpu cores	: 4
apicid		: 0
initial apicid	: 0
fpu		: yes
fpu_exception	: yes
cpuid level	: 13
wp		: yes
flags		: fpu vme de pse tsc msr pae mce cx8 apic sep mtrr pge mca cmov pat pse36 clflush dts acpi mmx fxsr sse sse2 ss ht tm pbe syscall nx rdtscp lm constant_tsc arch_perfmon pebs bts rep_good nopl xtopology nonstop_tsc aperfmperf eagerfpu pni pclmulqdq dtes64 monitor ds_cpl vmx smx est tm2 ssse3 cx16 xtpr pdcm pcid sse4_1 sse4_2 x2apic popcnt tsc_deadline_timer aes xsave avx lahf_lm ida arat epb xsaveopt pln pts dtherm tpr_shadow vnmi flexpriority ept vpid
bogomips	: 6185.68
clflush size	: 64
cache_alignment	: 64
address sizes	: 36 bits physical, 48 bits virtual
power management:

processor	: 1
vendor_id	: GenuineIntel
cpu family	: 6
model		: 42
model name	: Intel(R) Core(TM) i5-2400 CPU @ 3.10GHz
stepping	: 7
microcode	: 0x18
cpu MHz		: 2400.000
cache size	: 6144 KB
physical id	: 0
siblings	: 4
core id		: 1
cpu cores	: 4
apicid		: 2
initial apicid	: 2
fpu		: yes
fpu_exception	: yes
cpuid level	: 13
wp		: yes
flags		: fpu vme de pse tsc msr pae mce cx8 apic sep mtrr pge mca cmov pat pse36 clflush dts acpi mmx fxsr sse sse2 ss ht tm pbe syscall nx rdtscp lm constant_tsc arch_perfmon pebs bts rep_good nopl xtopology nonstop_tsc aperfmperf eagerfpu pni pclmulqdq dtes64 monitor ds_cpl vmx smx est tm2 ssse3 cx16 xtpr pdcm pcid sse4_1 sse4_2 x2apic popcnt tsc_deadline_timer aes xsave avx lahf_lm ida arat epb xsaveopt pln pts dtherm tpr_shadow vnmi flexpriority ept vpid
bogomips	: 6185.68
clflush size	: 64
cache_alignment	: 64
address sizes	: 36 bits physical, 48 bits virtual
power management:

processor	: 2
vendor_id	: GenuineIntel
cpu family	: 6
model		: 42
model name	: Intel(R) Core(TM) i5-2400 CPU @ 3.10GHz
stepping	: 7
microcode	: 0x18
cpu MHz		: 1600.000
cache size	: 6144 KB
physical id	: 0
siblings	: 4
core id		: 2
cpu cores	: 4
apicid		: 4
initial apicid	: 4
fpu		: yes
fpu_exception	: yes
cpuid level	: 13
wp		: yes
flags		: fpu vme de pse tsc msr pae mce cx8 apic sep mtrr pge mca cmov pat pse36 clflush dts acpi mmx fxsr sse sse2 ss ht tm pbe syscall nx rdtscp lm constant_tsc arch_perfmon pebs bts rep_good nopl xtopology nonstop_tsc aperfmperf eagerfpu pni pclmulqdq dtes64 monitor ds_cpl vmx smx est tm2 ssse3 cx16 xtpr pdcm pcid sse4_1 sse4_2 x2apic popcnt tsc_deadline_timer aes xsave avx lahf_lm ida arat epb xsaveopt pln pts dtherm tpr_shadow vnmi flexpriority ept vpid
bogomips	: 6185.68
clflush size	: 64
cache_alignment	: 64
address sizes	: 36 bits physical, 48 bits virtual
power management:

processor	: 3
vendor_id	: GenuineIntel
cpu family	: 6
model		: 42
model name	: Intel(R) Core(TM) i5-2400 CPU @ 3.10GHz
stepping	: 7
microcode	: 0x18
cpu MHz		: 2000.000
cache size	: 6144 KB
physical id	: 0
siblings	: 4
core id		: 3
cpu cores	: 4
apicid		: 6
initial apicid	: 6
fpu		: yes
fpu_exception	: yes
cpuid level	: 13
wp		: yes
flags		: fpu vme de pse tsc msr pae mce cx8 apic sep mtrr pge mca cmov pat pse36 clflush dts acpi mmx fxsr sse sse2 ss ht tm pbe syscall nx rdtscp lm constant_tsc arch_perfmon pebs bts rep_good nopl xtopology nonstop_tsc aperfmperf eagerfpu pni pclmulqdq dtes64 monitor ds_cpl vmx smx est tm2 ssse3 cx16 xtpr pdcm pcid sse4_1 sse4_2 x2apic popcnt tsc_deadline_timer aes xsave avx lahf_lm ida arat epb xsaveopt pln pts dtherm tpr_shadow vnmi flexpriority ept vpid
bogomips	: 6185.68
clflush size	: 64
cache_alignment	: 64
address sizes	: 36 bits physical, 48 bits virtual
power management:



Memory: 4k page, physical 8053432k(1442432k free), swap 16779888k(16779888k free)

vm_info: Java HotSpot(TM) 64-Bit Server VM (25.161-b12) for linux-amd64 JRE (1.8.0_161-b12), built on Dec 19 2017 16:12:43 by "java_re" with gcc 4.3.0 20080428 (Red Hat 4.3.0-8)

time: Thu Mar  8 15:35:51 2018
elapsed time: 5 seconds (0d 0h 0m 5s)

